Log file open, 09/11/19 22:55:36
LogWindows: Failed to load 'aqProf.dll' (GetLastError=126)
LogWindows: File 'aqProf.dll' does not exist
LogWindows: Failed to load 'VtuneApi.dll' (GetLastError=126)
LogWindows: File 'VtuneApi.dll' does not exist
LogWindows: Failed to load 'VtuneApi32e.dll' (GetLastError=126)
LogWindows: File 'VtuneApi32e.dll' does not exist
LogConsoleResponse: Display: Failed to find resolution value strings in scalability ini. Falling back to default.
LogInit: Display: Running engine for game: DuckHunt
LogPakFile: Registered encryption key '00000000000000000000000000000000': 0 pak files mounted, 0 remain pending
LogPlatformFile: Not using cached read wrapper
LogTaskGraph: Started task graph with 5 named threads and 23 total threads with 3 sets of task threads.
LogStats: Stats thread started at 0.419844
LogD3D11RHI: Loaded GFSDK_Aftermath_Lib.x64.dll
LogICUInternationalization: ICU TimeZone Detection - Raw Offset: +10:00, Platform Override: ''
LogPluginManager: Mounting plugin Paper2D
LogPluginManager: Mounting plugin AISupport
LogPluginManager: Mounting plugin LightPropagationVolume
LogPluginManager: Mounting plugin ActorLayerUtilities
LogPluginManager: Mounting plugin AnimationSharing
LogPluginManager: Mounting plugin CLionSourceCodeAccess
LogPluginManager: Mounting plugin CodeLiteSourceCodeAccess
LogPluginManager: Mounting plugin GitSourceControl
LogPluginManager: Mounting plugin KDevelopSourceCodeAccess
LogPluginManager: Mounting plugin NullSourceCodeAccess
LogPluginManager: Mounting plugin PerforceSourceControl
LogPluginManager: Mounting plugin SubversionSourceControl
LogPluginManager: Mounting plugin UObjectPlugin
LogPluginManager: Mounting plugin VisualStudioCodeSourceCodeAccess
LogPluginManager: Mounting plugin VisualStudioSourceCodeAccess
LogPluginManager: Mounting plugin XCodeSourceCodeAccess
LogPluginManager: Mounting plugin AssetManagerEditor
LogPluginManager: Mounting plugin CryptoKeys
LogPluginManager: Mounting plugin DataValidation
LogPluginManager: Mounting plugin FacialAnimation
LogPluginManager: Mounting plugin GameplayTagsEditor
LogPluginManager: Mounting plugin MacGraphicsSwitching
LogPluginManager: Mounting plugin MaterialAnalyzer
LogPluginManager: Mounting plugin MobileLauncherProfileWizard
LogPluginManager: Mounting plugin PluginBrowser
LogPluginManager: Mounting plugin SpeedTreeImporter
LogPluginManager: Mounting plugin DatasmithContent
LogPluginManager: Mounting plugin VariantManagerContent
LogPluginManager: Mounting plugin AlembicImporter
LogPluginManager: Mounting plugin AppleImageUtils
LogPluginManager: Mounting plugin AppleVision
LogPluginManager: Mounting plugin BackChannel
LogPluginManager: Mounting plugin CharacterAI
LogPluginManager: Mounting plugin GeometryCache
LogPluginManager: Mounting plugin HTML5Networking
LogPluginManager: Mounting plugin ProxyLODPlugin
LogPluginManager: Mounting plugin SkeletalReduction
LogPluginManager: Mounting plugin MagicLeap
LogPluginManager: Mounting plugin MagicLeapMedia
LogPluginManager: Mounting plugin AndroidMedia
LogPluginManager: Mounting plugin AvfMedia
LogPluginManager: Mounting plugin ImgMedia
LogPluginManager: Mounting plugin LinearTimecode
LogPluginManager: Mounting plugin MediaCompositing
LogPluginManager: Mounting plugin MediaPlayerEditor
LogPluginManager: Mounting plugin WebMMedia
LogPluginManager: Mounting plugin WmfMedia
LogPluginManager: Mounting plugin TcpMessaging
LogPluginManager: Mounting plugin UdpMessaging
LogPluginManager: Mounting plugin ActorSequence
LogPluginManager: Mounting plugin LevelSequenceEditor
LogPluginManager: Mounting plugin MatineeToLevelSequence
LogPluginManager: Mounting plugin NetcodeUnitTest
LogPluginManager: Mounting plugin NUTUnrealEngine4
LogPluginManager: Mounting plugin OnlineSubsystemGooglePlay
LogPluginManager: Mounting plugin OnlineSubsystemIOS
LogPluginManager: Mounting plugin OnlineSubsystem
LogPluginManager: Mounting plugin OnlineSubsystemNull
LogPluginManager: Mounting plugin OnlineSubsystemUtils
LogPluginManager: Mounting plugin LauncherChunkInstaller
LogPluginManager: Mounting plugin AndroidDeviceProfileSelector
LogPluginManager: Mounting plugin AndroidMoviePlayer
LogPluginManager: Mounting plugin AndroidPermission
LogPluginManager: Mounting plugin AppleMoviePlayer
LogPluginManager: Mounting plugin ArchVisCharacter
LogPluginManager: Mounting plugin AudioCapture
LogPluginManager: Mounting plugin CableComponent
LogPluginManager: Mounting plugin CustomMeshComponent
LogPluginManager: Mounting plugin EditableMesh
LogPluginManager: Mounting plugin ExampleDeviceProfileSelector
LogPluginManager: Mounting plugin Firebase
LogPluginManager: Mounting plugin GoogleCloudMessaging
LogPluginManager: Mounting plugin IOSDeviceProfileSelector
LogPluginManager: Mounting plugin LinuxDeviceProfileSelector
LogPluginManager: Mounting plugin LocationServicesBPLibrary
LogPluginManager: Mounting plugin MobilePatchingUtils
LogPluginManager: Mounting plugin OculusVR
LogPluginManager: Mounting plugin PhysXVehicles
LogPluginManager: Mounting plugin ProceduralMeshComponent
LogPluginManager: Mounting plugin RuntimePhysXCooking
LogPluginManager: Mounting plugin SignificanceManager
LogPluginManager: Mounting plugin SteamVR
LogPluginManager: Mounting plugin WebMMoviePlayer
LogPluginManager: Mounting plugin WindowsMoviePlayer
LogInit: Using libcurl 7.55.1-DEV
LogInit:  - built for x86_64-pc-win32
LogInit:  - supports SSL with OpenSSL/1.1.1
LogInit:  - supports HTTP deflate (compression) using libz 1.2.8
LogInit:  - other features:
LogInit:      CURL_VERSION_SSL
LogInit:      CURL_VERSION_LIBZ
LogInit:      CURL_VERSION_IPV6
LogInit:      CURL_VERSION_ASYNCHDNS
LogInit:      CURL_VERSION_LARGEFILE
LogInit:      CURL_VERSION_IDN
LogInit:  CurlRequestOptions (configurable via config and command line):
LogInit:  - bVerifyPeer = true  - Libcurl will verify peer certificate
LogInit:  - bUseHttpProxy = false  - Libcurl will NOT use HTTP proxy
LogInit:  - bDontReuseConnections = false  - Libcurl will reuse connections
LogInit:  - MaxHostConnections = 16  - Libcurl will limit the number of connections to a host
LogInit:  - LocalHostAddr = Default
LogInit:  - BufferSize = 65536
LogInit: WinSock: version 1.1 (2.2), MaxSocks=32767, MaxUdp=65467
LogInit: Build: ++UE4+Release-4.22-CL-7053642
LogInit: Engine Version: 4.22.3-7053642+++UE4+Release-4.22
LogInit: Compatible Engine Version: 4.22.0-5660361+++UE4+Release-4.22
LogInit: Net CL: 5660361
LogInit: OS: Windows 10 (Release 1803) (), CPU: Intel(R) Core(TM) i7-7700HQ CPU @ 2.80GHz, GPU: Intel(R) HD Graphics 630
LogInit: Compiled (64-bit): Jun 18 2019 03:09:11
LogInit: Compiled with Visual C++: 19.16.27025.01
LogInit: Build Configuration: Development
LogInit: Branch Name: ++UE4+Release-4.22
LogInit: Command Line:  -skipcompile
LogInit: Base Directory: D:/Program Files (x86)/UE_4.22/Engine/Binaries/Win64/
LogInit: Installed Engine Build: 1
LogDevObjectVersion: Number of dev versions registered: 23
LogDevObjectVersion:   Dev-Blueprints (B0D832E4-1F89-4F0D-ACCF-7EB736FD4AA2): 10
LogDevObjectVersion:   Dev-Build (E1C64328-A22C-4D53-A36C-8E866417BD8C): 0
LogDevObjectVersion:   Dev-Core (375EC13C-06E4-48FB-B500-84F0262A717E): 3
LogDevObjectVersion:   Dev-Editor (E4B068ED-F494-42E9-A231-DA0B2E46BB41): 30
LogDevObjectVersion:   Dev-Framework (CFFC743F-43B0-4480-9391-14DF171D2073): 35
LogDevObjectVersion:   Dev-Mobile (B02B49B5-BB20-44E9-A304-32B752E40360): 2
LogDevObjectVersion:   Dev-Networking (A4E4105C-59A1-49B5-A7C5-40C4547EDFEE): 0
LogDevObjectVersion:   Dev-Online (39C831C9-5AE6-47DC-9A44-9C173E1C8E7C): 0
LogDevObjectVersion:   Dev-Physics (78F01B33-EBEA-4F98-B9B4-84EACCB95AA2): 0
LogDevObjectVersion:   Dev-Platform (6631380F-2D4D-43E0-8009-CF276956A95A): 0
LogDevObjectVersion:   Dev-Rendering (12F88B9F-8875-4AFC-A67C-D90C383ABD29): 28
LogDevObjectVersion:   Dev-Sequencer (7B5AE74C-D270-4C10-A958-57980B212A5A): 11
LogDevObjectVersion:   Dev-VR (D7296918-1DD6-4BDD-9DE2-64A83CC13884): 2
LogDevObjectVersion:   Dev-LoadTimes (C2A15278-BFE7-4AFE-6C17-90FF531DF755): 1
LogDevObjectVersion:   Private-Geometry (6EACA3D4-40EC-4CC1-B786-8BED09428FC5): 3
LogDevObjectVersion:   Dev-AnimPhys (29E575DD-E0A3-4627-9D10-D276232CDCEA): 17
LogDevObjectVersion:   Dev-Anim (AF43A65D-7FD3-4947-9873-3E8ED9C1BB05): 2
LogDevObjectVersion:   Dev-ReflectionCapture (6B266CEC-1EC7-4B8F-A30B-E4D90942FC07): 1
LogDevObjectVersion:   Dev-Automation (0DF73D61-A23F-47EA-B727-89E90C41499A): 1
LogDevObjectVersion:   FortniteMain (601D1886-AC64-4F84-AA16-D3DE0DEAC7D6): 25
LogDevObjectVersion:   Dev-Enterprise (9DFFBCD6-494F-0158-E221-12823C92A888): 6
LogDevObjectVersion:   Dev-Niagara (F2AED0AC-9AFE-416F-8664-AA7FFA26D6FC): 1
LogDevObjectVersion:   Dev-Destruction (174F1F0B-B4C6-45A5-B13F-2EE8D0FB917D): 2
LogInit: Presizing for max 16777216 objects, including 0 objects not considered by GC, pre-allocating 0 bytes for permanent pool.
LogInit: Object subsystem initialized
LogConfig: Setting CVar [[con.DebugEarlyDefault:1]]
LogConfig: Setting CVar [[r.setres:1280x720]]
[2019.09.11-12.55.37:127][  0]LogConfig: Setting CVar [[r.VSync:0]]
[2019.09.11-12.55.37:127][  0]LogConfig: Setting CVar [[r.RHICmdBypass:0]]
[2019.09.11-12.55.37:128][  0]LogConfig: Applying CVar settings from Section [/Script/Engine.RendererSettings] File [C:/Users/hi_it/OneDrive/Documents/GitHub/AI4Games/DuckHuntUnreal/DuckHunt/Saved/Config/Windows/Engine.ini]
[2019.09.11-12.55.37:128][  0]LogConfig: Setting CVar [[r.GPUCrashDebugging:0]]
[2019.09.11-12.55.37:128][  0]LogConfig: Setting CVar [[r.MobileHDR:0]]
[2019.09.11-12.55.37:128][  0]LogConfig: Setting CVar [[r.Mobile.DisableVertexFog:1]]
[2019.09.11-12.55.37:128][  0]LogConfig: Setting CVar [[r.Shadow.CSM.MaxMobileCascades:2]]
[2019.09.11-12.55.37:128][  0]LogConfig: Setting CVar [[r.MobileMSAA:1]]
[2019.09.11-12.55.37:128][  0]LogConfig: Setting CVar [[r.Mobile.UseLegacyShadingModel:0]]
[2019.09.11-12.55.37:128][  0]LogConfig: Setting CVar [[r.DiscardUnusedQuality:0]]
[2019.09.11-12.55.37:128][  0]LogConfig: Setting CVar [[r.AllowOcclusionQueries:1]]
[2019.09.11-12.55.37:129][  0]LogConfig: Setting CVar [[r.MinScreenRadiusForLights:0.030000]]
[2019.09.11-12.55.37:129][  0]LogConfig: Setting CVar [[r.MinScreenRadiusForDepthPrepass:0.030000]]
[2019.09.11-12.55.37:129][  0]LogConfig: Setting CVar [[r.MinScreenRadiusForCSMDepth:0.010000]]
[2019.09.11-12.55.37:129][  0]LogConfig: Setting CVar [[r.PrecomputedVisibilityWarning:0]]
[2019.09.11-12.55.37:129][  0]LogConfig: Setting CVar [[r.TextureStreaming:1]]
[2019.09.11-12.55.37:129][  0]LogConfig: Setting CVar [[Compat.UseDXT5NormalMaps:0]]
[2019.09.11-12.55.37:129][  0]LogConfig: Setting CVar [[r.ClearCoatNormal:0]]
[2019.09.11-12.55.37:129][  0]LogConfig: Setting CVar [[r.ReflectionCaptureResolution:128]]
[2019.09.11-12.55.37:129][  0]LogConfig: Setting CVar [[r.ReflectionEnvironmentLightmapMixBasedOnRoughness:1]]
[2019.09.11-12.55.37:129][  0]LogConfig: Setting CVar [[r.ForwardShading:0]]
[2019.09.11-12.55.37:129][  0]LogConfig: Setting CVar [[r.VertexFoggingForOpaque:1]]
[2019.09.11-12.55.37:130][  0]LogConfig: Setting CVar [[r.AllowStaticLighting:1]]
[2019.09.11-12.55.37:130][  0]LogConfig: Setting CVar [[r.NormalMapsForStaticLighting:0]]
[2019.09.11-12.55.37:130][  0]LogConfig: Setting CVar [[r.GenerateMeshDistanceFields:0]]
[2019.09.11-12.55.37:130][  0]LogConfig: Setting CVar [[r.DistanceFieldBuild.EightBit:0]]
[2019.09.11-12.55.37:130][  0]LogConfig: Setting CVar [[r.GenerateLandscapeGIData:0]]
[2019.09.11-12.55.37:130][  0]LogConfig: Setting CVar [[r.DistanceFieldBuild.Compress:0]]
[2019.09.11-12.55.37:130][  0]LogConfig: Setting CVar [[r.TessellationAdaptivePixelsPerTriangle:48.000000]]
[2019.09.11-12.55.37:130][  0]LogConfig: Setting CVar [[r.SeparateTranslucency:0]]
[2019.09.11-12.55.37:130][  0]LogConfig: Setting CVar [[r.TranslucentSortPolicy:0]]
[2019.09.11-12.55.37:130][  0]LogConfig: Setting CVar [[r.CustomDepth:1]]
[2019.09.11-12.55.37:130][  0]LogConfig: Setting CVar [[r.CustomDepthTemporalAAJitter:1]]
[2019.09.11-12.55.37:131][  0]LogConfig: Setting CVar [[r.PostProcessing.PropagateAlpha:0]]
[2019.09.11-12.55.37:131][  0]LogConfig: Setting CVar [[r.DOF.Algorithm:1]]
[2019.09.11-12.55.37:131][  0]LogConfig: Setting CVar [[r.UsePreExposure:0]]
[2019.09.11-12.55.37:131][  0]LogConfig: Setting CVar [[r.DefaultFeature.Bloom:0]]
[2019.09.11-12.55.37:131][  0]LogConfig: Setting CVar [[r.DefaultFeature.AmbientOcclusion:0]]
[2019.09.11-12.55.37:131][  0]LogConfig: Setting CVar [[r.DefaultFeature.AmbientOcclusionStaticFraction:1]]
[2019.09.11-12.55.37:131][  0]LogConfig: Setting CVar [[r.DefaultFeature.AutoExposure:0]]
[2019.09.11-12.55.37:131][  0]LogConfig: Setting CVar [[r.DefaultFeature.AutoExposure.Method:0]]
[2019.09.11-12.55.37:131][  0]LogConfig: Setting CVar [[r.DefaultFeature.MotionBlur:0]]
[2019.09.11-12.55.37:131][  0]LogConfig: Setting CVar [[r.DefaultFeature.LensFlare:0]]
[2019.09.11-12.55.37:131][  0]LogConfig: Setting CVar [[r.TemporalAA.Upsampling:0]]
[2019.09.11-12.55.37:131][  0]LogConfig: Setting CVar [[r.DefaultFeature.AntiAliasing:0]]
[2019.09.11-12.55.37:132][  0]LogConfig: Setting CVar [[r.DefaultBackBufferPixelFormat:4]]
[2019.09.11-12.55.37:132][  0]LogConfig: Setting CVar [[r.Shadow.UnbuiltPreviewInGame:1]]
[2019.09.11-12.55.37:132][  0]LogConfig: Setting CVar [[r.StencilForLODDither:0]]
[2019.09.11-12.55.37:132][  0]LogConfig: Setting CVar [[r.EarlyZPass:3]]
[2019.09.11-12.55.37:132][  0]LogConfig: Setting CVar [[r.EarlyZPassOnlyMaterialMasking:0]]
[2019.09.11-12.55.37:132][  0]LogConfig: Setting CVar [[r.DBuffer:1]]
[2019.09.11-12.55.37:132][  0]LogConfig: Setting CVar [[r.ClearSceneMethod:1]]
[2019.09.11-12.55.37:132][  0]LogConfig: Setting CVar [[r.BasePassOutputsVelocity:0]]
[2019.09.11-12.55.37:132][  0]LogConfig: Setting CVar [[r.SelectiveBasePassOutputs:0]]
[2019.09.11-12.55.37:132][  0]LogConfig: Setting CVar [[fx.GPUSimulationTextureSizeX:1024]]
[2019.09.11-12.55.37:132][  0]LogConfig: Setting CVar [[fx.GPUSimulationTextureSizeY:1024]]
[2019.09.11-12.55.37:133][  0]LogConfig: Setting CVar [[r.AllowGlobalClipPlane:0]]
[2019.09.11-12.55.37:133][  0]LogConfig: Setting CVar [[r.GBufferFormat:1]]
[2019.09.11-12.55.37:133][  0]LogConfig: Setting CVar [[r.MorphTarget.Mode:1]]
[2019.09.11-12.55.37:133][  0]LogConfig: Setting CVar [[vr.InstancedStereo:0]]
[2019.09.11-12.55.37:133][  0]LogConfig: Setting CVar [[vr.MultiView:0]]
[2019.09.11-12.55.37:133][  0]LogConfig: Setting CVar [[vr.MobileMultiView:0]]
[2019.09.11-12.55.37:133][  0]LogConfig: Setting CVar [[vr.MobileMultiView.Direct:0]]
[2019.09.11-12.55.37:133][  0]LogConfig: Setting CVar [[vr.ODSCapture:0]]
[2019.09.11-12.55.37:133][  0]LogConfig: Setting CVar [[r.WireframeCullThreshold:5.000000]]
[2019.09.11-12.55.37:133][  0]LogConfig: Setting CVar [[r.SupportStationarySkylight:1]]
[2019.09.11-12.55.37:133][  0]LogConfig: Setting CVar [[r.SupportLowQualityLightmaps:1]]
[2019.09.11-12.55.37:133][  0]LogConfig: Setting CVar [[r.SupportPointLightWholeSceneShadows:1]]
[2019.09.11-12.55.37:133][  0]LogConfig: Setting CVar [[r.SupportAtmosphericFog:1]]
[2019.09.11-12.55.37:133][  0]LogConfig: Setting CVar [[r.SkinCache.CompileShaders:0]]
[2019.09.11-12.55.37:133][  0]LogConfig: Setting CVar [[r.Mobile.EnableStaticAndCSMShadowReceivers:1]]
[2019.09.11-12.55.37:133][  0]LogConfig: Setting CVar [[r.Mobile.EnableMovableLightCSMShaderCulling:1]]
[2019.09.11-12.55.37:134][  0]LogConfig: Setting CVar [[r.Mobile.AllowDistanceFieldShadows:1]]
[2019.09.11-12.55.37:134][  0]LogConfig: Setting CVar [[r.Mobile.AllowMovableDirectionalLights:1]]
[2019.09.11-12.55.37:134][  0]LogConfig: Setting CVar [[r.MobileNumDynamicPointLights:4]]
[2019.09.11-12.55.37:134][  0]LogConfig: Setting CVar [[r.MobileDynamicPointLightsUseStaticBranch:1]]
[2019.09.11-12.55.37:134][  0]LogConfig: Setting CVar [[r.SkinCache.SceneMemoryLimitInMB:128.000000]]
[2019.09.11-12.55.37:134][  0]LogConfig: Setting CVar [[r.GPUSkin.Limit2BoneInfluences:0]]
[2019.09.11-12.55.37:134][  0]LogConfig: Setting CVar [[r.SupportDepthOnlyIndexBuffers:1]]
[2019.09.11-12.55.37:134][  0]LogConfig: Setting CVar [[r.SupportReversedIndexBuffers:1]]
[2019.09.11-12.55.37:134][  0]LogConfig: Setting CVar [[r.SupportMaterialLayers:0]]
[2019.09.11-12.55.37:134][  0]LogConfig: Applying CVar settings from Section [/Script/Engine.RendererOverrideSettings] File [C:/Users/hi_it/OneDrive/Documents/GitHub/AI4Games/DuckHuntUnreal/DuckHunt/Saved/Config/Windows/Engine.ini]
[2019.09.11-12.55.37:134][  0]LogConfig: Applying CVar settings from Section [/Script/Engine.StreamingSettings] File [C:/Users/hi_it/OneDrive/Documents/GitHub/AI4Games/DuckHuntUnreal/DuckHunt/Saved/Config/Windows/Engine.ini]
[2019.09.11-12.55.37:134][  0]LogConfig: Setting CVar [[s.MinBulkDataSizeForAsyncLoading:131072]]
[2019.09.11-12.55.37:134][  0]LogConfig: Setting CVar [[s.AsyncLoadingThreadEnabled:0]]
[2019.09.11-12.55.37:134][  0]LogConfig: Setting CVar [[s.EventDrivenLoaderEnabled:1]]
[2019.09.11-12.55.37:134][  0]LogConfig: Setting CVar [[s.WarnIfTimeLimitExceeded:0]]
[2019.09.11-12.55.37:135][  0]LogConfig: Setting CVar [[s.TimeLimitExceededMultiplier:1.5]]
[2019.09.11-12.55.37:135][  0]LogConfig: Setting CVar [[s.TimeLimitExceededMinTime:0.005]]
[2019.09.11-12.55.37:135][  0]LogConfig: Setting CVar [[s.UseBackgroundLevelStreaming:1]]
[2019.09.11-12.55.37:135][  0]LogConfig: Setting CVar [[s.PriorityAsyncLoadingExtraTime:15.0]]
[2019.09.11-12.55.37:135][  0]LogConfig: Setting CVar [[s.LevelStreamingActorsUpdateTimeLimit:5.0]]
[2019.09.11-12.55.37:135][  0]LogConfig: Setting CVar [[s.PriorityLevelStreamingActorsUpdateExtraTime:5.0]]
[2019.09.11-12.55.37:135][  0]LogConfig: Setting CVar [[s.LevelStreamingComponentsRegistrationGranularity:10]]
[2019.09.11-12.55.37:135][  0]LogConfig: Setting CVar [[s.UnregisterComponentsTimeLimit:1.0]]
[2019.09.11-12.55.37:135][  0]LogConfig: Setting CVar [[s.LevelStreamingComponentsUnregistrationGranularity:5]]
[2019.09.11-12.55.37:135][  0]LogConfig: Applying CVar settings from Section [/Script/Engine.GarbageCollectionSettings] File [C:/Users/hi_it/OneDrive/Documents/GitHub/AI4Games/DuckHuntUnreal/DuckHunt/Saved/Config/Windows/Engine.ini]
[2019.09.11-12.55.37:135][  0]LogConfig: Setting CVar [[gc.MaxObjectsNotConsideredByGC:1]]
[2019.09.11-12.55.37:136][  0]LogConfig: Setting CVar [[gc.SizeOfPermanentObjectPool:0]]
[2019.09.11-12.55.37:136][  0]LogConfig: Setting CVar [[gc.FlushStreamingOnGC:0]]
[2019.09.11-12.55.37:136][  0]LogConfig: Setting CVar [[gc.NumRetriesBeforeForcingGC:10]]
[2019.09.11-12.55.37:136][  0]LogConfig: Setting CVar [[gc.AllowParallelGC:1]]
[2019.09.11-12.55.37:136][  0]LogConfig: Setting CVar [[gc.TimeBetweenPurgingPendingKillObjects:61.1]]
[2019.09.11-12.55.37:136][  0]LogConfig: Setting CVar [[gc.MaxObjectsInEditor:16777216]]
[2019.09.11-12.55.37:136][  0]LogConfig: Setting CVar [[gc.IncrementalBeginDestroyEnabled:1]]
[2019.09.11-12.55.37:136][  0]LogConfig: Setting CVar [[gc.CreateGCClusters:1]]
[2019.09.11-12.55.37:136][  0]LogConfig: Setting CVar [[gc.MinGCClusterSize:5]]
[2019.09.11-12.55.37:136][  0]LogConfig: Setting CVar [[gc.ActorClusteringEnabled:0]]
[2019.09.11-12.55.37:136][  0]LogConfig: Setting CVar [[gc.BlueprintClusteringEnabled:0]]
[2019.09.11-12.55.37:136][  0]LogConfig: Setting CVar [[gc.UseDisregardForGCOnDedicatedServers:0]]
[2019.09.11-12.55.37:136][  0]LogConfig: Applying CVar settings from Section [/Script/Engine.NetworkSettings] File [C:/Users/hi_it/OneDrive/Documents/GitHub/AI4Games/DuckHuntUnreal/DuckHunt/Saved/Config/Windows/Engine.ini]
[2019.09.11-12.55.37:136][  0]LogConfig: Applying CVar settings from Section [/Script/UnrealEd.CookerSettings] File [C:/Users/hi_it/OneDrive/Documents/GitHub/AI4Games/DuckHuntUnreal/DuckHunt/Saved/Config/Windows/Engine.ini]
[2019.09.11-12.55.37:152][  0]LogConfig: Applying CVar settings from Section [ViewDistanceQuality@3] File [C:/Users/hi_it/OneDrive/Documents/GitHub/AI4Games/DuckHuntUnreal/DuckHunt/Saved/Config/Windows/Scalability.ini]
[2019.09.11-12.55.37:152][  0]LogConfig: Setting CVar [[r.SkeletalMeshLODBias:0]]
[2019.09.11-12.55.37:153][  0]LogConfig: Setting CVar [[r.ViewDistanceScale:1.0]]
[2019.09.11-12.55.37:153][  0]LogConfig: Applying CVar settings from Section [AntiAliasingQuality@3] File [C:/Users/hi_it/OneDrive/Documents/GitHub/AI4Games/DuckHuntUnreal/DuckHunt/Saved/Config/Windows/Scalability.ini]
[2019.09.11-12.55.37:153][  0]LogConfig: Setting CVar [[r.PostProcessAAQuality:4]]
[2019.09.11-12.55.37:153][  0]LogConfig: Applying CVar settings from Section [ShadowQuality@3] File [C:/Users/hi_it/OneDrive/Documents/GitHub/AI4Games/DuckHuntUnreal/DuckHunt/Saved/Config/Windows/Scalability.ini]
[2019.09.11-12.55.37:153][  0]LogConfig: Setting CVar [[r.LightFunctionQuality:1]]
[2019.09.11-12.55.37:153][  0]LogConfig: Setting CVar [[r.ShadowQuality:5]]
[2019.09.11-12.55.37:153][  0]LogConfig: Setting CVar [[r.Shadow.CSM.MaxCascades:10]]
[2019.09.11-12.55.37:153][  0]LogConfig: Setting CVar [[r.Shadow.MaxResolution:2048]]
[2019.09.11-12.55.37:153][  0]LogConfig: Setting CVar [[r.Shadow.MaxCSMResolution:2048]]
[2019.09.11-12.55.37:153][  0]LogConfig: Setting CVar [[r.Shadow.RadiusThreshold:0.01]]
[2019.09.11-12.55.37:153][  0]LogConfig: Setting CVar [[r.Shadow.DistanceScale:1.0]]
[2019.09.11-12.55.37:153][  0]LogConfig: Setting CVar [[r.Shadow.CSM.TransitionScale:1.0]]
[2019.09.11-12.55.37:154][  0]LogConfig: Setting CVar [[r.Shadow.PreShadowResolutionFactor:1.0]]
[2019.09.11-12.55.37:154][  0]LogConfig: Setting CVar [[r.DistanceFieldShadowing:1]]
[2019.09.11-12.55.37:154][  0]LogConfig: Setting CVar [[r.DistanceFieldAO:1]]
[2019.09.11-12.55.37:154][  0]LogConfig: Setting CVar [[r.AOQuality:2]]
[2019.09.11-12.55.37:154][  0]LogConfig: Setting CVar [[r.VolumetricFog:1]]
[2019.09.11-12.55.37:154][  0]LogConfig: Setting CVar [[r.VolumetricFog.GridPixelSize:8]]
[2019.09.11-12.55.37:154][  0]LogConfig: Setting CVar [[r.VolumetricFog.GridSizeZ:128]]
[2019.09.11-12.55.37:154][  0]LogConfig: Setting CVar [[r.VolumetricFog.HistoryMissSupersampleCount:4]]
[2019.09.11-12.55.37:154][  0]LogConfig: Setting CVar [[r.LightMaxDrawDistanceScale:1]]
[2019.09.11-12.55.37:154][  0]LogConfig: Setting CVar [[r.CapsuleShadows:1]]
[2019.09.11-12.55.37:154][  0]LogConfig: Applying CVar settings from Section [PostProcessQuality@3] File [C:/Users/hi_it/OneDrive/Documents/GitHub/AI4Games/DuckHuntUnreal/DuckHunt/Saved/Config/Windows/Scalability.ini]
[2019.09.11-12.55.37:154][  0]LogConfig: Setting CVar [[r.MotionBlurQuality:4]]
[2019.09.11-12.55.37:154][  0]LogConfig: Setting CVar [[r.AmbientOcclusionMipLevelFactor:0.4]]
[2019.09.11-12.55.37:154][  0]LogConfig: Setting CVar [[r.AmbientOcclusionMaxQuality:100]]
[2019.09.11-12.55.37:155][  0]LogConfig: Setting CVar [[r.AmbientOcclusionLevels:-1]]
[2019.09.11-12.55.37:155][  0]LogConfig: Setting CVar [[r.AmbientOcclusionRadiusScale:1.0]]
[2019.09.11-12.55.37:155][  0]LogConfig: Setting CVar [[r.DepthOfFieldQuality:2]]
[2019.09.11-12.55.37:155][  0]LogConfig: Setting CVar [[r.RenderTargetPoolMin:400]]
[2019.09.11-12.55.37:155][  0]LogConfig: Setting CVar [[r.LensFlareQuality:2]]
[2019.09.11-12.55.37:155][  0]LogConfig: Setting CVar [[r.SceneColorFringeQuality:1]]
[2019.09.11-12.55.37:155][  0]LogConfig: Setting CVar [[r.EyeAdaptationQuality:2]]
[2019.09.11-12.55.37:155][  0]LogConfig: Setting CVar [[r.BloomQuality:5]]
[2019.09.11-12.55.37:155][  0]LogConfig: Setting CVar [[r.FastBlurThreshold:100]]
[2019.09.11-12.55.37:155][  0]LogConfig: Setting CVar [[r.Upscale.Quality:3]]
[2019.09.11-12.55.37:155][  0]LogConfig: Setting CVar [[r.Tonemapper.GrainQuantization:1]]
[2019.09.11-12.55.37:155][  0]LogConfig: Setting CVar [[r.LightShaftQuality:1]]
[2019.09.11-12.55.37:156][  0]LogConfig: Setting CVar [[r.Filter.SizeScale:1]]
[2019.09.11-12.55.37:156][  0]LogConfig: Setting CVar [[r.Tonemapper.Quality:5]]
[2019.09.11-12.55.37:156][  0]LogConfig: Setting CVar [[r.DOF.Gather.AccumulatorQuality:1        ; higher gathering accumulator quality]]
[2019.09.11-12.55.37:156][  0]LogConfig: Setting CVar [[r.DOF.Gather.PostfilterMethod:1          ; Median3x3 postfilering method]]
[2019.09.11-12.55.37:156][  0]LogConfig: Setting CVar [[r.DOF.Gather.EnableBokehSettings:0       ; no bokeh simulation when gathering]]
[2019.09.11-12.55.37:156][  0]LogConfig: Setting CVar [[r.DOF.Gather.RingCount:4                 ; medium number of samples when gathering]]
[2019.09.11-12.55.37:156][  0]LogConfig: Setting CVar [[r.DOF.Scatter.ForegroundCompositing:1    ; additive foreground scattering]]
[2019.09.11-12.55.37:156][  0]LogConfig: Setting CVar [[r.DOF.Scatter.BackgroundCompositing:2    ; additive background scattering]]
[2019.09.11-12.55.37:156][  0]LogConfig: Setting CVar [[r.DOF.Scatter.EnableBokehSettings:1      ; bokeh simulation when scattering]]
[2019.09.11-12.55.37:156][  0]LogConfig: Setting CVar [[r.DOF.Scatter.MaxSpriteRatio:0.1         ; only a maximum of 10% of scattered bokeh]]
[2019.09.11-12.55.37:156][  0]LogConfig: Setting CVar [[r.DOF.Recombine.Quality:1                ; cheap slight out of focus]]
[2019.09.11-12.55.37:156][  0]LogConfig: Setting CVar [[r.DOF.Recombine.EnableBokehSettings:0    ; no bokeh simulation on slight out of focus]]
[2019.09.11-12.55.37:156][  0]LogConfig: Setting CVar [[r.DOF.TemporalAAQuality:1                ; more stable temporal accumulation]]
[2019.09.11-12.55.37:157][  0]LogConfig: Setting CVar [[r.DOF.Kernel.MaxForegroundRadius:0.025]]
[2019.09.11-12.55.37:157][  0]LogConfig: Setting CVar [[r.DOF.Kernel.MaxBackgroundRadius:0.025]]
[2019.09.11-12.55.37:157][  0]LogConfig: Applying CVar settings from Section [TextureQuality@3] File [C:/Users/hi_it/OneDrive/Documents/GitHub/AI4Games/DuckHuntUnreal/DuckHunt/Saved/Config/Windows/Scalability.ini]
[2019.09.11-12.55.37:157][  0]LogConfig: Setting CVar [[r.Streaming.MipBias:0]]
[2019.09.11-12.55.37:157][  0]LogConfig: Setting CVar [[r.Streaming.AmortizeCPUToGPUCopy:0]]
[2019.09.11-12.55.37:157][  0]LogConfig: Setting CVar [[r.Streaming.MaxNumTexturesToStreamPerFrame:0]]
[2019.09.11-12.55.37:157][  0]LogConfig: Setting CVar [[r.Streaming.Boost:1]]
[2019.09.11-12.55.37:157][  0]LogConfig: Setting CVar [[r.MaxAnisotropy:8]]
[2019.09.11-12.55.37:157][  0]LogConfig: Setting CVar [[r.Streaming.LimitPoolSizeToVRAM:0]]
[2019.09.11-12.55.37:157][  0]LogConfig: Setting CVar [[r.Streaming.PoolSize:1000]]
[2019.09.11-12.55.37:157][  0]LogConfig: Setting CVar [[r.Streaming.MaxEffectiveScreenSize:0]]
[2019.09.11-12.55.37:157][  0]LogConfig: Applying CVar settings from Section [EffectsQuality@3] File [C:/Users/hi_it/OneDrive/Documents/GitHub/AI4Games/DuckHuntUnreal/DuckHunt/Saved/Config/Windows/Scalability.ini]
[2019.09.11-12.55.37:157][  0]LogConfig: Setting CVar [[r.TranslucencyLightingVolumeDim:64]]
[2019.09.11-12.55.37:157][  0]LogConfig: Setting CVar [[r.RefractionQuality:2]]
[2019.09.11-12.55.37:157][  0]LogConfig: Setting CVar [[r.SSR.Quality:3]]
[2019.09.11-12.55.37:157][  0]LogConfig: Setting CVar [[r.SceneColorFormat:4]]
[2019.09.11-12.55.37:158][  0]LogConfig: Setting CVar [[r.DetailMode:2]]
[2019.09.11-12.55.37:158][  0]LogConfig: Setting CVar [[r.TranslucencyVolumeBlur:1]]
[2019.09.11-12.55.37:158][  0]LogConfig: Setting CVar [[r.MaterialQualityLevel:1 ; High quality]]
[2019.09.11-12.55.37:158][  0]LogConfig: Setting CVar [[r.SSS.Scale:1]]
[2019.09.11-12.55.37:158][  0]LogConfig: Setting CVar [[r.SSS.SampleSet:2]]
[2019.09.11-12.55.37:158][  0]LogConfig: Setting CVar [[r.SSS.Quality:1]]
[2019.09.11-12.55.37:158][  0]LogConfig: Setting CVar [[r.SSS.HalfRes:1]]
[2019.09.11-12.55.37:158][  0]LogConfig: Setting CVar [[r.EmitterSpawnRateScale:1.0]]
[2019.09.11-12.55.37:158][  0]LogConfig: Setting CVar [[r.ParticleLightQuality:2]]
[2019.09.11-12.55.37:158][  0]LogConfig: Applying CVar settings from Section [FoliageQuality@3] File [C:/Users/hi_it/OneDrive/Documents/GitHub/AI4Games/DuckHuntUnreal/DuckHunt/Saved/Config/Windows/Scalability.ini]
[2019.09.11-12.55.37:158][  0]LogConfig: Setting CVar [[foliage.DensityScale:1.0]]
[2019.09.11-12.55.37:158][  0]LogConfig: Setting CVar [[grass.DensityScale:1.0]]
[2019.09.11-12.55.37:158][  0]LogInit: Selected Device Profile: [Windows]
[2019.09.11-12.55.37:158][  0]LogInit: Applying CVar settings loaded from the selected device profile: [Windows]
[2019.09.11-12.55.37:173][  0]LogHAL: Display: Platform has ~ 16 GB [17095811072 / 17179869184 / 16], which maps to Larger [LargestMinGB=32, LargerMinGB=12, DefaultMinGB=8, SmallerMinGB=6, SmallestMinGB=0)
[2019.09.11-12.55.37:173][  0]LogConfig: Setting CVar [[r.Vulkan.UseRealUBs:0		; Required until we fix HLR fall-out]]
[2019.09.11-12.55.37:173][  0]LogInit: Going up to parent DeviceProfile []
[2019.09.11-12.55.37:173][  0]LogConfig: Applying CVar settings from Section [ViewDistanceQuality@3] File [C:/Users/hi_it/OneDrive/Documents/GitHub/AI4Games/DuckHuntUnreal/DuckHunt/Saved/Config/Windows/Scalability.ini]
[2019.09.11-12.55.37:174][  0]LogConfig: Setting CVar [[r.SkeletalMeshLODBias:0]]
[2019.09.11-12.55.37:174][  0]LogConfig: Setting CVar [[r.ViewDistanceScale:1.0]]
[2019.09.11-12.55.37:174][  0]LogConfig: Applying CVar settings from Section [AntiAliasingQuality@3] File [C:/Users/hi_it/OneDrive/Documents/GitHub/AI4Games/DuckHuntUnreal/DuckHunt/Saved/Config/Windows/Scalability.ini]
[2019.09.11-12.55.37:174][  0]LogConfig: Setting CVar [[r.PostProcessAAQuality:4]]
[2019.09.11-12.55.37:174][  0]LogConfig: Applying CVar settings from Section [ShadowQuality@3] File [C:/Users/hi_it/OneDrive/Documents/GitHub/AI4Games/DuckHuntUnreal/DuckHunt/Saved/Config/Windows/Scalability.ini]
[2019.09.11-12.55.37:174][  0]LogConfig: Setting CVar [[r.LightFunctionQuality:1]]
[2019.09.11-12.55.37:174][  0]LogConfig: Setting CVar [[r.ShadowQuality:5]]
[2019.09.11-12.55.37:174][  0]LogConfig: Setting CVar [[r.Shadow.CSM.MaxCascades:10]]
[2019.09.11-12.55.37:174][  0]LogConfig: Setting CVar [[r.Shadow.MaxResolution:2048]]
[2019.09.11-12.55.37:174][  0]LogConfig: Setting CVar [[r.Shadow.MaxCSMResolution:2048]]
[2019.09.11-12.55.37:174][  0]LogConfig: Setting CVar [[r.Shadow.RadiusThreshold:0.01]]
[2019.09.11-12.55.37:174][  0]LogConfig: Setting CVar [[r.Shadow.DistanceScale:1.0]]
[2019.09.11-12.55.37:174][  0]LogConfig: Setting CVar [[r.Shadow.CSM.TransitionScale:1.0]]
[2019.09.11-12.55.37:174][  0]LogConfig: Setting CVar [[r.Shadow.PreShadowResolutionFactor:1.0]]
[2019.09.11-12.55.37:175][  0]LogConfig: Setting CVar [[r.DistanceFieldShadowing:1]]
[2019.09.11-12.55.37:175][  0]LogConfig: Setting CVar [[r.DistanceFieldAO:1]]
[2019.09.11-12.55.37:175][  0]LogConfig: Setting CVar [[r.AOQuality:2]]
[2019.09.11-12.55.37:175][  0]LogConfig: Setting CVar [[r.VolumetricFog:1]]
[2019.09.11-12.55.37:175][  0]LogConfig: Setting CVar [[r.VolumetricFog.GridPixelSize:8]]
[2019.09.11-12.55.37:175][  0]LogConfig: Setting CVar [[r.VolumetricFog.GridSizeZ:128]]
[2019.09.11-12.55.37:175][  0]LogConfig: Setting CVar [[r.VolumetricFog.HistoryMissSupersampleCount:4]]
[2019.09.11-12.55.37:175][  0]LogConfig: Setting CVar [[r.LightMaxDrawDistanceScale:1]]
[2019.09.11-12.55.37:175][  0]LogConfig: Setting CVar [[r.CapsuleShadows:1]]
[2019.09.11-12.55.37:175][  0]LogConfig: Applying CVar settings from Section [PostProcessQuality@3] File [C:/Users/hi_it/OneDrive/Documents/GitHub/AI4Games/DuckHuntUnreal/DuckHunt/Saved/Config/Windows/Scalability.ini]
[2019.09.11-12.55.37:175][  0]LogConfig: Setting CVar [[r.MotionBlurQuality:4]]
[2019.09.11-12.55.37:175][  0]LogConfig: Setting CVar [[r.AmbientOcclusionMipLevelFactor:0.4]]
[2019.09.11-12.55.37:175][  0]LogConfig: Setting CVar [[r.AmbientOcclusionMaxQuality:100]]
[2019.09.11-12.55.37:175][  0]LogConfig: Setting CVar [[r.AmbientOcclusionLevels:-1]]
[2019.09.11-12.55.37:175][  0]LogConfig: Setting CVar [[r.AmbientOcclusionRadiusScale:1.0]]
[2019.09.11-12.55.37:175][  0]LogConfig: Setting CVar [[r.DepthOfFieldQuality:2]]
[2019.09.11-12.55.37:176][  0]LogConfig: Setting CVar [[r.RenderTargetPoolMin:400]]
[2019.09.11-12.55.37:176][  0]LogConfig: Setting CVar [[r.LensFlareQuality:2]]
[2019.09.11-12.55.37:176][  0]LogConfig: Setting CVar [[r.SceneColorFringeQuality:1]]
[2019.09.11-12.55.37:176][  0]LogConfig: Setting CVar [[r.EyeAdaptationQuality:2]]
[2019.09.11-12.55.37:176][  0]LogConfig: Setting CVar [[r.BloomQuality:5]]
[2019.09.11-12.55.37:176][  0]LogConfig: Setting CVar [[r.FastBlurThreshold:100]]
[2019.09.11-12.55.37:176][  0]LogConfig: Setting CVar [[r.Upscale.Quality:3]]
[2019.09.11-12.55.37:176][  0]LogConfig: Setting CVar [[r.Tonemapper.GrainQuantization:1]]
[2019.09.11-12.55.37:176][  0]LogConfig: Setting CVar [[r.LightShaftQuality:1]]
[2019.09.11-12.55.37:177][  0]LogConfig: Setting CVar [[r.Filter.SizeScale:1]]
[2019.09.11-12.55.37:177][  0]LogConfig: Setting CVar [[r.Tonemapper.Quality:5]]
[2019.09.11-12.55.37:177][  0]LogConfig: Setting CVar [[r.DOF.Gather.AccumulatorQuality:1        ; higher gathering accumulator quality]]
[2019.09.11-12.55.37:177][  0]LogConfig: Setting CVar [[r.DOF.Gather.PostfilterMethod:1          ; Median3x3 postfilering method]]
[2019.09.11-12.55.37:177][  0]LogConfig: Setting CVar [[r.DOF.Gather.EnableBokehSettings:0       ; no bokeh simulation when gathering]]
[2019.09.11-12.55.37:177][  0]LogConfig: Setting CVar [[r.DOF.Gather.RingCount:4                 ; medium number of samples when gathering]]
[2019.09.11-12.55.37:177][  0]LogConfig: Setting CVar [[r.DOF.Scatter.ForegroundCompositing:1    ; additive foreground scattering]]
[2019.09.11-12.55.37:177][  0]LogConfig: Setting CVar [[r.DOF.Scatter.BackgroundCompositing:2    ; additive background scattering]]
[2019.09.11-12.55.37:178][  0]LogConfig: Setting CVar [[r.DOF.Scatter.EnableBokehSettings:1      ; bokeh simulation when scattering]]
[2019.09.11-12.55.37:178][  0]LogConfig: Setting CVar [[r.DOF.Scatter.MaxSpriteRatio:0.1         ; only a maximum of 10% of scattered bokeh]]
[2019.09.11-12.55.37:178][  0]LogConfig: Setting CVar [[r.DOF.Recombine.Quality:1                ; cheap slight out of focus]]
[2019.09.11-12.55.37:178][  0]LogConfig: Setting CVar [[r.DOF.Recombine.EnableBokehSettings:0    ; no bokeh simulation on slight out of focus]]
[2019.09.11-12.55.37:178][  0]LogConfig: Setting CVar [[r.DOF.TemporalAAQuality:1                ; more stable temporal accumulation]]
[2019.09.11-12.55.37:178][  0]LogConfig: Setting CVar [[r.DOF.Kernel.MaxForegroundRadius:0.025]]
[2019.09.11-12.55.37:178][  0]LogConfig: Setting CVar [[r.DOF.Kernel.MaxBackgroundRadius:0.025]]
[2019.09.11-12.55.37:178][  0]LogConfig: Applying CVar settings from Section [TextureQuality@3] File [C:/Users/hi_it/OneDrive/Documents/GitHub/AI4Games/DuckHuntUnreal/DuckHunt/Saved/Config/Windows/Scalability.ini]
[2019.09.11-12.55.37:178][  0]LogConfig: Setting CVar [[r.Streaming.MipBias:0]]
[2019.09.11-12.55.37:178][  0]LogConfig: Setting CVar [[r.Streaming.AmortizeCPUToGPUCopy:0]]
[2019.09.11-12.55.37:178][  0]LogConfig: Setting CVar [[r.Streaming.MaxNumTexturesToStreamPerFrame:0]]
[2019.09.11-12.55.37:178][  0]LogConfig: Setting CVar [[r.Streaming.Boost:1]]
[2019.09.11-12.55.37:178][  0]LogConfig: Setting CVar [[r.MaxAnisotropy:8]]
[2019.09.11-12.55.37:178][  0]LogConfig: Setting CVar [[r.Streaming.LimitPoolSizeToVRAM:0]]
[2019.09.11-12.55.37:179][  0]LogConfig: Setting CVar [[r.Streaming.PoolSize:1000]]
[2019.09.11-12.55.37:179][  0]LogConfig: Setting CVar [[r.Streaming.MaxEffectiveScreenSize:0]]
[2019.09.11-12.55.37:179][  0]LogConfig: Applying CVar settings from Section [EffectsQuality@3] File [C:/Users/hi_it/OneDrive/Documents/GitHub/AI4Games/DuckHuntUnreal/DuckHunt/Saved/Config/Windows/Scalability.ini]
[2019.09.11-12.55.37:179][  0]LogConfig: Setting CVar [[r.TranslucencyLightingVolumeDim:64]]
[2019.09.11-12.55.37:179][  0]LogConfig: Setting CVar [[r.RefractionQuality:2]]
[2019.09.11-12.55.37:179][  0]LogConfig: Setting CVar [[r.SSR.Quality:3]]
[2019.09.11-12.55.37:179][  0]LogConfig: Setting CVar [[r.SceneColorFormat:4]]
[2019.09.11-12.55.37:179][  0]LogConfig: Setting CVar [[r.DetailMode:2]]
[2019.09.11-12.55.37:179][  0]LogConfig: Setting CVar [[r.TranslucencyVolumeBlur:1]]
[2019.09.11-12.55.37:179][  0]LogConfig: Setting CVar [[r.MaterialQualityLevel:1 ; High quality]]
[2019.09.11-12.55.37:179][  0]LogConfig: Setting CVar [[r.SSS.Scale:1]]
[2019.09.11-12.55.37:179][  0]LogConfig: Setting CVar [[r.SSS.SampleSet:2]]
[2019.09.11-12.55.37:179][  0]LogConfig: Setting CVar [[r.SSS.Quality:1]]
[2019.09.11-12.55.37:179][  0]LogConfig: Setting CVar [[r.SSS.HalfRes:1]]
[2019.09.11-12.55.37:179][  0]LogConfig: Setting CVar [[r.EmitterSpawnRateScale:1.0]]
[2019.09.11-12.55.37:179][  0]LogConfig: Setting CVar [[r.ParticleLightQuality:2]]
[2019.09.11-12.55.37:180][  0]LogConfig: Applying CVar settings from Section [FoliageQuality@3] File [C:/Users/hi_it/OneDrive/Documents/GitHub/AI4Games/DuckHuntUnreal/DuckHunt/Saved/Config/Windows/Scalability.ini]
[2019.09.11-12.55.37:180][  0]LogConfig: Setting CVar [[foliage.DensityScale:1.0]]
[2019.09.11-12.55.37:180][  0]LogConfig: Setting CVar [[grass.DensityScale:1.0]]
[2019.09.11-12.55.37:180][  0]LogConfig: Applying CVar settings from Section [Startup] File [../../../Engine/Config/ConsoleVariables.ini]
[2019.09.11-12.55.37:180][  0]LogConfig: Setting CVar [[net.UseAdaptiveNetUpdateFrequency:0]]
[2019.09.11-12.55.37:181][  0]LogConfig: Setting CVar [[p.chaos.AllowCreatePhysxBodies:1]]
[2019.09.11-12.55.37:181][  0]LogConfig: Applying CVar settings from Section [ConsoleVariables] File [C:/Users/hi_it/OneDrive/Documents/GitHub/AI4Games/DuckHuntUnreal/DuckHunt/Saved/Config/Windows/Engine.ini]
[2019.09.11-12.55.37:181][  0]LogInit: Computer: MSI
[2019.09.11-12.55.37:181][  0]LogInit: User: hiit
[2019.09.11-12.55.37:181][  0]LogInit: CPU Page size=4096, Cores=4
[2019.09.11-12.55.37:181][  0]LogInit: High frequency timer resolution =2.742187 MHz
[2019.09.11-12.55.37:182][  0]LogMemory: Memory total: Physical=15.9GB (16GB approx)
[2019.09.11-12.55.37:182][  0]LogMemory: Platform Memory Stats for Windows
[2019.09.11-12.55.37:182][  0]LogMemory: Process Physical Memory: 97.13 MB used, 97.13 MB peak
[2019.09.11-12.55.37:182][  0]LogMemory: Process Virtual Memory: 89.16 MB used, 89.16 MB peak
[2019.09.11-12.55.37:182][  0]LogMemory: Physical Memory: 7740.41 MB used,  8563.43 MB free, 16303.84 MB total
[2019.09.11-12.55.37:182][  0]LogMemory: Virtual Memory: 4659.13 MB used,  134213072.00 MB free, 134217728.00 MB total
[2019.09.11-12.55.38:205][  0]LogInit: Using OS detected language (en-US).
[2019.09.11-12.55.38:205][  0]LogInit: Using OS detected locale (en-AU).
[2019.09.11-12.55.38:207][  0]LogTextLocalizationManager: No specific localization for 'en-US' exists, so the 'en' localization will be used.
[2019.09.11-12.55.38:379][  0]LogInit: Setting process to per monitor DPI aware
[2019.09.11-12.55.38:448][  0]LogSlate: New Slate User Created.  User Index 0, Is Virtual User: 0
[2019.09.11-12.55.38:449][  0]LogSlate: Slate User Registered.  User Index 0, Is Virtual User: 0
[2019.09.11-12.55.38:757][  0]LogHMD: Failed to initialize OpenVR with code 110
[2019.09.11-12.55.38:757][  0]LogD3D11RHI: D3D11 adapters:
[2019.09.11-12.55.39:792][  0]LogD3D11RHI:    0. 'NVIDIA GeForce GTX 1050' (Feature Level 11_0)
[2019.09.11-12.55.39:792][  0]LogD3D11RHI:       4021/0/8151 MB DedicatedVideo/DedicatedSystem/SharedSystem, Outputs:1, VendorId:0x10de
[2019.09.11-12.55.39:822][  0]LogD3D11RHI:    1. 'Intel(R) HD Graphics 630' (Feature Level 11_0)
[2019.09.11-12.55.39:822][  0]LogD3D11RHI:       128/0/8151 MB DedicatedVideo/DedicatedSystem/SharedSystem, Outputs:0, VendorId:0x8086
[2019.09.11-12.55.39:831][  0]LogD3D11RHI:    2. 'Microsoft Basic Render Driver' (Feature Level 11_0)
[2019.09.11-12.55.39:831][  0]LogD3D11RHI:       0/0/8151 MB DedicatedVideo/DedicatedSystem/SharedSystem, Outputs:0, VendorId:0x1414
[2019.09.11-12.55.39:831][  0]LogD3D11RHI: Chosen D3D11 Adapter: 0
[2019.09.11-12.55.39:865][  0]LogD3D11RHI: Creating new Direct3DDevice
[2019.09.11-12.55.39:866][  0]LogD3D11RHI:     GPU DeviceId: 0x1c8d (for the marketing name, search the web for "GPU Device Id")
[2019.09.11-12.55.39:866][  0]LogWindows: EnumDisplayDevices:
[2019.09.11-12.55.39:866][  0]LogWindows:    0. 'Intel(R) HD Graphics 630' (P:1 D:1)
[2019.09.11-12.55.39:867][  0]LogWindows:    1. 'Intel(R) HD Graphics 630' (P:0 D:0)
[2019.09.11-12.55.39:867][  0]LogWindows:    2. 'Intel(R) HD Graphics 630' (P:0 D:0)
[2019.09.11-12.55.39:868][  0]LogWindows: DebugString: PrimaryIsNotTheChoosenAdapter PrimaryIsNotTheChoosenAdapter PrimaryIsNotTheChoosenAdapter FoundDriverCount:0 
[2019.09.11-12.55.39:868][  0]LogD3D11RHI:     Adapter Name: NVIDIA GeForce GTX 1050
[2019.09.11-12.55.39:868][  0]LogD3D11RHI:   Driver Version: Unknown (internal:Unknown, unified:Unknown)
[2019.09.11-12.55.39:868][  0]LogD3D11RHI:      Driver Date: Unknown
[2019.09.11-12.55.39:868][  0]LogRHI: Texture pool is 2814 MB (70% of 4021 MB)
[2019.09.11-12.55.39:915][  0]LogD3D11RHI: Async texture creation enabled
[2019.09.11-12.55.40:015][  0]LogRendererCore: FGlobalReadBuffer::InitRHI
[2019.09.11-12.55.40:015][  0]LogRendererCore: FGlobalReadBuffer::InitRHI
[2019.09.11-12.55.40:015][  0]LogRendererCore: FGlobalReadBuffer::InitRHI
[2019.09.11-12.55.40:029][  0]LogD3D11RHI: GPU Timing Frequency: 1000.000000 (Debug: 2 2)
[2019.09.11-12.55.40:360][  0]LogTemp: Display: Module 'AllDesktopTargetPlatform' loaded TargetPlatform 'AllDesktop'
[2019.09.11-12.55.40:378][  0]LogTemp: Display: Module 'MacClientTargetPlatform' loaded TargetPlatform 'MacClient'
[2019.09.11-12.55.40:398][  0]LogTemp: Display: Module 'MacNoEditorTargetPlatform' loaded TargetPlatform 'MacNoEditor'
[2019.09.11-12.55.40:416][  0]LogTemp: Display: Module 'MacServerTargetPlatform' loaded TargetPlatform 'MacServer'
[2019.09.11-12.55.40:435][  0]LogTemp: Display: Module 'MacTargetPlatform' loaded TargetPlatform 'Mac'
[2019.09.11-12.55.40:452][  0]LogTemp: Display: Module 'WindowsClientTargetPlatform' loaded TargetPlatform 'WindowsClient'
[2019.09.11-12.55.40:470][  0]LogTemp: Display: Module 'WindowsNoEditorTargetPlatform' loaded TargetPlatform 'WindowsNoEditor'
[2019.09.11-12.55.40:487][  0]LogTemp: Display: Module 'WindowsServerTargetPlatform' loaded TargetPlatform 'WindowsServer'
[2019.09.11-12.55.40:497][  0]LogTemp: Display: Module 'WindowsTargetPlatform' loaded TargetPlatform 'Windows'
[2019.09.11-12.55.40:598][  0]LogTemp: Display: Module 'AndroidTargetPlatform' loaded TargetPlatform 'Android'
[2019.09.11-12.55.40:598][  0]LogTemp: Display: Module 'AndroidTargetPlatform' loaded TargetPlatform 'Android_ASTC'
[2019.09.11-12.55.40:599][  0]LogTemp: Display: Module 'AndroidTargetPlatform' loaded TargetPlatform 'Android_ATC'
[2019.09.11-12.55.40:599][  0]LogTemp: Display: Module 'AndroidTargetPlatform' loaded TargetPlatform 'Android_DXT'
[2019.09.11-12.55.40:599][  0]LogTemp: Display: Module 'AndroidTargetPlatform' loaded TargetPlatform 'Android_ETC1'
[2019.09.11-12.55.40:599][  0]LogTemp: Display: Module 'AndroidTargetPlatform' loaded TargetPlatform 'Android_ETC1a'
[2019.09.11-12.55.40:599][  0]LogTemp: Display: Module 'AndroidTargetPlatform' loaded TargetPlatform 'Android_ETC2'
[2019.09.11-12.55.40:599][  0]LogTemp: Display: Module 'AndroidTargetPlatform' loaded TargetPlatform 'Android_PVRTC'
[2019.09.11-12.55.40:599][  0]LogTemp: Display: Module 'AndroidTargetPlatform' loaded TargetPlatform 'AndroidClient'
[2019.09.11-12.55.40:599][  0]LogTemp: Display: Module 'AndroidTargetPlatform' loaded TargetPlatform 'Android_ASTCClient'
[2019.09.11-12.55.40:599][  0]LogTemp: Display: Module 'AndroidTargetPlatform' loaded TargetPlatform 'Android_ATCClient'
[2019.09.11-12.55.40:599][  0]LogTemp: Display: Module 'AndroidTargetPlatform' loaded TargetPlatform 'Android_DXTClient'
[2019.09.11-12.55.40:600][  0]LogTemp: Display: Module 'AndroidTargetPlatform' loaded TargetPlatform 'Android_ETC1Client'
[2019.09.11-12.55.40:600][  0]LogTemp: Display: Module 'AndroidTargetPlatform' loaded TargetPlatform 'Android_ETC1aClient'
[2019.09.11-12.55.40:600][  0]LogTemp: Display: Module 'AndroidTargetPlatform' loaded TargetPlatform 'Android_ETC2Client'
[2019.09.11-12.55.40:600][  0]LogTemp: Display: Module 'AndroidTargetPlatform' loaded TargetPlatform 'Android_PVRTCClient'
[2019.09.11-12.55.40:600][  0]LogTemp: Display: Module 'AndroidTargetPlatform' loaded TargetPlatform 'Android_Multi'
[2019.09.11-12.55.40:600][  0]LogTemp: Display: Module 'AndroidTargetPlatform' loaded TargetPlatform 'Android_MultiClient'
[2019.09.11-12.55.40:604][  0]LogTemp: Display: Module 'HTML5TargetPlatform' loaded TargetPlatform 'HTML5'
[2019.09.11-12.55.40:670][  0]LogTemp: Display: Module 'IOSTargetPlatform' loaded TargetPlatform 'IOSClient'
[2019.09.11-12.55.40:670][  0]LogTemp: Display: Module 'IOSTargetPlatform' loaded TargetPlatform 'IOS'
[2019.09.11-12.55.40:698][  0]LogTemp: Display: Module 'TVOSTargetPlatform' loaded TargetPlatform 'TVOSClient'
[2019.09.11-12.55.40:699][  0]LogTemp: Display: Module 'TVOSTargetPlatform' loaded TargetPlatform 'TVOS'
[2019.09.11-12.55.40:716][  0]LogTemp: Display: Module 'LinuxClientTargetPlatform' loaded TargetPlatform 'LinuxClient'
[2019.09.11-12.55.40:732][  0]LogTemp: Display: Module 'LinuxNoEditorTargetPlatform' loaded TargetPlatform 'LinuxNoEditor'
[2019.09.11-12.55.40:749][  0]LogTemp: Display: Module 'LinuxServerTargetPlatform' loaded TargetPlatform 'LinuxServer'
[2019.09.11-12.55.40:766][  0]LogTemp: Display: Module 'LinuxTargetPlatform' loaded TargetPlatform 'Linux'
[2019.09.11-12.55.40:823][  0]LogTemp: Display: Module 'LuminTargetPlatform' loaded TargetPlatform 'Lumin'
[2019.09.11-12.55.40:823][  0]LogTemp: Display: Module 'LuminTargetPlatform' loaded TargetPlatform 'LuminClient'
[2019.09.11-12.55.40:824][  0]LogTargetPlatformManager: Display: Building Assets For Windows
[2019.09.11-12.55.40:844][  0]LogAudioDebug: Display: Lib vorbis DLL was dynamically loaded.
[2019.09.11-12.55.40:961][  0]LogShaderCompilers: Guid format shader working directory is -28 characters bigger than the processId version (C:/Users/hi_it/OneDrive/Documents/GitHub/AI4Games/DuckHuntUnreal/DuckHunt/Intermediate/Shaders/WorkingDirectory/12268/).
[2019.09.11-12.55.40:961][  0]LogShaderCompilers: Cleaned the shader compiler working directory 'C:/Users/hi_it/AppData/Local/Temp/UnrealShaderWorkingDir/324BAC694BE2572B6D716795181F1B9B/'.
[2019.09.11-12.55.40:963][  0]LogXGEController: Cleaning working directory: C:/Users/hi_it/AppData/Local/Temp/UnrealXGEWorkingDir/
[2019.09.11-12.55.40:964][  0]LogXGEController: Cannot use XGE Controller as Incredibuild is not installed on this machine.
[2019.09.11-12.55.40:964][  0]LogShaderCompilers: Cannot use XGE Shader Compiler as Incredibuild is not installed on this machine.
[2019.09.11-12.55.40:964][  0]LogShaderCompilers: Display: Using Local Shader Compiler.
[2019.09.11-12.55.41:595][  0]LogDerivedDataCache: Display: Max Cache Size: 512 MB
[2019.09.11-12.55.41:660][  0]LogDerivedDataCache: Loaded boot cache 0.06s 71MB C:/Users/hi_it/AppData/Local/UnrealEngine/4.22/DerivedDataCache/Boot.ddc.
[2019.09.11-12.55.41:660][  0]LogDerivedDataCache: Display: Loaded Boot cache: C:/Users/hi_it/AppData/Local/UnrealEngine/4.22/DerivedDataCache/Boot.ddc
[2019.09.11-12.55.41:660][  0]LogDerivedDataCache: FDerivedDataBackendGraph:  Pak pak cache file C:/Users/hi_it/OneDrive/Documents/GitHub/AI4Games/DuckHuntUnreal/DuckHunt/DerivedDataCache/DDC.ddp not found, will not use a pak cache.
[2019.09.11-12.55.41:660][  0]LogDerivedDataCache: Unable to find inner node Pak for hierarchical cache Hierarchy.
[2019.09.11-12.55.41:660][  0]LogDerivedDataCache: FDerivedDataBackendGraph:  CompressedPak pak cache file C:/Users/hi_it/OneDrive/Documents/GitHub/AI4Games/DuckHuntUnreal/DuckHunt/DerivedDataCache/Compressed.ddp not found, will not use a pak cache.
[2019.09.11-12.55.41:661][  0]LogDerivedDataCache: Unable to find inner node CompressedPak for hierarchical cache Hierarchy.
[2019.09.11-12.55.41:674][  0]LogDerivedDataCache: Display: Pak cache opened for reading ../../../Engine/DerivedDataCache/Compressed.ddp.
[2019.09.11-12.55.41:675][  0]LogDerivedDataCache: FDerivedDataBackendGraph:  EnterprisePak pak cache file ../../../Enterprise/DerivedDataCache/Compressed.ddp not found, will not use a pak cache.
[2019.09.11-12.55.41:675][  0]LogDerivedDataCache: Unable to find inner node EnterprisePak for hierarchical cache Hierarchy.
[2019.09.11-12.55.41:689][  0]LogDerivedDataCache: Using Local data cache path C:/Users/hi_it/AppData/Local/UnrealEngine/Common/DerivedDataCache: Writable
[2019.09.11-12.55.41:689][  0]LogDerivedDataCache: Shared data cache path not found in *engine.ini, will not use an Shared cache.
[2019.09.11-12.55.41:689][  0]LogDerivedDataCache: Unable to find inner node Shared for hierarchical cache Hierarchy.
[2019.09.11-12.55.41:714][  0]LogMaterial: Verifying Global Shaders for PCD3D_SM5
[2019.09.11-12.55.41:752][  0]LogSlate: Using FreeType 2.6.0
[2019.09.11-12.55.41:753][  0]LogSlate: SlateFontServices - WITH_FREETYPE: 1, WITH_HARFBUZZ: 1
[2019.09.11-12.55.41:869][  0]LogAssetRegistry: FAssetRegistry took 0.0401 seconds to start up
[2019.09.11-12.55.42:221][  0]LogInit: Selected Device Profile: [Windows]
[2019.09.11-12.55.42:406][  0]LogMeshReduction: Using QuadricMeshReduction for automatic static mesh reduction
[2019.09.11-12.55.42:406][  0]LogMeshReduction: Using SimplygonMeshReduction for automatic skeletal mesh reduction
[2019.09.11-12.55.42:406][  0]LogMeshReduction: Using ProxyLODMeshReduction for automatic mesh merging
[2019.09.11-12.55.42:406][  0]LogMeshReduction: No distributed automatic mesh merging module available
[2019.09.11-12.55.42:407][  0]LogMeshMerging: No distributed automatic mesh merging module available
[2019.09.11-12.55.42:422][  0]LogNetVersion: DuckHunt 1.0.0, NetCL: 5660361, EngineNetVer: 10, GameNetVer: 0 (Checksum: 1233369730)
[2019.09.11-12.55.42:919][  0]LogPackageLocalizationCache: Processed 10 localized package path(s) for 1 prioritized culture(s) in 0.057681 seconds
[2019.09.11-12.55.42:926][  0]LogUObjectArray: 42205 objects as part of root set at end of initial load.
[2019.09.11-12.55.42:926][  0]LogUObjectAllocator: 7325032 out of 0 bytes used by permanent object pool.
[2019.09.11-12.55.42:927][  0]LogUObjectArray: CloseDisregardForGC: 0/0 objects in disregard for GC pool
[2019.09.11-12.55.44:242][  0]LogTcpMessaging: Initializing TcpMessaging bridge
[2019.09.11-12.55.44:262][  0]LogUdpMessaging: Initializing bridge on interface 0.0.0.0:0 to multicast group 230.0.0.1:6666.
[2019.09.11-12.55.44:475][  0]SourceControl: Source control is disabled
[2019.09.11-12.55.44:475][  0]SourceControl: Source control is disabled
[2019.09.11-12.55.44:480][  0]SourceControl: Source control is disabled
[2019.09.11-12.55.44:485][  0]SourceControl: Source control is disabled
[2019.09.11-12.55.44:692][  0]LogAndroidPermission: UAndroidPermissionCallbackProxy::GetInstance
[2019.09.11-12.55.44:976][  0]LogOcInput: OculusInput pre-init called
[2019.09.11-12.55.45:863][  0]LogEngine: Initializing Engine...
[2019.09.11-12.55.45:864][  0]LogHMD: Failed to initialize OpenVR with code 110
[2019.09.11-12.55.45:865][  0]LogStats: UGameplayTagsManager::InitializeManager -  0.000 s
[2019.09.11-12.55.46:092][  0]LogInit: Initializing FReadOnlyCVARCache
[2019.09.11-12.55.46:111][  0]LogAIModule: Creating AISystem for world Untitled
[2019.09.11-12.55.46:243][  0]LogInit: XAudio2 using 'LG TV (Intel(R) Display Audio)' : 2 channels at 48 kHz using 16 bits per sample (channel mask 0x3)
[2019.09.11-12.55.46:348][  0]LogInit: FAudioDevice initialized.
[2019.09.11-12.55.46:349][  0]LogNetVersion: Set ProjectVersion to 1.0.0.0. Version Checksum will be recalculated on next use.
[2019.09.11-12.55.46:495][  0]LogDerivedDataCache: Saved boot cache 0.15s 71MB C:/Users/hi_it/AppData/Local/UnrealEngine/4.22/DerivedDataCache/Boot.ddc.
[2019.09.11-12.55.46:501][  0]LogInit: Texture streaming: Enabled
[2019.09.11-12.55.46:535][  0]LogEngineSessionManager: EngineSessionManager initialized
[2019.09.11-12.55.46:561][  0]LogInit: Transaction tracking system initialized
[2019.09.11-12.55.46:605][  0]BlueprintLog: New page: Editor Load
[2019.09.11-12.55.46:755][  0]LocalizationService: Localization service is disabled
[2019.09.11-12.55.47:126][  0]LogFileCache: Scanning file cache for directory 'C:/Users/hi_it/OneDrive/Documents/GitHub/AI4Games/DuckHuntUnreal/DuckHunt/Content/' took 0.01s
[2019.09.11-12.55.47:126][  0]LogCook: Display: Max memory allowance for cook 16384mb min free memory 0mb
[2019.09.11-12.55.47:127][  0]LogCook: Display: Mobile HDR setting 0
[2019.09.11-12.55.47:552][  0]SourceControl: Source control is disabled
[2019.09.11-12.55.47:552][  0]Cmd: MAP LOAD FILE="C:/Users/hi_it/OneDrive/Documents/GitHub/AI4Games/DuckHuntUnreal/DuckHunt/Content/Untitled.umap" TEMPLATE=0 SHOWPROGRESS=1 FEATURELEVEL=3
[2019.09.11-12.55.47:553][  0]LightingResults: New page: Lighting Build
[2019.09.11-12.55.47:556][  0]MapCheck: New page: Map Check
[2019.09.11-12.55.47:556][  0]LightingResults: New page: Lighting Build
[2019.09.11-12.55.47:583][  0]LogUObjectHash: Compacting FUObjectHashTables data took   1.67ms
[2019.09.11-12.55.47:726][  0]LogAIModule: Creating AISystem for world Untitled
[2019.09.11-12.55.47:774][  0]LogEditorServer: Finished looking for orphan Actors (0.000 secs)
[2019.09.11-12.55.47:801][  0]LogUObjectHash: Compacting FUObjectHashTables data took   1.98ms
[2019.09.11-12.55.47:802][  0]Cmd: MAP CHECKDEP NOCLEARLOG
[2019.09.11-12.55.47:802][  0]MapCheck: Map check complete: 0 Error(s), 0 Warning(s), took 0.327ms to complete.
[2019.09.11-12.55.47:802][  0]LogFileHelpers: Loading map 'Untitled' took 0.251
[2019.09.11-12.55.47:935][  0]LogSlate: Updating window title bar state: overlay mode, drag disabled, window buttons hidden, title bar hidden
[2019.09.11-12.55.47:944][  0]LogSlate: Updating window title bar state: overlay mode, drag disabled, window buttons hidden, title bar hidden
[2019.09.11-12.55.47:952][  0]LogSlate: Updating window title bar state: overlay mode, drag disabled, window buttons hidden, title bar hidden
[2019.09.11-12.55.47:962][  0]LogSlate: Updating window title bar state: overlay mode, drag disabled, window buttons hidden, title bar hidden
[2019.09.11-12.55.47:969][  0]LogCollectionManager: Loaded 0 collections in 0.001243 seconds
[2019.09.11-12.55.47:989][  0]LogFileCache: Scanning file cache for directory 'C:/Users/hi_it/OneDrive/Documents/GitHub/AI4Games/DuckHuntUnreal/DuckHunt/Saved/Collections/' took 0.01s
[2019.09.11-12.55.47:989][  0]LogFileCache: Scanning file cache for directory 'C:/Users/hi_it/OneDrive/Documents/GitHub/AI4Games/DuckHuntUnreal/DuckHunt/Content/Developers/hiit/Collections/' took 0.00s
[2019.09.11-12.55.47:990][  0]LogFileCache: Scanning file cache for directory 'C:/Users/hi_it/OneDrive/Documents/GitHub/AI4Games/DuckHuntUnreal/DuckHunt/Content/Collections/' took 0.00s
[2019.09.11-12.55.47:990][  0]LogCollectionManager: Rebuilt the GUID cache for 0 collections in 0.000000 seconds
[2019.09.11-12.55.47:999][  0]LogContentBrowser: Native class hierarchy populated in 0.0092 seconds. Added 2737 classes and 661 folders.
[2019.09.11-12.55.48:005][  0]LogContentBrowser: Native class hierarchy updated for 'WidgetCarousel' in 0.0005 seconds. Added 0 classes and 0 folders.
[2019.09.11-12.55.48:007][  0]LogPakFile: Registered encryption key '00000000000000000000000000000000': 0 pak files mounted, 0 remain pending
[2019.09.11-12.55.48:009][  0]LogPakFile: Registered encryption key '00000000000000000000000000000000': 0 pak files mounted, 0 remain pending
[2019.09.11-12.55.48:010][  0]LogPakFile: Registered encryption key '00000000000000000000000000000000': 0 pak files mounted, 0 remain pending
[2019.09.11-12.55.48:011][  0]LogPakFile: Registered encryption key '00000000000000000000000000000000': 0 pak files mounted, 0 remain pending
[2019.09.11-12.55.48:012][  0]LogPakFile: Registered encryption key '00000000000000000000000000000000': 0 pak files mounted, 0 remain pending
[2019.09.11-12.55.48:013][  0]LogPakFile: Registered encryption key '00000000000000000000000000000000': 0 pak files mounted, 0 remain pending
[2019.09.11-12.55.48:014][  0]LogPakFile: Registered encryption key '00000000000000000000000000000000': 0 pak files mounted, 0 remain pending
[2019.09.11-12.55.48:015][  0]LogPakFile: Registered encryption key '00000000000000000000000000000000': 0 pak files mounted, 0 remain pending
[2019.09.11-12.55.48:016][  0]LogPakFile: Registered encryption key '00000000000000000000000000000000': 0 pak files mounted, 0 remain pending
[2019.09.11-12.55.48:018][  0]LogPakFile: Registered encryption key '00000000000000000000000000000000': 0 pak files mounted, 0 remain pending
[2019.09.11-12.55.48:019][  0]LogPakFile: Registered encryption key '00000000000000000000000000000000': 0 pak files mounted, 0 remain pending
[2019.09.11-12.55.48:020][  0]LogPakFile: Registered encryption key '00000000000000000000000000000000': 0 pak files mounted, 0 remain pending
[2019.09.11-12.55.48:021][  0]LogPakFile: Registered encryption key '00000000000000000000000000000000': 0 pak files mounted, 0 remain pending
[2019.09.11-12.55.48:022][  0]LogPakFile: Registered encryption key '00000000000000000000000000000000': 0 pak files mounted, 0 remain pending
[2019.09.11-12.55.48:023][  0]LogPakFile: Registered encryption key '00000000000000000000000000000000': 0 pak files mounted, 0 remain pending
[2019.09.11-12.55.48:024][  0]LogPakFile: Registered encryption key '00000000000000000000000000000000': 0 pak files mounted, 0 remain pending
[2019.09.11-12.55.48:025][  0]LogPakFile: Registered encryption key '00000000000000000000000000000000': 0 pak files mounted, 0 remain pending
[2019.09.11-12.55.48:025][  0]LogPakFile: Registered encryption key '00000000000000000000000000000000': 0 pak files mounted, 0 remain pending
[2019.09.11-12.55.48:026][  0]LogPakFile: Registered encryption key '00000000000000000000000000000000': 0 pak files mounted, 0 remain pending
[2019.09.11-12.55.48:027][  0]LogPakFile: Registered encryption key '00000000000000000000000000000000': 0 pak files mounted, 0 remain pending
[2019.09.11-12.55.48:028][  0]LogPakFile: Registered encryption key '00000000000000000000000000000000': 0 pak files mounted, 0 remain pending
[2019.09.11-12.55.48:029][  0]LogPakFile: Registered encryption key '00000000000000000000000000000000': 0 pak files mounted, 0 remain pending
[2019.09.11-12.55.48:030][  0]LogPakFile: Registered encryption key '00000000000000000000000000000000': 0 pak files mounted, 0 remain pending
[2019.09.11-12.55.48:031][  0]LogPakFile: Registered encryption key '00000000000000000000000000000000': 0 pak files mounted, 0 remain pending
[2019.09.11-12.55.48:032][  0]LogPakFile: Registered encryption key '00000000000000000000000000000000': 0 pak files mounted, 0 remain pending
[2019.09.11-12.55.48:033][  0]LogPakFile: Registered encryption key '00000000000000000000000000000000': 0 pak files mounted, 0 remain pending
[2019.09.11-12.55.48:088][  0]LogContentBrowser: Native class hierarchy updated for 'AddContentDialog' in 0.0007 seconds. Added 0 classes and 0 folders.
[2019.09.11-12.55.48:097][  0]LogContentBrowser: Native class hierarchy updated for 'SceneOutliner' in 0.0007 seconds. Added 1 classes and 2 folders.
[2019.09.11-12.55.48:114][  0]LogSlate: Took 0.000276 seconds to synchronously load lazily loaded font '../../../Engine/Content/Slate/Fonts/Roboto-Regular.ttf' (155K)
[2019.09.11-12.55.48:117][  0]LogSlate: Took 0.000337 seconds to synchronously load lazily loaded font '../../../Engine/Content/Slate/Fonts/Roboto-Bold.ttf' (160K)
[2019.09.11-12.55.48:124][  0]LogSlate: Took 0.000236 seconds to synchronously load lazily loaded font '../../../Engine/Content/Editor/Slate/Fonts/FontAwesome.ttf' (139K)
[2019.09.11-12.55.48:193][  0]LogRenderer: Reallocating scene render targets to support 964x436 Format 10 NumSamples 1 (Frame:1).
[2019.09.11-12.55.48:265][  0]LogSlate: Took 0.000325 seconds to synchronously load lazily loaded font '../../../Engine/Content/Slate/Fonts/Roboto-Light.ttf' (167K)
[2019.09.11-12.55.48:426][  0]LogContentBrowser: Native class hierarchy updated for 'HierarchicalLODOutliner' in 0.0006 seconds. Added 0 classes and 0 folders.
[2019.09.11-12.55.48:426][  0]LogLoad: (Engine Initialization) Total time: 14.05 seconds
[2019.09.11-12.55.48:426][  0]LogLoad: (Engine Initialization) Total Blueprint compile time: 0.00 seconds
[2019.09.11-12.55.48:446][  0]LogWindowsTextInputMethodSystem: Display: IME system now deactivated.
[2019.09.11-12.55.48:570][  0]LogAssetRegistry: Asset discovery search completed in 6.7268 seconds
[2019.09.11-12.55.48:573][  0]LogCollectionManager: Rebuilt the object cache for 0 collections in 0.000000 seconds (found 0 objects)
[2019.09.11-12.55.48:573][  0]LogCollectionManager: Fixed up redirectors for 0 collections in 0.000238 seconds (updated 0 objects)
[2019.09.11-12.55.48:575][  0]LogContentStreaming: Texture pool size now 1000 MB
[2019.09.11-12.55.55:544][415]LogSlate: FSceneViewport::OnFocusLost() reason 0
[2019.09.11-12.55.57:801][551]LogTemp: IOS device listing is disabled (to many failed attempts)!
[2019.09.11-12.58.38:273][201]LogEditorViewport: Clicking on Actor (LMB): Landscape (Landscape)
[2019.09.11-12.58.40:030][271]LogSlate: FSceneViewport::OnFocusLost() reason 0
[2019.09.11-12.58.50:019][870]Cmd: EDIT CUT
[2019.09.11-12.58.59:851][870]LogSlate: Window 'Message' being destroyed
[2019.09.11-12.58.59:883][870]LogUObjectHash: Compacting FUObjectHashTables data took   1.41ms
[2019.09.11-12.58.59:884][870]LogEditorActor: Deleted 0 Actors (0.029 secs)
[2019.09.11-13.00.21:231][712]LogSlate: Took 0.000263 seconds to synchronously load lazily loaded font '../../../Engine/Content/Slate/Fonts/Roboto-Light.ttf' (167K)
[2019.09.11-13.00.21:395][712]LogSlate: Took 0.018828 seconds to synchronously load lazily loaded font '../../../Engine/Content/Slate/Fonts/Roboto-BoldCondensed.ttf' (158K)
[2019.09.11-13.00.41:402][889]LogAssetEditorManager: Opening Asset editor for Blueprint /Game/BluePrints/DuckHuntGameModeBaseBP.DuckHuntGameModeBaseBP
[2019.09.11-13.00.42:334][889]LogContentBrowser: Native class hierarchy updated for 'BlueprintGraph' in 0.0007 seconds. Added 121 classes and 0 folders.
[2019.09.11-13.00.44:105][889]LogSlate: Window 'Add Blueprint Class' being destroyed
[2019.09.11-13.01.38:187][144]LogSlate: Window 'DuckHuntGameModeBaseBP' being destroyed
[2019.09.11-13.01.42:450][399]LogSlate: Prevented a slow task dialog from being summoned while a context menu was open
[2019.09.11-13.01.59:833][438]LogSlate: Prevented a slow task dialog from being summoned while a context menu was open
[2019.09.11-13.02.02:632][602]LogSlate: Prevented a slow task dialog from being summoned while a context menu was open
[2019.09.11-13.02.29:598][215]LogTemp: Repeating last play command: Selected Viewport
[2019.09.11-13.02.29:917][215]LogBlueprintUserMessages: Early PlayInEditor Detection: Level '/Game/Untitled.Untitled:PersistentLevel' has LevelScriptBlueprint '/Game/Untitled.Untitled:PersistentLevel.Untitled' with GeneratedClass '/Game/Untitled.Untitled_C' with ClassGeneratedBy '/Game/Untitled.Untitled:PersistentLevel.Untitled'
[2019.09.11-13.02.29:931][215]LogPlayLevel: PlayLevel: No blueprints needed recompiling
[2019.09.11-13.02.29:948][215]PIE: New page: PIE session: Untitled (12 Sep 2019 9:02:29 am)
[2019.09.11-13.02.29:991][215]LogPlayLevel: Creating play world package: /Game/UEDPIE_0_Untitled
[2019.09.11-13.02.30:050][215]LogPlayLevel: PIE: StaticDuplicateObject took: (0.058240s)
[2019.09.11-13.02.30:058][215]LogAIModule: Creating AISystem for world Untitled
[2019.09.11-13.02.30:058][215]LogPlayLevel: PIE: World Init took: (0.007408s)
[2019.09.11-13.02.30:058][215]LogPlayLevel: PIE: Created PIE world by copying editor world from /Game/Untitled.Untitled to /Game/UEDPIE_0_Untitled.Untitled (0.066560s)
[2019.09.11-13.02.30:091][215]LogUObjectHash: Compacting FUObjectHashTables data took   3.45ms
[2019.09.11-13.02.30:123][215]LogInit: XAudio2 using 'LG TV (Intel(R) Display Audio)' : 2 channels at 48 kHz using 16 bits per sample (channel mask 0x3)
[2019.09.11-13.02.30:136][215]LogInit: FAudioDevice initialized.
[2019.09.11-13.02.30:163][215]LogSlate: Updating window title bar state: overlay mode, drag disabled, window buttons hidden, title bar hidden
[2019.09.11-13.02.30:253][215]LogLoad: Game class is 'DuckHuntGameModeBase'
[2019.09.11-13.02.30:353][215]LogWorld: Bringing World /Game/UEDPIE_0_Untitled.Untitled up for play (max tick rate 60) at 2019.09.11-23.02.30
[2019.09.11-13.02.30:372][215]LogWorld: Bringing up level for play took: 0.031404
[2019.09.11-13.02.30:469][215]LogBlueprintActionDatabase: Requesting refresh due to module change: Voice (loaded)
[2019.09.11-13.02.30:486][215]LogBlueprintActionDatabase: Requesting refresh due to module change: MovieSceneCapture (loaded)
[2019.09.11-13.02.30:487][215]LogContentBrowser: Native class hierarchy updated for 'MovieSceneCapture' in 0.0007 seconds. Added 20 classes and 0 folders.
[2019.09.11-13.02.30:504][215]PIE: Play in editor start time for /Game/UEDPIE_0_Untitled -0.309
[2019.09.11-13.02.30:505][215]LogBlueprintUserMessages: Late PlayInEditor Detection: Level '/Game/Untitled.Untitled:PersistentLevel' has LevelScriptBlueprint '/Game/Untitled.Untitled:PersistentLevel.Untitled' with GeneratedClass '/Game/Untitled.Untitled_C' with ClassGeneratedBy '/Game/Untitled.Untitled:PersistentLevel.Untitled'
[2019.09.11-13.02.30:946][217]LogRenderer: Reallocating scene render targets to support 1016x544 Format 10 NumSamples 1 (Frame:1).
[2019.09.11-13.02.43:010][921]LogBlueprintUserMessages: Early EndPlayMap Detection: Level '/Game/Untitled.Untitled:PersistentLevel' has LevelScriptBlueprint '/Game/Untitled.Untitled:PersistentLevel.Untitled' with GeneratedClass '/Game/Untitled.Untitled_C' with ClassGeneratedBy '/Game/Untitled.Untitled:PersistentLevel.Untitled'
[2019.09.11-13.02.43:047][921]LogSlate: Updating window title bar state: overlay mode, drag disabled, window buttons hidden, title bar hidden
[2019.09.11-13.02.43:062][921]LogSlate: Window 'DuckHunt Game Preview Standalone (64-bit/PCD3D_SM5)' being destroyed
[2019.09.11-13.02.43:114][921]LogPlayLevel: Display: Shutting down PIE online subsystems
[2019.09.11-13.02.43:114][921]LogBlueprintUserMessages: Late EndPlayMap Detection: Level '/Game/Untitled.Untitled:PersistentLevel' has LevelScriptBlueprint '/Game/Untitled.Untitled:PersistentLevel.Untitled' with GeneratedClass '/Game/Untitled.Untitled_C' with ClassGeneratedBy '/Game/Untitled.Untitled:PersistentLevel.Untitled'
[2019.09.11-13.02.43:185][921]LogUObjectHash: Compacting FUObjectHashTables data took   6.25ms
[2019.09.11-13.02.43:205][922]LogPlayLevel: Display: Destroying online subsystem :Context_4
[2019.09.11-13.02.47:419][166]LogSavePackage: Moving 'C:/Users/hi_it/OneDrive/Documents/GitHub/AI4Games/DuckHuntUnreal/DuckHunt/Saved/DuckHuntGameModeBaseBPBA2B5C734CB7289D080E9FBB5B6726D3.tmp' to 'C:/Users/hi_it/OneDrive/Documents/GitHub/AI4Games/DuckHuntUnreal/DuckHunt/Content/BluePrints/DuckHuntGameModeBaseBP.uasset'
[2019.09.11-13.02.48:504][229]BlueprintLog: New page: Compile DuckHuntGameModeBaseBP
[2019.09.11-13.02.48:975][229]LogUObjectHash: Compacting FUObjectHashTables data took   4.44ms
[2019.09.11-13.02.53:925][519]Cmd: OBJ SAVEPACKAGE PACKAGE="/Game/Untitled" FILE="C:/Users/hi_it/OneDrive/Documents/GitHub/AI4Games/DuckHuntUnreal/DuckHunt/Content/Untitled.umap" SILENT=true AUTOSAVING=false KEEPDIRTY=false
[2019.09.11-13.02.53:968][519]LogUObjectHash: Compacting FUObjectHashTables data took   3.45ms
[2019.09.11-13.02.54:379][519]LogSavePackage: Moving 'C:/Users/hi_it/OneDrive/Documents/GitHub/AI4Games/DuckHuntUnreal/DuckHunt/Saved/UntitledD1296B3C424B256385B285AF8D0C47D8.tmp' to 'C:/Users/hi_it/OneDrive/Documents/GitHub/AI4Games/DuckHuntUnreal/DuckHunt/Content/Untitled.umap'
[2019.09.11-13.02.54:456][519]Cmd: OBJ SAVEPACKAGE PACKAGE="/Game/Untitled_BuiltData" FILE="C:/Users/hi_it/OneDrive/Documents/GitHub/AI4Games/DuckHuntUnreal/DuckHunt/Content/Untitled_BuiltData.uasset" SILENT=true
[2019.09.11-13.02.54:655][519]LogSavePackage: Moving 'C:/Users/hi_it/OneDrive/Documents/GitHub/AI4Games/DuckHuntUnreal/DuckHunt/Saved/Untitled_BuiltDataEB77ADA54182753155D3AC87C016BE26.tmp' to 'C:/Users/hi_it/OneDrive/Documents/GitHub/AI4Games/DuckHuntUnreal/DuckHunt/Content/Untitled_BuiltData.uasset'
[2019.09.11-13.02.58:102][718]Candidate modules for hot reload:
[2019.09.11-13.02.58:102][718]  DuckHunt
[2019.09.11-13.02.58:102][718]Launching UnrealBuildTool... [D:/Program Files (x86)/UE_4.22/Engine/Binaries/DotNET/UnrealBuildTool.exe  -ModuleWithSuffix=DuckHunt,1611 Win64 Development -TargetType=Editor -Project="C:/Users/hi_it/OneDrive/Documents/GitHub/AI4Games/DuckHuntUnreal/DuckHunt/DuckHunt.uproject" "C:/Users/hi_it/OneDrive/Documents/GitHub/AI4Games/DuckHuntUnreal/DuckHunt/DuckHunt.uproject"  -IgnoreJunk]
[2019.09.11-13.02.58:104][718]Warning: Starting HotReload took  0.1s.
[2019.09.11-13.03.12:540][575]CompilerResultsLog: New page: Compilation - 12 Sep 2019 9:03:12 am
[2019.09.11-13.03.12:579][575]CompilerResultsLog: Using 'git status' to determine working set for adaptive non-unity build (C:\Users\hi_it\OneDrive\Documents\GitHub\AI4Games\DuckHuntUnreal).
[2019.09.11-13.03.12:579][575]CompilerResultsLog: Creating makefile for DuckHuntEditor (ini files are newer than makefile)
[2019.09.11-13.03.12:579][575]CompilerResultsLog: Parsing headers for DuckHuntEditor
[2019.09.11-13.03.12:579][575]CompilerResultsLog:   Running UnrealHeaderTool "C:\Users\hi_it\OneDrive\Documents\GitHub\AI4Games\DuckHuntUnreal\DuckHunt\DuckHunt.uproject" "C:\Users\hi_it\OneDrive\Documents\GitHub\AI4Games\DuckHuntUnreal\DuckHunt\Intermediate\Build\Win64\DuckHuntEditor\Development\DuckHuntEditor.uhtmanifest" -LogCmds="loginit warning, logexit warning, logdatabase error" -Unattended -WarningsAsErrors -installed
[2019.09.11-13.03.12:579][575]CompilerResultsLog: Reflection code generated for DuckHuntEditor in 8.5907015 seconds
[2019.09.11-13.03.12:579][575]CompilerResultsLog: Failed to delete file 'C:\Users\hi_it\OneDrive\Documents\GitHub\AI4Games\DuckHuntUnreal\DuckHunt\Binaries\Win64\UE4Editor-DuckHunt.pdb'
[2019.09.11-13.03.12:579][575]CompilerResultsLog:     Exception: Access to the path 'C:\Users\hi_it\OneDrive\Documents\GitHub\AI4Games\DuckHuntUnreal\DuckHunt\Binaries\Win64\UE4Editor-DuckHunt.pdb' is denied.
[2019.09.11-13.03.12:580][575]CompilerResultsLog: Attempting to retry...
[2019.09.11-13.03.12:580][575]CompilerResultsLog: Failed to delete file 'C:\Users\hi_it\OneDrive\Documents\GitHub\AI4Games\DuckHuntUnreal\DuckHunt\Binaries\Win64\UE4Editor-DuckHunt.pdb'
[2019.09.11-13.03.12:580][575]CompilerResultsLog:     Exception: Access to the path 'C:\Users\hi_it\OneDrive\Documents\GitHub\AI4Games\DuckHuntUnreal\DuckHunt\Binaries\Win64\UE4Editor-DuckHunt.pdb' is denied.
[2019.09.11-13.03.12:580][575]CompilerResultsLog: Attempting to retry...
[2019.09.11-13.03.12:580][575]CompilerResultsLog: Failed to delete file 'C:\Users\hi_it\OneDrive\Documents\GitHub\AI4Games\DuckHuntUnreal\DuckHunt\Binaries\Win64\UE4Editor-DuckHunt.pdb'
[2019.09.11-13.03.12:580][575]CompilerResultsLog:     Exception: Access to the path 'C:\Users\hi_it\OneDrive\Documents\GitHub\AI4Games\DuckHuntUnreal\DuckHunt\Binaries\Win64\UE4Editor-DuckHunt.pdb' is denied.
[2019.09.11-13.03.12:580][575]CompilerResultsLog: ERROR: Exhausted all retries!
[2019.09.11-13.03.12:580][575]CompilerResultsLog: Using Visual Studio 2019 14.22.27905 toolchain (C:\Program Files (x86)\Microsoft Visual Studio\2019\Community\VC\Tools\MSVC\14.22.27905) and Windows 10.0.18362.0 SDK (C:\Program Files (x86)\Windows Kits\10).
[2019.09.11-13.03.12:580][575]CompilerResultsLog: Building 3 actions with 8 processes...
[2019.09.11-13.03.12:580][575]CompilerResultsLog:   [1/3] UE4Editor-DuckHunt-1611.lib
[2019.09.11-13.03.12:580][575]CompilerResultsLog:      Creating library C:\Users\hi_it\OneDrive\Documents\GitHub\AI4Games\DuckHuntUnreal\DuckHunt\Intermediate\Build\Win64\UE4Editor\Development\DuckHunt\UE4Editor-DuckHunt-1611.lib and object C:\Users\hi_it\OneDrive\Documents\GitHub\AI4Games\DuckHuntUnreal\DuckHunt\Intermediate\Build\Win64\UE4Editor\Development\DuckHunt\UE4Editor-DuckHunt-1611.exp
[2019.09.11-13.03.12:580][575]CompilerResultsLog:   [2/3] UE4Editor-DuckHunt-1611.dll
[2019.09.11-13.03.12:580][575]CompilerResultsLog:      Creating library C:\Users\hi_it\OneDrive\Documents\GitHub\AI4Games\DuckHuntUnreal\DuckHunt\Intermediate\Build\Win64\UE4Editor\Development\DuckHunt\UE4Editor-DuckHunt-1611.suppressed.lib and object C:\Users\hi_it\OneDrive\Documents\GitHub\AI4Games\DuckHuntUnreal\DuckHunt\Intermediate\Build\Win64\UE4Editor\Development\DuckHunt\UE4Editor-DuckHunt-1611.suppressed.exp
[2019.09.11-13.03.12:580][575]CompilerResultsLog:   [3/3] DuckHuntEditor.target
[2019.09.11-13.03.12:581][575]CompilerResultsLog: Total time in Parallel executor: 1.10 seconds
[2019.09.11-13.03.12:581][575]CompilerResultsLog: Total execution time: 14.34 seconds
[2019.09.11-13.03.12:581][575]LogMainFrame: MainFrame: Module compiling took 14.524 seconds
[2019.09.11-13.03.12:628][575]LogUObjectHash: Compacting FUObjectHashTables data took   2.61ms
[2019.09.11-13.03.12:628][575]LogBlueprintActionDatabase: Requesting refresh due to module change: DuckHunt (unloaded)
[2019.09.11-13.03.12:700][575]LogHotReload: Re-instancing PlayerPawn after hot-reload.
[2019.09.11-13.03.12:903][575]LogBlueprintActionDatabase: Requesting refresh due to module change: DuckHunt (loaded)
[2019.09.11-13.03.12:904][575]LogContentBrowser: Native class hierarchy updated for 'DuckHunt' in 0.0007 seconds. Added 5 classes and 2 folders.
[2019.09.11-13.03.12:909][575]Display: HotReload successful (0 functions remapped  0 scriptstructs remapped)
[2019.09.11-13.03.13:073][575]LogUObjectHash: Compacting FUObjectHashTables data took   1.81ms
[2019.09.11-13.03.13:074][575]LogBlueprintActionDatabase: Requesting refresh due to hot reload
[2019.09.11-13.03.13:090][575]LogContentBrowser: Native class hierarchy populated in 0.0087 seconds. Added 2738 classes and 663 folders.
[2019.09.11-13.03.13:167][575]Display: HotReload took 15.1s.
[2019.09.11-13.03.20:165][978]LogTemp: Repeating last play command: Selected Viewport
[2019.09.11-13.03.20:193][978]LogBlueprintUserMessages: Early PlayInEditor Detection: Level '/Game/Untitled.Untitled:PersistentLevel' has LevelScriptBlueprint '/Game/Untitled.Untitled:PersistentLevel.Untitled' with GeneratedClass '/Game/Untitled.Untitled_C' with ClassGeneratedBy '/Game/Untitled.Untitled:PersistentLevel.Untitled'
[2019.09.11-13.03.20:193][978]LogPlayLevel: PlayLevel: No blueprints needed recompiling
[2019.09.11-13.03.20:194][978]PIE: New page: PIE session: Untitled (12 Sep 2019 9:03:20 am)
[2019.09.11-13.03.20:194][978]LogPlayLevel: Creating play world package: /Game/UEDPIE_0_Untitled
[2019.09.11-13.03.20:233][978]LogPlayLevel: PIE: StaticDuplicateObject took: (0.039113s)
[2019.09.11-13.03.20:237][978]LogAIModule: Creating AISystem for world Untitled
[2019.09.11-13.03.20:238][978]LogPlayLevel: PIE: World Init took: (0.004737s)
[2019.09.11-13.03.20:238][978]LogPlayLevel: PIE: Created PIE world by copying editor world from /Game/Untitled.Untitled to /Game/UEDPIE_0_Untitled.Untitled (0.044474s)
[2019.09.11-13.03.20:316][978]LogUObjectHash: Compacting FUObjectHashTables data took   4.71ms
[2019.09.11-13.03.20:342][978]LogInit: XAudio2 using 'LG TV (Intel(R) Display Audio)' : 2 channels at 48 kHz using 16 bits per sample (channel mask 0x3)
[2019.09.11-13.03.20:357][978]LogInit: FAudioDevice initialized.
[2019.09.11-13.03.20:406][978]LogLoad: Game class is 'DuckHuntGameModeBase'
[2019.09.11-13.03.20:410][978]LogWorld: Bringing World /Game/UEDPIE_0_Untitled.Untitled up for play (max tick rate 60) at 2019.09.11-23.03.20
[2019.09.11-13.03.20:411][978]LogWorld: Bringing up level for play took: 0.002890
[2019.09.11-13.03.20:425][978]PIE: Play in editor start time for /Game/UEDPIE_0_Untitled -0.388
[2019.09.11-13.03.20:426][978]LogBlueprintUserMessages: Late PlayInEditor Detection: Level '/Game/Untitled.Untitled:PersistentLevel' has LevelScriptBlueprint '/Game/Untitled.Untitled:PersistentLevel.Untitled' with GeneratedClass '/Game/Untitled.Untitled_C' with ClassGeneratedBy '/Game/Untitled.Untitled:PersistentLevel.Untitled'
[2019.09.11-13.03.25:828][302]LogBlueprintUserMessages: Early EndPlayMap Detection: Level '/Game/Untitled.Untitled:PersistentLevel' has LevelScriptBlueprint '/Game/Untitled.Untitled:PersistentLevel.Untitled' with GeneratedClass '/Game/Untitled.Untitled_C' with ClassGeneratedBy '/Game/Untitled.Untitled:PersistentLevel.Untitled'
[2019.09.11-13.03.25:829][302]LogSlate: Updating window title bar state: overlay mode, drag disabled, window buttons hidden, title bar hidden
[2019.09.11-13.03.25:864][302]LogPlayLevel: Display: Shutting down PIE online subsystems
[2019.09.11-13.03.25:865][302]LogBlueprintUserMessages: Late EndPlayMap Detection: Level '/Game/Untitled.Untitled:PersistentLevel' has LevelScriptBlueprint '/Game/Untitled.Untitled:PersistentLevel.Untitled' with GeneratedClass '/Game/Untitled.Untitled_C' with ClassGeneratedBy '/Game/Untitled.Untitled:PersistentLevel.Untitled'
[2019.09.11-13.03.25:911][302]LogSlate: Updating window title bar state: overlay mode, drag disabled, window buttons hidden, title bar hidden
[2019.09.11-13.03.25:929][302]LogUObjectHash: Compacting FUObjectHashTables data took   3.56ms
[2019.09.11-13.03.25:946][303]LogPlayLevel: Display: Destroying online subsystem :Context_5
[2019.09.11-13.03.31:831][656]LogSlate: FSceneViewport::OnFocusLost() reason 0
[2019.09.11-13.03.32:009][666]LogAssetEditorManager: Opening Asset editor for Blueprint /Game/BluePrints/PlayerHUDBP.PlayerHUDBP
[2019.09.11-13.03.32:796][667]LogSlate: Took 0.020210 seconds to synchronously load lazily loaded font '../../../Engine/Content/Slate/Fonts/Roboto-Italic.ttf' (157K)
[2019.09.11-13.03.50:222][711]LogRenderer: Reallocating scene render targets to support 1016x684 Format 10 NumSamples 1 (Frame:1).
[2019.09.11-13.05.07:139][287]LogSlate: Window 'Add C++ Class' being destroyed
[2019.09.11-13.05.34:942][908]LogBlueprintActionDatabase: Requesting refresh due to module change: ExternalImagePicker (loaded)
[2019.09.11-13.05.36:802][908]LogSlate: Only BGRA pngs, bmps or icos are supported in by External Image Picker
[2019.09.11-13.05.48:081][556]LogSlate: Prevented a slow task dialog from being summoned while a context menu was open
[2019.09.11-13.06.17:451][292]LogSlate: Window 'Project Settings' being destroyed
[2019.09.11-13.06.17:455][292]LogSlate: Window 'Project Settings' being destroyed
[2019.09.11-13.06.21:118][492]Cmd: OBJ SAVEPACKAGE PACKAGE="/Game/Untitled" FILE="C:/Users/hi_it/OneDrive/Documents/GitHub/AI4Games/DuckHuntUnreal/DuckHunt/Content/Untitled.umap" SILENT=true AUTOSAVING=false KEEPDIRTY=false
[2019.09.11-13.06.21:191][492]LogUObjectHash: Compacting FUObjectHashTables data took   3.98ms
[2019.09.11-13.06.21:599][492]LogSavePackage: Moving 'C:/Users/hi_it/OneDrive/Documents/GitHub/AI4Games/DuckHuntUnreal/DuckHunt/Saved/UntitledB0DDE9494404758F11581D9496C897D3.tmp' to 'C:/Users/hi_it/OneDrive/Documents/GitHub/AI4Games/DuckHuntUnreal/DuckHunt/Content/Untitled.umap'
[2019.09.11-13.06.21:634][492]Cmd: OBJ SAVEPACKAGE PACKAGE="/Game/Untitled_BuiltData" FILE="C:/Users/hi_it/OneDrive/Documents/GitHub/AI4Games/DuckHuntUnreal/DuckHunt/Content/Untitled_BuiltData.uasset" SILENT=true
[2019.09.11-13.06.21:777][492]LogSavePackage: Moving 'C:/Users/hi_it/OneDrive/Documents/GitHub/AI4Games/DuckHuntUnreal/DuckHunt/Saved/Untitled_BuiltDataFF07EA664F5A36A36AB98095B9FE6951.tmp' to 'C:/Users/hi_it/OneDrive/Documents/GitHub/AI4Games/DuckHuntUnreal/DuckHunt/Content/Untitled_BuiltData.uasset'
[2019.09.11-13.06.23:809][612]Candidate modules for hot reload:
[2019.09.11-13.06.23:810][612]  DuckHunt
[2019.09.11-13.06.23:810][612]Launching UnrealBuildTool... [D:/Program Files (x86)/UE_4.22/Engine/Binaries/DotNET/UnrealBuildTool.exe  -ModuleWithSuffix=DuckHunt,2919 Win64 Development -TargetType=Editor -Project="C:/Users/hi_it/OneDrive/Documents/GitHub/AI4Games/DuckHuntUnreal/DuckHunt/DuckHunt.uproject" "C:/Users/hi_it/OneDrive/Documents/GitHub/AI4Games/DuckHuntUnreal/DuckHunt/DuckHunt.uproject"  -IgnoreJunk]
[2019.09.11-13.06.23:812][612]Warning: Starting HotReload took  0.0s.
[2019.09.11-13.06.38:257][474]CompilerResultsLog: New page: Compilation - 12 Sep 2019 9:06:38 am
[2019.09.11-13.06.38:257][474]CompilerResultsLog: Using 'git status' to determine working set for adaptive non-unity build (C:\Users\hi_it\OneDrive\Documents\GitHub\AI4Games\DuckHuntUnreal).
[2019.09.11-13.06.38:258][474]CompilerResultsLog: Creating makefile for DuckHuntEditor (ini files are newer than makefile)
[2019.09.11-13.06.38:258][474]CompilerResultsLog: Parsing headers for DuckHuntEditor
[2019.09.11-13.06.38:258][474]CompilerResultsLog:   Running UnrealHeaderTool "C:\Users\hi_it\OneDrive\Documents\GitHub\AI4Games\DuckHuntUnreal\DuckHunt\DuckHunt.uproject" "C:\Users\hi_it\OneDrive\Documents\GitHub\AI4Games\DuckHuntUnreal\DuckHunt\Intermediate\Build\Win64\DuckHuntEditor\Development\DuckHuntEditor.uhtmanifest" -LogCmds="loginit warning, logexit warning, logdatabase error" -Unattended -WarningsAsErrors -installed
[2019.09.11-13.06.38:258][474]CompilerResultsLog: Reflection code generated for DuckHuntEditor in 8.5443104 seconds
[2019.09.11-13.06.38:258][474]CompilerResultsLog: Failed to delete file 'C:\Users\hi_it\OneDrive\Documents\GitHub\AI4Games\DuckHuntUnreal\DuckHunt\Binaries\Win64\UE4Editor-DuckHunt.pdb'
[2019.09.11-13.06.38:259][474]CompilerResultsLog:     Exception: Access to the path 'C:\Users\hi_it\OneDrive\Documents\GitHub\AI4Games\DuckHuntUnreal\DuckHunt\Binaries\Win64\UE4Editor-DuckHunt.pdb' is denied.
[2019.09.11-13.06.38:259][474]CompilerResultsLog: Attempting to retry...
[2019.09.11-13.06.38:259][474]CompilerResultsLog: Failed to delete file 'C:\Users\hi_it\OneDrive\Documents\GitHub\AI4Games\DuckHuntUnreal\DuckHunt\Binaries\Win64\UE4Editor-DuckHunt.pdb'
[2019.09.11-13.06.38:259][474]CompilerResultsLog:     Exception: Access to the path 'C:\Users\hi_it\OneDrive\Documents\GitHub\AI4Games\DuckHuntUnreal\DuckHunt\Binaries\Win64\UE4Editor-DuckHunt.pdb' is denied.
[2019.09.11-13.06.38:259][474]CompilerResultsLog: Attempting to retry...
[2019.09.11-13.06.38:259][474]CompilerResultsLog: Failed to delete file 'C:\Users\hi_it\OneDrive\Documents\GitHub\AI4Games\DuckHuntUnreal\DuckHunt\Binaries\Win64\UE4Editor-DuckHunt.pdb'
[2019.09.11-13.06.38:260][474]CompilerResultsLog:     Exception: Access to the path 'C:\Users\hi_it\OneDrive\Documents\GitHub\AI4Games\DuckHuntUnreal\DuckHunt\Binaries\Win64\UE4Editor-DuckHunt.pdb' is denied.
[2019.09.11-13.06.38:260][474]CompilerResultsLog: ERROR: Exhausted all retries!
[2019.09.11-13.06.38:260][474]CompilerResultsLog: Using Visual Studio 2019 14.22.27905 toolchain (C:\Program Files (x86)\Microsoft Visual Studio\2019\Community\VC\Tools\MSVC\14.22.27905) and Windows 10.0.18362.0 SDK (C:\Program Files (x86)\Windows Kits\10).
[2019.09.11-13.06.38:260][474]CompilerResultsLog: Building 3 actions with 8 processes...
[2019.09.11-13.06.38:260][474]CompilerResultsLog:   [1/3] UE4Editor-DuckHunt-2919.lib
[2019.09.11-13.06.38:260][474]CompilerResultsLog:      Creating library C:\Users\hi_it\OneDrive\Documents\GitHub\AI4Games\DuckHuntUnreal\DuckHunt\Intermediate\Build\Win64\UE4Editor\Development\DuckHunt\UE4Editor-DuckHunt-2919.lib and object C:\Users\hi_it\OneDrive\Documents\GitHub\AI4Games\DuckHuntUnreal\DuckHunt\Intermediate\Build\Win64\UE4Editor\Development\DuckHunt\UE4Editor-DuckHunt-2919.exp
[2019.09.11-13.06.38:260][474]CompilerResultsLog:   [2/3] UE4Editor-DuckHunt-2919.dll
[2019.09.11-13.06.38:260][474]CompilerResultsLog:      Creating library C:\Users\hi_it\OneDrive\Documents\GitHub\AI4Games\DuckHuntUnreal\DuckHunt\Intermediate\Build\Win64\UE4Editor\Development\DuckHunt\UE4Editor-DuckHunt-2919.suppressed.lib and object C:\Users\hi_it\OneDrive\Documents\GitHub\AI4Games\DuckHuntUnreal\DuckHunt\Intermediate\Build\Win64\UE4Editor\Development\DuckHunt\UE4Editor-DuckHunt-2919.suppressed.exp
[2019.09.11-13.06.38:261][474]CompilerResultsLog:   [3/3] DuckHuntEditor.target
[2019.09.11-13.06.38:261][474]CompilerResultsLog: Total time in Parallel executor: 1.10 seconds
[2019.09.11-13.06.38:261][474]CompilerResultsLog: Total execution time: 14.34 seconds
[2019.09.11-13.06.38:261][474]LogMainFrame: MainFrame: Module compiling took 14.455 seconds
[2019.09.11-13.06.38:312][474]LogUObjectHash: Compacting FUObjectHashTables data took   3.36ms
[2019.09.11-13.06.38:312][474]LogBlueprintActionDatabase: Requesting refresh due to module change: DuckHunt (unloaded)
[2019.09.11-13.06.38:374][474]LogHotReload: Re-instancing PlayerPawn after hot-reload.
[2019.09.11-13.06.38:581][474]LogBlueprintActionDatabase: Requesting refresh due to module change: DuckHunt (loaded)
[2019.09.11-13.06.38:582][474]LogContentBrowser: Native class hierarchy updated for 'DuckHunt' in 0.0008 seconds. Added 5 classes and 2 folders.
[2019.09.11-13.06.38:588][474]Display: HotReload successful (0 functions remapped  0 scriptstructs remapped)
[2019.09.11-13.06.38:687][474]LogUObjectHash: Compacting FUObjectHashTables data took   1.97ms
[2019.09.11-13.06.38:687][474]LogBlueprintActionDatabase: Requesting refresh due to hot reload
[2019.09.11-13.06.38:703][474]LogContentBrowser: Native class hierarchy populated in 0.0090 seconds. Added 2738 classes and 663 folders.
[2019.09.11-13.06.38:703][474]Display: HotReload took 14.9s.
[2019.09.11-13.07.00:599][771]LogTemp: Repeating last play command: Selected Viewport
[2019.09.11-13.07.00:630][771]LogBlueprintUserMessages: Early PlayInEditor Detection: Level '/Game/Untitled.Untitled:PersistentLevel' has LevelScriptBlueprint '/Game/Untitled.Untitled:PersistentLevel.Untitled' with GeneratedClass '/Game/Untitled.Untitled_C' with ClassGeneratedBy '/Game/Untitled.Untitled:PersistentLevel.Untitled'
[2019.09.11-13.07.00:630][771]LogPlayLevel: PlayLevel: No blueprints needed recompiling
[2019.09.11-13.07.00:630][771]PIE: New page: PIE session: Untitled (12 Sep 2019 9:07:00 am)
[2019.09.11-13.07.00:631][771]LogPlayLevel: Creating play world package: /Game/UEDPIE_0_Untitled
[2019.09.11-13.07.00:660][771]LogPlayLevel: PIE: StaticDuplicateObject took: (0.029476s)
[2019.09.11-13.07.00:663][771]LogAIModule: Creating AISystem for world Untitled
[2019.09.11-13.07.00:663][771]LogPlayLevel: PIE: World Init took: (0.002788s)
[2019.09.11-13.07.00:663][771]LogPlayLevel: PIE: Created PIE world by copying editor world from /Game/Untitled.Untitled to /Game/UEDPIE_0_Untitled.Untitled (0.032842s)
[2019.09.11-13.07.00:741][771]LogUObjectHash: Compacting FUObjectHashTables data took   4.79ms
[2019.09.11-13.07.00:772][771]LogInit: XAudio2 using 'LG TV (Intel(R) Display Audio)' : 2 channels at 48 kHz using 16 bits per sample (channel mask 0x3)
[2019.09.11-13.07.00:787][771]LogInit: FAudioDevice initialized.
[2019.09.11-13.07.00:828][771]LogLoad: Game class is 'DuckHuntGameModeBase'
[2019.09.11-13.07.00:832][771]LogWorld: Bringing World /Game/UEDPIE_0_Untitled.Untitled up for play (max tick rate 60) at 2019.09.11-23.07.00
[2019.09.11-13.07.00:832][771]LogWorld: Bringing up level for play took: 0.003006
[2019.09.11-13.07.00:847][771]PIE: Play in editor start time for /Game/UEDPIE_0_Untitled 0.033
[2019.09.11-13.07.00:847][771]LogBlueprintUserMessages: Late PlayInEditor Detection: Level '/Game/Untitled.Untitled:PersistentLevel' has LevelScriptBlueprint '/Game/Untitled.Untitled:PersistentLevel.Untitled' with GeneratedClass '/Game/Untitled.Untitled_C' with ClassGeneratedBy '/Game/Untitled.Untitled:PersistentLevel.Untitled'
[2019.09.11-13.07.05:754][ 65]LogBlueprintUserMessages: Early EndPlayMap Detection: Level '/Game/Untitled.Untitled:PersistentLevel' has LevelScriptBlueprint '/Game/Untitled.Untitled:PersistentLevel.Untitled' with GeneratedClass '/Game/Untitled.Untitled_C' with ClassGeneratedBy '/Game/Untitled.Untitled:PersistentLevel.Untitled'
[2019.09.11-13.07.05:755][ 65]LogSlate: Updating window title bar state: overlay mode, drag disabled, window buttons hidden, title bar hidden
[2019.09.11-13.07.05:792][ 65]LogPlayLevel: Display: Shutting down PIE online subsystems
[2019.09.11-13.07.05:793][ 65]LogBlueprintUserMessages: Late EndPlayMap Detection: Level '/Game/Untitled.Untitled:PersistentLevel' has LevelScriptBlueprint '/Game/Untitled.Untitled:PersistentLevel.Untitled' with GeneratedClass '/Game/Untitled.Untitled_C' with ClassGeneratedBy '/Game/Untitled.Untitled:PersistentLevel.Untitled'
[2019.09.11-13.07.05:847][ 65]LogSlate: Updating window title bar state: overlay mode, drag disabled, window buttons hidden, title bar hidden
[2019.09.11-13.07.05:868][ 65]LogUObjectHash: Compacting FUObjectHashTables data took   4.76ms
[2019.09.11-13.07.05:890][ 66]LogPlayLevel: Display: Destroying online subsystem :Context_7
