Log file open, 09/11/19 14:57:44
LogWindows: Failed to load 'aqProf.dll' (GetLastError=126)
LogWindows: File 'aqProf.dll' does not exist
LogWindows: Failed to load 'VSPerf140.dll' (GetLastError=126)
LogWindows: File 'VSPerf140.dll' does not exist
LogWindows: Failed to load 'VtuneApi.dll' (GetLastError=126)
LogWindows: File 'VtuneApi.dll' does not exist
LogWindows: Failed to load 'VtuneApi32e.dll' (GetLastError=126)
LogWindows: File 'VtuneApi32e.dll' does not exist
LogInit: Display: Running engine for game: DuckHunt
LogPlatformFile: Not using cached read wrapper
LogTaskGraph: Started task graph with 5 named threads and 23 total threads with 3 sets of task threads.
LogStats: Stats thread started at 0.367608
LogD3D11RHI: Loaded GFSDK_Aftermath_Lib.x64.dll
LogICUInternationalization: Display: ICU TimeZone Detection - Raw Offset: +10:00, Platform Override: ''
LogPluginManager: Mounting plugin Paper2D
LogPluginManager: Mounting plugin AISupport
LogPluginManager: Mounting plugin LightPropagationVolume
LogPluginManager: Mounting plugin CLionSourceCodeAccess
LogPluginManager: Mounting plugin CodeLiteSourceCodeAccess
LogPluginManager: Mounting plugin GitSourceControl
LogPluginManager: Mounting plugin KDevelopSourceCodeAccess
LogPluginManager: Mounting plugin NullSourceCodeAccess
LogPluginManager: Mounting plugin PerforceSourceControl
LogPluginManager: Mounting plugin SubversionSourceControl
LogPluginManager: Mounting plugin UObjectPlugin
LogPluginManager: Mounting plugin VisualStudioCodeSourceCodeAccess
LogPluginManager: Mounting plugin VisualStudioSourceCodeAccess
LogPluginManager: Mounting plugin XCodeSourceCodeAccess
LogPluginManager: Mounting plugin AssetManagerEditor
LogPluginManager: Mounting plugin CryptoKeys
LogPluginManager: Mounting plugin DataValidation
LogPluginManager: Mounting plugin FacialAnimation
LogPluginManager: Mounting plugin GameplayTagsEditor
LogPluginManager: Mounting plugin MacGraphicsSwitching
LogPluginManager: Mounting plugin MeshEditor
LogPluginManager: Mounting plugin MobileLauncherProfileWizard
LogPluginManager: Mounting plugin PluginBrowser
LogPluginManager: Mounting plugin SpeedTreeImporter
LogPluginManager: Mounting plugin DatasmithContent
LogPluginManager: Mounting plugin AlembicImporter
LogPluginManager: Mounting plugin AppleImageUtils
LogPluginManager: Mounting plugin AppleVision
LogPluginManager: Mounting plugin BackChannel
LogPluginManager: Mounting plugin CharacterAI
LogPluginManager: Mounting plugin GeometryCache
LogPluginManager: Mounting plugin HTML5Networking
LogPluginManager: Mounting plugin ProxyLODPlugin
LogPluginManager: Mounting plugin MagicLeap
LogPluginManager: Mounting plugin MagicLeapEmulator
LogPluginManager: Mounting plugin MagicLeapMedia
LogPluginManager: Mounting plugin AndroidMedia
LogPluginManager: Mounting plugin AvfMedia
LogPluginManager: Mounting plugin ImgMedia
LogPluginManager: Mounting plugin LinearTimecode
LogPluginManager: Mounting plugin MediaCompositing
LogPluginManager: Mounting plugin MediaPlayerEditor
LogPluginManager: Mounting plugin WmfMedia
LogPluginManager: Mounting plugin TcpMessaging
LogPluginManager: Mounting plugin UdpMessaging
LogPluginManager: Mounting plugin ActorSequence
LogPluginManager: Mounting plugin LevelSequenceEditor
LogPluginManager: Mounting plugin MatineeToLevelSequence
LogPluginManager: Mounting plugin NetcodeUnitTest
LogPluginManager: Mounting plugin NUTUnrealEngine4
LogPluginManager: Mounting plugin OnlineSubsystemGooglePlay
LogPluginManager: Mounting plugin OnlineSubsystemIOS
LogPluginManager: Mounting plugin OnlineSubsystem
LogPluginManager: Mounting plugin OnlineSubsystemNull
LogPluginManager: Mounting plugin OnlineSubsystemUtils
LogPluginManager: Mounting plugin LauncherChunkInstaller
LogPluginManager: Mounting plugin AndroidDeviceProfileSelector
LogPluginManager: Mounting plugin AndroidMoviePlayer
LogPluginManager: Mounting plugin AndroidPermission
LogPluginManager: Mounting plugin AppleMoviePlayer
LogPluginManager: Mounting plugin ArchVisCharacter
LogPluginManager: Mounting plugin AudioCapture
LogPluginManager: Mounting plugin CableComponent
LogPluginManager: Mounting plugin CustomMeshComponent
LogPluginManager: Mounting plugin EditableMesh
LogPluginManager: Mounting plugin ExampleDeviceProfileSelector
LogPluginManager: Mounting plugin GoogleCloudMessaging
LogPluginManager: Mounting plugin ImmediatePhysics
LogPluginManager: Mounting plugin IOSDeviceProfileSelector
LogPluginManager: Mounting plugin LinuxDeviceProfileSelector
LogPluginManager: Mounting plugin LocationServicesBPLibrary
LogPluginManager: Mounting plugin MobilePatchingUtils
LogPluginManager: Mounting plugin OculusVR
LogPluginManager: Plugin shader directory ../../../Engine/Plugins/Runtime/Oculus/OculusVR/Shaders found
LogPluginManager: Mapping shader source directory ../../../Engine/Plugins/Runtime/Oculus/OculusVR/Shaders to virtual directory /Plugin/OculusVR
LogPluginManager: Mounting plugin PhysXVehicles
LogPluginManager: Mounting plugin ProceduralMeshComponent
LogPluginManager: Mounting plugin RuntimePhysXCooking
LogPluginManager: Mounting plugin SteamVR
LogPluginManager: Mounting plugin WindowsMoviePlayer
LogStreaming: Display: Took  0.114s to configure plugins.
LogInit: Using libcurl 7.55.1-DEV
LogInit:  - built for x86_64-pc-win32
LogInit:  - supports SSL with OpenSSL/1.0.2h
LogInit:  - supports HTTP deflate (compression) using libz 1.2.8
LogInit:  - other features:
LogInit:      CURL_VERSION_SSL
LogInit:      CURL_VERSION_LIBZ
LogInit:      CURL_VERSION_IPV6
LogInit:      CURL_VERSION_ASYNCHDNS
LogInit:      CURL_VERSION_LARGEFILE
LogInit:      CURL_VERSION_IDN
LogInit:  CurlRequestOptions (configurable via config and command line):
LogInit:  - bVerifyPeer = false  - Libcurl will NOT verify peer certificate
LogInit:  - bUseHttpProxy = false  - Libcurl will NOT use HTTP proxy
LogInit:  - bDontReuseConnections = false  - Libcurl will reuse connections
LogInit:  - CertBundlePath = nullptr  - Libcurl will use whatever was configured at build time.
LogInit:  - MaxHostConnections = 16  - Libcurl will limit the number of connections to a host
LogInit:  - LocalHostAddr = Default
LogInit:  - BufferSize = 65536
LogInit: WinSock: version 1.1 (2.2), MaxSocks=32767, MaxUdp=65467
LogInit: Build: ++UE4+Release-4.20-CL-4369336
LogInit: Engine Version: 4.20.3-4369336+++UE4+Release-4.20
LogInit: Compatible Engine Version: 4.20.0-4212847+++UE4+Release-4.20
LogInit: Net CL: 4212847
LogInit: OS: Windows 10 (), CPU: Intel(R) Core(TM) i7-4770 CPU @ 3.40GHz, GPU: NVIDIA GeForce GTX 770
LogInit: Compiled (64-bit): Sep 17 2018 12:26:19
LogInit: Compiled with Visual C++: 19.13.26129.00
LogInit: Build Configuration: Development
LogInit: Branch Name: ++UE4+Release-4.20
LogInit: Command Line:  -skipcompile
LogInit: Base Directory: C:/Program Files/Epic Games/UE_4.20/Engine/Binaries/Win64/
LogInit: Installed Engine Build: 1
LogDevObjectVersion: Number of dev versions registered: 20
LogDevObjectVersion:   Dev-Blueprints (B0D832E4-1F89-4F0D-ACCF-7EB736FD4AA2): 10
LogDevObjectVersion:   Dev-Build (E1C64328-A22C-4D53-A36C-8E866417BD8C): 0
LogDevObjectVersion:   Dev-Core (375EC13C-06E4-48FB-B500-84F0262A717E): 2
LogDevObjectVersion:   Dev-Editor (E4B068ED-F494-42E9-A231-DA0B2E46BB41): 24
LogDevObjectVersion:   Dev-Framework (CFFC743F-43B0-4480-9391-14DF171D2073): 34
LogDevObjectVersion:   Dev-Mobile (B02B49B5-BB20-44E9-A304-32B752E40360): 2
LogDevObjectVersion:   Dev-Networking (A4E4105C-59A1-49B5-A7C5-40C4547EDFEE): 0
LogDevObjectVersion:   Dev-Online (39C831C9-5AE6-47DC-9A44-9C173E1C8E7C): 0
LogDevObjectVersion:   Dev-Physics (78F01B33-EBEA-4F98-B9B4-84EACCB95AA2): 0
LogDevObjectVersion:   Dev-Platform (6631380F-2D4D-43E0-8009-CF276956A95A): 0
LogDevObjectVersion:   Dev-Rendering (12F88B9F-8875-4AFC-A67C-D90C383ABD29): 26
LogDevObjectVersion:   Dev-Sequencer (7B5AE74C-D270-4C10-A958-57980B212A5A): 9
LogDevObjectVersion:   Dev-VR (D7296918-1DD6-4BDD-9DE2-64A83CC13884): 2
LogDevObjectVersion:   Dev-LoadTimes (C2A15278-BFE7-4AFE-6C17-90FF531DF755): 1
LogDevObjectVersion:   Private-Geometry (6EACA3D4-40EC-4CC1-B786-8BED09428FC5): 3
LogDevObjectVersion:   Dev-AnimPhys (29E575DD-E0A3-4627-9D10-D276232CDCEA): 17
LogDevObjectVersion:   Dev-ReflectionCapture (6B266CEC-1EC7-4B8F-A30B-E4D90942FC07): 1
LogDevObjectVersion:   Dev-Automation (0DF73D61-A23F-47EA-B727-89E90C41499A): 1
LogDevObjectVersion:   FortniteMain (601D1886-AC64-4F84-AA16-D3DE0DEAC7D6): 12
LogDevObjectVersion:   Dev-Enterprise (9DFFBCD6-494F-0158-E221-12823C92A888): 1
LogStreaming: Display: Took  0.002s to delete old logs.
LogInit: Presizing for max 8388607 objects, including 0 objects not considered by GC, pre-allocating 0 bytes for permanent pool.
LogInit: Object subsystem initialized
[2019.09.11-04.57.44:373][  0]LogInit: Selected Device Profile: [Windows]
[2019.09.11-04.57.44:373][  0]LogInit: Applying CVar settings loaded from the selected device profile: [Windows]
[2019.09.11-04.57.44:394][  0]LogHAL: Display: Platform has ~ 32 GB [34241368064 / 34359738368 / 32], which maps to Largest [LargestMinGB=32, LargerMinGB=12, DefaultMinGB=8, SmallerMinGB=6, SmallestMinGB=0)
[2019.09.11-04.57.44:394][  0]LogInit: Setting Device Profile CVar: [[r.Vulkan.UseRealUBs:1]]
[2019.09.11-04.57.44:394][  0]LogInit: Going up to parent DeviceProfile []
[2019.09.11-04.57.44:396][  0]LogInit: Computer: SYD-19F592
[2019.09.11-04.57.44:396][  0]LogInit: User: s181813
[2019.09.11-04.57.44:396][  0]LogInit: CPU Page size=4096, Cores=4
[2019.09.11-04.57.44:396][  0]LogInit: High frequency timer resolution =3.312644 MHz
[2019.09.11-04.57.44:397][  0]LogMemory: Memory total: Physical=31.9GB (32GB approx)
[2019.09.11-04.57.44:397][  0]LogMemory: Platform Memory Stats for Windows
[2019.09.11-04.57.44:397][  0]LogMemory: Process Physical Memory: 100.84 MB used, 100.84 MB peak
[2019.09.11-04.57.44:397][  0]LogMemory: Process Virtual Memory: 91.08 MB used, 91.08 MB peak
[2019.09.11-04.57.44:397][  0]LogMemory: Physical Memory: 6280.47 MB used,  26374.64 MB free, 32655.11 MB total
[2019.09.11-04.57.44:397][  0]LogMemory: Virtual Memory: 4641.04 MB used,  26374.64 MB free, 134217728.00 MB total
[2019.09.11-04.57.44:522][  0]LogInit: Using OS detected language (en-US).
[2019.09.11-04.57.44:522][  0]LogInit: Using OS detected locale (en-US).
[2019.09.11-04.57.44:523][  0]LogTextLocalizationManager: No specific localization for 'en-US' exists, so the 'en' localization will be used.
[2019.09.11-04.57.44:923][  0]LogStreaming: Display: Took  0.401s to InitEngineTextLocalization.
[2019.09.11-04.57.44:923][  0]LogInit: Setting process to per monitor DPI aware
[2019.09.11-04.57.44:974][  0]LogSlate: New Slate User Created.  User Index 0, Is Virtual User: 0
[2019.09.11-04.57.44:974][  0]LogSlate: Slate User Registered.  User Index 0, Is Virtual User: 0
[2019.09.11-04.57.45:150][  0]LogHMD: Failed to initialize OpenVR with code 110
[2019.09.11-04.57.45:150][  0]LogD3D11RHI: D3D11 adapters:
[2019.09.11-04.57.45:223][  0]LogD3D11RHI:    0. 'NVIDIA GeForce GTX 770' (Feature Level 11_0)
[2019.09.11-04.57.45:223][  0]LogD3D11RHI:       2007/0/16327 MB DedicatedVideo/DedicatedSystem/SharedSystem, Outputs:2, VendorId:0x10de
[2019.09.11-04.57.45:244][  0]LogD3D11RHI:    1. 'Intel(R) HD Graphics 4600' (Feature Level 11_0)
[2019.09.11-04.57.45:244][  0]LogD3D11RHI:       112/0/2048 MB DedicatedVideo/DedicatedSystem/SharedSystem, Outputs:0, VendorId:0x8086
[2019.09.11-04.57.45:249][  0]LogD3D11RHI:    2. 'Microsoft Basic Render Driver' (Feature Level 11_0)
[2019.09.11-04.57.45:249][  0]LogD3D11RHI:       0/0/16327 MB DedicatedVideo/DedicatedSystem/SharedSystem, Outputs:0, VendorId:0x1414
[2019.09.11-04.57.45:249][  0]LogD3D11RHI: Chosen D3D11 Adapter: 0
[2019.09.11-04.57.45:256][  0]LogD3D11RHI: Creating new Direct3DDevice
[2019.09.11-04.57.45:257][  0]LogD3D11RHI:     GPU DeviceId: 0x1184 (for the marketing name, search the web for "GPU Device Id")
[2019.09.11-04.57.45:257][  0]LogWindows: EnumDisplayDevices:
[2019.09.11-04.57.45:257][  0]LogWindows:    0. 'NVIDIA GeForce GTX 770' (P:1 D:1)
[2019.09.11-04.57.45:257][  0]LogWindows:    1. 'NVIDIA GeForce GTX 770' (P:0 D:1)
[2019.09.11-04.57.45:258][  0]LogWindows:    2. 'NVIDIA GeForce GTX 770' (P:0 D:0)
[2019.09.11-04.57.45:258][  0]LogWindows:    3. 'NVIDIA GeForce GTX 770' (P:0 D:0)
[2019.09.11-04.57.45:258][  0]LogWindows:    4. 'Intel(R) HD Graphics 4600' (P:0 D:0)
[2019.09.11-04.57.45:259][  0]LogWindows:    5. 'Intel(R) HD Graphics 4600' (P:0 D:0)
[2019.09.11-04.57.45:259][  0]LogWindows:    6. 'Intel(R) HD Graphics 4600' (P:0 D:0)
[2019.09.11-04.57.45:260][  0]LogWindows: DebugString: PrimaryIsNotTheChoosenAdapter PrimaryIsNotTheChoosenAdapter PrimaryIsNotTheChoosenAdapter FoundDriverCount:4 
[2019.09.11-04.57.45:260][  0]LogD3D11RHI:     Adapter Name: NVIDIA GeForce GTX 770
[2019.09.11-04.57.45:260][  0]LogD3D11RHI:   Driver Version: 417.35 (internal:25.21.14.1735, unified:417.35)
[2019.09.11-04.57.45:260][  0]LogD3D11RHI:      Driver Date: 12-11-2018
[2019.09.11-04.57.45:260][  0]LogRHI: Texture pool is 1404 MB (70% of 2007 MB)
[2019.09.11-04.57.45:304][  0]LogD3D11RHI: Async texture creation enabled
[2019.09.11-04.57.45:321][  0]LogD3D11RHI: GPU Timing Frequency: 1000.000000 (Debug: 2 2)
[2019.09.11-04.57.45:323][  0]LogShaderCompilers: Guid format shader working directory is -24 characters bigger than the processId version (../../../../../../Users/s181813/Documents/GitHub/DuckHuntUnreal/DuckHunt/Intermediate/Shaders/WorkingDirectory/3116/).
[2019.09.11-04.57.45:324][  0]LogShaderCompilers: Cleaned the shader compiler working directory 'C:/Users/s181813/AppData/Local/Temp/UnrealShaderWorkingDir/CD7912204BC61EDE4D5FBABAA132924E/'.
[2019.09.11-04.57.45:536][  0]LogTemp: Display: Loaded TP AllDesktopTargetPlatform
[2019.09.11-04.57.45:552][  0]LogTemp: Display: Loaded TP MacClientTargetPlatform
[2019.09.11-04.57.45:567][  0]LogTemp: Display: Loaded TP MacNoEditorTargetPlatform
[2019.09.11-04.57.45:582][  0]LogTemp: Display: Loaded TP MacServerTargetPlatform
[2019.09.11-04.57.45:599][  0]LogTemp: Display: Loaded TP MacTargetPlatform
[2019.09.11-04.57.45:614][  0]LogTemp: Display: Loaded TP WindowsClientTargetPlatform
[2019.09.11-04.57.45:629][  0]LogTemp: Display: Loaded TP WindowsNoEditorTargetPlatform
[2019.09.11-04.57.45:644][  0]LogTemp: Display: Loaded TP WindowsServerTargetPlatform
[2019.09.11-04.57.45:652][  0]LogTemp: Display: Loaded TP WindowsTargetPlatform
[2019.09.11-04.57.45:737][  0]LogTemp: Display: Loaded TP AndroidTargetPlatform
[2019.09.11-04.57.45:737][  0]LogTemp: Display: Loaded TP AndroidTargetPlatform
[2019.09.11-04.57.45:737][  0]LogTemp: Display: Loaded TP AndroidTargetPlatform
[2019.09.11-04.57.45:737][  0]LogTemp: Display: Loaded TP AndroidTargetPlatform
[2019.09.11-04.57.45:737][  0]LogTemp: Display: Loaded TP AndroidTargetPlatform
[2019.09.11-04.57.45:737][  0]LogTemp: Display: Loaded TP AndroidTargetPlatform
[2019.09.11-04.57.45:737][  0]LogTemp: Display: Loaded TP AndroidTargetPlatform
[2019.09.11-04.57.45:738][  0]LogTemp: Display: Loaded TP AndroidTargetPlatform
[2019.09.11-04.57.45:738][  0]LogTemp: Display: Loaded TP AndroidTargetPlatform
[2019.09.11-04.57.45:738][  0]LogTemp: Display: Loaded TP AndroidTargetPlatform
[2019.09.11-04.57.45:738][  0]LogTemp: Display: Loaded TP AndroidTargetPlatform
[2019.09.11-04.57.45:738][  0]LogTemp: Display: Loaded TP AndroidTargetPlatform
[2019.09.11-04.57.45:738][  0]LogTemp: Display: Loaded TP AndroidTargetPlatform
[2019.09.11-04.57.45:738][  0]LogTemp: Display: Loaded TP AndroidTargetPlatform
[2019.09.11-04.57.45:738][  0]LogTemp: Display: Loaded TP AndroidTargetPlatform
[2019.09.11-04.57.45:738][  0]LogTemp: Display: Loaded TP AndroidTargetPlatform
[2019.09.11-04.57.45:738][  0]LogTemp: Display: Loaded TP AndroidTargetPlatform
[2019.09.11-04.57.45:738][  0]LogTemp: Display: Loaded TP AndroidTargetPlatform
[2019.09.11-04.57.45:741][  0]LogTemp: Display: Loaded TP HTML5TargetPlatform
[2019.09.11-04.57.45:811][  0]LogTemp: Display: Loaded TP IOSTargetPlatform
[2019.09.11-04.57.45:811][  0]LogTemp: Display: Loaded TP IOSTargetPlatform
[2019.09.11-04.57.45:841][  0]LogTemp: Display: Loaded TP TVOSTargetPlatform
[2019.09.11-04.57.45:841][  0]LogTemp: Display: Loaded TP TVOSTargetPlatform
[2019.09.11-04.57.45:857][  0]LogTemp: Display: Loaded TP LinuxClientTargetPlatform
[2019.09.11-04.57.45:871][  0]LogTemp: Display: Loaded TP LinuxNoEditorTargetPlatform
[2019.09.11-04.57.45:885][  0]LogTemp: Display: Loaded TP LinuxServerTargetPlatform
[2019.09.11-04.57.45:900][  0]LogTemp: Display: Loaded TP LinuxTargetPlatform
[2019.09.11-04.57.45:912][  0]LogTemp: Display: Loaded TP LuminTargetPlatform
[2019.09.11-04.57.45:913][  0]LogTargetPlatformManager: Display: Building Assets For Windows
[2019.09.11-04.57.46:018][  0]LogXGEController: Cleaning working directory: C:/Users/s181813/AppData/Local/Temp/UnrealXGEWorkingDir/
[2019.09.11-04.57.46:018][  0]LogXGEController: Cannot use XGE Controller as Incredibuild is not installed on this machine.
[2019.09.11-04.57.46:018][  0]LogShaderCompilers: Cannot use XGE Shader Compiler as Incredibuild is not installed on this machine.
[2019.09.11-04.57.46:018][  0]LogShaderCompilers: Display: Using Local Shader Compiler.
[2019.09.11-04.57.46:681][  0]LogDerivedDataCache: Display: Max Cache Size: 512 MB
[2019.09.11-04.57.46:735][  0]LogDerivedDataCache: Loaded boot cache 0.05s 71MB C:/Users/s181813/AppData/Local/UnrealEngine/4.20/DerivedDataCache/Boot.ddc.
[2019.09.11-04.57.46:736][  0]LogDerivedDataCache: Display: Loaded Boot cache: C:/Users/s181813/AppData/Local/UnrealEngine/4.20/DerivedDataCache/Boot.ddc
[2019.09.11-04.57.46:736][  0]LogDerivedDataCache: FDerivedDataBackendGraph:  Pak pak cache file ../../../../../../Users/s181813/Documents/GitHub/DuckHuntUnreal/DuckHunt/DerivedDataCache/DDC.ddp not found, will not use a pak cache.
[2019.09.11-04.57.46:736][  0]LogDerivedDataCache: Unable to find inner node Pak for hierarchical cache Hierarchy.
[2019.09.11-04.57.46:736][  0]LogDerivedDataCache: FDerivedDataBackendGraph:  CompressedPak pak cache file ../../../../../../Users/s181813/Documents/GitHub/DuckHuntUnreal/DuckHunt/DerivedDataCache/Compressed.ddp not found, will not use a pak cache.
[2019.09.11-04.57.46:736][  0]LogDerivedDataCache: Unable to find inner node CompressedPak for hierarchical cache Hierarchy.
[2019.09.11-04.57.46:749][  0]LogDerivedDataCache: Display: Pak cache opened for reading ../../../Engine/DerivedDataCache/Compressed.ddp.
[2019.09.11-04.57.46:763][  0]LogDerivedDataCache: Using Local data cache path C:/Users/s181813/AppData/Local/UnrealEngine/Common/DerivedDataCache: Writable
[2019.09.11-04.57.46:763][  0]LogDerivedDataCache: Shared data cache path not found in *engine.ini, will not use an Shared cache.
[2019.09.11-04.57.46:763][  0]LogDerivedDataCache: Unable to find inner node Shared for hierarchical cache Hierarchy.
[2019.09.11-04.57.46:781][  0]LogMaterial: Verifying Global Shaders for PCD3D_SM5
[2019.09.11-04.57.46:782][  0]LogSlate: Using FreeType 2.6.0
[2019.09.11-04.57.46:783][  0]LogSlate: SlateFontServices - WITH_FREETYPE: 1, WITH_HARFBUZZ: 1
[2019.09.11-04.57.46:853][  0]LogAssetRegistry: FAssetRegistry took 0.0281 seconds to start up
[2019.09.11-04.57.47:160][  0]LogInit: Selected Device Profile: [Windows]
[2019.09.11-04.57.47:301][  0]LogSimplygon: Simplygon DLL not present - disabling.
[2019.09.11-04.57.47:309][  0]LogMeshReduction: Using SimplygonSwarm for distributed automatic mesh merging
[2019.09.11-04.57.47:310][  0]LogMeshReduction: Using ProxyLODMeshReduction for automatic mesh merging
[2019.09.11-04.57.47:310][  0]LogMeshReduction: Using QuadricMeshReduction for automatic static mesh reduction
[2019.09.11-04.57.47:310][  0]LogMeshReduction: No automatic skeletal mesh reduction module available
[2019.09.11-04.57.47:326][  0]LogNetVersion: DuckHunt 1.0.0, NetCL: 4212847, EngineNetVer: 5, GameNetVer: 0 (Checksum: 1679371872)
[2019.09.11-04.57.47:818][  0]LogPackageLocalizationCache: Processed 11 localized package path(s) for 2 prioritized culture(s) in 0.122094 seconds
[2019.09.11-04.57.47:827][  0]LogUObjectArray: 38425 objects as part of root set at end of initial load.
[2019.09.11-04.57.47:827][  0]LogUObjectAllocator: 6690872 out of 0 bytes used by permanent object pool.
[2019.09.11-04.57.47:828][  0]LogUObjectArray: CloseDisregardForGC: 0/0 objects in disregard for GC pool
[2019.09.11-04.57.48:715][  0]LogTcpMessaging: Initializing TcpMessaging bridge
[2019.09.11-04.57.48:733][  0]LogUdpMessaging: Initializing bridge on interface 0.0.0.0:0 to multicast group 230.0.0.1:6666.
[2019.09.11-04.57.48:934][  0]SourceControl: Source control is disabled
[2019.09.11-04.57.48:934][  0]SourceControl: Source control is disabled
[2019.09.11-04.57.48:937][  0]SourceControl: Source control is disabled
[2019.09.11-04.57.48:940][  0]SourceControl: Source control is disabled
[2019.09.11-04.57.49:186][  0]LogAndroidPermission: UAndroidPermissionCallbackProxy::GetInstance
[2019.09.11-04.57.49:265][  0]LogOcInput: OculusInput pre-init called
[2019.09.11-04.57.49:333][  0]LogEngine: Initializing Engine...
[2019.09.11-04.57.49:334][  0]LogHMD: Failed to initialize OpenVR with code 110
[2019.09.11-04.57.49:336][  0]LogStats: UGameplayTagsManager::ConstructGameplayTagTree: ImportINI prefixes -  0.000 s
[2019.09.11-04.57.49:336][  0]LogStats: UGameplayTagsManager::ConstructGameplayTagTree: Construct from data asset -  0.000 s
[2019.09.11-04.57.49:336][  0]LogStats: UGameplayTagsManager::ConstructGameplayTagTree: ImportINI -  0.000 s
[2019.09.11-04.57.49:336][  0]LogStats: UGameplayTagsManager::ConstructGameplayTagTree: GameplayTagTreeChangedEvent.Broadcast -  0.000 s
[2019.09.11-04.57.49:526][  0]LogInit: Initializing FReadOnlyCVARCache
[2019.09.11-04.57.49:539][  0]LogAIModule: Creating AISystem for world Untitled
[2019.09.11-04.57.49:553][  0]LogInit: XAudio2 using 'Realtek Digital Output (Realtek High Definition Audio)' : 2 channels at 48 kHz using 16 bits per sample (channel mask 0x3)
[2019.09.11-04.57.49:629][  0]LogInit: FAudioDevice initialized.
[2019.09.11-04.57.49:629][  0]LogNetVersion: Set ProjectVersion to 1.0.0.0. Version Checksum will be recalculated on next use.
[2019.09.11-04.57.49:715][  0]LogDerivedDataCache: Saved boot cache 0.09s 71MB C:/Users/s181813/AppData/Local/UnrealEngine/4.20/DerivedDataCache/Boot.ddc.
[2019.09.11-04.57.49:729][  0]LogInit: Texture streaming: Enabled
[2019.09.11-04.57.49:754][  0]LogEngineSessionManager: EngineSessionManager initialized
[2019.09.11-04.57.49:764][  0]LogInit: Transaction tracking system initialized
[2019.09.11-04.57.49:798][  0]BlueprintLog: New page: Editor Load
[2019.09.11-04.57.49:921][  0]LocalizationService: Localization service is disabled
[2019.09.11-04.57.50:188][  0]LogCook: Display: Max memory allowance for cook 16384mb min free memory 0mb
[2019.09.11-04.57.50:188][  0]LogCook: Display: Mobile HDR setting 0
[2019.09.11-04.57.50:188][  0]LogGameplayTags: Display: UGameplayTagsManager::DoneAddingNativeTags. DelegateIsBound: 0
[2019.09.11-04.57.50:189][  0]LogFileCache: Scanning file cache for directory 'C:/Users/s181813/Documents/GitHub/DuckHuntUnreal/DuckHunt/Content/' took 0.01s
[2019.09.11-04.57.50:189][  0]LogStats: UGameplayTagsManager::ConstructGameplayTagTree: ImportINI prefixes -  0.000 s
[2019.09.11-04.57.50:189][  0]LogStats: UGameplayTagsManager::ConstructGameplayTagTree: Construct from data asset -  0.000 s
[2019.09.11-04.57.50:189][  0]LogStats: UGameplayTagsManager::ConstructGameplayTagTree: ImportINI -  0.000 s
[2019.09.11-04.57.50:189][  0]LogStats: UGameplayTagsManager::ConstructGameplayTagTree: GameplayTagTreeChangedEvent.Broadcast -  0.000 s
[2019.09.11-04.57.50:344][  0]SourceControl: Source control is disabled
[2019.09.11-04.57.50:344][  0]Cmd: MAP LOAD FILE="../../../../../../Users/s181813/Documents/GitHub/DuckHuntUnreal/DuckHunt/Content/Untitled.umap" TEMPLATE=0 SHOWPROGRESS=1 FEATURELEVEL=3
[2019.09.11-04.57.50:345][  0]LightingResults: New page: Lighting Build
[2019.09.11-04.57.50:348][  0]MapCheck: New page: Map Check
[2019.09.11-04.57.50:348][  0]LightingResults: New page: Lighting Build
[2019.09.11-04.57.50:591][  0]LogAIModule: Creating AISystem for world Untitled
[2019.09.11-04.57.50:627][  0]LogEditorServer: Finished looking for orphan Actors (0.000 secs)
[2019.09.11-04.57.50:649][  0]Cmd: MAP CHECKDEP NOCLEARLOG
[2019.09.11-04.57.50:700][  0]MapCheck: Map check complete: 0 Error(s), 0 Warning(s), took 50.45ms to complete.
[2019.09.11-04.57.50:700][  0]LogFileHelpers: Loading map 'Untitled' took 0.356
[2019.09.11-04.57.50:832][  0]LogSlate: Updating window title bar state: overlay mode, drag disabled, window buttons hidden, title bar hidden
[2019.09.11-04.57.50:841][  0]LogSlate: Updating window title bar state: overlay mode, drag disabled, window buttons hidden, title bar hidden
[2019.09.11-04.57.50:849][  0]LogSlate: Updating window title bar state: overlay mode, drag disabled, window buttons hidden, title bar hidden
[2019.09.11-04.57.50:857][  0]LogSlate: Updating window title bar state: overlay mode, drag disabled, window buttons hidden, title bar hidden
[2019.09.11-04.57.50:864][  0]LogCollectionManager: Loaded 0 collections in 0.001661 seconds
[2019.09.11-04.57.50:914][  0]LogFileCache: Scanning file cache for directory 'C:/Users/s181813/Documents/GitHub/DuckHuntUnreal/DuckHunt/Saved/Collections/' took 0.01s
[2019.09.11-04.57.50:914][  0]LogFileCache: Scanning file cache for directory 'C:/Users/s181813/Documents/GitHub/DuckHuntUnreal/DuckHunt/Content/Developers/s181813/Collections/' took 0.01s
[2019.09.11-04.57.50:914][  0]LogFileCache: Scanning file cache for directory 'C:/Users/s181813/Documents/GitHub/DuckHuntUnreal/DuckHunt/Content/Collections/' took 0.01s
[2019.09.11-04.57.50:915][  0]LogCollectionManager: Rebuilt the GUID cache for 0 collections in 0.000000 seconds
[2019.09.11-04.57.50:924][  0]LogContentBrowser: Native class hierarchy populated in 0.0088 seconds. Added 2576 classes and 605 folders.
[2019.09.11-04.57.50:929][  0]LogContentBrowser: Native class hierarchy updated for 'WidgetCarousel' in 0.0003 seconds. Added 0 classes and 0 folders.
[2019.09.11-04.57.50:964][  0]LogContentBrowser: Native class hierarchy updated for 'AddContentDialog' in 0.0003 seconds. Added 0 classes and 0 folders.
[2019.09.11-04.57.50:970][  0]LogContentBrowser: Native class hierarchy updated for 'SceneOutliner' in 0.0004 seconds. Added 1 classes and 2 folders.
[2019.09.11-04.57.51:028][  0]LogContentBrowser: Native class hierarchy updated for 'HierarchicalLODOutliner' in 0.0005 seconds. Added 0 classes and 0 folders.
[2019.09.11-04.57.51:028][  0]LogLoad: (Engine Initialization) Total time: 8.26 seconds
[2019.09.11-04.57.51:028][  0]LogLoad: (Engine Initialization) Total Blueprint compile time: 0.00 seconds
[2019.09.11-04.57.51:039][  0]LogWindowsTextInputMethodSystem: Display: IME system now deactivated.
[2019.09.11-04.57.51:059][  0]LogContentStreaming: Texture pool size now 1000 MB
[2019.09.11-04.57.51:061][  0]LogSlate: Took 0.000212 seconds to synchronously load lazily loaded font '../../../Engine/Content/Slate/Fonts/Roboto-Regular.ttf' (155K)
[2019.09.11-04.57.51:062][  0]LogSlate: Took 0.000115 seconds to synchronously load lazily loaded font '../../../Engine/Content/Slate/Fonts/Roboto-Bold.ttf' (160K)
[2019.09.11-04.57.51:067][  0]LogSlate: Took 0.000226 seconds to synchronously load lazily loaded font '../../../Engine/Content/Editor/Slate/Fonts/FontAwesome.ttf' (139K)
[2019.09.11-04.57.51:174][  0]LogRenderer: Reallocating scene render targets to support 804x360 Format 10 NumSamples 1 (Frame:1).
[2019.09.11-04.57.51:204][  0]LogSlate: Took 0.000252 seconds to synchronously load lazily loaded font '../../../Engine/Content/Slate/Fonts/Roboto-Light.ttf' (167K)
[2019.09.11-04.57.51:274][  1]LogAssetRegistry: Asset discovery search completed in 4.4465 seconds
[2019.09.11-04.57.51:278][  1]LogCollectionManager: Rebuilt the object cache for 0 collections in 0.000000 seconds (found 0 objects)
[2019.09.11-04.57.51:278][  1]LogCollectionManager: Fixed up redirectors for 0 collections in 0.000162 seconds (updated 0 objects)
[2019.09.11-04.57.58:802][894]LogSlate: FSceneViewport::OnFocusLost() reason 0
[2019.09.11-04.58.00:608][107]LogSlate: Took 0.000171 seconds to synchronously load lazily loaded font '../../../Engine/Content/Slate/Fonts/Roboto-Light.ttf' (167K)
[2019.09.11-04.58.00:671][107]LogSlate: Took 0.009469 seconds to synchronously load lazily loaded font '../../../Engine/Content/Slate/Fonts/Roboto-BoldCondensed.ttf' (158K)
[2019.09.11-04.58.26:670][184]Running C:/Program Files/Epic Games/UE_4.20/Engine/Binaries/DotNET/UnrealBuildTool.exe Win64 Development -TargetType=Editor -Project="C:/Users/s181813/Documents/GitHub/DuckHuntUnreal/DuckHunt/DuckHunt.uproject" -invalidatemakefilesonly
[2019.09.11-04.58.27:279][184]Invalidating makefiles only in this run.
[2019.09.11-04.58.27:404][184]Candidate modules for hot reload:
[2019.09.11-04.58.27:404][184]  DuckHunt
[2019.09.11-04.58.27:404][184]Launching UnrealBuildTool... [C:/Program Files/Epic Games/UE_4.20/Engine/Binaries/DotNET/UnrealBuildTool.exe  -ModuleWithSuffix=DuckHunt,1144 Win64 Development -TargetType=Editor -Project="../../../../../../Users/s181813/Documents/GitHub/DuckHuntUnreal/DuckHunt/DuckHunt.uproject" -canskiplink "C:/Users/s181813/Documents/GitHub/DuckHuntUnreal/DuckHunt/DuckHunt.uproject" ]
[2019.09.11-04.58.43:236][184]CompilerResultsLog: New page: Compilation - Sep 12, 2019, 12:58:43 AM
[2019.09.11-04.58.43:237][184]CompilerResultsLog: Performing full C++ include scan (hot reloading a new target)
[2019.09.11-04.58.43:237][184]CompilerResultsLog: Using 'git status' to determine working set for adaptive non-unity build.
[2019.09.11-04.58.43:237][184]CompilerResultsLog: Creating makefile for hot reloading DuckHuntEditor (no existing makefile)
[2019.09.11-04.58.43:237][184]CompilerResultsLog: Compiling game modules for hot reload
[2019.09.11-04.58.43:237][184]CompilerResultsLog: Using Visual Studio 2017 14.16.27023 toolchain (C:\Program Files (x86)\Microsoft Visual Studio\2017\Enterprise\VC\Tools\MSVC\14.16.27023) and Windows 10.0.17763.0 SDK (C:\Program Files (x86)\Windows Kits\10).
[2019.09.11-04.58.43:237][184]CompilerResultsLog: Parsing headers for DuckHuntEditor
[2019.09.11-04.58.43:237][184]CompilerResultsLog:   Running UnrealHeaderTool "C:\Users\s181813\Documents\GitHub\DuckHuntUnreal\DuckHunt\DuckHunt.uproject" "C:\Users\s181813\Documents\GitHub\DuckHuntUnreal\DuckHunt\Intermediate\Build\Win64\DuckHuntEditor\Development\DuckHuntEditor.uhtmanifest" -LogCmds="loginit warning, logexit warning, logdatabase error" -Unattended -WarningsAsErrors -installed
[2019.09.11-04.58.43:237][184]CompilerResultsLog: Reflection code generated for DuckHuntEditor in 9.230959 seconds
[2019.09.11-04.58.43:238][184]CompilerResultsLog: Building 5 actions with 8 processes...
[2019.09.11-04.58.43:238][184]CompilerResultsLog:   [1/5] DuckHunt.init.gen.cpp
[2019.09.11-04.58.43:238][184]CompilerResultsLog:   [2/5] PlayerHUD.cpp
[2019.09.11-04.58.43:238][184]CompilerResultsLog:   [3/5] PlayerHUD.gen.cpp
[2019.09.11-04.58.43:238][184]CompilerResultsLog:   [4/5] UE4Editor-DuckHunt-1144.lib
[2019.09.11-04.58.43:238][184]CompilerResultsLog:      Creating library C:\Users\s181813\Documents\GitHub\DuckHuntUnreal\DuckHunt\Intermediate\Build\Win64\UE4Editor\Development\DuckHunt\UE4Editor-DuckHunt-1144.lib and object C:\Users\s181813\Documents\GitHub\DuckHuntUnreal\DuckHunt\Intermediate\Build\Win64\UE4Editor\Development\DuckHunt\UE4Editor-DuckHunt-1144.exp
[2019.09.11-04.58.43:238][184]CompilerResultsLog:   [5/5] UE4Editor-DuckHunt-1144.dll
[2019.09.11-04.58.43:238][184]CompilerResultsLog:      Creating library C:\Users\s181813\Documents\GitHub\DuckHuntUnreal\DuckHunt\Intermediate\Build\Win64\UE4Editor\Development\DuckHunt\UE4Editor-DuckHunt-1144.suppressed.lib and object C:\Users\s181813\Documents\GitHub\DuckHuntUnreal\DuckHunt\Intermediate\Build\Win64\UE4Editor\Development\DuckHunt\UE4Editor-DuckHunt-1144.suppressed.exp
[2019.09.11-04.58.43:238][184]CompilerResultsLog: Total build time: 15.63 seconds (Parallel executor: 1.47 seconds)
[2019.09.11-04.58.43:238][184]LogMainFrame: MainFrame: Module compiling took 15.842 seconds
[2019.09.11-04.58.43:289][184]LogClass: Could not find existing class PlayerHUD in package /Script/DuckHunt for HotReload, assuming new class
[2019.09.11-04.58.43:293][184]LogHotReload: Re-instancing PlayerPawn after hot-reload.
[2019.09.11-04.58.43:341][184]LogContentBrowser: Native class hierarchy updated for 'DuckHunt' in 0.0004 seconds. Added 5 classes and 2 folders.
[2019.09.11-04.58.43:343][184]Display: HotReload successful (0 functions remapped  0 scriptstructs remapped)
[2019.09.11-04.58.43:470][184]LogContentBrowser: Native class hierarchy populated in 0.0088 seconds. Added 2578 classes and 607 folders.
[2019.09.11-04.58.43:479][184]Display: HotReload took 16.1s.
[2019.09.11-04.58.43:481][184]Warning: HotReload operation took 16.1s.
[2019.09.11-04.58.43:732][184]LogSlate: Window 'Add C++ Class' being destroyed
[2019.09.11-04.58.43:782][185]LogHotReload: New module detected: UE4Editor-DuckHunt-1144.dll
[2019.09.11-04.58.43:801][186]LogHotReload: Starting Hot-Reload from IDE
[2019.09.11-04.58.43:847][186]LogContentBrowser: Native class hierarchy updated for 'DuckHunt' in 0.0004 seconds. Added 5 classes and 2 folders.
[2019.09.11-04.58.43:850][186]Display: HotReload successful (0 functions remapped  0 scriptstructs remapped)
[2019.09.11-04.58.43:880][186]LogContentBrowser: Native class hierarchy populated in 0.0091 seconds. Added 2578 classes and 607 folders.
[2019.09.11-04.58.43:886][186]Display: HotReload took  0.1s.
[2019.09.11-05.19.48:999][746]LogSlate: Window 'Add C++ Class' being destroyed
[2019.09.11-05.21.22:517][865]Running C:/Program Files/Epic Games/UE_4.20/Engine/Binaries/DotNET/UnrealBuildTool.exe Win64 Development -TargetType=Editor -Project="C:/Users/s181813/Documents/GitHub/DuckHuntUnreal/DuckHunt/DuckHunt.uproject" -invalidatemakefilesonly
[2019.09.11-05.21.23:131][865]Invalidating makefiles only in this run.
[2019.09.11-05.21.23:252][865]Candidate modules for hot reload:
[2019.09.11-05.21.23:252][865]  DuckHunt
[2019.09.11-05.21.23:253][865]Launching UnrealBuildTool... [C:/Program Files/Epic Games/UE_4.20/Engine/Binaries/DotNET/UnrealBuildTool.exe  -ModuleWithSuffix=DuckHunt,8366 Win64 Development -TargetType=Editor -Project="../../../../../../Users/s181813/Documents/GitHub/DuckHuntUnreal/DuckHunt/DuckHunt.uproject" -canskiplink "C:/Users/s181813/Documents/GitHub/DuckHuntUnreal/DuckHunt/DuckHunt.uproject" ]
[2019.09.11-05.21.40:606][865]CompilerResultsLog: New page: Compilation - Sep 12, 2019, 1:21:40 AM
[2019.09.11-05.21.40:606][865]CompilerResultsLog: Using 'git status' to determine working set for adaptive non-unity build.
[2019.09.11-05.21.40:606][865]CompilerResultsLog: Creating makefile for hot reloading DuckHuntEditor (no existing makefile)
[2019.09.11-05.21.40:606][865]CompilerResultsLog: Compiling game modules for hot reload
[2019.09.11-05.21.40:607][865]CompilerResultsLog: Using Visual Studio 2017 14.16.27023 toolchain (C:\Program Files (x86)\Microsoft Visual Studio\2017\Enterprise\VC\Tools\MSVC\14.16.27023) and Windows 10.0.17763.0 SDK (C:\Program Files (x86)\Windows Kits\10).
[2019.09.11-05.21.40:607][865]CompilerResultsLog: Parsing headers for DuckHuntEditor
[2019.09.11-05.21.40:607][865]CompilerResultsLog:   Running UnrealHeaderTool "C:\Users\s181813\Documents\GitHub\DuckHuntUnreal\DuckHunt\DuckHunt.uproject" "C:\Users\s181813\Documents\GitHub\DuckHuntUnreal\DuckHunt\Intermediate\Build\Win64\DuckHuntEditor\Development\DuckHuntEditor.uhtmanifest" -LogCmds="loginit warning, logexit warning, logdatabase error" -Unattended -WarningsAsErrors -installed
[2019.09.11-05.21.40:607][865]CompilerResultsLog: Reflection code generated for DuckHuntEditor in 9.3730591 seconds
[2019.09.11-05.21.40:607][865]CompilerResultsLog: Building 16 actions with 8 processes...
[2019.09.11-05.21.40:607][865]CompilerResultsLog:   [1/16] DuckHunt.init.gen.cpp
[2019.09.11-05.21.40:607][865]CompilerResultsLog:   [2/16] PlayerPawn.gen.cpp
[2019.09.11-05.21.40:607][865]CompilerResultsLog:   [3/16] AIPathNode.gen.cpp
[2019.09.11-05.21.40:607][865]CompilerResultsLog:   [4/16] PlayerHUD.gen.cpp
[2019.09.11-05.21.40:607][865]CompilerResultsLog:   [5/16] DuckHuntGameModeBase.gen.cpp
[2019.09.11-05.21.40:607][865]CompilerResultsLog:   [6/16] Duck.gen.cpp
[2019.09.11-05.21.40:607][865]CompilerResultsLog:   [7/16] PlayerPawn.cpp
[2019.09.11-05.21.40:607][865]CompilerResultsLog:   [8/16] WidgetHUD.gen.cpp
[2019.09.11-05.21.40:607][865]CompilerResultsLog:   [9/16] DuckHunt.cpp
[2019.09.11-05.21.40:607][865]CompilerResultsLog:   [10/16] PlayerHUD.cpp
[2019.09.11-05.21.40:607][865]CompilerResultsLog:   [11/16] AIPathNode.cpp
[2019.09.11-05.21.40:607][865]CompilerResultsLog:   [12/16] DuckHuntGameModeBase.cpp
[2019.09.11-05.21.40:607][865]CompilerResultsLog:   [13/16] WidgetHUD.cpp
[2019.09.11-05.21.40:607][865]CompilerResultsLog:   [14/16] Duck.cpp
[2019.09.11-05.21.40:607][865]CompilerResultsLog:   [15/16] UE4Editor-DuckHunt-8366.lib
[2019.09.11-05.21.40:607][865]CompilerResultsLog:      Creating library C:\Users\s181813\Documents\GitHub\DuckHuntUnreal\DuckHunt\Intermediate\Build\Win64\UE4Editor\Development\DuckHunt\UE4Editor-DuckHunt-8366.lib and object C:\Users\s181813\Documents\GitHub\DuckHuntUnreal\DuckHunt\Intermediate\Build\Win64\UE4Editor\Development\DuckHunt\UE4Editor-DuckHunt-8366.exp
[2019.09.11-05.21.40:607][865]CompilerResultsLog:   [16/16] UE4Editor-DuckHunt-8366.dll
[2019.09.11-05.21.40:607][865]CompilerResultsLog:      Creating library C:\Users\s181813\Documents\GitHub\DuckHuntUnreal\DuckHunt\Intermediate\Build\Win64\UE4Editor\Development\DuckHunt\UE4Editor-DuckHunt-8366.suppressed.lib and object C:\Users\s181813\Documents\GitHub\DuckHuntUnreal\DuckHunt\Intermediate\Build\Win64\UE4Editor\Development\DuckHunt\UE4Editor-DuckHunt-8366.suppressed.exp
[2019.09.11-05.21.40:607][865]CompilerResultsLog: Total build time: 17.15 seconds (Parallel executor: 3.16 seconds)
[2019.09.11-05.21.40:607][865]LogMainFrame: MainFrame: Module compiling took 17.361 seconds
[2019.09.11-05.21.40:658][865]LogClass: Could not find existing class WidgetHUD in package /Script/DuckHunt for HotReload, assuming new class
[2019.09.11-05.21.40:660][865]LogHotReload: Re-instancing DuckHuntGameModeBase after hot-reload.
[2019.09.11-05.21.40:708][865]LogHotReload: Re-instancing PlayerPawn after hot-reload.
[2019.09.11-05.21.40:757][865]LogContentBrowser: Native class hierarchy updated for 'DuckHunt' in 0.0004 seconds. Added 6 classes and 2 folders.
[2019.09.11-05.21.40:760][865]Display: HotReload successful (0 functions remapped  0 scriptstructs remapped)
[2019.09.11-05.21.40:811][865]LogContentBrowser: Native class hierarchy populated in 0.0089 seconds. Added 2579 classes and 607 folders.
[2019.09.11-05.21.40:811][865]Display: HotReload took 17.6s.
[2019.09.11-05.21.40:813][865]Warning: HotReload operation took 17.6s.
[2019.09.11-05.21.41:140][865]LogSlate: Window 'Add C++ Class' being destroyed
[2019.09.11-05.21.41:153][865]LogHotReload: New module detected: UE4Editor-DuckHunt-8366.dll
[2019.09.11-05.21.41:188][866]LogHotReload: Starting Hot-Reload from IDE
[2019.09.11-05.21.41:240][866]LogContentBrowser: Native class hierarchy updated for 'DuckHunt' in 0.0005 seconds. Added 6 classes and 2 folders.
[2019.09.11-05.21.41:243][866]Display: HotReload successful (0 functions remapped  0 scriptstructs remapped)
[2019.09.11-05.21.41:280][866]LogContentBrowser: Native class hierarchy populated in 0.0109 seconds. Added 2579 classes and 607 folders.
[2019.09.11-05.21.41:285][866]Display: HotReload took  0.1s.
[2019.09.11-05.24.37:447][941]LogFileHelpers: Editor autosave (incl. sublevels) for '/Game/Untitled' took 0.020
[2019.09.11-05.24.37:449][941]OBJ SavePackage: Generating thumbnails for [0] asset(s) in package [/Game/WidgetHUD] ([1] browsable assets)...
[2019.09.11-05.24.37:450][941]OBJ SavePackage: Finished generating thumbnails for package [/Game/WidgetHUD]
[2019.09.11-05.24.37:450][941]Cmd: OBJ SAVEPACKAGE PACKAGE="/Game/WidgetHUD" FILE="../../../../../../Users/s181813/Documents/GitHub/DuckHuntUnreal/DuckHunt/Saved/Autosaves/Game/WidgetHUD_Auto1.uasset" SILENT=false AUTOSAVING=true
[2019.09.11-05.24.37:465][941]LogSavePackage: Moving '../../../../../../Users/s181813/Documents/GitHub/DuckHuntUnreal/DuckHunt/Saved/WidgetHUD_Auto1D7EE7A1E48BD0C20092F6F8798DA44D4.tmp' to '../../../../../../Users/s181813/Documents/GitHub/DuckHuntUnreal/DuckHunt/Saved/Autosaves/Game/WidgetHUD_Auto1.uasset'
[2019.09.11-05.24.37:467][941]LogFileHelpers: Auto-saving content packages took 0.018
