Log file open, 09/12/19 18:39:27
LogWindows: Failed to load 'aqProf.dll' (GetLastError=126)
LogWindows: File 'aqProf.dll' does not exist
LogWindows: Failed to load 'VtuneApi.dll' (GetLastError=126)
LogWindows: File 'VtuneApi.dll' does not exist
LogWindows: Failed to load 'VtuneApi32e.dll' (GetLastError=126)
LogWindows: File 'VtuneApi32e.dll' does not exist
LogConsoleResponse: Display: Failed to find resolution value strings in scalability ini. Falling back to default.
LogInit: Display: Running engine for game: DuckHunt
LogPakFile: Registered encryption key '00000000000000000000000000000000': 0 pak files mounted, 0 remain pending
LogPlatformFile: Not using cached read wrapper
LogTaskGraph: Started task graph with 5 named threads and 23 total threads with 3 sets of task threads.
LogStats: Stats thread started at 0.373642
LogD3D11RHI: Loaded GFSDK_Aftermath_Lib.x64.dll
LogICUInternationalization: ICU TimeZone Detection - Raw Offset: +10:00, Platform Override: ''
LogPluginManager: Mounting plugin Paper2D
LogPluginManager: Mounting plugin AISupport
LogPluginManager: Mounting plugin LightPropagationVolume
LogPluginManager: Mounting plugin ActorLayerUtilities
LogPluginManager: Mounting plugin AnimationSharing
LogPluginManager: Mounting plugin CLionSourceCodeAccess
LogPluginManager: Mounting plugin CodeLiteSourceCodeAccess
LogPluginManager: Mounting plugin GitSourceControl
LogPluginManager: Mounting plugin KDevelopSourceCodeAccess
LogPluginManager: Mounting plugin NullSourceCodeAccess
LogPluginManager: Mounting plugin PerforceSourceControl
LogPluginManager: Mounting plugin SubversionSourceControl
LogPluginManager: Mounting plugin UObjectPlugin
LogPluginManager: Mounting plugin VisualStudioCodeSourceCodeAccess
LogPluginManager: Mounting plugin VisualStudioSourceCodeAccess
LogPluginManager: Mounting plugin XCodeSourceCodeAccess
LogPluginManager: Mounting plugin AssetManagerEditor
LogPluginManager: Mounting plugin CryptoKeys
LogPluginManager: Mounting plugin DataValidation
LogPluginManager: Mounting plugin FacialAnimation
LogPluginManager: Mounting plugin GameplayTagsEditor
LogPluginManager: Mounting plugin MacGraphicsSwitching
LogPluginManager: Mounting plugin MaterialAnalyzer
LogPluginManager: Mounting plugin MobileLauncherProfileWizard
LogPluginManager: Mounting plugin PluginBrowser
LogPluginManager: Mounting plugin SpeedTreeImporter
LogPluginManager: Mounting plugin DatasmithContent
LogPluginManager: Mounting plugin VariantManagerContent
LogPluginManager: Mounting plugin AlembicImporter
LogPluginManager: Mounting plugin AppleImageUtils
LogPluginManager: Mounting plugin AppleVision
LogPluginManager: Mounting plugin BackChannel
LogPluginManager: Mounting plugin CharacterAI
LogPluginManager: Mounting plugin GeometryCache
LogPluginManager: Mounting plugin HTML5Networking
LogPluginManager: Mounting plugin ProxyLODPlugin
LogPluginManager: Mounting plugin SkeletalReduction
LogPluginManager: Mounting plugin MagicLeap
LogPluginManager: Mounting plugin MagicLeapMedia
LogPluginManager: Mounting plugin AndroidMedia
LogPluginManager: Mounting plugin AvfMedia
LogPluginManager: Mounting plugin ImgMedia
LogPluginManager: Mounting plugin LinearTimecode
LogPluginManager: Mounting plugin MediaCompositing
LogPluginManager: Mounting plugin MediaPlayerEditor
LogPluginManager: Mounting plugin WebMMedia
LogPluginManager: Mounting plugin WmfMedia
LogPluginManager: Mounting plugin TcpMessaging
LogPluginManager: Mounting plugin UdpMessaging
LogPluginManager: Mounting plugin ActorSequence
LogPluginManager: Mounting plugin LevelSequenceEditor
LogPluginManager: Mounting plugin MatineeToLevelSequence
LogPluginManager: Mounting plugin NetcodeUnitTest
LogPluginManager: Mounting plugin NUTUnrealEngine4
LogPluginManager: Mounting plugin OnlineSubsystemGooglePlay
LogPluginManager: Mounting plugin OnlineSubsystemIOS
LogPluginManager: Mounting plugin OnlineSubsystem
LogPluginManager: Mounting plugin OnlineSubsystemNull
LogPluginManager: Mounting plugin OnlineSubsystemUtils
LogPluginManager: Mounting plugin LauncherChunkInstaller
LogPluginManager: Mounting plugin AndroidDeviceProfileSelector
LogPluginManager: Mounting plugin AndroidMoviePlayer
LogPluginManager: Mounting plugin AndroidPermission
LogPluginManager: Mounting plugin AppleMoviePlayer
LogPluginManager: Mounting plugin ArchVisCharacter
LogPluginManager: Mounting plugin AudioCapture
LogPluginManager: Mounting plugin CableComponent
LogPluginManager: Mounting plugin CustomMeshComponent
LogPluginManager: Mounting plugin EditableMesh
LogPluginManager: Mounting plugin ExampleDeviceProfileSelector
LogPluginManager: Mounting plugin Firebase
LogPluginManager: Mounting plugin GoogleCloudMessaging
LogPluginManager: Mounting plugin IOSDeviceProfileSelector
LogPluginManager: Mounting plugin LinuxDeviceProfileSelector
LogPluginManager: Mounting plugin LocationServicesBPLibrary
LogPluginManager: Mounting plugin MobilePatchingUtils
LogPluginManager: Mounting plugin OculusVR
LogPluginManager: Mounting plugin PhysXVehicles
LogPluginManager: Mounting plugin ProceduralMeshComponent
LogPluginManager: Mounting plugin RuntimePhysXCooking
LogPluginManager: Mounting plugin SignificanceManager
LogPluginManager: Mounting plugin SteamVR
LogPluginManager: Mounting plugin WebMMoviePlayer
LogPluginManager: Mounting plugin WindowsMoviePlayer
LogInit: Using libcurl 7.55.1-DEV
LogInit:  - built for x86_64-pc-win32
LogInit:  - supports SSL with OpenSSL/1.1.1
LogInit:  - supports HTTP deflate (compression) using libz 1.2.8
LogInit:  - other features:
LogInit:      CURL_VERSION_SSL
LogInit:      CURL_VERSION_LIBZ
LogInit:      CURL_VERSION_IPV6
LogInit:      CURL_VERSION_ASYNCHDNS
LogInit:      CURL_VERSION_LARGEFILE
LogInit:      CURL_VERSION_IDN
LogInit:  CurlRequestOptions (configurable via config and command line):
LogInit:  - bVerifyPeer = true  - Libcurl will verify peer certificate
LogInit:  - bUseHttpProxy = false  - Libcurl will NOT use HTTP proxy
LogInit:  - bDontReuseConnections = false  - Libcurl will reuse connections
LogInit:  - MaxHostConnections = 16  - Libcurl will limit the number of connections to a host
LogInit:  - LocalHostAddr = Default
LogInit:  - BufferSize = 65536
LogInit: WinSock: version 1.1 (2.2), MaxSocks=32767, MaxUdp=65467
LogInit: Build: ++UE4+Release-4.22-CL-7053642
LogInit: Engine Version: 4.22.3-7053642+++UE4+Release-4.22
LogInit: Compatible Engine Version: 4.22.0-5660361+++UE4+Release-4.22
LogInit: Net CL: 5660361
LogInit: OS: Windows 10 (Release 1803) (), CPU: Intel(R) Core(TM) i7-7700HQ CPU @ 2.80GHz, GPU: Intel(R) HD Graphics 630
LogInit: Compiled (64-bit): Jun 18 2019 03:09:11
LogInit: Compiled with Visual C++: 19.16.27025.01
LogInit: Build Configuration: Development
LogInit: Branch Name: ++UE4+Release-4.22
LogInit: Command Line:  -skipcompile
LogInit: Base Directory: D:/Program Files (x86)/UE_4.22/Engine/Binaries/Win64/
LogInit: Installed Engine Build: 1
LogDevObjectVersion: Number of dev versions registered: 23
LogDevObjectVersion:   Dev-Blueprints (B0D832E4-1F89-4F0D-ACCF-7EB736FD4AA2): 10
LogDevObjectVersion:   Dev-Build (E1C64328-A22C-4D53-A36C-8E866417BD8C): 0
LogDevObjectVersion:   Dev-Core (375EC13C-06E4-48FB-B500-84F0262A717E): 3
LogDevObjectVersion:   Dev-Editor (E4B068ED-F494-42E9-A231-DA0B2E46BB41): 30
LogDevObjectVersion:   Dev-Framework (CFFC743F-43B0-4480-9391-14DF171D2073): 35
LogDevObjectVersion:   Dev-Mobile (B02B49B5-BB20-44E9-A304-32B752E40360): 2
LogDevObjectVersion:   Dev-Networking (A4E4105C-59A1-49B5-A7C5-40C4547EDFEE): 0
LogDevObjectVersion:   Dev-Online (39C831C9-5AE6-47DC-9A44-9C173E1C8E7C): 0
LogDevObjectVersion:   Dev-Physics (78F01B33-EBEA-4F98-B9B4-84EACCB95AA2): 0
LogDevObjectVersion:   Dev-Platform (6631380F-2D4D-43E0-8009-CF276956A95A): 0
LogDevObjectVersion:   Dev-Rendering (12F88B9F-8875-4AFC-A67C-D90C383ABD29): 28
LogDevObjectVersion:   Dev-Sequencer (7B5AE74C-D270-4C10-A958-57980B212A5A): 11
LogDevObjectVersion:   Dev-VR (D7296918-1DD6-4BDD-9DE2-64A83CC13884): 2
LogDevObjectVersion:   Dev-LoadTimes (C2A15278-BFE7-4AFE-6C17-90FF531DF755): 1
LogDevObjectVersion:   Private-Geometry (6EACA3D4-40EC-4CC1-B786-8BED09428FC5): 3
LogDevObjectVersion:   Dev-AnimPhys (29E575DD-E0A3-4627-9D10-D276232CDCEA): 17
LogDevObjectVersion:   Dev-Anim (AF43A65D-7FD3-4947-9873-3E8ED9C1BB05): 2
LogDevObjectVersion:   Dev-ReflectionCapture (6B266CEC-1EC7-4B8F-A30B-E4D90942FC07): 1
LogDevObjectVersion:   Dev-Automation (0DF73D61-A23F-47EA-B727-89E90C41499A): 1
LogDevObjectVersion:   FortniteMain (601D1886-AC64-4F84-AA16-D3DE0DEAC7D6): 25
LogDevObjectVersion:   Dev-Enterprise (9DFFBCD6-494F-0158-E221-12823C92A888): 6
LogDevObjectVersion:   Dev-Niagara (F2AED0AC-9AFE-416F-8664-AA7FFA26D6FC): 1
LogDevObjectVersion:   Dev-Destruction (174F1F0B-B4C6-45A5-B13F-2EE8D0FB917D): 2
LogInit: Presizing for max 16777216 objects, including 0 objects not considered by GC, pre-allocating 0 bytes for permanent pool.
LogInit: Object subsystem initialized
LogConfig: Setting CVar [[con.DebugEarlyDefault:1]]
LogConfig: Setting CVar [[r.setres:1280x720]]
[2019.09.12-08.39.28:764][  0]LogConfig: Setting CVar [[r.VSync:0]]
[2019.09.12-08.39.28:764][  0]LogConfig: Setting CVar [[r.RHICmdBypass:0]]
[2019.09.12-08.39.28:765][  0]LogConfig: Applying CVar settings from Section [/Script/Engine.RendererSettings] File [C:/Users/hi_it/OneDrive/Documents/GitHub/AI4Games/DuckHuntUnreal/DuckHunt/Saved/Config/Windows/Engine.ini]
[2019.09.12-08.39.28:765][  0]LogConfig: Setting CVar [[r.GPUCrashDebugging:0]]
[2019.09.12-08.39.28:765][  0]LogConfig: Setting CVar [[r.MobileHDR:0]]
[2019.09.12-08.39.28:765][  0]LogConfig: Setting CVar [[r.Mobile.DisableVertexFog:1]]
[2019.09.12-08.39.28:765][  0]LogConfig: Setting CVar [[r.Shadow.CSM.MaxMobileCascades:2]]
[2019.09.12-08.39.28:765][  0]LogConfig: Setting CVar [[r.MobileMSAA:1]]
[2019.09.12-08.39.28:765][  0]LogConfig: Setting CVar [[r.Mobile.UseLegacyShadingModel:0]]
[2019.09.12-08.39.28:766][  0]LogConfig: Setting CVar [[r.DiscardUnusedQuality:0]]
[2019.09.12-08.39.28:766][  0]LogConfig: Setting CVar [[r.AllowOcclusionQueries:1]]
[2019.09.12-08.39.28:766][  0]LogConfig: Setting CVar [[r.MinScreenRadiusForLights:0.030000]]
[2019.09.12-08.39.28:766][  0]LogConfig: Setting CVar [[r.MinScreenRadiusForDepthPrepass:0.030000]]
[2019.09.12-08.39.28:766][  0]LogConfig: Setting CVar [[r.MinScreenRadiusForCSMDepth:0.010000]]
[2019.09.12-08.39.28:766][  0]LogConfig: Setting CVar [[r.PrecomputedVisibilityWarning:0]]
[2019.09.12-08.39.28:766][  0]LogConfig: Setting CVar [[r.TextureStreaming:1]]
[2019.09.12-08.39.28:766][  0]LogConfig: Setting CVar [[Compat.UseDXT5NormalMaps:0]]
[2019.09.12-08.39.28:767][  0]LogConfig: Setting CVar [[r.ClearCoatNormal:0]]
[2019.09.12-08.39.28:767][  0]LogConfig: Setting CVar [[r.ReflectionCaptureResolution:128]]
[2019.09.12-08.39.28:767][  0]LogConfig: Setting CVar [[r.ReflectionEnvironmentLightmapMixBasedOnRoughness:1]]
[2019.09.12-08.39.28:767][  0]LogConfig: Setting CVar [[r.ForwardShading:0]]
[2019.09.12-08.39.28:767][  0]LogConfig: Setting CVar [[r.VertexFoggingForOpaque:1]]
[2019.09.12-08.39.28:767][  0]LogConfig: Setting CVar [[r.AllowStaticLighting:1]]
[2019.09.12-08.39.28:767][  0]LogConfig: Setting CVar [[r.NormalMapsForStaticLighting:0]]
[2019.09.12-08.39.28:767][  0]LogConfig: Setting CVar [[r.GenerateMeshDistanceFields:0]]
[2019.09.12-08.39.28:767][  0]LogConfig: Setting CVar [[r.DistanceFieldBuild.EightBit:0]]
[2019.09.12-08.39.28:767][  0]LogConfig: Setting CVar [[r.GenerateLandscapeGIData:0]]
[2019.09.12-08.39.28:767][  0]LogConfig: Setting CVar [[r.DistanceFieldBuild.Compress:0]]
[2019.09.12-08.39.28:767][  0]LogConfig: Setting CVar [[r.TessellationAdaptivePixelsPerTriangle:48.000000]]
[2019.09.12-08.39.28:767][  0]LogConfig: Setting CVar [[r.SeparateTranslucency:0]]
[2019.09.12-08.39.28:767][  0]LogConfig: Setting CVar [[r.TranslucentSortPolicy:0]]
[2019.09.12-08.39.28:767][  0]LogConfig: Setting CVar [[r.CustomDepth:1]]
[2019.09.12-08.39.28:768][  0]LogConfig: Setting CVar [[r.CustomDepthTemporalAAJitter:1]]
[2019.09.12-08.39.28:768][  0]LogConfig: Setting CVar [[r.PostProcessing.PropagateAlpha:0]]
[2019.09.12-08.39.28:768][  0]LogConfig: Setting CVar [[r.DOF.Algorithm:1]]
[2019.09.12-08.39.28:768][  0]LogConfig: Setting CVar [[r.UsePreExposure:0]]
[2019.09.12-08.39.28:768][  0]LogConfig: Setting CVar [[r.DefaultFeature.Bloom:0]]
[2019.09.12-08.39.28:768][  0]LogConfig: Setting CVar [[r.DefaultFeature.AmbientOcclusion:0]]
[2019.09.12-08.39.28:768][  0]LogConfig: Setting CVar [[r.DefaultFeature.AmbientOcclusionStaticFraction:1]]
[2019.09.12-08.39.28:768][  0]LogConfig: Setting CVar [[r.DefaultFeature.AutoExposure:0]]
[2019.09.12-08.39.28:768][  0]LogConfig: Setting CVar [[r.DefaultFeature.AutoExposure.Method:0]]
[2019.09.12-08.39.28:768][  0]LogConfig: Setting CVar [[r.DefaultFeature.MotionBlur:0]]
[2019.09.12-08.39.28:769][  0]LogConfig: Setting CVar [[r.DefaultFeature.LensFlare:0]]
[2019.09.12-08.39.28:769][  0]LogConfig: Setting CVar [[r.TemporalAA.Upsampling:0]]
[2019.09.12-08.39.28:769][  0]LogConfig: Setting CVar [[r.DefaultFeature.AntiAliasing:0]]
[2019.09.12-08.39.28:769][  0]LogConfig: Setting CVar [[r.DefaultBackBufferPixelFormat:4]]
[2019.09.12-08.39.28:769][  0]LogConfig: Setting CVar [[r.Shadow.UnbuiltPreviewInGame:1]]
[2019.09.12-08.39.28:769][  0]LogConfig: Setting CVar [[r.StencilForLODDither:0]]
[2019.09.12-08.39.28:769][  0]LogConfig: Setting CVar [[r.EarlyZPass:3]]
[2019.09.12-08.39.28:769][  0]LogConfig: Setting CVar [[r.EarlyZPassOnlyMaterialMasking:0]]
[2019.09.12-08.39.28:769][  0]LogConfig: Setting CVar [[r.DBuffer:1]]
[2019.09.12-08.39.28:769][  0]LogConfig: Setting CVar [[r.ClearSceneMethod:1]]
[2019.09.12-08.39.28:770][  0]LogConfig: Setting CVar [[r.BasePassOutputsVelocity:0]]
[2019.09.12-08.39.28:770][  0]LogConfig: Setting CVar [[r.SelectiveBasePassOutputs:0]]
[2019.09.12-08.39.28:770][  0]LogConfig: Setting CVar [[fx.GPUSimulationTextureSizeX:1024]]
[2019.09.12-08.39.28:770][  0]LogConfig: Setting CVar [[fx.GPUSimulationTextureSizeY:1024]]
[2019.09.12-08.39.28:770][  0]LogConfig: Setting CVar [[r.AllowGlobalClipPlane:0]]
[2019.09.12-08.39.28:770][  0]LogConfig: Setting CVar [[r.GBufferFormat:1]]
[2019.09.12-08.39.28:770][  0]LogConfig: Setting CVar [[r.MorphTarget.Mode:1]]
[2019.09.12-08.39.28:770][  0]LogConfig: Setting CVar [[vr.InstancedStereo:0]]
[2019.09.12-08.39.28:770][  0]LogConfig: Setting CVar [[vr.MultiView:0]]
[2019.09.12-08.39.28:770][  0]LogConfig: Setting CVar [[vr.MobileMultiView:0]]
[2019.09.12-08.39.28:770][  0]LogConfig: Setting CVar [[vr.MobileMultiView.Direct:0]]
[2019.09.12-08.39.28:770][  0]LogConfig: Setting CVar [[vr.ODSCapture:0]]
[2019.09.12-08.39.28:770][  0]LogConfig: Setting CVar [[r.WireframeCullThreshold:5.000000]]
[2019.09.12-08.39.28:771][  0]LogConfig: Setting CVar [[r.SupportStationarySkylight:1]]
[2019.09.12-08.39.28:771][  0]LogConfig: Setting CVar [[r.SupportLowQualityLightmaps:1]]
[2019.09.12-08.39.28:771][  0]LogConfig: Setting CVar [[r.SupportPointLightWholeSceneShadows:1]]
[2019.09.12-08.39.28:771][  0]LogConfig: Setting CVar [[r.SupportAtmosphericFog:1]]
[2019.09.12-08.39.28:771][  0]LogConfig: Setting CVar [[r.SkinCache.CompileShaders:0]]
[2019.09.12-08.39.28:771][  0]LogConfig: Setting CVar [[r.Mobile.EnableStaticAndCSMShadowReceivers:1]]
[2019.09.12-08.39.28:771][  0]LogConfig: Setting CVar [[r.Mobile.EnableMovableLightCSMShaderCulling:1]]
[2019.09.12-08.39.28:771][  0]LogConfig: Setting CVar [[r.Mobile.AllowDistanceFieldShadows:1]]
[2019.09.12-08.39.28:771][  0]LogConfig: Setting CVar [[r.Mobile.AllowMovableDirectionalLights:1]]
[2019.09.12-08.39.28:771][  0]LogConfig: Setting CVar [[r.MobileNumDynamicPointLights:4]]
[2019.09.12-08.39.28:771][  0]LogConfig: Setting CVar [[r.MobileDynamicPointLightsUseStaticBranch:1]]
[2019.09.12-08.39.28:772][  0]LogConfig: Setting CVar [[r.SkinCache.SceneMemoryLimitInMB:128.000000]]
[2019.09.12-08.39.28:772][  0]LogConfig: Setting CVar [[r.GPUSkin.Limit2BoneInfluences:0]]
[2019.09.12-08.39.28:772][  0]LogConfig: Setting CVar [[r.SupportDepthOnlyIndexBuffers:1]]
[2019.09.12-08.39.28:772][  0]LogConfig: Setting CVar [[r.SupportReversedIndexBuffers:1]]
[2019.09.12-08.39.28:772][  0]LogConfig: Setting CVar [[r.SupportMaterialLayers:0]]
[2019.09.12-08.39.28:772][  0]LogConfig: Applying CVar settings from Section [/Script/Engine.RendererOverrideSettings] File [C:/Users/hi_it/OneDrive/Documents/GitHub/AI4Games/DuckHuntUnreal/DuckHunt/Saved/Config/Windows/Engine.ini]
[2019.09.12-08.39.28:772][  0]LogConfig: Applying CVar settings from Section [/Script/Engine.StreamingSettings] File [C:/Users/hi_it/OneDrive/Documents/GitHub/AI4Games/DuckHuntUnreal/DuckHunt/Saved/Config/Windows/Engine.ini]
[2019.09.12-08.39.28:772][  0]LogConfig: Setting CVar [[s.MinBulkDataSizeForAsyncLoading:131072]]
[2019.09.12-08.39.28:772][  0]LogConfig: Setting CVar [[s.AsyncLoadingThreadEnabled:0]]
[2019.09.12-08.39.28:772][  0]LogConfig: Setting CVar [[s.EventDrivenLoaderEnabled:1]]
[2019.09.12-08.39.28:772][  0]LogConfig: Setting CVar [[s.WarnIfTimeLimitExceeded:0]]
[2019.09.12-08.39.28:772][  0]LogConfig: Setting CVar [[s.TimeLimitExceededMultiplier:1.5]]
[2019.09.12-08.39.28:772][  0]LogConfig: Setting CVar [[s.TimeLimitExceededMinTime:0.005]]
[2019.09.12-08.39.28:772][  0]LogConfig: Setting CVar [[s.UseBackgroundLevelStreaming:1]]
[2019.09.12-08.39.28:772][  0]LogConfig: Setting CVar [[s.PriorityAsyncLoadingExtraTime:15.0]]
[2019.09.12-08.39.28:772][  0]LogConfig: Setting CVar [[s.LevelStreamingActorsUpdateTimeLimit:5.0]]
[2019.09.12-08.39.28:772][  0]LogConfig: Setting CVar [[s.PriorityLevelStreamingActorsUpdateExtraTime:5.0]]
[2019.09.12-08.39.28:773][  0]LogConfig: Setting CVar [[s.LevelStreamingComponentsRegistrationGranularity:10]]
[2019.09.12-08.39.28:773][  0]LogConfig: Setting CVar [[s.UnregisterComponentsTimeLimit:1.0]]
[2019.09.12-08.39.28:773][  0]LogConfig: Setting CVar [[s.LevelStreamingComponentsUnregistrationGranularity:5]]
[2019.09.12-08.39.28:773][  0]LogConfig: Applying CVar settings from Section [/Script/Engine.GarbageCollectionSettings] File [C:/Users/hi_it/OneDrive/Documents/GitHub/AI4Games/DuckHuntUnreal/DuckHunt/Saved/Config/Windows/Engine.ini]
[2019.09.12-08.39.28:773][  0]LogConfig: Setting CVar [[gc.MaxObjectsNotConsideredByGC:1]]
[2019.09.12-08.39.28:773][  0]LogConfig: Setting CVar [[gc.SizeOfPermanentObjectPool:0]]
[2019.09.12-08.39.28:773][  0]LogConfig: Setting CVar [[gc.FlushStreamingOnGC:0]]
[2019.09.12-08.39.28:773][  0]LogConfig: Setting CVar [[gc.NumRetriesBeforeForcingGC:10]]
[2019.09.12-08.39.28:773][  0]LogConfig: Setting CVar [[gc.AllowParallelGC:1]]
[2019.09.12-08.39.28:773][  0]LogConfig: Setting CVar [[gc.TimeBetweenPurgingPendingKillObjects:61.1]]
[2019.09.12-08.39.28:773][  0]LogConfig: Setting CVar [[gc.MaxObjectsInEditor:16777216]]
[2019.09.12-08.39.28:773][  0]LogConfig: Setting CVar [[gc.IncrementalBeginDestroyEnabled:1]]
[2019.09.12-08.39.28:773][  0]LogConfig: Setting CVar [[gc.CreateGCClusters:1]]
[2019.09.12-08.39.28:773][  0]LogConfig: Setting CVar [[gc.MinGCClusterSize:5]]
[2019.09.12-08.39.28:773][  0]LogConfig: Setting CVar [[gc.ActorClusteringEnabled:0]]
[2019.09.12-08.39.28:774][  0]LogConfig: Setting CVar [[gc.BlueprintClusteringEnabled:0]]
[2019.09.12-08.39.28:774][  0]LogConfig: Setting CVar [[gc.UseDisregardForGCOnDedicatedServers:0]]
[2019.09.12-08.39.28:774][  0]LogConfig: Applying CVar settings from Section [/Script/Engine.NetworkSettings] File [C:/Users/hi_it/OneDrive/Documents/GitHub/AI4Games/DuckHuntUnreal/DuckHunt/Saved/Config/Windows/Engine.ini]
[2019.09.12-08.39.28:774][  0]LogConfig: Applying CVar settings from Section [/Script/UnrealEd.CookerSettings] File [C:/Users/hi_it/OneDrive/Documents/GitHub/AI4Games/DuckHuntUnreal/DuckHunt/Saved/Config/Windows/Engine.ini]
[2019.09.12-08.39.28:788][  0]LogConfig: Applying CVar settings from Section [ViewDistanceQuality@3] File [C:/Users/hi_it/OneDrive/Documents/GitHub/AI4Games/DuckHuntUnreal/DuckHunt/Saved/Config/Windows/Scalability.ini]
[2019.09.12-08.39.28:788][  0]LogConfig: Setting CVar [[r.SkeletalMeshLODBias:0]]
[2019.09.12-08.39.28:788][  0]LogConfig: Setting CVar [[r.ViewDistanceScale:1.0]]
[2019.09.12-08.39.28:789][  0]LogConfig: Applying CVar settings from Section [AntiAliasingQuality@3] File [C:/Users/hi_it/OneDrive/Documents/GitHub/AI4Games/DuckHuntUnreal/DuckHunt/Saved/Config/Windows/Scalability.ini]
[2019.09.12-08.39.28:789][  0]LogConfig: Setting CVar [[r.PostProcessAAQuality:4]]
[2019.09.12-08.39.28:789][  0]LogConfig: Applying CVar settings from Section [ShadowQuality@3] File [C:/Users/hi_it/OneDrive/Documents/GitHub/AI4Games/DuckHuntUnreal/DuckHunt/Saved/Config/Windows/Scalability.ini]
[2019.09.12-08.39.28:789][  0]LogConfig: Setting CVar [[r.LightFunctionQuality:1]]
[2019.09.12-08.39.28:789][  0]LogConfig: Setting CVar [[r.ShadowQuality:5]]
[2019.09.12-08.39.28:789][  0]LogConfig: Setting CVar [[r.Shadow.CSM.MaxCascades:10]]
[2019.09.12-08.39.28:789][  0]LogConfig: Setting CVar [[r.Shadow.MaxResolution:2048]]
[2019.09.12-08.39.28:789][  0]LogConfig: Setting CVar [[r.Shadow.MaxCSMResolution:2048]]
[2019.09.12-08.39.28:789][  0]LogConfig: Setting CVar [[r.Shadow.RadiusThreshold:0.01]]
[2019.09.12-08.39.28:789][  0]LogConfig: Setting CVar [[r.Shadow.DistanceScale:1.0]]
[2019.09.12-08.39.28:790][  0]LogConfig: Setting CVar [[r.Shadow.CSM.TransitionScale:1.0]]
[2019.09.12-08.39.28:790][  0]LogConfig: Setting CVar [[r.Shadow.PreShadowResolutionFactor:1.0]]
[2019.09.12-08.39.28:790][  0]LogConfig: Setting CVar [[r.DistanceFieldShadowing:1]]
[2019.09.12-08.39.28:790][  0]LogConfig: Setting CVar [[r.DistanceFieldAO:1]]
[2019.09.12-08.39.28:790][  0]LogConfig: Setting CVar [[r.AOQuality:2]]
[2019.09.12-08.39.28:790][  0]LogConfig: Setting CVar [[r.VolumetricFog:1]]
[2019.09.12-08.39.28:790][  0]LogConfig: Setting CVar [[r.VolumetricFog.GridPixelSize:8]]
[2019.09.12-08.39.28:790][  0]LogConfig: Setting CVar [[r.VolumetricFog.GridSizeZ:128]]
[2019.09.12-08.39.28:790][  0]LogConfig: Setting CVar [[r.VolumetricFog.HistoryMissSupersampleCount:4]]
[2019.09.12-08.39.28:790][  0]LogConfig: Setting CVar [[r.LightMaxDrawDistanceScale:1]]
[2019.09.12-08.39.28:790][  0]LogConfig: Setting CVar [[r.CapsuleShadows:1]]
[2019.09.12-08.39.28:790][  0]LogConfig: Applying CVar settings from Section [PostProcessQuality@3] File [C:/Users/hi_it/OneDrive/Documents/GitHub/AI4Games/DuckHuntUnreal/DuckHunt/Saved/Config/Windows/Scalability.ini]
[2019.09.12-08.39.28:790][  0]LogConfig: Setting CVar [[r.MotionBlurQuality:4]]
[2019.09.12-08.39.28:790][  0]LogConfig: Setting CVar [[r.AmbientOcclusionMipLevelFactor:0.4]]
[2019.09.12-08.39.28:791][  0]LogConfig: Setting CVar [[r.AmbientOcclusionMaxQuality:100]]
[2019.09.12-08.39.28:791][  0]LogConfig: Setting CVar [[r.AmbientOcclusionLevels:-1]]
[2019.09.12-08.39.28:791][  0]LogConfig: Setting CVar [[r.AmbientOcclusionRadiusScale:1.0]]
[2019.09.12-08.39.28:791][  0]LogConfig: Setting CVar [[r.DepthOfFieldQuality:2]]
[2019.09.12-08.39.28:791][  0]LogConfig: Setting CVar [[r.RenderTargetPoolMin:400]]
[2019.09.12-08.39.28:791][  0]LogConfig: Setting CVar [[r.LensFlareQuality:2]]
[2019.09.12-08.39.28:791][  0]LogConfig: Setting CVar [[r.SceneColorFringeQuality:1]]
[2019.09.12-08.39.28:791][  0]LogConfig: Setting CVar [[r.EyeAdaptationQuality:2]]
[2019.09.12-08.39.28:791][  0]LogConfig: Setting CVar [[r.BloomQuality:5]]
[2019.09.12-08.39.28:791][  0]LogConfig: Setting CVar [[r.FastBlurThreshold:100]]
[2019.09.12-08.39.28:791][  0]LogConfig: Setting CVar [[r.Upscale.Quality:3]]
[2019.09.12-08.39.28:791][  0]LogConfig: Setting CVar [[r.Tonemapper.GrainQuantization:1]]
[2019.09.12-08.39.28:791][  0]LogConfig: Setting CVar [[r.LightShaftQuality:1]]
[2019.09.12-08.39.28:791][  0]LogConfig: Setting CVar [[r.Filter.SizeScale:1]]
[2019.09.12-08.39.28:792][  0]LogConfig: Setting CVar [[r.Tonemapper.Quality:5]]
[2019.09.12-08.39.28:792][  0]LogConfig: Setting CVar [[r.DOF.Gather.AccumulatorQuality:1        ; higher gathering accumulator quality]]
[2019.09.12-08.39.28:792][  0]LogConfig: Setting CVar [[r.DOF.Gather.PostfilterMethod:1          ; Median3x3 postfilering method]]
[2019.09.12-08.39.28:792][  0]LogConfig: Setting CVar [[r.DOF.Gather.EnableBokehSettings:0       ; no bokeh simulation when gathering]]
[2019.09.12-08.39.28:792][  0]LogConfig: Setting CVar [[r.DOF.Gather.RingCount:4                 ; medium number of samples when gathering]]
[2019.09.12-08.39.28:792][  0]LogConfig: Setting CVar [[r.DOF.Scatter.ForegroundCompositing:1    ; additive foreground scattering]]
[2019.09.12-08.39.28:792][  0]LogConfig: Setting CVar [[r.DOF.Scatter.BackgroundCompositing:2    ; additive background scattering]]
[2019.09.12-08.39.28:792][  0]LogConfig: Setting CVar [[r.DOF.Scatter.EnableBokehSettings:1      ; bokeh simulation when scattering]]
[2019.09.12-08.39.28:792][  0]LogConfig: Setting CVar [[r.DOF.Scatter.MaxSpriteRatio:0.1         ; only a maximum of 10% of scattered bokeh]]
[2019.09.12-08.39.28:792][  0]LogConfig: Setting CVar [[r.DOF.Recombine.Quality:1                ; cheap slight out of focus]]
[2019.09.12-08.39.28:792][  0]LogConfig: Setting CVar [[r.DOF.Recombine.EnableBokehSettings:0    ; no bokeh simulation on slight out of focus]]
[2019.09.12-08.39.28:792][  0]LogConfig: Setting CVar [[r.DOF.TemporalAAQuality:1                ; more stable temporal accumulation]]
[2019.09.12-08.39.28:793][  0]LogConfig: Setting CVar [[r.DOF.Kernel.MaxForegroundRadius:0.025]]
[2019.09.12-08.39.28:793][  0]LogConfig: Setting CVar [[r.DOF.Kernel.MaxBackgroundRadius:0.025]]
[2019.09.12-08.39.28:793][  0]LogConfig: Applying CVar settings from Section [TextureQuality@3] File [C:/Users/hi_it/OneDrive/Documents/GitHub/AI4Games/DuckHuntUnreal/DuckHunt/Saved/Config/Windows/Scalability.ini]
[2019.09.12-08.39.28:793][  0]LogConfig: Setting CVar [[r.Streaming.MipBias:0]]
[2019.09.12-08.39.28:793][  0]LogConfig: Setting CVar [[r.Streaming.AmortizeCPUToGPUCopy:0]]
[2019.09.12-08.39.28:793][  0]LogConfig: Setting CVar [[r.Streaming.MaxNumTexturesToStreamPerFrame:0]]
[2019.09.12-08.39.28:793][  0]LogConfig: Setting CVar [[r.Streaming.Boost:1]]
[2019.09.12-08.39.28:793][  0]LogConfig: Setting CVar [[r.MaxAnisotropy:8]]
[2019.09.12-08.39.28:793][  0]LogConfig: Setting CVar [[r.Streaming.LimitPoolSizeToVRAM:0]]
[2019.09.12-08.39.28:794][  0]LogConfig: Setting CVar [[r.Streaming.PoolSize:1000]]
[2019.09.12-08.39.28:794][  0]LogConfig: Setting CVar [[r.Streaming.MaxEffectiveScreenSize:0]]
[2019.09.12-08.39.28:794][  0]LogConfig: Applying CVar settings from Section [EffectsQuality@3] File [C:/Users/hi_it/OneDrive/Documents/GitHub/AI4Games/DuckHuntUnreal/DuckHunt/Saved/Config/Windows/Scalability.ini]
[2019.09.12-08.39.28:794][  0]LogConfig: Setting CVar [[r.TranslucencyLightingVolumeDim:64]]
[2019.09.12-08.39.28:794][  0]LogConfig: Setting CVar [[r.RefractionQuality:2]]
[2019.09.12-08.39.28:794][  0]LogConfig: Setting CVar [[r.SSR.Quality:3]]
[2019.09.12-08.39.28:794][  0]LogConfig: Setting CVar [[r.SceneColorFormat:4]]
[2019.09.12-08.39.28:794][  0]LogConfig: Setting CVar [[r.DetailMode:2]]
[2019.09.12-08.39.28:794][  0]LogConfig: Setting CVar [[r.TranslucencyVolumeBlur:1]]
[2019.09.12-08.39.28:794][  0]LogConfig: Setting CVar [[r.MaterialQualityLevel:1 ; High quality]]
[2019.09.12-08.39.28:794][  0]LogConfig: Setting CVar [[r.SSS.Scale:1]]
[2019.09.12-08.39.28:795][  0]LogConfig: Setting CVar [[r.SSS.SampleSet:2]]
[2019.09.12-08.39.28:795][  0]LogConfig: Setting CVar [[r.SSS.Quality:1]]
[2019.09.12-08.39.28:795][  0]LogConfig: Setting CVar [[r.SSS.HalfRes:1]]
[2019.09.12-08.39.28:795][  0]LogConfig: Setting CVar [[r.EmitterSpawnRateScale:1.0]]
[2019.09.12-08.39.28:795][  0]LogConfig: Setting CVar [[r.ParticleLightQuality:2]]
[2019.09.12-08.39.28:795][  0]LogConfig: Applying CVar settings from Section [FoliageQuality@3] File [C:/Users/hi_it/OneDrive/Documents/GitHub/AI4Games/DuckHuntUnreal/DuckHunt/Saved/Config/Windows/Scalability.ini]
[2019.09.12-08.39.28:795][  0]LogConfig: Setting CVar [[foliage.DensityScale:1.0]]
[2019.09.12-08.39.28:795][  0]LogConfig: Setting CVar [[grass.DensityScale:1.0]]
[2019.09.12-08.39.28:795][  0]LogInit: Selected Device Profile: [Windows]
[2019.09.12-08.39.28:795][  0]LogInit: Applying CVar settings loaded from the selected device profile: [Windows]
[2019.09.12-08.39.28:833][  0]LogHAL: Display: Platform has ~ 16 GB [17095811072 / 17179869184 / 16], which maps to Larger [LargestMinGB=32, LargerMinGB=12, DefaultMinGB=8, SmallerMinGB=6, SmallestMinGB=0)
[2019.09.12-08.39.28:833][  0]LogConfig: Setting CVar [[r.Vulkan.UseRealUBs:0		; Required until we fix HLR fall-out]]
[2019.09.12-08.39.28:834][  0]LogInit: Going up to parent DeviceProfile []
[2019.09.12-08.39.28:839][  0]LogConfig: Applying CVar settings from Section [ViewDistanceQuality@3] File [C:/Users/hi_it/OneDrive/Documents/GitHub/AI4Games/DuckHuntUnreal/DuckHunt/Saved/Config/Windows/Scalability.ini]
[2019.09.12-08.39.28:839][  0]LogConfig: Setting CVar [[r.SkeletalMeshLODBias:0]]
[2019.09.12-08.39.28:839][  0]LogConfig: Setting CVar [[r.ViewDistanceScale:1.0]]
[2019.09.12-08.39.28:839][  0]LogConfig: Applying CVar settings from Section [AntiAliasingQuality@3] File [C:/Users/hi_it/OneDrive/Documents/GitHub/AI4Games/DuckHuntUnreal/DuckHunt/Saved/Config/Windows/Scalability.ini]
[2019.09.12-08.39.28:839][  0]LogConfig: Setting CVar [[r.PostProcessAAQuality:4]]
[2019.09.12-08.39.28:840][  0]LogConfig: Applying CVar settings from Section [ShadowQuality@3] File [C:/Users/hi_it/OneDrive/Documents/GitHub/AI4Games/DuckHuntUnreal/DuckHunt/Saved/Config/Windows/Scalability.ini]
[2019.09.12-08.39.28:840][  0]LogConfig: Setting CVar [[r.LightFunctionQuality:1]]
[2019.09.12-08.39.28:840][  0]LogConfig: Setting CVar [[r.ShadowQuality:5]]
[2019.09.12-08.39.28:840][  0]LogConfig: Setting CVar [[r.Shadow.CSM.MaxCascades:10]]
[2019.09.12-08.39.28:840][  0]LogConfig: Setting CVar [[r.Shadow.MaxResolution:2048]]
[2019.09.12-08.39.28:840][  0]LogConfig: Setting CVar [[r.Shadow.MaxCSMResolution:2048]]
[2019.09.12-08.39.28:840][  0]LogConfig: Setting CVar [[r.Shadow.RadiusThreshold:0.01]]
[2019.09.12-08.39.28:840][  0]LogConfig: Setting CVar [[r.Shadow.DistanceScale:1.0]]
[2019.09.12-08.39.28:840][  0]LogConfig: Setting CVar [[r.Shadow.CSM.TransitionScale:1.0]]
[2019.09.12-08.39.28:840][  0]LogConfig: Setting CVar [[r.Shadow.PreShadowResolutionFactor:1.0]]
[2019.09.12-08.39.28:840][  0]LogConfig: Setting CVar [[r.DistanceFieldShadowing:1]]
[2019.09.12-08.39.28:840][  0]LogConfig: Setting CVar [[r.DistanceFieldAO:1]]
[2019.09.12-08.39.28:840][  0]LogConfig: Setting CVar [[r.AOQuality:2]]
[2019.09.12-08.39.28:841][  0]LogConfig: Setting CVar [[r.VolumetricFog:1]]
[2019.09.12-08.39.28:841][  0]LogConfig: Setting CVar [[r.VolumetricFog.GridPixelSize:8]]
[2019.09.12-08.39.28:841][  0]LogConfig: Setting CVar [[r.VolumetricFog.GridSizeZ:128]]
[2019.09.12-08.39.28:841][  0]LogConfig: Setting CVar [[r.VolumetricFog.HistoryMissSupersampleCount:4]]
[2019.09.12-08.39.28:841][  0]LogConfig: Setting CVar [[r.LightMaxDrawDistanceScale:1]]
[2019.09.12-08.39.28:841][  0]LogConfig: Setting CVar [[r.CapsuleShadows:1]]
[2019.09.12-08.39.28:841][  0]LogConfig: Applying CVar settings from Section [PostProcessQuality@3] File [C:/Users/hi_it/OneDrive/Documents/GitHub/AI4Games/DuckHuntUnreal/DuckHunt/Saved/Config/Windows/Scalability.ini]
[2019.09.12-08.39.28:841][  0]LogConfig: Setting CVar [[r.MotionBlurQuality:4]]
[2019.09.12-08.39.28:841][  0]LogConfig: Setting CVar [[r.AmbientOcclusionMipLevelFactor:0.4]]
[2019.09.12-08.39.28:841][  0]LogConfig: Setting CVar [[r.AmbientOcclusionMaxQuality:100]]
[2019.09.12-08.39.28:841][  0]LogConfig: Setting CVar [[r.AmbientOcclusionLevels:-1]]
[2019.09.12-08.39.28:841][  0]LogConfig: Setting CVar [[r.AmbientOcclusionRadiusScale:1.0]]
[2019.09.12-08.39.28:841][  0]LogConfig: Setting CVar [[r.DepthOfFieldQuality:2]]
[2019.09.12-08.39.28:841][  0]LogConfig: Setting CVar [[r.RenderTargetPoolMin:400]]
[2019.09.12-08.39.28:841][  0]LogConfig: Setting CVar [[r.LensFlareQuality:2]]
[2019.09.12-08.39.28:841][  0]LogConfig: Setting CVar [[r.SceneColorFringeQuality:1]]
[2019.09.12-08.39.28:842][  0]LogConfig: Setting CVar [[r.EyeAdaptationQuality:2]]
[2019.09.12-08.39.28:842][  0]LogConfig: Setting CVar [[r.BloomQuality:5]]
[2019.09.12-08.39.28:842][  0]LogConfig: Setting CVar [[r.FastBlurThreshold:100]]
[2019.09.12-08.39.28:842][  0]LogConfig: Setting CVar [[r.Upscale.Quality:3]]
[2019.09.12-08.39.28:842][  0]LogConfig: Setting CVar [[r.Tonemapper.GrainQuantization:1]]
[2019.09.12-08.39.28:842][  0]LogConfig: Setting CVar [[r.LightShaftQuality:1]]
[2019.09.12-08.39.28:842][  0]LogConfig: Setting CVar [[r.Filter.SizeScale:1]]
[2019.09.12-08.39.28:842][  0]LogConfig: Setting CVar [[r.Tonemapper.Quality:5]]
[2019.09.12-08.39.28:842][  0]LogConfig: Setting CVar [[r.DOF.Gather.AccumulatorQuality:1        ; higher gathering accumulator quality]]
[2019.09.12-08.39.28:842][  0]LogConfig: Setting CVar [[r.DOF.Gather.PostfilterMethod:1          ; Median3x3 postfilering method]]
[2019.09.12-08.39.28:842][  0]LogConfig: Setting CVar [[r.DOF.Gather.EnableBokehSettings:0       ; no bokeh simulation when gathering]]
[2019.09.12-08.39.28:842][  0]LogConfig: Setting CVar [[r.DOF.Gather.RingCount:4                 ; medium number of samples when gathering]]
[2019.09.12-08.39.28:843][  0]LogConfig: Setting CVar [[r.DOF.Scatter.ForegroundCompositing:1    ; additive foreground scattering]]
[2019.09.12-08.39.28:843][  0]LogConfig: Setting CVar [[r.DOF.Scatter.BackgroundCompositing:2    ; additive background scattering]]
[2019.09.12-08.39.28:843][  0]LogConfig: Setting CVar [[r.DOF.Scatter.EnableBokehSettings:1      ; bokeh simulation when scattering]]
[2019.09.12-08.39.28:843][  0]LogConfig: Setting CVar [[r.DOF.Scatter.MaxSpriteRatio:0.1         ; only a maximum of 10% of scattered bokeh]]
[2019.09.12-08.39.28:843][  0]LogConfig: Setting CVar [[r.DOF.Recombine.Quality:1                ; cheap slight out of focus]]
[2019.09.12-08.39.28:843][  0]LogConfig: Setting CVar [[r.DOF.Recombine.EnableBokehSettings:0    ; no bokeh simulation on slight out of focus]]
[2019.09.12-08.39.28:843][  0]LogConfig: Setting CVar [[r.DOF.TemporalAAQuality:1                ; more stable temporal accumulation]]
[2019.09.12-08.39.28:843][  0]LogConfig: Setting CVar [[r.DOF.Kernel.MaxForegroundRadius:0.025]]
[2019.09.12-08.39.28:843][  0]LogConfig: Setting CVar [[r.DOF.Kernel.MaxBackgroundRadius:0.025]]
[2019.09.12-08.39.28:843][  0]LogConfig: Applying CVar settings from Section [TextureQuality@3] File [C:/Users/hi_it/OneDrive/Documents/GitHub/AI4Games/DuckHuntUnreal/DuckHunt/Saved/Config/Windows/Scalability.ini]
[2019.09.12-08.39.28:843][  0]LogConfig: Setting CVar [[r.Streaming.MipBias:0]]
[2019.09.12-08.39.28:843][  0]LogConfig: Setting CVar [[r.Streaming.AmortizeCPUToGPUCopy:0]]
[2019.09.12-08.39.28:844][  0]LogConfig: Setting CVar [[r.Streaming.MaxNumTexturesToStreamPerFrame:0]]
[2019.09.12-08.39.28:844][  0]LogConfig: Setting CVar [[r.Streaming.Boost:1]]
[2019.09.12-08.39.28:844][  0]LogConfig: Setting CVar [[r.MaxAnisotropy:8]]
[2019.09.12-08.39.28:844][  0]LogConfig: Setting CVar [[r.Streaming.LimitPoolSizeToVRAM:0]]
[2019.09.12-08.39.28:844][  0]LogConfig: Setting CVar [[r.Streaming.PoolSize:1000]]
[2019.09.12-08.39.28:844][  0]LogConfig: Setting CVar [[r.Streaming.MaxEffectiveScreenSize:0]]
[2019.09.12-08.39.28:844][  0]LogConfig: Applying CVar settings from Section [EffectsQuality@3] File [C:/Users/hi_it/OneDrive/Documents/GitHub/AI4Games/DuckHuntUnreal/DuckHunt/Saved/Config/Windows/Scalability.ini]
[2019.09.12-08.39.28:844][  0]LogConfig: Setting CVar [[r.TranslucencyLightingVolumeDim:64]]
[2019.09.12-08.39.28:844][  0]LogConfig: Setting CVar [[r.RefractionQuality:2]]
[2019.09.12-08.39.28:844][  0]LogConfig: Setting CVar [[r.SSR.Quality:3]]
[2019.09.12-08.39.28:844][  0]LogConfig: Setting CVar [[r.SceneColorFormat:4]]
[2019.09.12-08.39.28:844][  0]LogConfig: Setting CVar [[r.DetailMode:2]]
[2019.09.12-08.39.28:845][  0]LogConfig: Setting CVar [[r.TranslucencyVolumeBlur:1]]
[2019.09.12-08.39.28:845][  0]LogConfig: Setting CVar [[r.MaterialQualityLevel:1 ; High quality]]
[2019.09.12-08.39.28:845][  0]LogConfig: Setting CVar [[r.SSS.Scale:1]]
[2019.09.12-08.39.28:845][  0]LogConfig: Setting CVar [[r.SSS.SampleSet:2]]
[2019.09.12-08.39.28:845][  0]LogConfig: Setting CVar [[r.SSS.Quality:1]]
[2019.09.12-08.39.28:845][  0]LogConfig: Setting CVar [[r.SSS.HalfRes:1]]
[2019.09.12-08.39.28:845][  0]LogConfig: Setting CVar [[r.EmitterSpawnRateScale:1.0]]
[2019.09.12-08.39.28:845][  0]LogConfig: Setting CVar [[r.ParticleLightQuality:2]]
[2019.09.12-08.39.28:845][  0]LogConfig: Applying CVar settings from Section [FoliageQuality@3] File [C:/Users/hi_it/OneDrive/Documents/GitHub/AI4Games/DuckHuntUnreal/DuckHunt/Saved/Config/Windows/Scalability.ini]
[2019.09.12-08.39.28:845][  0]LogConfig: Setting CVar [[foliage.DensityScale:1.0]]
[2019.09.12-08.39.28:845][  0]LogConfig: Setting CVar [[grass.DensityScale:1.0]]
[2019.09.12-08.39.28:845][  0]LogConfig: Applying CVar settings from Section [Startup] File [../../../Engine/Config/ConsoleVariables.ini]
[2019.09.12-08.39.28:846][  0]LogConfig: Setting CVar [[net.UseAdaptiveNetUpdateFrequency:0]]
[2019.09.12-08.39.28:846][  0]LogConfig: Setting CVar [[p.chaos.AllowCreatePhysxBodies:1]]
[2019.09.12-08.39.28:846][  0]LogConfig: Applying CVar settings from Section [ConsoleVariables] File [C:/Users/hi_it/OneDrive/Documents/GitHub/AI4Games/DuckHuntUnreal/DuckHunt/Saved/Config/Windows/Engine.ini]
[2019.09.12-08.39.28:855][  0]LogInit: Computer: MSI
[2019.09.12-08.39.28:855][  0]LogInit: User: hiit
[2019.09.12-08.39.28:855][  0]LogInit: CPU Page size=4096, Cores=4
[2019.09.12-08.39.28:855][  0]LogInit: High frequency timer resolution =2.742187 MHz
[2019.09.12-08.39.28:862][  0]LogMemory: Memory total: Physical=15.9GB (16GB approx)
[2019.09.12-08.39.28:862][  0]LogMemory: Platform Memory Stats for Windows
[2019.09.12-08.39.28:862][  0]LogMemory: Process Physical Memory: 97.31 MB used, 97.31 MB peak
[2019.09.12-08.39.28:862][  0]LogMemory: Process Virtual Memory: 89.21 MB used, 89.21 MB peak
[2019.09.12-08.39.28:862][  0]LogMemory: Physical Memory: 6317.07 MB used,  9986.77 MB free, 16303.84 MB total
[2019.09.12-08.39.28:862][  0]LogMemory: Virtual Memory: 4659.13 MB used,  134213072.00 MB free, 134217728.00 MB total
[2019.09.12-08.39.30:378][  0]LogInit: Using OS detected language (en-US).
[2019.09.12-08.39.30:378][  0]LogInit: Using OS detected locale (en-AU).
[2019.09.12-08.39.30:400][  0]LogTextLocalizationManager: No specific localization for 'en-US' exists, so the 'en' localization will be used.
[2019.09.12-08.39.30:943][  0]LogInit: Setting process to per monitor DPI aware
[2019.09.12-08.39.31:663][  0]LogSlate: New Slate User Created.  User Index 0, Is Virtual User: 0
[2019.09.12-08.39.31:663][  0]LogSlate: Slate User Registered.  User Index 0, Is Virtual User: 0
[2019.09.12-08.39.35:095][  0]LogHMD: Failed to initialize OpenVR with code 110
[2019.09.12-08.39.35:095][  0]LogD3D11RHI: D3D11 adapters:
[2019.09.12-08.39.36:183][  0]LogD3D11RHI:    0. 'NVIDIA GeForce GTX 1050' (Feature Level 11_0)
[2019.09.12-08.39.36:183][  0]LogD3D11RHI:       4021/0/8151 MB DedicatedVideo/DedicatedSystem/SharedSystem, Outputs:1, VendorId:0x10de
[2019.09.12-08.39.36:214][  0]LogD3D11RHI:    1. 'Intel(R) HD Graphics 630' (Feature Level 11_0)
[2019.09.12-08.39.36:214][  0]LogD3D11RHI:       128/0/8151 MB DedicatedVideo/DedicatedSystem/SharedSystem, Outputs:0, VendorId:0x8086
[2019.09.12-08.39.36:221][  0]LogD3D11RHI:    2. 'Microsoft Basic Render Driver' (Feature Level 11_0)
[2019.09.12-08.39.36:221][  0]LogD3D11RHI:       0/0/8151 MB DedicatedVideo/DedicatedSystem/SharedSystem, Outputs:0, VendorId:0x1414
[2019.09.12-08.39.36:221][  0]LogD3D11RHI: Chosen D3D11 Adapter: 0
[2019.09.12-08.39.36:255][  0]LogD3D11RHI: Creating new Direct3DDevice
[2019.09.12-08.39.36:256][  0]LogD3D11RHI:     GPU DeviceId: 0x1c8d (for the marketing name, search the web for "GPU Device Id")
[2019.09.12-08.39.36:256][  0]LogWindows: EnumDisplayDevices:
[2019.09.12-08.39.36:256][  0]LogWindows:    0. 'Intel(R) HD Graphics 630' (P:1 D:1)
[2019.09.12-08.39.36:257][  0]LogWindows:    1. 'Intel(R) HD Graphics 630' (P:0 D:0)
[2019.09.12-08.39.36:257][  0]LogWindows:    2. 'Intel(R) HD Graphics 630' (P:0 D:0)
[2019.09.12-08.39.36:258][  0]LogWindows: DebugString: PrimaryIsNotTheChoosenAdapter PrimaryIsNotTheChoosenAdapter PrimaryIsNotTheChoosenAdapter FoundDriverCount:0 
[2019.09.12-08.39.36:258][  0]LogD3D11RHI:     Adapter Name: NVIDIA GeForce GTX 1050
[2019.09.12-08.39.36:258][  0]LogD3D11RHI:   Driver Version: Unknown (internal:Unknown, unified:Unknown)
[2019.09.12-08.39.36:258][  0]LogD3D11RHI:      Driver Date: Unknown
[2019.09.12-08.39.36:258][  0]LogRHI: Texture pool is 2814 MB (70% of 4021 MB)
[2019.09.12-08.39.36:333][  0]LogD3D11RHI: Async texture creation enabled
[2019.09.12-08.39.36:538][  0]LogRendererCore: FGlobalReadBuffer::InitRHI
[2019.09.12-08.39.36:551][  0]LogRendererCore: FGlobalReadBuffer::InitRHI
[2019.09.12-08.39.36:551][  0]LogRendererCore: FGlobalReadBuffer::InitRHI
[2019.09.12-08.39.36:602][  0]LogD3D11RHI: GPU Timing Frequency: 1000.000000 (Debug: 2 2)
[2019.09.12-08.39.37:000][  0]LogTemp: Display: Module 'AllDesktopTargetPlatform' loaded TargetPlatform 'AllDesktop'
[2019.09.12-08.39.37:030][  0]LogTemp: Display: Module 'MacClientTargetPlatform' loaded TargetPlatform 'MacClient'
[2019.09.12-08.39.37:066][  0]LogTemp: Display: Module 'MacNoEditorTargetPlatform' loaded TargetPlatform 'MacNoEditor'
[2019.09.12-08.39.37:089][  0]LogTemp: Display: Module 'MacServerTargetPlatform' loaded TargetPlatform 'MacServer'
[2019.09.12-08.39.37:127][  0]LogTemp: Display: Module 'MacTargetPlatform' loaded TargetPlatform 'Mac'
[2019.09.12-08.39.37:168][  0]LogTemp: Display: Module 'WindowsClientTargetPlatform' loaded TargetPlatform 'WindowsClient'
[2019.09.12-08.39.37:201][  0]LogTemp: Display: Module 'WindowsNoEditorTargetPlatform' loaded TargetPlatform 'WindowsNoEditor'
[2019.09.12-08.39.37:232][  0]LogTemp: Display: Module 'WindowsServerTargetPlatform' loaded TargetPlatform 'WindowsServer'
[2019.09.12-08.39.37:243][  0]LogTemp: Display: Module 'WindowsTargetPlatform' loaded TargetPlatform 'Windows'
[2019.09.12-08.39.37:349][  0]LogTemp: Display: Module 'AndroidTargetPlatform' loaded TargetPlatform 'Android'
[2019.09.12-08.39.37:349][  0]LogTemp: Display: Module 'AndroidTargetPlatform' loaded TargetPlatform 'Android_ASTC'
[2019.09.12-08.39.37:350][  0]LogTemp: Display: Module 'AndroidTargetPlatform' loaded TargetPlatform 'Android_ATC'
[2019.09.12-08.39.37:350][  0]LogTemp: Display: Module 'AndroidTargetPlatform' loaded TargetPlatform 'Android_DXT'
[2019.09.12-08.39.37:350][  0]LogTemp: Display: Module 'AndroidTargetPlatform' loaded TargetPlatform 'Android_ETC1'
[2019.09.12-08.39.37:350][  0]LogTemp: Display: Module 'AndroidTargetPlatform' loaded TargetPlatform 'Android_ETC1a'
[2019.09.12-08.39.37:350][  0]LogTemp: Display: Module 'AndroidTargetPlatform' loaded TargetPlatform 'Android_ETC2'
[2019.09.12-08.39.37:350][  0]LogTemp: Display: Module 'AndroidTargetPlatform' loaded TargetPlatform 'Android_PVRTC'
[2019.09.12-08.39.37:350][  0]LogTemp: Display: Module 'AndroidTargetPlatform' loaded TargetPlatform 'AndroidClient'
[2019.09.12-08.39.37:351][  0]LogTemp: Display: Module 'AndroidTargetPlatform' loaded TargetPlatform 'Android_ASTCClient'
[2019.09.12-08.39.37:351][  0]LogTemp: Display: Module 'AndroidTargetPlatform' loaded TargetPlatform 'Android_ATCClient'
[2019.09.12-08.39.37:351][  0]LogTemp: Display: Module 'AndroidTargetPlatform' loaded TargetPlatform 'Android_DXTClient'
[2019.09.12-08.39.37:351][  0]LogTemp: Display: Module 'AndroidTargetPlatform' loaded TargetPlatform 'Android_ETC1Client'
[2019.09.12-08.39.37:351][  0]LogTemp: Display: Module 'AndroidTargetPlatform' loaded TargetPlatform 'Android_ETC1aClient'
[2019.09.12-08.39.37:351][  0]LogTemp: Display: Module 'AndroidTargetPlatform' loaded TargetPlatform 'Android_ETC2Client'
[2019.09.12-08.39.37:351][  0]LogTemp: Display: Module 'AndroidTargetPlatform' loaded TargetPlatform 'Android_PVRTCClient'
[2019.09.12-08.39.37:351][  0]LogTemp: Display: Module 'AndroidTargetPlatform' loaded TargetPlatform 'Android_Multi'
[2019.09.12-08.39.37:352][  0]LogTemp: Display: Module 'AndroidTargetPlatform' loaded TargetPlatform 'Android_MultiClient'
[2019.09.12-08.39.37:363][  0]LogTemp: Display: Module 'HTML5TargetPlatform' loaded TargetPlatform 'HTML5'
[2019.09.12-08.39.37:453][  0]LogTemp: Display: Module 'IOSTargetPlatform' loaded TargetPlatform 'IOSClient'
[2019.09.12-08.39.37:454][  0]LogTemp: Display: Module 'IOSTargetPlatform' loaded TargetPlatform 'IOS'
[2019.09.12-08.39.37:510][  0]LogTemp: Display: Module 'TVOSTargetPlatform' loaded TargetPlatform 'TVOSClient'
[2019.09.12-08.39.37:510][  0]LogTemp: Display: Module 'TVOSTargetPlatform' loaded TargetPlatform 'TVOS'
[2019.09.12-08.39.37:536][  0]LogTemp: Display: Module 'LinuxClientTargetPlatform' loaded TargetPlatform 'LinuxClient'
[2019.09.12-08.39.37:558][  0]LogTemp: Display: Module 'LinuxNoEditorTargetPlatform' loaded TargetPlatform 'LinuxNoEditor'
[2019.09.12-08.39.37:575][  0]LogTemp: Display: Module 'LinuxServerTargetPlatform' loaded TargetPlatform 'LinuxServer'
[2019.09.12-08.39.37:606][  0]LogTemp: Display: Module 'LinuxTargetPlatform' loaded TargetPlatform 'Linux'
[2019.09.12-08.39.37:683][  0]LogTemp: Display: Module 'LuminTargetPlatform' loaded TargetPlatform 'Lumin'
[2019.09.12-08.39.37:683][  0]LogTemp: Display: Module 'LuminTargetPlatform' loaded TargetPlatform 'LuminClient'
[2019.09.12-08.39.37:684][  0]LogTargetPlatformManager: Display: Building Assets For Windows
[2019.09.12-08.39.37:753][  0]LogAudioDebug: Display: Lib vorbis DLL was dynamically loaded.
[2019.09.12-08.39.38:079][  0]LogShaderCompilers: Guid format shader working directory is -28 characters bigger than the processId version (C:/Users/hi_it/OneDrive/Documents/GitHub/AI4Games/DuckHuntUnreal/DuckHunt/Intermediate/Shaders/WorkingDirectory/28852/).
[2019.09.12-08.39.38:079][  0]LogShaderCompilers: Cleaned the shader compiler working directory 'C:/Users/hi_it/AppData/Local/Temp/UnrealShaderWorkingDir/57673E244CE88A250EE8598BD676070D/'.
[2019.09.12-08.39.38:087][  0]LogXGEController: Cleaning working directory: C:/Users/hi_it/AppData/Local/Temp/UnrealXGEWorkingDir/
[2019.09.12-08.39.38:088][  0]LogXGEController: Cannot use XGE Controller as Incredibuild is not installed on this machine.
[2019.09.12-08.39.38:088][  0]LogShaderCompilers: Cannot use XGE Shader Compiler as Incredibuild is not installed on this machine.
[2019.09.12-08.39.38:088][  0]LogShaderCompilers: Display: Using Local Shader Compiler.
[2019.09.12-08.39.41:155][  0]LogDerivedDataCache: Display: Max Cache Size: 512 MB
[2019.09.12-08.39.41:445][  0]LogDerivedDataCache: Loaded boot cache 0.29s 71MB C:/Users/hi_it/AppData/Local/UnrealEngine/4.22/DerivedDataCache/Boot.ddc.
[2019.09.12-08.39.41:445][  0]LogDerivedDataCache: Display: Loaded Boot cache: C:/Users/hi_it/AppData/Local/UnrealEngine/4.22/DerivedDataCache/Boot.ddc
[2019.09.12-08.39.41:446][  0]LogDerivedDataCache: FDerivedDataBackendGraph:  Pak pak cache file C:/Users/hi_it/OneDrive/Documents/GitHub/AI4Games/DuckHuntUnreal/DuckHunt/DerivedDataCache/DDC.ddp not found, will not use a pak cache.
[2019.09.12-08.39.41:446][  0]LogDerivedDataCache: Unable to find inner node Pak for hierarchical cache Hierarchy.
[2019.09.12-08.39.41:446][  0]LogDerivedDataCache: FDerivedDataBackendGraph:  CompressedPak pak cache file C:/Users/hi_it/OneDrive/Documents/GitHub/AI4Games/DuckHuntUnreal/DuckHunt/DerivedDataCache/Compressed.ddp not found, will not use a pak cache.
[2019.09.12-08.39.41:446][  0]LogDerivedDataCache: Unable to find inner node CompressedPak for hierarchical cache Hierarchy.
[2019.09.12-08.39.41:479][  0]LogDerivedDataCache: Display: Pak cache opened for reading ../../../Engine/DerivedDataCache/Compressed.ddp.
[2019.09.12-08.39.41:479][  0]LogDerivedDataCache: FDerivedDataBackendGraph:  EnterprisePak pak cache file ../../../Enterprise/DerivedDataCache/Compressed.ddp not found, will not use a pak cache.
[2019.09.12-08.39.41:480][  0]LogDerivedDataCache: Unable to find inner node EnterprisePak for hierarchical cache Hierarchy.
[2019.09.12-08.39.41:493][  0]LogDerivedDataCache: Using Local data cache path C:/Users/hi_it/AppData/Local/UnrealEngine/Common/DerivedDataCache: Writable
[2019.09.12-08.39.41:493][  0]LogDerivedDataCache: Shared data cache path not found in *engine.ini, will not use an Shared cache.
[2019.09.12-08.39.41:493][  0]LogDerivedDataCache: Unable to find inner node Shared for hierarchical cache Hierarchy.
[2019.09.12-08.39.41:530][  0]LogMaterial: Verifying Global Shaders for PCD3D_SM5
[2019.09.12-08.39.41:547][  0]LogSlate: Using FreeType 2.6.0
[2019.09.12-08.39.41:611][  0]LogSlate: SlateFontServices - WITH_FREETYPE: 1, WITH_HARFBUZZ: 1
[2019.09.12-08.39.42:230][  0]LogAssetRegistry: FAssetRegistry took 0.0370 seconds to start up
[2019.09.12-08.39.44:013][  0]LogInit: Selected Device Profile: [Windows]
[2019.09.12-08.39.44:720][  0]LogMeshReduction: Using QuadricMeshReduction for automatic static mesh reduction
[2019.09.12-08.39.44:721][  0]LogMeshReduction: Using SimplygonMeshReduction for automatic skeletal mesh reduction
[2019.09.12-08.39.44:721][  0]LogMeshReduction: Using ProxyLODMeshReduction for automatic mesh merging
[2019.09.12-08.39.44:721][  0]LogMeshReduction: No distributed automatic mesh merging module available
[2019.09.12-08.39.44:730][  0]LogMeshMerging: No distributed automatic mesh merging module available
[2019.09.12-08.39.44:820][  0]LogNetVersion: DuckHunt 1.0.0, NetCL: 5660361, EngineNetVer: 10, GameNetVer: 0 (Checksum: 1233369730)
[2019.09.12-08.39.46:518][  0]LogPackageLocalizationCache: Processed 10 localized package path(s) for 1 prioritized culture(s) in 0.060637 seconds
[2019.09.12-08.39.46:525][  0]LogUObjectArray: 42205 objects as part of root set at end of initial load.
[2019.09.12-08.39.46:525][  0]LogUObjectAllocator: 7325032 out of 0 bytes used by permanent object pool.
[2019.09.12-08.39.46:525][  0]LogUObjectArray: CloseDisregardForGC: 0/0 objects in disregard for GC pool
[2019.09.12-08.39.54:300][  0]LogTemp: IOS device listing is disabled (to many failed attempts)!
[2019.09.12-08.39.54:487][  0]LogTcpMessaging: Initializing TcpMessaging bridge
[2019.09.12-08.39.54:514][  0]LogUdpMessaging: Initializing bridge on interface 0.0.0.0:0 to multicast group 230.0.0.1:6666.
[2019.09.12-08.39.55:043][  0]SourceControl: Source control is disabled
[2019.09.12-08.39.55:044][  0]SourceControl: Source control is disabled
[2019.09.12-08.39.55:111][  0]SourceControl: Source control is disabled
[2019.09.12-08.39.55:119][  0]SourceControl: Source control is disabled
[2019.09.12-08.39.55:844][  0]LogAndroidPermission: UAndroidPermissionCallbackProxy::GetInstance
[2019.09.12-08.39.56:287][  0]LogOcInput: OculusInput pre-init called
[2019.09.12-08.39.57:836][  0]LogEngine: Initializing Engine...
[2019.09.12-08.39.57:886][  0]LogHMD: Failed to initialize OpenVR with code 110
[2019.09.12-08.39.57:888][  0]LogStats: UGameplayTagsManager::InitializeManager -  0.000 s
[2019.09.12-08.39.58:399][  0]LogInit: Initializing FReadOnlyCVARCache
[2019.09.12-08.39.58:491][  0]LogAIModule: Creating AISystem for world Untitled
[2019.09.12-08.39.58:540][  0]LogInit: XAudio2 using 'LG TV (Intel(R) Display Audio)' : 2 channels at 48 kHz using 16 bits per sample (channel mask 0x3)
[2019.09.12-08.39.58:589][  0]LogInit: FAudioDevice initialized.
[2019.09.12-08.39.58:589][  0]LogNetVersion: Set ProjectVersion to 1.0.0.0. Version Checksum will be recalculated on next use.
[2019.09.12-08.39.58:732][  0]LogDerivedDataCache: Saved boot cache 0.14s 71MB C:/Users/hi_it/AppData/Local/UnrealEngine/4.22/DerivedDataCache/Boot.ddc.
[2019.09.12-08.39.58:738][  0]LogInit: Texture streaming: Enabled
[2019.09.12-08.39.58:827][  0]LogEngineSessionManager: EngineSessionManager initialized
[2019.09.12-08.39.58:827][  0]LogEngineSessionManager: EngineSessionManager sent abnormal shutdown report. Type=Debugger, SessionId={00297843-4C53-2D10-63EC-C2ADBA125F7A}
[2019.09.12-08.39.58:921][  0]LogInit: Transaction tracking system initialized
[2019.09.12-08.39.59:221][  0]BlueprintLog: New page: Editor Load
[2019.09.12-08.39.59:919][  0]LocalizationService: Localization service is disabled
[2019.09.12-08.40.01:384][  0]LogFileCache: Scanning file cache for directory 'C:/Users/hi_it/OneDrive/Documents/GitHub/AI4Games/DuckHuntUnreal/DuckHunt/Content/' took 0.02s
[2019.09.12-08.40.01:384][  0]LogCook: Display: Max memory allowance for cook 16384mb min free memory 0mb
[2019.09.12-08.40.01:384][  0]LogCook: Display: Mobile HDR setting 0
[2019.09.12-08.40.03:895][  0]SourceControl: Source control is disabled
[2019.09.12-08.40.03:901][  0]Cmd: MAP LOAD FILE="C:/Users/hi_it/OneDrive/Documents/GitHub/AI4Games/DuckHuntUnreal/DuckHunt/Content/Untitled.umap" TEMPLATE=0 SHOWPROGRESS=1 FEATURELEVEL=3
[2019.09.12-08.40.03:907][  0]LightingResults: New page: Lighting Build
[2019.09.12-08.40.03:924][  0]MapCheck: New page: Map Check
[2019.09.12-08.40.03:924][  0]LightingResults: New page: Lighting Build
[2019.09.12-08.40.03:948][  0]LogUObjectHash: Compacting FUObjectHashTables data took   1.53ms
[2019.09.12-08.40.04:400][  0]LogAIModule: Creating AISystem for world Untitled
[2019.09.12-08.40.05:515][  0]LogEditorServer: Finished looking for orphan Actors (0.000 secs)
[2019.09.12-08.40.05:546][  0]LogUObjectHash: Compacting FUObjectHashTables data took   2.15ms
[2019.09.12-08.40.05:546][  0]Cmd: MAP CHECKDEP NOCLEARLOG
[2019.09.12-08.40.05:547][  0]MapCheck: Map check complete: 0 Error(s), 0 Warning(s), took 0.295ms to complete.
[2019.09.12-08.40.05:547][  0]LogFileHelpers: Loading map 'Untitled' took 1.645
[2019.09.12-08.40.05:871][  0]LogSlate: Updating window title bar state: overlay mode, drag disabled, window buttons hidden, title bar hidden
[2019.09.12-08.40.05:879][  0]LogSlate: Updating window title bar state: overlay mode, drag disabled, window buttons hidden, title bar hidden
[2019.09.12-08.40.05:888][  0]LogSlate: Updating window title bar state: overlay mode, drag disabled, window buttons hidden, title bar hidden
[2019.09.12-08.40.05:897][  0]LogSlate: Updating window title bar state: overlay mode, drag disabled, window buttons hidden, title bar hidden
[2019.09.12-08.40.05:936][  0]LogCollectionManager: Loaded 0 collections in 0.001122 seconds
[2019.09.12-08.40.05:977][  0]LogFileCache: Scanning file cache for directory 'C:/Users/hi_it/OneDrive/Documents/GitHub/AI4Games/DuckHuntUnreal/DuckHunt/Saved/Collections/' took 0.01s
[2019.09.12-08.40.05:977][  0]LogFileCache: Scanning file cache for directory 'C:/Users/hi_it/OneDrive/Documents/GitHub/AI4Games/DuckHuntUnreal/DuckHunt/Content/Developers/hiit/Collections/' took 0.00s
[2019.09.12-08.40.05:977][  0]LogFileCache: Scanning file cache for directory 'C:/Users/hi_it/OneDrive/Documents/GitHub/AI4Games/DuckHuntUnreal/DuckHunt/Content/Collections/' took 0.00s
[2019.09.12-08.40.05:977][  0]LogCollectionManager: Rebuilt the GUID cache for 0 collections in 0.000000 seconds
[2019.09.12-08.40.06:003][  0]LogContentBrowser: Native class hierarchy populated in 0.0250 seconds. Added 2737 classes and 661 folders.
[2019.09.12-08.40.06:042][  0]LogContentBrowser: Native class hierarchy updated for 'WidgetCarousel' in 0.0004 seconds. Added 0 classes and 0 folders.
[2019.09.12-08.40.06:077][  0]LogPakFile: Registered encryption key '00000000000000000000000000000000': 0 pak files mounted, 0 remain pending
[2019.09.12-08.40.06:106][  0]LogPakFile: Registered encryption key '00000000000000000000000000000000': 0 pak files mounted, 0 remain pending
[2019.09.12-08.40.06:121][  0]LogPakFile: Registered encryption key '00000000000000000000000000000000': 0 pak files mounted, 0 remain pending
[2019.09.12-08.40.06:133][  0]LogPakFile: Registered encryption key '00000000000000000000000000000000': 0 pak files mounted, 0 remain pending
[2019.09.12-08.40.06:141][  0]LogPakFile: Registered encryption key '00000000000000000000000000000000': 0 pak files mounted, 0 remain pending
[2019.09.12-08.40.06:159][  0]LogPakFile: Registered encryption key '00000000000000000000000000000000': 0 pak files mounted, 0 remain pending
[2019.09.12-08.40.06:165][  0]LogPakFile: Registered encryption key '00000000000000000000000000000000': 0 pak files mounted, 0 remain pending
[2019.09.12-08.40.06:182][  0]LogPakFile: Registered encryption key '00000000000000000000000000000000': 0 pak files mounted, 0 remain pending
[2019.09.12-08.40.06:189][  0]LogPakFile: Registered encryption key '00000000000000000000000000000000': 0 pak files mounted, 0 remain pending
[2019.09.12-08.40.06:197][  0]LogPakFile: Registered encryption key '00000000000000000000000000000000': 0 pak files mounted, 0 remain pending
[2019.09.12-08.40.06:203][  0]LogPakFile: Registered encryption key '00000000000000000000000000000000': 0 pak files mounted, 0 remain pending
[2019.09.12-08.40.06:211][  0]LogPakFile: Registered encryption key '00000000000000000000000000000000': 0 pak files mounted, 0 remain pending
[2019.09.12-08.40.06:219][  0]LogPakFile: Registered encryption key '00000000000000000000000000000000': 0 pak files mounted, 0 remain pending
[2019.09.12-08.40.06:227][  0]LogPakFile: Registered encryption key '00000000000000000000000000000000': 0 pak files mounted, 0 remain pending
[2019.09.12-08.40.06:233][  0]LogPakFile: Registered encryption key '00000000000000000000000000000000': 0 pak files mounted, 0 remain pending
[2019.09.12-08.40.06:240][  0]LogPakFile: Registered encryption key '00000000000000000000000000000000': 0 pak files mounted, 0 remain pending
[2019.09.12-08.40.06:269][  0]LogPakFile: Registered encryption key '00000000000000000000000000000000': 0 pak files mounted, 0 remain pending
[2019.09.12-08.40.06:276][  0]LogPakFile: Registered encryption key '00000000000000000000000000000000': 0 pak files mounted, 0 remain pending
[2019.09.12-08.40.06:282][  0]LogPakFile: Registered encryption key '00000000000000000000000000000000': 0 pak files mounted, 0 remain pending
[2019.09.12-08.40.06:288][  0]LogPakFile: Registered encryption key '00000000000000000000000000000000': 0 pak files mounted, 0 remain pending
[2019.09.12-08.40.06:296][  0]LogPakFile: Registered encryption key '00000000000000000000000000000000': 0 pak files mounted, 0 remain pending
[2019.09.12-08.40.06:302][  0]LogPakFile: Registered encryption key '00000000000000000000000000000000': 0 pak files mounted, 0 remain pending
[2019.09.12-08.40.06:308][  0]LogPakFile: Registered encryption key '00000000000000000000000000000000': 0 pak files mounted, 0 remain pending
[2019.09.12-08.40.06:314][  0]LogPakFile: Registered encryption key '00000000000000000000000000000000': 0 pak files mounted, 0 remain pending
[2019.09.12-08.40.06:332][  0]LogPakFile: Registered encryption key '00000000000000000000000000000000': 0 pak files mounted, 0 remain pending
[2019.09.12-08.40.06:338][  0]LogPakFile: Registered encryption key '00000000000000000000000000000000': 0 pak files mounted, 0 remain pending
[2019.09.12-08.40.06:787][  0]LogContentBrowser: Native class hierarchy updated for 'AddContentDialog' in 0.0004 seconds. Added 0 classes and 0 folders.
[2019.09.12-08.40.06:814][  0]LogContentBrowser: Native class hierarchy updated for 'SceneOutliner' in 0.0004 seconds. Added 1 classes and 2 folders.
[2019.09.12-08.40.06:953][  0]LogSlate: Took 0.016819 seconds to synchronously load lazily loaded font '../../../Engine/Content/Slate/Fonts/Roboto-Regular.ttf' (155K)
[2019.09.12-08.40.06:972][  0]LogSlate: Took 0.016057 seconds to synchronously load lazily loaded font '../../../Engine/Content/Slate/Fonts/Roboto-Bold.ttf' (160K)
[2019.09.12-08.40.07:003][  0]LogSlate: Took 0.013806 seconds to synchronously load lazily loaded font '../../../Engine/Content/Editor/Slate/Fonts/FontAwesome.ttf' (139K)
[2019.09.12-08.40.07:207][  0]LogRenderer: Reallocating scene render targets to support 964x436 Format 10 NumSamples 1 (Frame:1).
[2019.09.12-08.40.07:332][  0]LogSlate: Took 0.024790 seconds to synchronously load lazily loaded font '../../../Engine/Content/Slate/Fonts/Roboto-Light.ttf' (167K)
[2019.09.12-08.40.07:481][  0]LogContentBrowser: Native class hierarchy updated for 'HierarchicalLODOutliner' in 0.0005 seconds. Added 0 classes and 0 folders.
[2019.09.12-08.40.07:482][  0]LogLoad: (Engine Initialization) Total time: 42.55 seconds
[2019.09.12-08.40.07:482][  0]LogLoad: (Engine Initialization) Total Blueprint compile time: 0.00 seconds
[2019.09.12-08.40.07:676][  0]LogAssetRegistry: Asset discovery search completed in 25.4710 seconds
[2019.09.12-08.40.07:680][  0]LogCollectionManager: Rebuilt the object cache for 0 collections in 0.000000 seconds (found 0 objects)
[2019.09.12-08.40.07:680][  0]LogCollectionManager: Fixed up redirectors for 0 collections in 0.000185 seconds (updated 0 objects)
[2019.09.12-08.40.07:686][  0]LogContentStreaming: Texture pool size now 1000 MB
[2019.09.12-08.40.19:123][679]LogSlate: FSceneViewport::OnFocusLost() reason 2
[2019.09.12-08.44.40:671][366]LogTemp: Repeating last play command: Selected Viewport
[2019.09.12-08.44.40:685][366]LogBlueprintUserMessages: Early PlayInEditor Detection: Level '/Game/Untitled.Untitled:PersistentLevel' has LevelScriptBlueprint '/Game/Untitled.Untitled:PersistentLevel.Untitled' with GeneratedClass '/Game/Untitled.Untitled_C' with ClassGeneratedBy '/Game/Untitled.Untitled:PersistentLevel.Untitled'
[2019.09.12-08.44.40:685][366]LogPlayLevel: PlayLevel: No blueprints needed recompiling
[2019.09.12-08.44.40:734][366]PIE: New page: PIE session: Untitled (13 Sep 2019 4:44:40 am)
[2019.09.12-08.44.40:750][366]LogPlayLevel: Creating play world package: /Game/UEDPIE_0_Untitled
[2019.09.12-08.44.40:781][366]LogPlayLevel: PIE: StaticDuplicateObject took: (0.030959s)
[2019.09.12-08.44.40:782][366]LogAIModule: Creating AISystem for world Untitled
[2019.09.12-08.44.40:783][366]LogPlayLevel: PIE: World Init took: (0.001276s)
[2019.09.12-08.44.40:783][366]LogPlayLevel: PIE: Created PIE world by copying editor world from /Game/Untitled.Untitled to /Game/UEDPIE_0_Untitled.Untitled (0.033008s)
[2019.09.12-08.44.40:811][366]LogUObjectHash: Compacting FUObjectHashTables data took   2.50ms
[2019.09.12-08.44.40:846][366]LogInit: XAudio2 using 'LG TV (Intel(R) Display Audio)' : 2 channels at 48 kHz using 16 bits per sample (channel mask 0x3)
[2019.09.12-08.44.40:861][366]LogInit: FAudioDevice initialized.
[2019.09.12-08.44.40:910][366]LogLoad: Game class is 'DuckHuntGameModeBase'
[2019.09.12-08.44.40:915][366]LogWorld: Bringing World /Game/UEDPIE_0_Untitled.Untitled up for play (max tick rate 60) at 2019.09.12-18.44.40
[2019.09.12-08.44.40:916][366]LogWorld: Bringing up level for play took: 0.003511
[2019.09.12-08.44.40:992][366]LogContentBrowser: Native class hierarchy updated for 'MovieSceneCapture' in 0.0005 seconds. Added 20 classes and 0 folders.
[2019.09.12-08.44.40:993][366]PIE: Play in editor start time for /Game/UEDPIE_0_Untitled 1.102
[2019.09.12-08.44.40:994][366]LogBlueprintUserMessages: Late PlayInEditor Detection: Level '/Game/Untitled.Untitled:PersistentLevel' has LevelScriptBlueprint '/Game/Untitled.Untitled:PersistentLevel.Untitled' with GeneratedClass '/Game/Untitled.Untitled_C' with ClassGeneratedBy '/Game/Untitled.Untitled:PersistentLevel.Untitled'
[2019.09.12-08.44.49:733][890]LogBlueprintUserMessages: Early EndPlayMap Detection: Level '/Game/Untitled.Untitled:PersistentLevel' has LevelScriptBlueprint '/Game/Untitled.Untitled:PersistentLevel.Untitled' with GeneratedClass '/Game/Untitled.Untitled_C' with ClassGeneratedBy '/Game/Untitled.Untitled:PersistentLevel.Untitled'
[2019.09.12-08.44.49:733][890]LogSlate: Updating window title bar state: overlay mode, drag disabled, window buttons hidden, title bar hidden
[2019.09.12-08.44.49:773][890]LogPlayLevel: Display: Shutting down PIE online subsystems
[2019.09.12-08.44.49:774][890]LogBlueprintUserMessages: Late EndPlayMap Detection: Level '/Game/Untitled.Untitled:PersistentLevel' has LevelScriptBlueprint '/Game/Untitled.Untitled:PersistentLevel.Untitled' with GeneratedClass '/Game/Untitled.Untitled_C' with ClassGeneratedBy '/Game/Untitled.Untitled:PersistentLevel.Untitled'
[2019.09.12-08.44.49:805][890]LogSlate: Updating window title bar state: overlay mode, drag disabled, window buttons hidden, title bar hidden
[2019.09.12-08.44.49:809][890]LogUObjectHash: Compacting FUObjectHashTables data took   1.77ms
[2019.09.12-08.44.49:836][892]LogPlayLevel: Display: Destroying online subsystem :Context_2
[2019.09.12-08.44.56:588][297]LogSlate: FSceneViewport::OnFocusLost() reason 0
[2019.09.12-08.44.56:963][302]LogSlate: Took 0.006007 seconds to synchronously load lazily loaded font '../../../Engine/Content/Slate/Fonts/Roboto-Light.ttf' (167K)
[2019.09.12-08.44.56:976][302]LogAssetEditorManager: Opening Asset editor for Class /Script/DuckHunt.PlayerPawn
