Log file open, 09/11/19 09:15:04
LogWindows: Failed to load 'aqProf.dll' (GetLastError=126)
LogWindows: File 'aqProf.dll' does not exist
LogWindows: Failed to load 'VSPerf140.dll' (GetLastError=126)
LogWindows: File 'VSPerf140.dll' does not exist
LogWindows: Failed to load 'VtuneApi.dll' (GetLastError=126)
LogWindows: File 'VtuneApi.dll' does not exist
LogWindows: Failed to load 'VtuneApi32e.dll' (GetLastError=126)
LogWindows: File 'VtuneApi32e.dll' does not exist
LogInit: Display: Running engine for game: DuckHunt
LogPlatformFile: Not using cached read wrapper
LogTaskGraph: Started task graph with 5 named threads and 23 total threads with 3 sets of task threads.
LogStats: Stats thread started at 0.271101
LogD3D11RHI: Loaded GFSDK_Aftermath_Lib.x64.dll
LogICUInternationalization: Display: ICU TimeZone Detection - Raw Offset: +10:00, Platform Override: ''
LogPluginManager: Mounting plugin Paper2D
LogPluginManager: Mounting plugin AISupport
LogPluginManager: Mounting plugin LightPropagationVolume
LogPluginManager: Mounting plugin CLionSourceCodeAccess
LogPluginManager: Mounting plugin CodeLiteSourceCodeAccess
LogPluginManager: Mounting plugin GitSourceControl
LogPluginManager: Mounting plugin KDevelopSourceCodeAccess
LogPluginManager: Mounting plugin NullSourceCodeAccess
LogPluginManager: Mounting plugin PerforceSourceControl
LogPluginManager: Mounting plugin SubversionSourceControl
LogPluginManager: Mounting plugin UObjectPlugin
LogPluginManager: Mounting plugin VisualStudioCodeSourceCodeAccess
LogPluginManager: Mounting plugin VisualStudioSourceCodeAccess
LogPluginManager: Mounting plugin XCodeSourceCodeAccess
LogPluginManager: Mounting plugin AssetManagerEditor
LogPluginManager: Mounting plugin CryptoKeys
LogPluginManager: Mounting plugin DataValidation
LogPluginManager: Mounting plugin FacialAnimation
LogPluginManager: Mounting plugin GameplayTagsEditor
LogPluginManager: Mounting plugin MacGraphicsSwitching
LogPluginManager: Mounting plugin MeshEditor
LogPluginManager: Mounting plugin MobileLauncherProfileWizard
LogPluginManager: Mounting plugin PluginBrowser
LogPluginManager: Mounting plugin SpeedTreeImporter
LogPluginManager: Mounting plugin DatasmithContent
LogPluginManager: Mounting plugin AlembicImporter
LogPluginManager: Mounting plugin AppleImageUtils
LogPluginManager: Mounting plugin AppleVision
LogPluginManager: Mounting plugin BackChannel
LogPluginManager: Mounting plugin CharacterAI
LogPluginManager: Mounting plugin GeometryCache
LogPluginManager: Mounting plugin HTML5Networking
LogPluginManager: Mounting plugin ProxyLODPlugin
LogPluginManager: Mounting plugin MagicLeap
LogPluginManager: Mounting plugin MagicLeapEmulator
LogPluginManager: Mounting plugin MagicLeapMedia
LogPluginManager: Mounting plugin AndroidMedia
LogPluginManager: Mounting plugin AvfMedia
LogPluginManager: Mounting plugin ImgMedia
LogPluginManager: Mounting plugin LinearTimecode
LogPluginManager: Mounting plugin MediaCompositing
LogPluginManager: Mounting plugin MediaPlayerEditor
LogPluginManager: Mounting plugin WmfMedia
LogPluginManager: Mounting plugin TcpMessaging
LogPluginManager: Mounting plugin UdpMessaging
LogPluginManager: Mounting plugin ActorSequence
LogPluginManager: Mounting plugin LevelSequenceEditor
LogPluginManager: Mounting plugin MatineeToLevelSequence
LogPluginManager: Mounting plugin NetcodeUnitTest
LogPluginManager: Mounting plugin NUTUnrealEngine4
LogPluginManager: Mounting plugin OnlineSubsystemGooglePlay
LogPluginManager: Mounting plugin OnlineSubsystemIOS
LogPluginManager: Mounting plugin OnlineSubsystem
LogPluginManager: Mounting plugin OnlineSubsystemNull
LogPluginManager: Mounting plugin OnlineSubsystemUtils
LogPluginManager: Mounting plugin LauncherChunkInstaller
LogPluginManager: Mounting plugin AndroidDeviceProfileSelector
LogPluginManager: Mounting plugin AndroidMoviePlayer
LogPluginManager: Mounting plugin AndroidPermission
LogPluginManager: Mounting plugin AppleMoviePlayer
LogPluginManager: Mounting plugin ArchVisCharacter
LogPluginManager: Mounting plugin AudioCapture
LogPluginManager: Mounting plugin CableComponent
LogPluginManager: Mounting plugin CustomMeshComponent
LogPluginManager: Mounting plugin EditableMesh
LogPluginManager: Mounting plugin ExampleDeviceProfileSelector
LogPluginManager: Mounting plugin GoogleCloudMessaging
LogPluginManager: Mounting plugin ImmediatePhysics
LogPluginManager: Mounting plugin IOSDeviceProfileSelector
LogPluginManager: Mounting plugin LinuxDeviceProfileSelector
LogPluginManager: Mounting plugin LocationServicesBPLibrary
LogPluginManager: Mounting plugin MobilePatchingUtils
LogPluginManager: Mounting plugin OculusVR
LogPluginManager: Plugin shader directory ../../../Engine/Plugins/Runtime/Oculus/OculusVR/Shaders found
LogPluginManager: Mapping shader source directory ../../../Engine/Plugins/Runtime/Oculus/OculusVR/Shaders to virtual directory /Plugin/OculusVR
LogPluginManager: Mounting plugin PhysXVehicles
LogPluginManager: Mounting plugin ProceduralMeshComponent
LogPluginManager: Mounting plugin RuntimePhysXCooking
LogPluginManager: Mounting plugin SteamVR
LogPluginManager: Mounting plugin WindowsMoviePlayer
LogStreaming: Display: Took  0.098s to configure plugins.
LogInit: Using libcurl 7.55.1-DEV
LogInit:  - built for x86_64-pc-win32
LogInit:  - supports SSL with OpenSSL/1.0.2h
LogInit:  - supports HTTP deflate (compression) using libz 1.2.8
LogInit:  - other features:
LogInit:      CURL_VERSION_SSL
LogInit:      CURL_VERSION_LIBZ
LogInit:      CURL_VERSION_IPV6
LogInit:      CURL_VERSION_ASYNCHDNS
LogInit:      CURL_VERSION_LARGEFILE
LogInit:      CURL_VERSION_IDN
LogInit:  CurlRequestOptions (configurable via config and command line):
LogInit:  - bVerifyPeer = false  - Libcurl will NOT verify peer certificate
LogInit:  - bUseHttpProxy = false  - Libcurl will NOT use HTTP proxy
LogInit:  - bDontReuseConnections = false  - Libcurl will reuse connections
LogInit:  - CertBundlePath = nullptr  - Libcurl will use whatever was configured at build time.
LogInit:  - MaxHostConnections = 16  - Libcurl will limit the number of connections to a host
LogInit:  - LocalHostAddr = Default
LogInit:  - BufferSize = 65536
LogInit: WinSock: version 1.1 (2.2), MaxSocks=32767, MaxUdp=65467
LogInit: Build: ++UE4+Release-4.20-CL-4369336
LogInit: Engine Version: 4.20.3-4369336+++UE4+Release-4.20
LogInit: Compatible Engine Version: 4.20.0-4212847+++UE4+Release-4.20
LogInit: Net CL: 4212847
LogInit: OS: Windows 10 (), CPU: Intel(R) Core(TM) i7-4790 CPU @ 3.60GHz, GPU: NVIDIA GeForce GTX 770
LogInit: Compiled (64-bit): Sep 17 2018 12:26:19
LogInit: Compiled with Visual C++: 19.13.26129.00
LogInit: Build Configuration: Development
LogInit: Branch Name: ++UE4+Release-4.20
LogInit: Command Line: 
LogInit: Base Directory: C:/Program Files/Epic Games/UE_4.20/Engine/Binaries/Win64/
LogInit: Installed Engine Build: 1
LogDevObjectVersion: Number of dev versions registered: 20
LogDevObjectVersion:   Dev-Blueprints (B0D832E4-1F89-4F0D-ACCF-7EB736FD4AA2): 10
LogDevObjectVersion:   Dev-Build (E1C64328-A22C-4D53-A36C-8E866417BD8C): 0
LogDevObjectVersion:   Dev-Core (375EC13C-06E4-48FB-B500-84F0262A717E): 2
LogDevObjectVersion:   Dev-Editor (E4B068ED-F494-42E9-A231-DA0B2E46BB41): 24
LogDevObjectVersion:   Dev-Framework (CFFC743F-43B0-4480-9391-14DF171D2073): 34
LogDevObjectVersion:   Dev-Mobile (B02B49B5-BB20-44E9-A304-32B752E40360): 2
LogDevObjectVersion:   Dev-Networking (A4E4105C-59A1-49B5-A7C5-40C4547EDFEE): 0
LogDevObjectVersion:   Dev-Online (39C831C9-5AE6-47DC-9A44-9C173E1C8E7C): 0
LogDevObjectVersion:   Dev-Physics (78F01B33-EBEA-4F98-B9B4-84EACCB95AA2): 0
LogDevObjectVersion:   Dev-Platform (6631380F-2D4D-43E0-8009-CF276956A95A): 0
LogDevObjectVersion:   Dev-Rendering (12F88B9F-8875-4AFC-A67C-D90C383ABD29): 26
LogDevObjectVersion:   Dev-Sequencer (7B5AE74C-D270-4C10-A958-57980B212A5A): 9
LogDevObjectVersion:   Dev-VR (D7296918-1DD6-4BDD-9DE2-64A83CC13884): 2
LogDevObjectVersion:   Dev-LoadTimes (C2A15278-BFE7-4AFE-6C17-90FF531DF755): 1
LogDevObjectVersion:   Private-Geometry (6EACA3D4-40EC-4CC1-B786-8BED09428FC5): 3
LogDevObjectVersion:   Dev-AnimPhys (29E575DD-E0A3-4627-9D10-D276232CDCEA): 17
LogDevObjectVersion:   Dev-ReflectionCapture (6B266CEC-1EC7-4B8F-A30B-E4D90942FC07): 1
LogDevObjectVersion:   Dev-Automation (0DF73D61-A23F-47EA-B727-89E90C41499A): 1
LogDevObjectVersion:   FortniteMain (601D1886-AC64-4F84-AA16-D3DE0DEAC7D6): 12
LogDevObjectVersion:   Dev-Enterprise (9DFFBCD6-494F-0158-E221-12823C92A888): 1
LogStreaming: Display: Took  0.000s to delete old logs.
LogInit: Presizing for max 8388607 objects, including 0 objects not considered by GC, pre-allocating 0 bytes for permanent pool.
LogInit: Object subsystem initialized
[2019.09.10-23.15.04:836][  0]LogInit: Selected Device Profile: [Windows]
[2019.09.10-23.15.04:836][  0]LogInit: Applying CVar settings loaded from the selected device profile: [Windows]
[2019.09.10-23.15.04:847][  0]LogHAL: Display: Platform has ~ 16 GB [17008955392 / 17179869184 / 16], which maps to Larger [LargestMinGB=32, LargerMinGB=12, DefaultMinGB=8, SmallerMinGB=6, SmallestMinGB=0)
[2019.09.10-23.15.04:847][  0]LogInit: Setting Device Profile CVar: [[r.Vulkan.UseRealUBs:1]]
[2019.09.10-23.15.04:847][  0]LogInit: Going up to parent DeviceProfile []
[2019.09.10-23.15.04:847][  0]LogInit: Computer: SYD-B7C667
[2019.09.10-23.15.04:847][  0]LogInit: User: s181813
[2019.09.10-23.15.04:847][  0]LogInit: CPU Page size=4096, Cores=4
[2019.09.10-23.15.04:847][  0]LogInit: High frequency timer resolution =3.515619 MHz
[2019.09.10-23.15.04:848][  0]LogMemory: Memory total: Physical=15.8GB (16GB approx)
[2019.09.10-23.15.04:848][  0]LogMemory: Platform Memory Stats for Windows
[2019.09.10-23.15.04:848][  0]LogMemory: Process Physical Memory: 100.64 MB used, 100.64 MB peak
[2019.09.10-23.15.04:848][  0]LogMemory: Process Virtual Memory: 89.81 MB used, 89.81 MB peak
[2019.09.10-23.15.04:848][  0]LogMemory: Physical Memory: 6211.66 MB used,  10009.34 MB free, 16221.00 MB total
[2019.09.10-23.15.04:848][  0]LogMemory: Virtual Memory: 4638.47 MB used,  10009.34 MB free, 134217728.00 MB total
[2019.09.10-23.15.04:862][  0]LogInit: Using OS detected language (en-US).
[2019.09.10-23.15.04:862][  0]LogInit: Using OS detected locale (en-US).
[2019.09.10-23.15.04:863][  0]LogTextLocalizationManager: No specific localization for 'en-US' exists, so the 'en' localization will be used.
[2019.09.10-23.15.05:244][  0]LogStreaming: Display: Took  0.382s to InitEngineTextLocalization.
[2019.09.10-23.15.05:244][  0]LogInit: Setting process to per monitor DPI aware
[2019.09.10-23.15.05:283][  0]LogSlate: New Slate User Created.  User Index 0, Is Virtual User: 0
[2019.09.10-23.15.05:283][  0]LogSlate: Slate User Registered.  User Index 0, Is Virtual User: 0
[2019.09.10-23.15.05:451][  0]LogHMD: Failed to initialize OpenVR with code 110
[2019.09.10-23.15.05:451][  0]LogD3D11RHI: D3D11 adapters:
[2019.09.10-23.15.05:500][  0]LogD3D11RHI:    0. 'NVIDIA GeForce GTX 770' (Feature Level 11_0)
[2019.09.10-23.15.05:500][  0]LogD3D11RHI:       2007/0/8110 MB DedicatedVideo/DedicatedSystem/SharedSystem, Outputs:2, VendorId:0x10de
[2019.09.10-23.15.05:504][  0]LogD3D11RHI:    1. 'Intel(R) HD Graphics 4600' (Feature Level 11_0)
[2019.09.10-23.15.05:505][  0]LogD3D11RHI:       112/0/2048 MB DedicatedVideo/DedicatedSystem/SharedSystem, Outputs:0, VendorId:0x8086
[2019.09.10-23.15.05:506][  0]LogD3D11RHI:    2. 'Microsoft Basic Render Driver' (Feature Level 11_0)
[2019.09.10-23.15.05:506][  0]LogD3D11RHI:       0/0/8110 MB DedicatedVideo/DedicatedSystem/SharedSystem, Outputs:0, VendorId:0x1414
[2019.09.10-23.15.05:506][  0]LogD3D11RHI: Chosen D3D11 Adapter: 0
[2019.09.10-23.15.05:512][  0]LogD3D11RHI: Creating new Direct3DDevice
[2019.09.10-23.15.05:512][  0]LogD3D11RHI:     GPU DeviceId: 0x1184 (for the marketing name, search the web for "GPU Device Id")
[2019.09.10-23.15.05:512][  0]LogWindows: EnumDisplayDevices:
[2019.09.10-23.15.05:512][  0]LogWindows:    0. 'NVIDIA GeForce GTX 770' (P:1 D:1)
[2019.09.10-23.15.05:512][  0]LogWindows:    1. 'NVIDIA GeForce GTX 770' (P:0 D:1)
[2019.09.10-23.15.05:512][  0]LogWindows:    2. 'NVIDIA GeForce GTX 770' (P:0 D:0)
[2019.09.10-23.15.05:512][  0]LogWindows:    3. 'NVIDIA GeForce GTX 770' (P:0 D:0)
[2019.09.10-23.15.05:513][  0]LogWindows:    4. 'Intel(R) HD Graphics 4600' (P:0 D:0)
[2019.09.10-23.15.05:513][  0]LogWindows:    5. 'Intel(R) HD Graphics 4600' (P:0 D:0)
[2019.09.10-23.15.05:513][  0]LogWindows:    6. 'Intel(R) HD Graphics 4600' (P:0 D:0)
[2019.09.10-23.15.05:513][  0]LogWindows: DebugString: PrimaryIsNotTheChoosenAdapter PrimaryIsNotTheChoosenAdapter PrimaryIsNotTheChoosenAdapter FoundDriverCount:4 
[2019.09.10-23.15.05:513][  0]LogD3D11RHI:     Adapter Name: NVIDIA GeForce GTX 770
[2019.09.10-23.15.05:513][  0]LogD3D11RHI:   Driver Version: 417.35 (internal:25.21.14.1735, unified:417.35)
[2019.09.10-23.15.05:513][  0]LogD3D11RHI:      Driver Date: 12-11-2018
[2019.09.10-23.15.05:513][  0]LogRHI: Texture pool is 1404 MB (70% of 2007 MB)
[2019.09.10-23.15.05:552][  0]LogD3D11RHI: Async texture creation enabled
[2019.09.10-23.15.05:569][  0]LogD3D11RHI: GPU Timing Frequency: 1000.000000 (Debug: 2 2)
[2019.09.10-23.15.05:612][  0]LogShaderCompilers: Guid format shader working directory is -30 characters bigger than the processId version (../../../../../../Users/s181813/Documents/GitHub/DuckHuntUnreal/DuckHunt 4.20/Intermediate/Shaders/WorkingDirectory/18876/).
[2019.09.10-23.15.05:613][  0]LogShaderCompilers: Cleaned the shader compiler working directory 'C:/Users/s181813/AppData/Local/Temp/UnrealShaderWorkingDir/5E57D8AE4B713087162873BFAD051A3E/'.
[2019.09.10-23.15.05:850][  0]LogTemp: Display: Loaded TP AllDesktopTargetPlatform
[2019.09.10-23.15.05:862][  0]LogTemp: Display: Loaded TP MacClientTargetPlatform
[2019.09.10-23.15.05:874][  0]LogTemp: Display: Loaded TP MacNoEditorTargetPlatform
[2019.09.10-23.15.05:886][  0]LogTemp: Display: Loaded TP MacServerTargetPlatform
[2019.09.10-23.15.05:899][  0]LogTemp: Display: Loaded TP MacTargetPlatform
[2019.09.10-23.15.05:912][  0]LogTemp: Display: Loaded TP WindowsClientTargetPlatform
[2019.09.10-23.15.05:923][  0]LogTemp: Display: Loaded TP WindowsNoEditorTargetPlatform
[2019.09.10-23.15.05:936][  0]LogTemp: Display: Loaded TP WindowsServerTargetPlatform
[2019.09.10-23.15.05:941][  0]LogTemp: Display: Loaded TP WindowsTargetPlatform
[2019.09.10-23.15.06:016][  0]LogTemp: Display: Loaded TP AndroidTargetPlatform
[2019.09.10-23.15.06:016][  0]LogTemp: Display: Loaded TP AndroidTargetPlatform
[2019.09.10-23.15.06:016][  0]LogTemp: Display: Loaded TP AndroidTargetPlatform
[2019.09.10-23.15.06:016][  0]LogTemp: Display: Loaded TP AndroidTargetPlatform
[2019.09.10-23.15.06:016][  0]LogTemp: Display: Loaded TP AndroidTargetPlatform
[2019.09.10-23.15.06:016][  0]LogTemp: Display: Loaded TP AndroidTargetPlatform
[2019.09.10-23.15.06:016][  0]LogTemp: Display: Loaded TP AndroidTargetPlatform
[2019.09.10-23.15.06:016][  0]LogTemp: Display: Loaded TP AndroidTargetPlatform
[2019.09.10-23.15.06:016][  0]LogTemp: Display: Loaded TP AndroidTargetPlatform
[2019.09.10-23.15.06:016][  0]LogTemp: Display: Loaded TP AndroidTargetPlatform
[2019.09.10-23.15.06:016][  0]LogTemp: Display: Loaded TP AndroidTargetPlatform
[2019.09.10-23.15.06:016][  0]LogTemp: Display: Loaded TP AndroidTargetPlatform
[2019.09.10-23.15.06:016][  0]LogTemp: Display: Loaded TP AndroidTargetPlatform
[2019.09.10-23.15.06:016][  0]LogTemp: Display: Loaded TP AndroidTargetPlatform
[2019.09.10-23.15.06:016][  0]LogTemp: Display: Loaded TP AndroidTargetPlatform
[2019.09.10-23.15.06:016][  0]LogTemp: Display: Loaded TP AndroidTargetPlatform
[2019.09.10-23.15.06:016][  0]LogTemp: Display: Loaded TP AndroidTargetPlatform
[2019.09.10-23.15.06:016][  0]LogTemp: Display: Loaded TP AndroidTargetPlatform
[2019.09.10-23.15.06:017][  0]LogTemp: Display: Loaded TP HTML5TargetPlatform
[2019.09.10-23.15.06:076][  0]LogTemp: Display: Loaded TP IOSTargetPlatform
[2019.09.10-23.15.06:076][  0]LogTemp: Display: Loaded TP IOSTargetPlatform
[2019.09.10-23.15.06:099][  0]LogTemp: Display: Loaded TP TVOSTargetPlatform
[2019.09.10-23.15.06:100][  0]LogTemp: Display: Loaded TP TVOSTargetPlatform
[2019.09.10-23.15.06:114][  0]LogTemp: Display: Loaded TP LinuxClientTargetPlatform
[2019.09.10-23.15.06:125][  0]LogTemp: Display: Loaded TP LinuxNoEditorTargetPlatform
[2019.09.10-23.15.06:137][  0]LogTemp: Display: Loaded TP LinuxServerTargetPlatform
[2019.09.10-23.15.06:150][  0]LogTemp: Display: Loaded TP LinuxTargetPlatform
[2019.09.10-23.15.06:158][  0]LogTemp: Display: Loaded TP LuminTargetPlatform
[2019.09.10-23.15.06:158][  0]LogTargetPlatformManager: Display: Building Assets For Windows
[2019.09.10-23.15.06:205][  0]LogXGEController: Cannot use XGE Controller as Incredibuild is not installed on this machine.
[2019.09.10-23.15.06:206][  0]LogShaderCompilers: Cannot use XGE Shader Compiler as Incredibuild is not installed on this machine.
[2019.09.10-23.15.06:206][  0]LogShaderCompilers: Display: Using Local Shader Compiler.
[2019.09.10-23.15.06:862][  0]LogDerivedDataCache: Display: Max Cache Size: 512 MB
[2019.09.10-23.15.06:923][  0]LogDerivedDataCache: Loaded boot cache 0.06s 87MB C:/Users/s181813/AppData/Local/UnrealEngine/4.20/DerivedDataCache/Boot.ddc.
[2019.09.10-23.15.06:923][  0]LogDerivedDataCache: Display: Loaded Boot cache: C:/Users/s181813/AppData/Local/UnrealEngine/4.20/DerivedDataCache/Boot.ddc
[2019.09.10-23.15.06:923][  0]LogDerivedDataCache: FDerivedDataBackendGraph:  Pak pak cache file ../../../../../../Users/s181813/Documents/GitHub/DuckHuntUnreal/DuckHunt 4.20/DerivedDataCache/DDC.ddp not found, will not use a pak cache.
[2019.09.10-23.15.06:923][  0]LogDerivedDataCache: Unable to find inner node Pak for hierarchical cache Hierarchy.
[2019.09.10-23.15.06:923][  0]LogDerivedDataCache: FDerivedDataBackendGraph:  CompressedPak pak cache file ../../../../../../Users/s181813/Documents/GitHub/DuckHuntUnreal/DuckHunt 4.20/DerivedDataCache/Compressed.ddp not found, will not use a pak cache.
[2019.09.10-23.15.06:923][  0]LogDerivedDataCache: Unable to find inner node CompressedPak for hierarchical cache Hierarchy.
[2019.09.10-23.15.06:935][  0]LogDerivedDataCache: Display: Pak cache opened for reading ../../../Engine/DerivedDataCache/Compressed.ddp.
[2019.09.10-23.15.06:947][  0]LogDerivedDataCache: Using Local data cache path C:/Users/s181813/AppData/Local/UnrealEngine/Common/DerivedDataCache: Writable
[2019.09.10-23.15.06:947][  0]LogDerivedDataCache: Shared data cache path not found in *engine.ini, will not use an Shared cache.
[2019.09.10-23.15.06:947][  0]LogDerivedDataCache: Unable to find inner node Shared for hierarchical cache Hierarchy.
[2019.09.10-23.15.06:963][  0]LogMaterial: Verifying Global Shaders for PCD3D_SM5
[2019.09.10-23.15.06:964][  0]LogSlate: Using FreeType 2.6.0
[2019.09.10-23.15.06:965][  0]LogSlate: SlateFontServices - WITH_FREETYPE: 1, WITH_HARFBUZZ: 1
[2019.09.10-23.15.07:031][  0]LogAssetRegistry: FAssetRegistry took 0.0258 seconds to start up
[2019.09.10-23.15.07:315][  0]LogInit: Selected Device Profile: [Windows]
[2019.09.10-23.15.07:356][  0]LogSimplygon: Simplygon DLL not present - disabling.
[2019.09.10-23.15.07:359][  0]LogMeshReduction: Using SimplygonSwarm for distributed automatic mesh merging
[2019.09.10-23.15.07:359][  0]LogMeshReduction: Using ProxyLODMeshReduction for automatic mesh merging
[2019.09.10-23.15.07:359][  0]LogMeshReduction: Using QuadricMeshReduction for automatic static mesh reduction
[2019.09.10-23.15.07:359][  0]LogMeshReduction: No automatic skeletal mesh reduction module available
[2019.09.10-23.15.07:454][  0]LogNetVersion: DuckHunt 1.0.0, NetCL: 4212847, EngineNetVer: 5, GameNetVer: 0 (Checksum: 1679371872)
[2019.09.10-23.15.07:908][  0]LogPackageLocalizationCache: Processed 11 localized package path(s) for 2 prioritized culture(s) in 0.096947 seconds
[2019.09.10-23.15.07:915][  0]LogUObjectArray: 38425 objects as part of root set at end of initial load.
[2019.09.10-23.15.07:915][  0]LogUObjectAllocator: 6690864 out of 0 bytes used by permanent object pool.
[2019.09.10-23.15.07:915][  0]LogUObjectArray: CloseDisregardForGC: 0/0 objects in disregard for GC pool
[2019.09.10-23.15.08:694][  0]LogTcpMessaging: Initializing TcpMessaging bridge
[2019.09.10-23.15.08:724][  0]LogUdpMessaging: Initializing bridge on interface 0.0.0.0:0 to multicast group 230.0.0.1:6666.
[2019.09.10-23.15.08:877][  0]SourceControl: Source control is disabled
[2019.09.10-23.15.08:877][  0]SourceControl: Source control is disabled
[2019.09.10-23.15.08:878][  0]SourceControl: Source control is disabled
[2019.09.10-23.15.08:878][  0]SourceControl: Source control is disabled
[2019.09.10-23.15.09:029][  0]LogAndroidPermission: UAndroidPermissionCallbackProxy::GetInstance
[2019.09.10-23.15.09:065][  0]LogOcInput: OculusInput pre-init called
[2019.09.10-23.15.09:119][  0]LogEngine: Initializing Engine...
[2019.09.10-23.15.09:120][  0]LogHMD: Failed to initialize OpenVR with code 110
[2019.09.10-23.15.09:121][  0]LogStats: UGameplayTagsManager::ConstructGameplayTagTree: ImportINI prefixes -  0.000 s
[2019.09.10-23.15.09:121][  0]LogStats: UGameplayTagsManager::ConstructGameplayTagTree: Construct from data asset -  0.000 s
[2019.09.10-23.15.09:121][  0]LogStats: UGameplayTagsManager::ConstructGameplayTagTree: ImportINI -  0.000 s
[2019.09.10-23.15.09:121][  0]LogStats: UGameplayTagsManager::ConstructGameplayTagTree: GameplayTagTreeChangedEvent.Broadcast -  0.000 s
[2019.09.10-23.15.09:310][  0]LogInit: Initializing FReadOnlyCVARCache
[2019.09.10-23.15.09:320][  0]LogAIModule: Creating AISystem for world Untitled
[2019.09.10-23.15.09:330][  0]LogInit: XAudio2 using 'Realtek Digital Output (Realtek High Definition Audio)' : 2 channels at 48 kHz using 16 bits per sample (channel mask 0x3)
[2019.09.10-23.15.09:358][  0]LogInit: FAudioDevice initialized.
[2019.09.10-23.15.09:358][  0]LogNetVersion: Set ProjectVersion to 1.0.0.0. Version Checksum will be recalculated on next use.
[2019.09.10-23.15.09:436][  0]LogDerivedDataCache: Saved boot cache 0.08s 87MB C:/Users/s181813/AppData/Local/UnrealEngine/4.20/DerivedDataCache/Boot.ddc.
[2019.09.10-23.15.09:444][  0]LogInit: Texture streaming: Enabled
[2019.09.10-23.15.09:457][  0]LogEngineSessionManager: EngineSessionManager initialized
[2019.09.10-23.15.09:476][  0]LogInit: Transaction tracking system initialized
[2019.09.10-23.15.09:497][  0]BlueprintLog: New page: Editor Load
[2019.09.10-23.15.09:561][  0]LocalizationService: Localization service is disabled
[2019.09.10-23.15.09:807][  0]LogFileCache: Scanning file cache for directory 'C:/Users/s181813/Documents/GitHub/DuckHuntUnreal/DuckHunt 4.20/Content/' took 0.01s
[2019.09.10-23.15.09:807][  0]LogCook: Display: Max memory allowance for cook 16384mb min free memory 0mb
[2019.09.10-23.15.09:807][  0]LogCook: Display: Mobile HDR setting 0
[2019.09.10-23.15.09:807][  0]LogGameplayTags: Display: UGameplayTagsManager::DoneAddingNativeTags. DelegateIsBound: 0
[2019.09.10-23.15.09:807][  0]LogStats: UGameplayTagsManager::ConstructGameplayTagTree: ImportINI prefixes -  0.000 s
[2019.09.10-23.15.09:807][  0]LogStats: UGameplayTagsManager::ConstructGameplayTagTree: Construct from data asset -  0.000 s
[2019.09.10-23.15.09:808][  0]LogStats: UGameplayTagsManager::ConstructGameplayTagTree: ImportINI -  0.000 s
[2019.09.10-23.15.09:808][  0]LogStats: UGameplayTagsManager::ConstructGameplayTagTree: GameplayTagTreeChangedEvent.Broadcast -  0.000 s
[2019.09.10-23.15.09:910][  0]SourceControl: Source control is disabled
[2019.09.10-23.15.09:910][  0]Cmd: MAP LOAD FILE="../../../../../../Users/s181813/Documents/GitHub/DuckHuntUnreal/DuckHunt 4.20/Content/Untitled.umap" TEMPLATE=0 SHOWPROGRESS=1 FEATURELEVEL=3
[2019.09.10-23.15.09:910][  0]LightingResults: New page: Lighting Build
[2019.09.10-23.15.09:913][  0]MapCheck: New page: Map Check
[2019.09.10-23.15.09:913][  0]LightingResults: New page: Lighting Build
[2019.09.10-23.15.10:014][  0]LogLinker: Warning: Can't find file '/Game/Untitled_BuiltData'
[2019.09.10-23.15.10:014][  0]LogLinker: Warning: Can't find file for asset '/Game/Untitled_BuiltData' while loading ../../../../../../Users/s181813/Documents/GitHub/DuckHuntUnreal/DuckHunt 4.20/Content/Untitled.umap.
[2019.09.10-23.15.10:014][  0]LoadErrors: Error: /Game/Untitled : Can't find file for asset. /Game/Untitled_BuiltData
[2019.09.10-23.15.10:017][  0]LogLinker: Warning: Can't find file '/Game/Untitled_BuiltData'
[2019.09.10-23.15.10:017][  0]LogLinker: Warning: Can't find file for asset '/Game/Untitled_BuiltData' while loading ../../../../../../Users/s181813/Documents/GitHub/DuckHuntUnreal/DuckHunt 4.20/Content/Untitled.umap.
[2019.09.10-23.15.10:017][  0]LoadErrors: Error: /Game/Untitled : Can't find file for asset. /Game/Untitled_BuiltData
[2019.09.10-23.15.10:044][  0]LogTexture: Display: Building textures: DuckHuntGround (BGRA8, 1008X630)
[2019.09.10-23.15.10:044][  0]LogLinker: Warning: Can't find file '/Game/Untitled_BuiltData'
[2019.09.10-23.15.10:044][  0]LoadErrors: Failed to load /Game/Untitled_BuiltData.Untitled_BuiltData Referenced by PersistentLevel
[2019.09.10-23.15.10:045][  0]LogLinker: Warning: Can't find file for asset '/Game/Untitled_BuiltData' while loading NULL.
[2019.09.10-23.15.10:045][  0]LoadErrors: Failed to load /Game/Untitled_BuiltData.Untitled_BuiltData Referenced by PersistentLevel
[2019.09.10-23.15.10:060][  0]LogTexture: Display: Building textures: Texture2D_0 (BGRA8, 512X512)
[2019.09.10-23.15.10:060][  0]LogMaterial: Display: Missing cached shader map for material DuckHuntMaterial, compiling. 
[2019.09.10-23.15.10:201][  0]LogShaderCompilers: Display: Shaders left to compile 31
[2019.09.10-23.15.10:201][  0]LogShaderCompilers: Display: Shaders left to compile 21
[2019.09.10-23.15.10:201][  0]LogShaderCompilers: Display: Shaders left to compile 11
[2019.09.10-23.15.10:201][  0]LogShaderCompilers: Display: Shaders left to compile 1
[2019.09.10-23.15.10:201][  0]LogMaterial: Display: Missing cached shader map for material DuckHuntMaterial, compiling. 
[2019.09.10-23.15.10:242][  0]LogShaderCompilers: Display: Shaders left to compile 60
[2019.09.10-23.15.10:244][  0]LogAIModule: Creating AISystem for world Untitled
[2019.09.10-23.15.10:328][  0]LogEditorServer: Finished looking for orphan Actors (0.000 secs)
[2019.09.10-23.15.10:356][  0]Cmd: MAP CHECKDEP NOCLEARLOG
[2019.09.10-23.15.10:440][  0]MapCheck: Map check complete: 0 Error(s), 0 Warning(s), took 83.896ms to complete.
[2019.09.10-23.15.10:440][  0]LogFileHelpers: Loading map 'Untitled' took 0.530
[2019.09.10-23.15.10:630][  0]LogSlate: Updating window title bar state: overlay mode, drag disabled, window buttons hidden, title bar hidden
[2019.09.10-23.15.10:640][  0]LogSlate: Updating window title bar state: overlay mode, drag disabled, window buttons hidden, title bar hidden
[2019.09.10-23.15.10:647][  0]LogSlate: Updating window title bar state: overlay mode, drag disabled, window buttons hidden, title bar hidden
[2019.09.10-23.15.10:653][  0]LogSlate: Updating window title bar state: overlay mode, drag disabled, window buttons hidden, title bar hidden
[2019.09.10-23.15.10:667][  0]LogCollectionManager: Loaded 0 collections in 0.001118 seconds
[2019.09.10-23.15.10:725][  0]LogFileCache: Scanning file cache for directory 'C:/Users/s181813/Documents/GitHub/DuckHuntUnreal/DuckHunt 4.20/Saved/Collections/' took 0.01s
[2019.09.10-23.15.10:725][  0]LogFileCache: Scanning file cache for directory 'C:/Users/s181813/Documents/GitHub/DuckHuntUnreal/DuckHunt 4.20/Content/Developers/s181813/Collections/' took 0.01s
[2019.09.10-23.15.10:725][  0]LogFileCache: Scanning file cache for directory 'C:/Users/s181813/Documents/GitHub/DuckHuntUnreal/DuckHunt 4.20/Content/Collections/' took 0.01s
[2019.09.10-23.15.10:725][  0]LogCollectionManager: Rebuilt the GUID cache for 0 collections in 0.000000 seconds
[2019.09.10-23.15.10:737][  0]LogContentBrowser: Native class hierarchy populated in 0.0107 seconds. Added 2576 classes and 605 folders.
[2019.09.10-23.15.10:751][  0]LogContentBrowser: Native class hierarchy updated for 'WidgetCarousel' in 0.0003 seconds. Added 0 classes and 0 folders.
[2019.09.10-23.15.11:150][  0]LogContentBrowser: Native class hierarchy updated for 'AddContentDialog' in 0.0006 seconds. Added 0 classes and 0 folders.
[2019.09.10-23.15.11:196][  0]LogContentBrowser: Native class hierarchy updated for 'SceneOutliner' in 0.0007 seconds. Added 1 classes and 2 folders.
[2019.09.10-23.15.11:253][  0]LogShaderCompilers: Display: Shaders left to compile 50
[2019.09.10-23.15.11:253][  0]LogSlate: Took 0.000218 seconds to synchronously load lazily loaded font '../../../Engine/Content/Slate/Fonts/Roboto-Regular.ttf' (155K)
[2019.09.10-23.15.11:257][  0]LogSlate: Took 0.000246 seconds to synchronously load lazily loaded font '../../../Engine/Content/Slate/Fonts/Roboto-Bold.ttf' (160K)
[2019.09.10-23.15.11:273][  0]LogSlate: Took 0.007637 seconds to synchronously load lazily loaded font '../../../Engine/Content/Editor/Slate/Fonts/FontAwesome.ttf' (139K)
[2019.09.10-23.15.11:432][  0]LogRenderer: Reallocating scene render targets to support 1208x576 Format 10 NumSamples 1 (Frame:1).
[2019.09.10-23.15.11:518][  0]LogSlate: Took 0.000272 seconds to synchronously load lazily loaded font '../../../Engine/Content/Slate/Fonts/Roboto-Light.ttf' (167K)
[2019.09.10-23.15.11:755][  0]LogSlate: FSceneViewport::OnFocusLost() reason 2
[2019.09.10-23.15.11:777][  0]LogSlate: Window 'Tutorials' being destroyed
[2019.09.10-23.15.11:811][  0]LogContentBrowser: Native class hierarchy updated for 'HierarchicalLODOutliner' in 0.0005 seconds. Added 0 classes and 0 folders.
[2019.09.10-23.15.11:811][  0]LogLoad: (Engine Initialization) Total time: 8.35 seconds
[2019.09.10-23.15.11:811][  0]LogLoad: (Engine Initialization) Total Blueprint compile time: 0.00 seconds
[2019.09.10-23.15.11:821][  0]LogWindowsTextInputMethodSystem: Display: IME system now deactivated.
[2019.09.10-23.15.11:854][  0]LogContentStreaming: Texture pool size now 1000 MB
[2019.09.10-23.15.11:865][  0]LogSlate: FSceneViewport::OnFocusLost() reason 2
[2019.09.10-23.15.11:929][  1]LogAssetRegistry: Asset discovery search completed in 4.9207 seconds
[2019.09.10-23.15.11:933][  1]LogCollectionManager: Rebuilt the object cache for 0 collections in 0.000001 seconds (found 0 objects)
[2019.09.10-23.15.11:933][  1]LogCollectionManager: Fixed up redirectors for 0 collections in 0.000088 seconds (updated 0 objects)
[2019.09.10-23.15.13:558][162]LogShaderCompilers: Display: Shaders left to compile 40
[2019.09.10-23.15.14:761][296]LogShaderCompilers: Display: Shaders left to compile 30
[2019.09.10-23.15.15:042][327]LogShaderCompilers: Display: Shaders left to compile 20
[2019.09.10-23.15.15:593][388]LogShaderCompilers: Display: Shaders left to compile 10
[2019.09.10-23.15.28:373][901]LogSlate: Window 'Message Log' being destroyed
[2019.09.10-23.15.28:375][901]LogSlate: Window 'Message Log' being destroyed
[2019.09.10-23.15.30:291][128]LogSlate: FSceneViewport::OnFocusLost() reason 2
[2019.09.10-23.15.32:828][430]MapCheck: New page: Map Check
[2019.09.10-23.15.32:842][430]LogSlate: FSceneViewport::OnFocusLost() reason 2
[2019.09.10-23.15.32:848][430]LightingResults: New page: Lighting Build - Sep 11, 2019, 7:15:32 PM
[2019.09.10-23.15.32:944][430]LogSwarmInterface: [OpenConnection] Registering TCP channel ...
[2019.09.10-23.15.33:003][430]LogSwarmInterface: [OpenConnection] Connecting to agent ...
[2019.09.10-23.15.33:015][430]LogSwarmInterface: [TryOpenConnection] Testing the Agent
[2019.09.10-23.15.33:544][430]LogSwarmInterface: [TryOpenConnection] Opening Connection to Agent
[2019.09.10-23.15.33:544][430]LogSwarmInterface: [TryOpenConnection] Local Process ID is 18876
[2019.09.10-23.15.35:916][430]LightingResults: Warning: No importance volume found and the scene is so large that the automatically synthesized volume will not yield good results.  Please add a tightly bounding lightmass importance volume to optimize your scene's quality and lighting build times.
[2019.09.10-23.15.35:917][430]LogStaticLightingSystem: Running Lightmass w/ ImmediateImport mode ENABLED
[2019.09.10-23.15.35:917][430]LogStaticLightingSystem: Running Lightmass w/ ImmediateProcess mode ENABLED
[2019.09.10-23.15.35:917][430]LogStaticLightingSystem: Running Lightmass w/ Sorting mode ENABLED
[2019.09.10-23.15.35:917][430]LogStaticLightingSystem: Running Lightmass w/ Mapping paddings ENABLED
[2019.09.10-23.15.35:917][430]LogStaticLightingSystem: Running Lightmass w/ Mapping debug paddings DISABLED
[2019.09.10-23.15.36:103][430]LogEditorBuildUtils: Build time 0:03
[2019.09.10-23.15.36:112][430]LogMaterial: Display: Missing cached shader map for material FLightmassMaterialRenderer MaterialInstanceDynamic_0, compiling. 
[2019.09.10-23.15.36:117][430]LogMaterial: Display: Missing cached shader map for material FLightmassMaterialRenderer MaterialInstanceDynamic_0, compiling. 
[2019.09.10-23.15.36:127][430]LogShaderCompilers: Display: Shaders left to compile 4
[2019.09.10-23.15.36:135][431]LogMaterial: Display: Missing cached shader map for material FLightmassMaterialRenderer LandscapeMaterialInstanceConstant_1, compiling. 
[2019.09.10-23.15.36:140][431]LogShaderCompilers: Display: Shaders left to compile 2
[2019.09.10-23.15.36:140][431]LogMaterial: Display: Missing cached shader map for material FLightmassMaterialRenderer LandscapeMaterialInstanceConstant_1, compiling. 
[2019.09.10-23.15.36:154][431]LogShaderCompilers: Display: Shaders left to compile 2
[2019.09.10-23.15.37:061][470]LogMaterial: Display: Missing cached shader map for material FLightmassMaterialRenderer WorldGridMaterial, compiling. Is special engine material.
[2019.09.10-23.15.37:067][470]LogMaterial: Display: Missing cached shader map for material FLightmassMaterialRenderer WorldGridMaterial, compiling. Is special engine material.
[2019.09.10-23.15.37:074][471]LogShaderCompilers: Display: Shaders left to compile 4
[2019.09.10-23.15.52:521][696]Job is a success!
[2019.09.10-23.15.52:548][697]LogSlate: Took 0.000163 seconds to synchronously load lazily loaded font '../../../Engine/Content/Slate/Fonts/Roboto-Light.ttf' (167K)
[2019.09.10-23.15.52:549][697]LogSlate: FSceneViewport::OnFocusLost() reason 2
[2019.09.10-23.15.52:709][697]LogVolumetricLightmapImport: Imported Volumetric Lightmap in 0.145s
[2019.09.10-23.15.52:709][697]LogVolumetricLightmapImport:      Indirection Texture 32x32x32 = 0.1Mb
[2019.09.10-23.15.52:709][697]LogVolumetricLightmapImport:      BrickData 1280x15x5 = 3.4Mb
[2019.09.10-23.15.52:709][697]LogVolumetricLightmapImport:      Bricks at Level
[2019.09.10-23.15.52:709][697]LogVolumetricLightmapImport:          0: 1.1% covering 100.0% of volume
[2019.09.10-23.15.52:709][697]LogVolumetricLightmapImport:          1: 6.7% covering 9.6% of volume
[2019.09.10-23.15.52:709][697]LogVolumetricLightmapImport:          2: 92.2% covering 2.1% of volume
[2019.09.10-23.15.53:242][697]LogTexture: Display: Building textures: HQ_Lightmap0_1 (AutoDXT, 256X256)
[2019.09.10-23.15.53:242][697]LogTexture: Display: Building textures: LQ_Lightmap_0_1 (DXT1, 256X256)
[2019.09.10-23.15.53:242][697]LogTexture: Display: Building textures: HQ_Lightmap0_2 (AutoDXT, 256X256)
[2019.09.10-23.15.53:242][697]LogTexture: Display: Building textures: LQ_Lightmap_0_2 (DXT1, 256X256)
[2019.09.10-23.15.53:242][697]LogTexture: Display: Building textures: HQ_Lightmap0_3 (AutoDXT, 256X256)
[2019.09.10-23.15.53:242][697]LogTexture: Display: Building textures: LQ_Lightmap_0_3 (DXT1, 256X256)
[2019.09.10-23.15.53:242][697]LogTexture: Display: Building textures: HQ_Lightmap0_4 (AutoDXT, 256X256)
[2019.09.10-23.15.53:242][697]LogTexture: Display: Building textures: LQ_Lightmap_0_4 (DXT1, 256X256)
[2019.09.10-23.15.53:242][697]LogTexture: Display: Building textures: HQ_Lightmap0_5 (AutoDXT, 256X256)
[2019.09.10-23.15.53:242][697]LogTexture: Display: Building textures: LQ_Lightmap_0_5 (DXT1, 256X256)
[2019.09.10-23.15.53:242][697]LogTexture: Display: Building textures: HQ_Lightmap0_6 (AutoDXT, 256X256)
[2019.09.10-23.15.53:243][697]LogTexture: Display: Building textures: LQ_Lightmap_0_6 (DXT1, 256X256)
[2019.09.10-23.15.53:243][697]LogTexture: Display: Building textures: HQ_Lightmap0_7 (AutoDXT, 256X256)
[2019.09.10-23.15.53:243][697]LogTexture: Display: Building textures: LQ_Lightmap_0_7 (DXT1, 256X256)
[2019.09.10-23.15.53:243][697]LogTexture: Display: Building textures: HQ_Lightmap0_8 (AutoDXT, 256X256)
[2019.09.10-23.15.53:243][697]LogTexture: Display: Building textures: LQ_Lightmap_0_8 (DXT1, 256X256)
[2019.09.10-23.15.53:243][697]LogTexture: Display: Building textures: HQ_Lightmap0_9 (AutoDXT, 256X256)
[2019.09.10-23.15.53:243][697]LogTexture: Display: Building textures: LQ_Lightmap_0_9 (DXT1, 256X256)
[2019.09.10-23.15.53:243][697]LogTexture: Display: Building textures: HQ_Lightmap0_10 (AutoDXT, 256X256)
[2019.09.10-23.15.53:243][697]LogTexture: Display: Building textures: LQ_Lightmap_0_10 (DXT1, 256X256)
[2019.09.10-23.15.53:243][697]LogTexture: Display: Building textures: HQ_Lightmap0_11 (AutoDXT, 256X256)
[2019.09.10-23.15.53:243][697]LogTexture: Display: Building textures: LQ_Lightmap_0_11 (DXT1, 256X256)
[2019.09.10-23.15.53:243][697]LogTexture: Display: Building textures: HQ_Lightmap0_12 (AutoDXT, 256X256)
[2019.09.10-23.15.53:243][697]LogTexture: Display: Building textures: LQ_Lightmap_0_12 (DXT1, 256X256)
[2019.09.10-23.15.53:243][697]LogTexture: Display: Building textures: HQ_Lightmap0_13 (AutoDXT, 256X256)
[2019.09.10-23.15.53:243][697]LogTexture: Display: Building textures: LQ_Lightmap_0_13 (DXT1, 256X256)
[2019.09.10-23.15.53:243][697]LogTexture: Display: Building textures: HQ_Lightmap0_14 (AutoDXT, 256X256)
[2019.09.10-23.15.53:243][697]LogTexture: Display: Building textures: LQ_Lightmap_0_14 (DXT1, 256X256)
[2019.09.10-23.15.53:243][697]LogTexture: Display: Building textures: HQ_Lightmap0_15 (AutoDXT, 256X256)
[2019.09.10-23.15.53:243][697]LogTexture: Display: Building textures: LQ_Lightmap_0_15 (DXT1, 256X256)
[2019.09.10-23.15.53:243][697]LogTexture: Display: Building textures: HQ_Lightmap0_16 (AutoDXT, 256X256)
[2019.09.10-23.15.53:243][697]LogTexture: Display: Building textures: LQ_Lightmap_0_16 (DXT1, 256X256)
[2019.09.10-23.15.53:243][697]LogTexture: Display: Building textures: HQ_Lightmap0_17 (AutoDXT, 256X256)
[2019.09.10-23.15.53:243][697]LogTexture: Display: Building textures: LQ_Lightmap_0_17 (DXT1, 256X256)
[2019.09.10-23.15.53:243][697]LogTexture: Display: Building textures: HQ_Lightmap0_18 (AutoDXT, 256X256)
[2019.09.10-23.15.53:243][697]LogTexture: Display: Building textures: LQ_Lightmap_0_18 (DXT1, 256X256)
[2019.09.10-23.15.53:243][697]LogTexture: Display: Building textures: HQ_Lightmap0_19 (AutoDXT, 128X128)
[2019.09.10-23.15.53:243][697]LogTexture: Display: Building textures: LQ_Lightmap_0_19 (DXT1, 128X128)
[2019.09.10-23.15.53:243][697]LogTexture: Display: Building textures: HQ_Lightmap0_20 (AutoDXT, 128X128)
[2019.09.10-23.15.53:243][697]LogTexture: Display: Building textures: LQ_Lightmap_0_20 (DXT1, 128X128)
[2019.09.10-23.15.53:243][697]LogTexture: Display: Building textures: HQ_Lightmap0_21 (AutoDXT, 128X128)
[2019.09.10-23.15.53:243][697]LogTexture: Display: Building textures: LQ_Lightmap_0_21 (DXT1, 128X128)
[2019.09.10-23.15.53:243][697]LogTexture: Display: Building textures: HQ_Lightmap0_22 (AutoDXT, 128X128)
[2019.09.10-23.15.53:243][697]LogTexture: Display: Building textures: LQ_Lightmap_0_22 (DXT1, 128X128)
[2019.09.10-23.15.53:243][697]LogTexture: Display: Building textures: HQ_Lightmap0_23 (AutoDXT, 64X64)
[2019.09.10-23.15.53:243][697]LogTexture: Display: Building textures: LQ_Lightmap_0_23 (DXT1, 64X64)
[2019.09.10-23.15.53:366][697]LogTexture: Display: Building textures: ShadowMapTexture2D_0 (G8, 256X64)
[2019.09.10-23.15.53:366][697]LogTexture: Display: Building textures: ShadowMapTexture2D_1 (G8, 256X64)
[2019.09.10-23.15.53:367][697]LogTexture: Display: Building textures: ShadowMapTexture2D_2 (G8, 256X64)
[2019.09.10-23.15.53:367][697]LogTexture: Display: Building textures: ShadowMapTexture2D_3 (G8, 256X64)
[2019.09.10-23.15.53:367][697]LogTexture: Display: Building textures: ShadowMapTexture2D_4 (G8, 256X64)
[2019.09.10-23.15.53:367][697]LogTexture: Display: Building textures: ShadowMapTexture2D_5 (G8, 256X64)
[2019.09.10-23.15.53:367][697]LogTexture: Display: Building textures: ShadowMapTexture2D_6 (G8, 256X64)
[2019.09.10-23.15.53:367][697]LogTexture: Display: Building textures: ShadowMapTexture2D_7 (G8, 256X64)
[2019.09.10-23.15.53:367][697]LogTexture: Display: Building textures: ShadowMapTexture2D_8 (G8, 256X64)
[2019.09.10-23.15.53:367][697]LogTexture: Display: Building textures: ShadowMapTexture2D_9 (G8, 256X64)
[2019.09.10-23.15.53:367][697]LogTexture: Display: Building textures: ShadowMapTexture2D_10 (G8, 256X64)
[2019.09.10-23.15.53:367][697]LogTexture: Display: Building textures: ShadowMapTexture2D_11 (G8, 256X64)
[2019.09.10-23.15.53:367][697]LogTexture: Display: Building textures: ShadowMapTexture2D_12 (G8, 256X64)
[2019.09.10-23.15.53:367][697]LogTexture: Display: Building textures: ShadowMapTexture2D_13 (G8, 256X64)
[2019.09.10-23.15.53:367][697]LogTexture: Display: Building textures: ShadowMapTexture2D_14 (G8, 256X64)
[2019.09.10-23.15.53:367][697]LogTexture: Display: Building textures: ShadowMapTexture2D_18 (G8, 64X64)
[2019.09.10-23.15.53:367][697]LogTexture: Display: Building textures: ShadowMapTexture2D_15 (G8, 256X64)
[2019.09.10-23.15.53:367][697]LogTexture: Display: Building textures: ShadowMapTexture2D_17 (G8, 256X64)
[2019.09.10-23.15.53:367][697]LogTexture: Display: Building textures: ShadowMapTexture2D_22 (G8, 32X32)
[2019.09.10-23.15.53:367][697]LogTexture: Display: Building textures: ShadowMapTexture2D_20 (G8, 128X64)
[2019.09.10-23.15.53:367][697]LogTexture: Display: Building textures: ShadowMapTexture2D_19 (G8, 128X64)
[2019.09.10-23.15.53:367][697]LogTexture: Display: Building textures: ShadowMapTexture2D_21 (G8, 128X64)
[2019.09.10-23.15.53:367][697]LogTexture: Display: Building textures: ShadowMapTexture2D_16 (G8, 256X64)
[2019.09.10-23.15.53:420][697]Lightmass on SYD-B7C667: 13.1 sec total, 288 ms importing, 304 ms setup, 2.64 sec photons, 9.86 sec processing, 0 ms extra exporting [65/65 mappings]. Threads: 1:08 min total, 25.1 sec processing.
[2019.09.10-23.15.53:465][697]LogStaticLightingSystem: Illumination: 20.5 sec (486 ms encoding lightmaps, 117 ms encoding shadowmaps)
[2019.09.10-23.15.53:465][697]LogStaticLightingSystem: Lightmap texture memory:  2.4 MB (2.4 MB streaming, 0.0 MB non-streaming), 46 textures
[2019.09.10-23.15.53:465][697]LogStaticLightingSystem: Shadowmap texture memory: 0.4 MB (0.4 MB streaming, 0.0 MB non-streaming), 23 textures
[2019.09.10-23.15.53:929][697]DumpUnbuiltLightIteractions
[2019.09.10-23.15.53:929][697]Lights with unbuilt interactions: 0
[2019.09.10-23.15.53:929][697]
[2019.09.10-23.15.53:929][697]Primitives with unbuilt interactions: 0
[2019.09.10-23.15.53:985][698]Cmd: MAP CHECK NOTIFYRESULTS
[2019.09.10-23.15.53:985][698]MapCheck: New page: Untitled - Sep 11, 2019, 7:15:53 PM
[2019.09.10-23.15.54:043][698]MapCheck: Map check complete: 0 Error(s), 0 Warning(s), took 58.436ms to complete.
[2019.09.10-23.15.56:491][991]LogSlate: FSceneViewport::OnFocusLost() reason 0
[2019.09.10-23.15.56:556][999]LogSlate: Window 'Message Log' being destroyed
[2019.09.10-23.15.56:560][999]LogSlate: Window 'Message Log' being destroyed
[2019.09.10-23.15.57:785][146]LogSlate: FSceneViewport::OnFocusLost() reason 0
[2019.09.10-23.15.57:885][158]LogTemp: Repeating last play command: Selected Viewport
[2019.09.10-23.15.57:902][158]LogPlayLevel: PlayLevel: No blueprints needed recompiling
[2019.09.10-23.15.57:916][158]PIE: New page: PIE session: Untitled (Sep 11, 2019, 7:15:57 PM)
[2019.09.10-23.15.57:916][158]LogPlayLevel: Creating play world package: /Game/UEDPIE_0_Untitled
[2019.09.10-23.15.57:931][158]LogPlayLevel: PIE: StaticDuplicateObject took: (0.014637s)
[2019.09.10-23.15.57:932][158]LogAIModule: Creating AISystem for world Untitled
[2019.09.10-23.15.57:932][158]LogPlayLevel: PIE: World Init took: (0.001717s)
[2019.09.10-23.15.57:933][158]LogPlayLevel: PIE: Created PIE world by copying editor world from /Game/Untitled.Untitled to /Game/UEDPIE_0_Untitled.Untitled (0.016768s)
[2019.09.10-23.15.57:955][158]LogInit: XAudio2 using 'Realtek Digital Output (Realtek High Definition Audio)' : 2 channels at 48 kHz using 16 bits per sample (channel mask 0x3)
[2019.09.10-23.15.57:967][158]LogInit: FAudioDevice initialized.
[2019.09.10-23.15.58:008][158]LogLoad: Game class is 'DuckHuntGameModeBase'
[2019.09.10-23.15.58:017][158]LogWorld: Bringing World /Game/UEDPIE_0_Untitled.Untitled up for play (max tick rate 0) at 2019.09.11-09.15.58
[2019.09.10-23.15.58:019][158]LogWorld: Bringing up level for play took: 0.004533
[2019.09.10-23.15.58:044][158]LogContentBrowser: Native class hierarchy updated for 'MovieSceneCapture' in 0.0004 seconds. Added 10 classes and 0 folders.
[2019.09.10-23.15.58:047][158]PIE: Play in editor start time for /Game/UEDPIE_0_Untitled 1.075
[2019.09.10-23.16.36:233][735]LogSlate: Updating window title bar state: overlay mode, drag disabled, window buttons hidden, title bar hidden
[2019.09.10-23.16.36:263][735]LogPlayLevel: Display: Shutting down PIE online subsystems
[2019.09.10-23.16.36:285][735]LogSlate: Updating window title bar state: overlay mode, drag disabled, window buttons hidden, title bar hidden
[2019.09.10-23.16.36:329][738]LogPlayLevel: Display: Destroying online subsystem :Context_1
[2019.09.10-23.16.40:410][226]LogSlate: FSceneViewport::OnFocusLost() reason 0
[2019.09.10-23.17.01:521][750]LogSlate: FSceneViewport::OnFocusLost() reason 0
[2019.09.10-23.17.01:701][770]LogAssetEditorManager: Opening Asset editor for Class /Script/DuckHunt.Duck
[2019.09.10-23.19.37:216][277]LogHotReload: New module detected: UE4Editor-DuckHunt-2416.dll
[2019.09.10-23.19.38:227][281]LogHotReload: Starting Hot-Reload from IDE
[2019.09.10-23.19.38:294][281]LogHotReload: Re-instancing PlayerPawn after hot-reload.
[2019.09.10-23.19.38:382][281]LogContentBrowser: Native class hierarchy updated for 'DuckHunt' in 0.0005 seconds. Added 4 classes and 2 folders.
[2019.09.10-23.19.38:385][281]Display: HotReload successful (2 functions remapped  0 scriptstructs remapped)
[2019.09.10-23.19.38:514][281]LogContentBrowser: Native class hierarchy populated in 0.0108 seconds. Added 2577 classes and 607 folders.
[2019.09.10-23.19.38:538][281]Display: HotReload took  0.3s.
[2019.09.10-23.25.37:833][353]LogHotReload: New module detected: UE4Editor-DuckHunt-6475.dll
[2019.09.10-23.25.38:514][356]LogHotReload: Starting Hot-Reload from IDE
[2019.09.10-23.25.38:579][356]LogHotReload: Re-instancing PlayerPawn after hot-reload.
[2019.09.10-23.25.38:650][356]LogContentBrowser: Native class hierarchy updated for 'DuckHunt' in 0.0005 seconds. Added 4 classes and 2 folders.
[2019.09.10-23.25.38:652][356]Display: HotReload successful (2 functions remapped  0 scriptstructs remapped)
[2019.09.10-23.25.38:715][356]LogContentBrowser: Native class hierarchy populated in 0.0130 seconds. Added 2577 classes and 607 folders.
[2019.09.10-23.25.38:722][356]Display: HotReload took  0.2s.
[2019.09.10-23.25.52:777][397]LogSavePackage: Moving '../../../../../../Users/s181813/Documents/GitHub/DuckHuntUnreal/DuckHunt 4.20/Saved/Untitled_Auto15F57D5D4490EB4C537A06580DEE1062B.tmp' to '../../../../../../Users/s181813/Documents/GitHub/DuckHuntUnreal/DuckHunt 4.20/Saved/Autosaves/Game/Untitled_Auto1.umap'
[2019.09.10-23.25.52:782][397]LogFileHelpers: Editor autosave (incl. sublevels) for '/Game/Untitled' took 0.193
[2019.09.10-23.25.52:782][397]LogFileHelpers: Editor autosave (incl. sublevels) for all levels took 0.193
[2019.09.10-23.25.52:797][397]OBJ SavePackage: Generating thumbnails for [0] asset(s) in package [/Game/Untitled_BuiltData] ([1] browsable assets)...
[2019.09.10-23.25.52:797][397]OBJ SavePackage: Finished generating thumbnails for package [/Game/Untitled_BuiltData]
[2019.09.10-23.25.52:851][397]LogSavePackage: Moving '../../../../../../Users/s181813/Documents/GitHub/DuckHuntUnreal/DuckHunt 4.20/Saved/Untitled_BuiltData_Auto15F1233D04EFA2B3096F1378117C4B93D.tmp' to '../../../../../../Users/s181813/Documents/GitHub/DuckHuntUnreal/DuckHunt 4.20/Saved/Autosaves/Game/Untitled_BuiltData_Auto1.uasset'
[2019.09.10-23.25.52:853][397]LogFileHelpers: Auto-saving content packages took 0.070
[2019.09.10-23.27.25:235][674]LogHotReload: New module detected: UE4Editor-DuckHunt-7032.dll
[2019.09.10-23.27.25:915][677]LogHotReload: Starting Hot-Reload from IDE
[2019.09.10-23.27.25:983][677]LogHotReload: Re-instancing PlayerPawn after hot-reload.
[2019.09.10-23.27.26:044][677]LogContentBrowser: Native class hierarchy updated for 'DuckHunt' in 0.0004 seconds. Added 4 classes and 2 folders.
[2019.09.10-23.27.26:047][677]Display: HotReload successful (2 functions remapped  0 scriptstructs remapped)
[2019.09.10-23.27.26:115][677]LogContentBrowser: Native class hierarchy populated in 0.0189 seconds. Added 2577 classes and 607 folders.
[2019.09.10-23.27.26:122][677]Display: HotReload took  0.2s.
[2019.09.10-23.32.52:985][653]LogSlate: FSceneViewport::OnFocusLost() reason 0
[2019.09.10-23.32.53:263][653]Cmd: OBJ SAVEPACKAGE PACKAGE="/Game/Untitled" FILE="../../../../../../Users/s181813/Documents/GitHub/DuckHuntUnreal/DuckHunt 4.20/Content/Untitled.umap" SILENT=true AUTOSAVING=false KEEPDIRTY=false
[2019.09.10-23.32.53:427][653]LogSavePackage: Moving '../../../../../../Users/s181813/Documents/GitHub/DuckHuntUnreal/DuckHunt 4.20/Saved/Untitled0877C597416C49A6826DD8B9BE8F0E6D.tmp' to '../../../../../../Users/s181813/Documents/GitHub/DuckHuntUnreal/DuckHunt 4.20/Content/Untitled.umap'
[2019.09.10-23.32.53:448][653]Cmd: OBJ SAVEPACKAGE PACKAGE="/Game/Untitled_BuiltData" FILE="../../../../../../Users/s181813/Documents/GitHub/DuckHuntUnreal/DuckHunt 4.20/Content/Untitled_BuiltData.uasset" SILENT=true
[2019.09.10-23.32.53:581][653]LogSavePackage: Moving '../../../../../../Users/s181813/Documents/GitHub/DuckHuntUnreal/DuckHunt 4.20/Saved/Untitled_BuiltDataFF28E2D4466C2D23B1AE8AA2CC2DB249.tmp' to '../../../../../../Users/s181813/Documents/GitHub/DuckHuntUnreal/DuckHunt 4.20/Content/Untitled_BuiltData.uasset'
[2019.09.10-23.32.55:033][812]LogSlate: FSceneViewport::OnFocusLost() reason 0
[2019.09.10-23.32.55:175][821]LogSlate: Window 'DuckHunt - Unreal Editor' being destroyed
[2019.09.10-23.32.55:353][822]Cmd: QUIT_EDITOR
[2019.09.10-23.32.56:164][822]LogWindowsTextInputMethodSystem: Display: IME system now deactivated.
[2019.09.10-23.32.56:177][822]LogExit: Preparing to exit.
[2019.09.10-23.32.57:298][822]LogExit: Editor shut down
[2019.09.10-23.32.57:299][822]LogExit: Transaction tracking system shut down
[2019.09.10-23.32.57:947][822]LogExit: Object subsystem successfully closed.
[2019.09.10-23.32.57:965][822]LogShaderCompilers: Display: Shaders left to compile 0
[2019.09.10-23.32.57:968][822]LogD3D11RHI: Shutdown
[2019.09.10-23.32.57:968][822]LogD3D11RHI: CleanupD3DDevice
[2019.09.10-23.32.57:969][822]LogD3D11RHI: ~FD3D11DynamicRHI
[2019.09.10-23.32.57:986][822]LogModuleManager: Shutting down and abandoning module DuckHunt (619)
[2019.09.10-23.32.57:986][822]LogModuleManager: Shutting down and abandoning module MovieSceneCapture (616)
[2019.09.10-23.32.57:986][822]LogModuleManager: Shutting down and abandoning module Voice (614)
[2019.09.10-23.32.57:986][822]LogModuleManager: Shutting down and abandoning module HierarchicalLODOutliner (612)
[2019.09.10-23.32.57:986][822]LogModuleManager: Shutting down and abandoning module SceneOutliner (610)
[2019.09.10-23.32.57:986][822]LogModuleManager: Shutting down and abandoning module AddContentDialog (608)
[2019.09.10-23.32.57:987][822]LogModuleManager: Shutting down and abandoning module WidgetCarousel (607)
[2019.09.10-23.32.57:987][822]LogModuleManager: Shutting down and abandoning module EditorWidgets (604)
[2019.09.10-23.32.57:987][822]LogModuleManager: Shutting down and abandoning module CollectionManager (602)
[2019.09.10-23.32.57:987][822]LogModuleManager: Shutting down and abandoning module StatsViewer (600)
[2019.09.10-23.32.57:987][822]LogModuleManager: Shutting down and abandoning module FoliageEdit (598)
[2019.09.10-23.32.57:987][822]LogModuleManager: Shutting down and abandoning module LandscapeEditor (596)
[2019.09.10-23.32.57:987][822]LogModuleManager: Shutting down and abandoning module MeshPaintMode (594)
[2019.09.10-23.32.57:987][822]LogModuleManager: Shutting down and abandoning module SceneDepthPickerMode (592)
[2019.09.10-23.32.57:987][822]LogModuleManager: Shutting down and abandoning module ActorPickerMode (590)
[2019.09.10-23.32.57:987][822]LogModuleManager: Shutting down and abandoning module GeometryMode (588)
[2019.09.10-23.32.57:987][822]LogModuleManager: Shutting down and abandoning module TextureAlignMode (586)
[2019.09.10-23.32.57:987][822]LogModuleManager: Shutting down and abandoning module BspMode (584)
[2019.09.10-23.32.57:987][822]LogModuleManager: Shutting down and abandoning module PIEPreviewDeviceProfileSelector (582)
[2019.09.10-23.32.57:987][822]LogModuleManager: Shutting down and abandoning module SequenceRecorderSections (580)
[2019.09.10-23.32.57:987][822]LogModuleManager: Shutting down and abandoning module AutomationWorker (578)
[2019.09.10-23.32.57:987][822]LogModuleManager: Shutting down and abandoning module AudioCaptureEditor (576)
[2019.09.10-23.32.57:987][822]LogModuleManager: Shutting down and abandoning module SequenceRecorder (575)
[2019.09.10-23.32.57:987][822]LogModuleManager: Shutting down and abandoning module MatineeToLevelSequence (572)
[2019.09.10-23.32.57:987][822]LogModuleManager: Shutting down and abandoning module LevelSequenceEditor (570)
[2019.09.10-23.32.57:987][822]LogModuleManager: Shutting down and abandoning module PlacementMode (569)
[2019.09.10-23.32.57:987][822]LogModuleManager: Shutting down and abandoning module MaterialEditor (568)
[2019.09.10-23.32.57:987][822]LogModuleManager: Shutting down and abandoning module WmfMediaFactory (564)
[2019.09.10-23.32.57:987][822]LogModuleManager: Shutting down and abandoning module WmfMediaEditor (562)
[2019.09.10-23.32.57:987][822]LogModuleManager: Shutting down and abandoning module MediaPlayerEditor (560)
[2019.09.10-23.32.57:987][822]LogModuleManager: Shutting down and abandoning module OpenExrWrapper (558)
[2019.09.10-23.32.57:987][822]LogModuleManager: Shutting down and abandoning module ImgMediaFactory (556)
[2019.09.10-23.32.57:987][822]LogModuleManager: Shutting down and abandoning module ImgMediaEditor (554)
[2019.09.10-23.32.57:987][822]LogModuleManager: Shutting down and abandoning module AvfMediaFactory (552)
[2019.09.10-23.32.57:987][822]LogModuleManager: Shutting down and abandoning module AvfMediaEditor (550)
[2019.09.10-23.32.57:987][822]LogModuleManager: Shutting down and abandoning module AndroidMediaFactory (548)
[2019.09.10-23.32.57:987][822]LogModuleManager: Shutting down and abandoning module AndroidMediaEditor (546)
[2019.09.10-23.32.57:987][822]LogModuleManager: Shutting down and abandoning module MagicLeapCameraPreviewFactory (544)
[2019.09.10-23.32.57:987][822]LogModuleManager: Shutting down and abandoning module MagicLeapMediaFactory (542)
[2019.09.10-23.32.57:987][822]LogModuleManager: Shutting down and abandoning module MagicLeapMediaEditor (540)
[2019.09.10-23.32.57:987][822]LogModuleManager: Shutting down and abandoning module CharacterAI (538)
[2019.09.10-23.32.57:987][822]LogModuleManager: Shutting down and abandoning module SmartSnapping (536)
[2019.09.10-23.32.57:987][822]LogModuleManager: Shutting down and abandoning module SessionServices (534)
[2019.09.10-23.32.57:987][822]LogModuleManager: Shutting down and abandoning module ViewportSnapping (532)
[2019.09.10-23.32.57:987][822]LogModuleManager: Shutting down and abandoning module ViewportInteraction (530)
[2019.09.10-23.32.57:987][822]LogModuleManager: Shutting down and abandoning module ClothPainter (528)
[2019.09.10-23.32.57:988][822]LogModuleManager: Shutting down and abandoning module SkeletalMeshEditor (527)
[2019.09.10-23.32.57:988][822]LogModuleManager: Shutting down and abandoning module LogVisualizer (524)
[2019.09.10-23.32.57:988][822]LogModuleManager: Shutting down and abandoning module IntroTutorials (522)
[2019.09.10-23.32.57:988][822]LogModuleManager: Shutting down and abandoning module GameProjectGeneration (521)
[2019.09.10-23.32.57:988][822]LogModuleManager: Shutting down and abandoning module LuminPlatformEditor (518)
[2019.09.10-23.32.57:988][822]LogModuleManager: Shutting down and abandoning module IOSPlatformEditor (516)
[2019.09.10-23.32.57:988][822]LogModuleManager: Shutting down and abandoning module HTML5PlatformEditor (514)
[2019.09.10-23.32.57:988][822]LogModuleManager: Shutting down and abandoning module AndroidPlatformEditor (512)
[2019.09.10-23.32.57:988][822]LogModuleManager: Shutting down and abandoning module AndroidDeviceDetection (511)
[2019.09.10-23.32.59:186][822]LogModuleManager: Shutting down and abandoning module WindowsPlatformEditor (508)
[2019.09.10-23.32.59:186][822]LogModuleManager: Shutting down and abandoning module LuminRuntimeSettings (506)
[2019.09.10-23.32.59:186][822]LogModuleManager: Shutting down and abandoning module IOSRuntimeSettings (504)
[2019.09.10-23.32.59:186][822]LogModuleManager: Shutting down and abandoning module AndroidRuntimeSettings (502)
[2019.09.10-23.32.59:186][822]LogModuleManager: Shutting down and abandoning module InputBindingEditor (500)
[2019.09.10-23.32.59:186][822]LogModuleManager: Shutting down and abandoning module MergeActors (498)
[2019.09.10-23.32.59:186][822]LogModuleManager: Shutting down and abandoning module LocalizationDashboard (496)
[2019.09.10-23.32.59:186][822]LogModuleManager: Shutting down and abandoning module LocalizationService (495)
[2019.09.10-23.32.59:186][822]LogModuleManager: Shutting down and abandoning module HardwareTargeting (492)
[2019.09.10-23.32.59:186][822]LogModuleManager: Shutting down and abandoning module DeviceProfileEditor (490)
[2019.09.10-23.32.59:186][822]LogModuleManager: Shutting down and abandoning module UndoHistory (488)
[2019.09.10-23.32.59:186][822]LogModuleManager: Shutting down and abandoning module XmlParser (486)
[2019.09.10-23.32.59:186][822]LogModuleManager: Shutting down and abandoning module Blutility (484)
[2019.09.10-23.32.59:186][822]LogModuleManager: Shutting down and abandoning module ProjectSettingsViewer (482)
[2019.09.10-23.32.59:186][822]LogModuleManager: Shutting down and abandoning module ProjectTargetPlatformEditor (481)
[2019.09.10-23.32.59:186][822]LogModuleManager: Shutting down and abandoning module EditorSettingsViewer (478)
[2019.09.10-23.32.59:186][822]LogModuleManager: Shutting down and abandoning module SettingsEditor (476)
[2019.09.10-23.32.59:186][822]LogModuleManager: Shutting down and abandoning module ProjectLauncher (474)
[2019.09.10-23.32.59:186][822]LogModuleManager: Shutting down and abandoning module SessionFrontend (472)
[2019.09.10-23.32.59:186][822]LogModuleManager: Shutting down and abandoning module ProfilerClient (470)
[2019.09.10-23.32.59:186][822]LogModuleManager: Shutting down and abandoning module DeviceManager (468)
[2019.09.10-23.32.59:186][822]LogModuleManager: Shutting down and abandoning module TargetDeviceServices (467)
[2019.09.10-23.32.59:240][822]LogModuleManager: Shutting down and abandoning module AutomationController (464)
[2019.09.10-23.32.59:240][822]LogModuleManager: Shutting down and abandoning module AutomationWindow (462)
[2019.09.10-23.32.59:240][822]LogModuleManager: Shutting down and abandoning module Layers (460)
[2019.09.10-23.32.59:240][822]LogModuleManager: Shutting down and abandoning module ComponentVisualizers (458)
[2019.09.10-23.32.59:240][822]LogModuleManager: Shutting down and abandoning module DetailCustomizations (456)
[2019.09.10-23.32.59:240][822]LogModuleManager: Shutting down and abandoning module PackagesDialog (454)
[2019.09.10-23.32.59:240][822]LogModuleManager: Shutting down and abandoning module Persona (452)
[2019.09.10-23.32.59:240][822]LogModuleManager: Shutting down and abandoning module AdvancedPreviewScene (451)
[2019.09.10-23.32.59:240][822]LogModuleManager: Shutting down and abandoning module AnimGraph (449)
[2019.09.10-23.32.59:240][822]LogModuleManager: Shutting down and abandoning module Kismet (446)
[2019.09.10-23.32.59:240][822]LogModuleManager: Shutting down and abandoning module GraphEditor (444)
[2019.09.10-23.32.59:240][822]LogModuleManager: Shutting down and abandoning module ClassViewer (442)
[2019.09.10-23.32.59:240][822]LogModuleManager: Shutting down and abandoning module Toolbox (440)
[2019.09.10-23.32.59:240][822]LogModuleManager: Shutting down and abandoning module DesktopPlatform (439)
[2019.09.10-23.32.59:240][822]LogModuleManager: Shutting down and abandoning module ModuleUI (436)
[2019.09.10-23.32.59:240][822]LogModuleManager: Shutting down and abandoning module MovieSceneTools (434)
[2019.09.10-23.32.59:240][822]LogModuleManager: Shutting down and abandoning module OutputLog (432)
[2019.09.10-23.32.59:240][822]LogModuleManager: Shutting down and abandoning module GammaUI (430)
[2019.09.10-23.32.59:240][822]LogModuleManager: Shutting down and abandoning module Documentation (428)
[2019.09.10-23.32.59:240][822]LogModuleManager: Shutting down and abandoning module MovieSceneTracks (426)
[2019.09.10-23.32.59:240][822]LogModuleManager: Shutting down and abandoning module MovieScene (424)
[2019.09.10-23.32.59:240][822]LogModuleManager: Shutting down and abandoning module StreamingPauseRendering (422)
[2019.09.10-23.32.59:240][822]LogModuleManager: Shutting down and abandoning module LauncherPlatform (420)
[2019.09.10-23.32.59:241][822]LogModuleManager: Shutting down and abandoning module AnalyticsET (418)
[2019.09.10-23.32.59:241][822]LogModuleManager: Shutting down and abandoning module PortalServices (416)
[2019.09.10-23.32.59:241][822]LogModuleManager: Shutting down and abandoning module PortalRpc (414)
[2019.09.10-23.32.59:241][822]LogModuleManager: Shutting down and abandoning module MessagingRpc (412)
[2019.09.10-23.32.59:241][822]LogModuleManager: Shutting down and abandoning module AIModule (410)
[2019.09.10-23.32.59:241][822]LogModuleManager: Shutting down and abandoning module GameplayDebugger (409)
[2019.09.10-23.32.59:241][822]LogModuleManager: Shutting down and abandoning module AITestSuite (407)
[2019.09.10-23.32.59:241][822]LogModuleManager: Shutting down and abandoning module NavigationSystem (405)
[2019.09.10-23.32.59:241][822]LogModuleManager: Shutting down and abandoning module ProfilerService (402)
[2019.09.10-23.32.59:441][822]LogModuleManager: Shutting down and abandoning module TaskGraph (400)
[2019.09.10-23.32.59:441][822]LogModuleManager: Shutting down and abandoning module SteamVRController (398)
[2019.09.10-23.32.59:441][822]LogModuleManager: Shutting down and abandoning module ProceduralMeshComponentEditor (396)
[2019.09.10-23.32.59:441][822]LogModuleManager: Shutting down and abandoning module ProceduralMeshComponent (394)
[2019.09.10-23.32.59:441][822]LogModuleManager: Shutting down and abandoning module OculusInput (392)
[2019.09.10-23.32.59:441][822]LogModuleManager: Shutting down and abandoning module MobilePatchingUtils (390)
[2019.09.10-23.32.59:441][822]LogModuleManager: Shutting down and abandoning module EditableMesh (388)
[2019.09.10-23.32.59:441][822]LogModuleManager: Shutting down and abandoning module CustomMeshComponent (386)
[2019.09.10-23.32.59:442][822]LogModuleManager: Shutting down and abandoning module CableComponent (384)
[2019.09.10-23.32.59:442][822]LogModuleManager: Shutting down and abandoning module AudioCapture (382)
[2019.09.10-23.32.59:442][822]LogModuleManager: Shutting down and abandoning module ArchVisCharacter (380)
[2019.09.10-23.32.59:442][822]LogModuleManager: Shutting down and abandoning module AndroidPermission (378)
[2019.09.10-23.32.59:442][822]LogModuleManager: Shutting down and abandoning module NUTUnrealEngine4 (376)
[2019.09.10-23.32.59:442][822]LogModuleManager: Shutting down and abandoning module NetcodeUnitTest (374)
[2019.09.10-23.32.59:442][822]LogModuleManager: Shutting down and abandoning module MediaCompositingEditor (372)
[2019.09.10-23.32.59:442][822]LogModuleManager: Shutting down and abandoning module MediaCompositing (370)
[2019.09.10-23.32.59:442][822]LogModuleManager: Shutting down and abandoning module LinearTimecode (368)
[2019.09.10-23.32.59:442][822]LogModuleManager: Shutting down and abandoning module ImgMedia (366)
[2019.09.10-23.32.59:444][822]LogModuleManager: Shutting down and abandoning module HTML5Networking (364)
[2019.09.10-23.32.59:444][822]LogModuleManager: Shutting down and abandoning module GeometryCacheTracks (362)
[2019.09.10-23.32.59:444][822]LogModuleManager: Shutting down and abandoning module GeometryCacheSequencer (360)
[2019.09.10-23.32.59:444][822]LogModuleManager: Shutting down and abandoning module BackChannel (358)
[2019.09.10-23.32.59:444][822]LogModuleManager: Shutting down and abandoning module AppleVision (356)
[2019.09.10-23.32.59:444][822]LogModuleManager: Shutting down and abandoning module AppleImageUtils (354)
[2019.09.10-23.32.59:444][822]LogModuleManager: Shutting down and abandoning module AlembicImporter (352)
[2019.09.10-23.32.59:444][822]LogModuleManager: Shutting down and abandoning module AlembicLibrary (351)
[2019.09.10-23.32.59:444][822]LogModuleManager: Shutting down and abandoning module GeometryCache (350)
[2019.09.10-23.32.59:444][822]LogModuleManager: Shutting down and abandoning module GeometryCacheEd (349)
[2019.09.10-23.32.59:445][822]LogModuleManager: Shutting down and abandoning module DatasmithContentEditor (344)
[2019.09.10-23.32.59:445][822]LogModuleManager: Shutting down and abandoning module DatasmithContent (342)
[2019.09.10-23.32.59:445][822]LogModuleManager: Shutting down and abandoning module SpeedTreeImporter (340)
[2019.09.10-23.32.59:445][822]LogModuleManager: Shutting down and abandoning module PluginBrowser (338)
[2019.09.10-23.32.59:445][822]LogModuleManager: Shutting down and abandoning module MobileLauncherProfileWizard (336)
[2019.09.10-23.32.59:445][822]LogModuleManager: Shutting down and abandoning module PolygonModeling (334)
[2019.09.10-23.32.59:445][822]LogModuleManager: Shutting down and abandoning module MeshEditor (332)
[2019.09.10-23.32.59:445][822]LogModuleManager: Shutting down and abandoning module CryptoKeysOpenSSL (330)
[2019.09.10-23.32.59:445][822]LogModuleManager: Shutting down and abandoning module CryptoKeys (328)
[2019.09.10-23.32.59:445][822]LogModuleManager: Shutting down and abandoning module VisualStudioSourceCodeAccess (326)
[2019.09.10-23.32.59:445][822]LogModuleManager: Shutting down and abandoning module VisualStudioCodeSourceCodeAccess (324)
[2019.09.10-23.32.59:445][822]LogModuleManager: Shutting down and abandoning module UObjectPlugin (322)
[2019.09.10-23.32.59:445][822]LogModuleManager: Shutting down and abandoning module SubversionSourceControl (320)
[2019.09.10-23.32.59:445][822]LogModuleManager: Shutting down and abandoning module PerforceSourceControl (318)
[2019.09.10-23.32.59:445][822]LogModuleManager: Shutting down and abandoning module GitSourceControl (316)
[2019.09.10-23.32.59:445][822]LogModuleManager: Shutting down and abandoning module SourceControl (315)
[2019.09.10-23.32.59:445][822]LogModuleManager: Shutting down and abandoning module CLionSourceCodeAccess (312)
[2019.09.10-23.32.59:445][822]LogModuleManager: Shutting down and abandoning module LightPropagationVolumeEditor (310)
[2019.09.10-23.32.59:445][822]LogModuleManager: Shutting down and abandoning module PaperTiledImporter (308)
[2019.09.10-23.32.59:445][822]LogModuleManager: Shutting down and abandoning module PaperSpriteSheetImporter (306)
[2019.09.10-23.32.59:445][822]LogModuleManager: Shutting down and abandoning module Paper2DEditor (304)
[2019.09.10-23.32.59:445][822]LogModuleManager: Shutting down and abandoning module MeshPaint (303)
[2019.09.10-23.32.59:445][822]LogModuleManager: Shutting down and abandoning module RuntimePhysXCooking (298)
[2019.09.10-23.32.59:445][822]LogModuleManager: Shutting down and abandoning module PhysXVehiclesEditor (296)
[2019.09.10-23.32.59:445][822]LogModuleManager: Shutting down and abandoning module PhysXVehicles (294)
[2019.09.10-23.32.59:445][822]LogModuleManager: Shutting down and abandoning module OculusEditor (292)
[2019.09.10-23.32.59:445][822]LogModuleManager: Shutting down and abandoning module LocationServicesBPLibrary (290)
[2019.09.10-23.32.59:445][822]LogModuleManager: Shutting down and abandoning module ImmediatePhysicsEditor (288)
[2019.09.10-23.32.59:445][822]LogModuleManager: Shutting down and abandoning module ImmediatePhysics (286)
[2019.09.10-23.32.59:445][822]LogModuleManager: Shutting down and abandoning module ActorSequence (284)
[2019.09.10-23.32.59:445][822]LogModuleManager: Shutting down and abandoning module UdpMessaging (282)
[2019.09.10-23.32.59:546][822]LogModuleManager: Shutting down and abandoning module TcpMessaging (280)
[2019.09.10-23.32.59:647][822]LogModuleManager: Shutting down and abandoning module MagicLeapAudio (278)
[2019.09.10-23.32.59:647][822]LogModuleManager: Shutting down and abandoning module GameplayTagsEditor (276)
[2019.09.10-23.32.59:647][822]LogModuleManager: Shutting down and abandoning module FacialAnimationEditor (274)
[2019.09.10-23.32.59:647][822]LogModuleManager: Shutting down and abandoning module FacialAnimation (272)
[2019.09.10-23.32.59:647][822]LogModuleManager: Shutting down and abandoning module DataValidation (270)
[2019.09.10-23.32.59:647][822]LogModuleManager: Shutting down and abandoning module AssetManagerEditor (268)
[2019.09.10-23.32.59:647][822]LogModuleManager: Shutting down and abandoning module LevelEditor (267)
[2019.09.10-23.32.59:647][822]LogModuleManager: Shutting down and abandoning module PixelInspectorModule (266)
[2019.09.10-23.32.59:647][822]LogModuleManager: Shutting down and abandoning module CommonMenuExtensions (264)
[2019.09.10-23.32.59:648][822]LogModuleManager: Shutting down and abandoning module MainFrame (262)
[2019.09.10-23.32.59:648][822]LogModuleManager: Shutting down and abandoning module HotReload (261)
[2019.09.10-23.32.59:648][822]LogModuleManager: Shutting down and abandoning module ContentBrowser (257)
[2019.09.10-23.32.59:649][822]LogModuleManager: Shutting down and abandoning module TreeMap (255)
[2019.09.10-23.32.59:649][822]LogModuleManager: Shutting down and abandoning module LightPropagationVolumeRuntime (252)
[2019.09.10-23.32.59:649][822]LogModuleManager: Shutting down and abandoning module AISupportModule (250)
[2019.09.10-23.32.59:649][822]LogModuleManager: Shutting down and abandoning module Paper2D (248)
[2019.09.10-23.32.59:649][822]LogModuleManager: Shutting down and abandoning module WindowsMoviePlayer (246)
[2019.09.10-23.32.59:649][822]LogModuleManager: Shutting down and abandoning module WmfMedia (244)
[2019.09.10-23.32.59:650][822]LogModuleManager: Shutting down and abandoning module Media (243)
[2019.09.10-23.32.59:656][822]LogModuleManager: Shutting down and abandoning module PacketHandler (240)
[2019.09.10-23.32.59:656][822]LogModuleManager: Shutting down and abandoning module ClothingSystemEditor (238)
[2019.09.10-23.32.59:656][822]LogModuleManager: Shutting down and abandoning module ClothingSystemRuntime (236)
[2019.09.10-23.32.59:656][822]LogModuleManager: Shutting down and abandoning module MediaAssets (234)
[2019.09.10-23.32.59:656][822]LogModuleManager: Shutting down and abandoning module Overlay (232)
[2019.09.10-23.32.59:656][822]LogModuleManager: Shutting down and abandoning module OverlayEditor (231)
[2019.09.10-23.32.59:656][822]LogModuleManager: Shutting down and abandoning module VREditor (228)
[2019.09.10-23.32.59:656][822]LogModuleManager: Shutting down and abandoning module StringTableEditor (226)
[2019.09.10-23.32.59:656][822]LogModuleManager: Shutting down and abandoning module GameplayTasksEditor (224)
[2019.09.10-23.32.59:656][822]LogModuleManager: Shutting down and abandoning module BehaviorTreeEditor (222)
[2019.09.10-23.32.59:656][822]LogModuleManager: Shutting down and abandoning module FunctionalTesting (220)
[2019.09.10-23.32.59:656][822]LogModuleManager: Shutting down and abandoning module CollisionAnalyzer (218)
[2019.09.10-23.32.59:656][822]LogModuleManager: Shutting down and abandoning module WorkspaceMenuStructure (217)
[2019.09.10-23.32.59:656][822]LogModuleManager: Shutting down and abandoning module UMG (214)
[2019.09.10-23.32.59:657][822]LogModuleManager: Shutting down and abandoning module UMGEditor (213)
[2019.09.10-23.32.59:657][822]LogModuleManager: Shutting down and abandoning module Sequencer (212)
[2019.09.10-23.32.59:657][822]LogModuleManager: Shutting down and abandoning module MessageLog (209)
[2019.09.10-23.32.59:657][822]LogModuleManager: Shutting down and abandoning module SlateReflector (204)
[2019.09.10-23.32.59:657][822]LogModuleManager: Shutting down and abandoning module Slate (202)
[2019.09.10-23.32.59:657][822]LogModuleManager: Shutting down and abandoning module EditorStyle (200)
[2019.09.10-23.32.59:658][822]LogModuleManager: Shutting down and abandoning module MRMesh (198)
[2019.09.10-23.32.59:658][822]LogModuleManager: Shutting down and abandoning module SourceCodeAccess (196)
[2019.09.10-23.32.59:658][822]LogModuleManager: Shutting down and abandoning module HeadMountedDisplay (194)
[2019.09.10-23.32.59:658][822]LogModuleManager: Shutting down and abandoning module XAudio2 (192)
[2019.09.10-23.32.59:658][822]LogModuleManager: Shutting down and abandoning module Networking (190)
[2019.09.10-23.32.59:658][822]LogModuleManager: Shutting down and abandoning module Core (188)
[2019.09.10-23.32.59:658][822]LogModuleManager: Shutting down and abandoning module LevelSequence (186)
[2019.09.10-23.32.59:658][822]LogModuleManager: Shutting down and abandoning module KismetCompiler (184)
[2019.09.10-23.32.59:658][822]LogModuleManager: Shutting down and abandoning module MeshUtilities (182)
[2019.09.10-23.32.59:658][822]LogModuleManager: Shutting down and abandoning module MeshMergeUtilities (181)
[2019.09.10-23.32.59:658][822]LogModuleManager: Shutting down and abandoning module MeshReductionInterface (180)
[2019.09.10-23.32.59:658][822]LogModuleManager: Shutting down and abandoning module SimplygonSwarm (179)
[2019.09.10-23.32.59:658][822]LogModuleManager: Shutting down and abandoning module ProxyLODMeshReduction (177)
[2019.09.10-23.32.59:658][822]LogModuleManager: Shutting down and abandoning module SimplygonMeshReduction (175)
[2019.09.10-23.32.59:658][822]LogModuleManager: Shutting down and abandoning module QuadricMeshReduction (173)
[2019.09.10-23.32.59:658][822]LogModuleManager: Shutting down and abandoning module MaterialBaking (169)
[2019.09.10-23.32.59:658][822]LogModuleManager: Shutting down and abandoning module DirectoryWatcher (165)
[2019.09.10-23.32.59:658][822]LogModuleManager: Shutting down and abandoning module DerivedDataCache (162)
[2019.09.10-23.32.59:711][822]LogDerivedDataCache: Shutdown
[2019.09.10-23.32.59:711][822]LogModuleManager: Shutting down and abandoning module XGEController (160)
[2019.09.10-23.32.59:711][822]LogModuleManager: Shutting down and abandoning module TargetPlatform (158)
[2019.09.10-23.32.59:711][822]LogModuleManager: Shutting down and abandoning module VulkanShaderFormat (157)
[2019.09.10-23.32.59:711][822]LogModuleManager: Shutting down and abandoning module ShaderFormatVectorVM (155)
[2019.09.10-23.32.59:711][822]LogModuleManager: Shutting down and abandoning module ShaderFormatOpenGL (153)
[2019.09.10-23.32.59:711][822]LogModuleManager: Shutting down and abandoning module ShaderFormatD3D (151)
[2019.09.10-23.32.59:711][822]LogModuleManager: Shutting down and abandoning module MetalShaderFormat (149)
[2019.09.10-23.32.59:711][822]LogModuleManager: Shutting down and abandoning module TextureFormatUncompressed (147)
[2019.09.10-23.32.59:711][822]LogModuleManager: Shutting down and abandoning module TextureFormatPVR (145)
[2019.09.10-23.32.59:711][822]LogModuleManager: Shutting down and abandoning module TextureFormatDXT (143)
[2019.09.10-23.32.59:711][822]LogModuleManager: Shutting down and abandoning module TextureFormatIntelISPCTexComp (141)
[2019.09.10-23.32.59:711][822]LogModuleManager: Shutting down and abandoning module TextureFormatASTC (139)
[2019.09.10-23.32.59:711][822]LogModuleManager: Shutting down and abandoning module ImageWrapper (138)
[2019.09.10-23.32.59:711][822]LogModuleManager: Shutting down and abandoning module TextureFormatAndroid (135)
[2019.09.10-23.32.59:711][822]LogModuleManager: Shutting down and abandoning module AudioFormatOpus (133)
[2019.09.10-23.32.59:711][822]LogModuleManager: Shutting down and abandoning module AudioFormatOgg (131)
[2019.09.10-23.32.59:712][822]LogModuleManager: Shutting down and abandoning module AudioFormatADPCM (129)
[2019.09.10-23.32.59:712][822]LogModuleManager: Shutting down and abandoning module LuminTargetPlatform (127)
[2019.09.10-23.32.59:712][822]LogModuleManager: Shutting down and abandoning module LinuxTargetPlatform (125)
[2019.09.10-23.32.59:712][822]LogModuleManager: Shutting down and abandoning module LinuxServerTargetPlatform (123)
[2019.09.10-23.32.59:712][822]LogModuleManager: Shutting down and abandoning module LinuxNoEditorTargetPlatform (121)
[2019.09.10-23.32.59:712][822]LogModuleManager: Shutting down and abandoning module LinuxClientTargetPlatform (119)
[2019.09.10-23.32.59:712][822]LogModuleManager: Shutting down and abandoning module TVOSTargetPlatform (117)
[2019.09.10-23.32.59:712][822]LogModuleManager: Shutting down and abandoning module Messaging (115)
[2019.09.10-23.32.59:712][822]LogModuleManager: Shutting down and abandoning module IOSTargetPlatform (113)
[2019.09.10-23.32.59:713][822]LogModuleManager: Shutting down and abandoning module HTML5TargetPlatform (111)
[2019.09.10-23.32.59:713][822]LogModuleManager: Shutting down and abandoning module AndroidTargetPlatform (109)
[2019.09.10-23.32.59:720][822]LogModuleManager: Shutting down and abandoning module WindowsTargetPlatform (107)
[2019.09.10-23.32.59:720][822]LogModuleManager: Shutting down and abandoning module WindowsServerTargetPlatform (105)
[2019.09.10-23.32.59:720][822]LogModuleManager: Shutting down and abandoning module WindowsNoEditorTargetPlatform (103)
[2019.09.10-23.32.59:720][822]LogModuleManager: Shutting down and abandoning module WindowsClientTargetPlatform (101)
[2019.09.10-23.32.59:720][822]LogModuleManager: Shutting down and abandoning module MacTargetPlatform (99)
[2019.09.10-23.32.59:720][822]LogModuleManager: Shutting down and abandoning module MacServerTargetPlatform (97)
[2019.09.10-23.32.59:720][822]LogModuleManager: Shutting down and abandoning module MacNoEditorTargetPlatform (95)
[2019.09.10-23.32.59:720][822]LogModuleManager: Shutting down and abandoning module MacClientTargetPlatform (93)
[2019.09.10-23.32.59:720][822]LogModuleManager: Shutting down and abandoning module AllDesktopTargetPlatform (91)
[2019.09.10-23.32.59:720][822]LogModuleManager: Shutting down and abandoning module InputCore (88)
[2019.09.10-23.32.59:720][822]LogModuleManager: Shutting down and abandoning module Settings (86)
[2019.09.10-23.32.59:720][822]LogModuleManager: Shutting down and abandoning module PhysXCooking (84)
[2019.09.10-23.32.59:720][822]LogModuleManager: Shutting down and abandoning module SteamVR (82)
[2019.09.10-23.32.59:720][822]LogModuleManager: Shutting down and abandoning module OculusHMD (80)
[2019.09.10-23.32.59:720][822]LogModuleManager: Shutting down and abandoning module ExampleDeviceProfileSelector (78)
[2019.09.10-23.32.59:720][822]LogModuleManager: Shutting down and abandoning module LauncherChunkInstaller (76)
[2019.09.10-23.32.59:720][822]LogModuleManager: Shutting down and abandoning module OnlineBlueprintSupport (74)
[2019.09.10-23.32.59:720][822]LogModuleManager: Shutting down and abandoning module OnlineSubsystem (70)
[2019.09.10-23.32.59:721][822]LogModuleManager: Shutting down and abandoning module XMPP (65)
[2019.09.10-23.32.59:721][822]LogModuleManager: Shutting down and abandoning module WebSockets (64)
[2019.09.10-23.32.59:725][822]LogModuleManager: Shutting down and abandoning module HTTP (61)
[2019.09.10-23.32.59:725][822]LogHttp: Display: Http module shutting down, but needs to wait on 1 outstanding Http requests:
[2019.09.10-23.32.59:725][822]LogHttp: Display: 	verb=[POST] url=[https://datarouter.ol.epicgames.com/datarouter/api/v1/public/data?SessionID=%7B74C0C143-4746-E26C-6DC7-D0899107D592%7D&AppID=UEEditor.Rocket.Release&AppVersion=4.20.3-4369336%2B%2B%2BUE4%2BRelease-4.20&UserID=61c56b674501146495b60098f48dd5db%7C%7C47d1ee80-2624-46f8-96aa-ef67f44577de&AppEnvironment=datacollector-binary&UploadType=eteventstream] status=Processing
[2019.09.10-23.32.59:735][822]LogModuleManager: Shutting down and abandoning module SSL (60)
[2019.09.10-23.32.59:736][822]LogModuleManager: Shutting down and abandoning module MagicLeapEmulator (56)
[2019.09.10-23.32.59:736][822]LogModuleManager: Shutting down and abandoning module MagicLeapPrivileges (54)
[2019.09.10-23.32.59:736][822]LogModuleManager: Shutting down and abandoning module MagicLeapIdentity (52)
[2019.09.10-23.32.59:736][822]LogModuleManager: Shutting down and abandoning module MagicLeapHelperVulkan (50)
[2019.09.10-23.32.59:736][822]LogModuleManager: Shutting down and abandoning module MagicLeapHelperOpenGL (48)
[2019.09.10-23.32.59:736][822]LogModuleManager: Shutting down and abandoning module MagicLeapSecureStorage (46)
[2019.09.10-23.32.59:736][822]LogModuleManager: Shutting down and abandoning module MagicLeapGestures (44)
[2019.09.10-23.32.59:736][822]LogModuleManager: Shutting down and abandoning module MagicLeapEyeTracker (42)
[2019.09.10-23.32.59:736][822]LogModuleManager: Shutting down and abandoning module MagicLeapController (40)
[2019.09.10-23.32.59:736][822]LogSlate: Slate User Destroyed.  User Index 0, Is Virtual User: 0
[2019.09.10-23.32.59:736][822]LogModuleManager: Shutting down and abandoning module MagicLeap (38)
[2019.09.10-23.32.59:736][822]LogModuleManager: Shutting down and abandoning module AnimationModifiers (36)
[2019.09.10-23.32.59:736][822]LogModuleManager: Shutting down and abandoning module PropertyEditor (35)
[2019.09.10-23.32.59:736][822]LogModuleManager: Shutting down and abandoning module AudioEditor (32)
[2019.09.10-23.32.59:736][822]LogModuleManager: Shutting down and abandoning module TextureCompressor (30)
[2019.09.10-23.32.59:736][822]LogModuleManager: Shutting down and abandoning module ShaderCore (28)
[2019.09.10-23.32.59:736][822]LogModuleManager: Shutting down and abandoning module Landscape (26)
[2019.09.10-23.32.59:736][822]LogModuleManager: Shutting down and abandoning module SlateRHIRenderer (24)
[2019.09.10-23.32.59:736][822]LogModuleManager: Shutting down and abandoning module OpenGLDrv (22)
[2019.09.10-23.32.59:736][822]LogModuleManager: Shutting down and abandoning module D3D11RHI (20)
[2019.09.10-23.32.59:736][822]LogModuleManager: Shutting down and abandoning module AnimGraphRuntime (18)
[2019.09.10-23.32.59:736][822]LogModuleManager: Shutting down and abandoning module Renderer (16)
[2019.09.10-23.32.59:736][822]LogModuleManager: Shutting down and abandoning module Engine (14)
[2019.09.10-23.32.59:736][822]LogModuleManager: Shutting down and abandoning module CoreUObject (12)
[2019.09.10-23.32.59:736][822]LogModuleManager: Shutting down and abandoning module NetworkFile (10)
[2019.09.10-23.32.59:736][822]LogModuleManager: Shutting down and abandoning module CookedIterativeFile (8)
[2019.09.10-23.32.59:736][822]LogModuleManager: Shutting down and abandoning module StreamingFile (6)
[2019.09.10-23.32.59:736][822]LogModuleManager: Shutting down and abandoning module SandboxFile (4)
[2019.09.10-23.32.59:737][822]LogModuleManager: Shutting down and abandoning module PakFile (2)
[2019.09.10-23.32.59:742][822]LogExit: Exiting.
[2019.09.10-23.32.59:762][822]Log file closed, 09/11/19 09:32:59
