Log file open, 09/11/19 09:19:41
LogWindows: Failed to load 'aqProf.dll' (GetLastError=126)
LogWindows: File 'aqProf.dll' does not exist
LogWindows: Failed to load 'VSPerf140.dll' (GetLastError=126)
LogWindows: File 'VSPerf140.dll' does not exist
LogWindows: Failed to load 'VtuneApi.dll' (GetLastError=126)
LogWindows: File 'VtuneApi.dll' does not exist
LogWindows: Failed to load 'VtuneApi32e.dll' (GetLastError=126)
LogWindows: File 'VtuneApi32e.dll' does not exist
LogInit: Display: Running engine for game: DuckHunt
LogPlatformFile: Not using cached read wrapper
LogTaskGraph: Started task graph with 5 named threads and 23 total threads with 3 sets of task threads.
LogStats: Stats thread started at 0.597535
LogD3D11RHI: Loaded GFSDK_Aftermath_Lib.x64.dll
LogICUInternationalization: Display: ICU TimeZone Detection - Raw Offset: +10:00, Platform Override: ''
LogPluginManager: Mounting plugin Paper2D
LogPluginManager: Mounting plugin AISupport
LogPluginManager: Mounting plugin LightPropagationVolume
LogPluginManager: Mounting plugin CLionSourceCodeAccess
LogPluginManager: Mounting plugin CodeLiteSourceCodeAccess
LogPluginManager: Mounting plugin GitSourceControl
LogPluginManager: Mounting plugin KDevelopSourceCodeAccess
LogPluginManager: Mounting plugin NullSourceCodeAccess
LogPluginManager: Mounting plugin PerforceSourceControl
LogPluginManager: Mounting plugin SubversionSourceControl
LogPluginManager: Mounting plugin UObjectPlugin
LogPluginManager: Mounting plugin VisualStudioCodeSourceCodeAccess
LogPluginManager: Mounting plugin VisualStudioSourceCodeAccess
LogPluginManager: Mounting plugin XCodeSourceCodeAccess
LogPluginManager: Mounting plugin AssetManagerEditor
LogPluginManager: Mounting plugin CryptoKeys
LogPluginManager: Mounting plugin DataValidation
LogPluginManager: Mounting plugin FacialAnimation
LogPluginManager: Mounting plugin GameplayTagsEditor
LogPluginManager: Mounting plugin MacGraphicsSwitching
LogPluginManager: Mounting plugin MeshEditor
LogPluginManager: Mounting plugin MobileLauncherProfileWizard
LogPluginManager: Mounting plugin PluginBrowser
LogPluginManager: Mounting plugin SpeedTreeImporter
LogPluginManager: Mounting plugin DatasmithContent
LogPluginManager: Mounting plugin AlembicImporter
LogPluginManager: Mounting plugin AppleImageUtils
LogPluginManager: Mounting plugin AppleVision
LogPluginManager: Mounting plugin BackChannel
LogPluginManager: Mounting plugin CharacterAI
LogPluginManager: Mounting plugin GeometryCache
LogPluginManager: Mounting plugin HTML5Networking
LogPluginManager: Mounting plugin ProxyLODPlugin
LogPluginManager: Mounting plugin MagicLeap
LogPluginManager: Mounting plugin MagicLeapEmulator
LogPluginManager: Mounting plugin MagicLeapMedia
LogPluginManager: Mounting plugin AndroidMedia
LogPluginManager: Mounting plugin AvfMedia
LogPluginManager: Mounting plugin ImgMedia
LogPluginManager: Mounting plugin LinearTimecode
LogPluginManager: Mounting plugin MediaCompositing
LogPluginManager: Mounting plugin MediaPlayerEditor
LogPluginManager: Mounting plugin WmfMedia
LogPluginManager: Mounting plugin TcpMessaging
LogPluginManager: Mounting plugin UdpMessaging
LogPluginManager: Mounting plugin ActorSequence
LogPluginManager: Mounting plugin LevelSequenceEditor
LogPluginManager: Mounting plugin MatineeToLevelSequence
LogPluginManager: Mounting plugin NetcodeUnitTest
LogPluginManager: Mounting plugin NUTUnrealEngine4
LogPluginManager: Mounting plugin OnlineSubsystemGooglePlay
LogPluginManager: Mounting plugin OnlineSubsystemIOS
LogPluginManager: Mounting plugin OnlineSubsystem
LogPluginManager: Mounting plugin OnlineSubsystemNull
LogPluginManager: Mounting plugin OnlineSubsystemUtils
LogPluginManager: Mounting plugin LauncherChunkInstaller
LogPluginManager: Mounting plugin AndroidDeviceProfileSelector
LogPluginManager: Mounting plugin AndroidMoviePlayer
LogPluginManager: Mounting plugin AndroidPermission
LogPluginManager: Mounting plugin AppleMoviePlayer
LogPluginManager: Mounting plugin ArchVisCharacter
LogPluginManager: Mounting plugin AudioCapture
LogPluginManager: Mounting plugin CableComponent
LogPluginManager: Mounting plugin CustomMeshComponent
LogPluginManager: Mounting plugin EditableMesh
LogPluginManager: Mounting plugin ExampleDeviceProfileSelector
LogPluginManager: Mounting plugin GoogleCloudMessaging
LogPluginManager: Mounting plugin ImmediatePhysics
LogPluginManager: Mounting plugin IOSDeviceProfileSelector
LogPluginManager: Mounting plugin LinuxDeviceProfileSelector
LogPluginManager: Mounting plugin LocationServicesBPLibrary
LogPluginManager: Mounting plugin MobilePatchingUtils
LogPluginManager: Mounting plugin OculusVR
LogPluginManager: Plugin shader directory ../../../Engine/Plugins/Runtime/Oculus/OculusVR/Shaders found
LogPluginManager: Mapping shader source directory ../../../Engine/Plugins/Runtime/Oculus/OculusVR/Shaders to virtual directory /Plugin/OculusVR
LogPluginManager: Mounting plugin PhysXVehicles
LogPluginManager: Mounting plugin ProceduralMeshComponent
LogPluginManager: Mounting plugin RuntimePhysXCooking
LogPluginManager: Mounting plugin SteamVR
LogPluginManager: Mounting plugin WindowsMoviePlayer
LogStreaming: Display: Took  0.140s to configure plugins.
LogInit: Using libcurl 7.55.1-DEV
LogInit:  - built for x86_64-pc-win32
LogInit:  - supports SSL with OpenSSL/1.0.2h
LogInit:  - supports HTTP deflate (compression) using libz 1.2.8
LogInit:  - other features:
LogInit:      CURL_VERSION_SSL
LogInit:      CURL_VERSION_LIBZ
LogInit:      CURL_VERSION_IPV6
LogInit:      CURL_VERSION_ASYNCHDNS
LogInit:      CURL_VERSION_LARGEFILE
LogInit:      CURL_VERSION_IDN
LogInit:  CurlRequestOptions (configurable via config and command line):
LogInit:  - bVerifyPeer = false  - Libcurl will NOT verify peer certificate
LogInit:  - bUseHttpProxy = false  - Libcurl will NOT use HTTP proxy
LogInit:  - bDontReuseConnections = false  - Libcurl will reuse connections
LogInit:  - CertBundlePath = nullptr  - Libcurl will use whatever was configured at build time.
LogInit:  - MaxHostConnections = 16  - Libcurl will limit the number of connections to a host
LogInit:  - LocalHostAddr = Default
LogInit:  - BufferSize = 65536
LogInit: WinSock: version 1.1 (2.2), MaxSocks=32767, MaxUdp=65467
LogInit: Build: ++UE4+Release-4.20-CL-4369336
LogInit: Engine Version: 4.20.3-4369336+++UE4+Release-4.20
LogInit: Compatible Engine Version: 4.20.0-4212847+++UE4+Release-4.20
LogInit: Net CL: 4212847
LogInit: OS: Windows 10 (), CPU: Intel(R) Core(TM) i7-4790 CPU @ 3.60GHz, GPU: NVIDIA GeForce GTX 770
LogInit: Compiled (64-bit): Sep 17 2018 12:26:19
LogInit: Compiled with Visual C++: 19.13.26129.00
LogInit: Build Configuration: Development
LogInit: Branch Name: ++UE4+Release-4.20
LogInit: Command Line:  -skipcompile
LogInit: Base Directory: C:/Program Files/Epic Games/UE_4.20/Engine/Binaries/Win64/
LogInit: Installed Engine Build: 1
LogDevObjectVersion: Number of dev versions registered: 20
LogDevObjectVersion:   Dev-Blueprints (B0D832E4-1F89-4F0D-ACCF-7EB736FD4AA2): 10
LogDevObjectVersion:   Dev-Build (E1C64328-A22C-4D53-A36C-8E866417BD8C): 0
LogDevObjectVersion:   Dev-Core (375EC13C-06E4-48FB-B500-84F0262A717E): 2
LogDevObjectVersion:   Dev-Editor (E4B068ED-F494-42E9-A231-DA0B2E46BB41): 24
LogDevObjectVersion:   Dev-Framework (CFFC743F-43B0-4480-9391-14DF171D2073): 34
LogDevObjectVersion:   Dev-Mobile (B02B49B5-BB20-44E9-A304-32B752E40360): 2
LogDevObjectVersion:   Dev-Networking (A4E4105C-59A1-49B5-A7C5-40C4547EDFEE): 0
LogDevObjectVersion:   Dev-Online (39C831C9-5AE6-47DC-9A44-9C173E1C8E7C): 0
LogDevObjectVersion:   Dev-Physics (78F01B33-EBEA-4F98-B9B4-84EACCB95AA2): 0
LogDevObjectVersion:   Dev-Platform (6631380F-2D4D-43E0-8009-CF276956A95A): 0
LogDevObjectVersion:   Dev-Rendering (12F88B9F-8875-4AFC-A67C-D90C383ABD29): 26
LogDevObjectVersion:   Dev-Sequencer (7B5AE74C-D270-4C10-A958-57980B212A5A): 9
LogDevObjectVersion:   Dev-VR (D7296918-1DD6-4BDD-9DE2-64A83CC13884): 2
LogDevObjectVersion:   Dev-LoadTimes (C2A15278-BFE7-4AFE-6C17-90FF531DF755): 1
LogDevObjectVersion:   Private-Geometry (6EACA3D4-40EC-4CC1-B786-8BED09428FC5): 3
LogDevObjectVersion:   Dev-AnimPhys (29E575DD-E0A3-4627-9D10-D276232CDCEA): 17
LogDevObjectVersion:   Dev-ReflectionCapture (6B266CEC-1EC7-4B8F-A30B-E4D90942FC07): 1
LogDevObjectVersion:   Dev-Automation (0DF73D61-A23F-47EA-B727-89E90C41499A): 1
LogDevObjectVersion:   FortniteMain (601D1886-AC64-4F84-AA16-D3DE0DEAC7D6): 12
LogDevObjectVersion:   Dev-Enterprise (9DFFBCD6-494F-0158-E221-12823C92A888): 1
LogStreaming: Display: Took  0.000s to delete old logs.
LogInit: Presizing for max 8388607 objects, including 0 objects not considered by GC, pre-allocating 0 bytes for permanent pool.
LogInit: Object subsystem initialized
[2019.09.10-23.19.42:170][  0]LogInit: Selected Device Profile: [Windows]
[2019.09.10-23.19.42:170][  0]LogInit: Applying CVar settings loaded from the selected device profile: [Windows]
[2019.09.10-23.19.42:188][  0]LogHAL: Display: Platform has ~ 16 GB [17008955392 / 17179869184 / 16], which maps to Larger [LargestMinGB=32, LargerMinGB=12, DefaultMinGB=8, SmallerMinGB=6, SmallestMinGB=0)
[2019.09.10-23.19.42:188][  0]LogInit: Setting Device Profile CVar: [[r.Vulkan.UseRealUBs:1]]
[2019.09.10-23.19.42:189][  0]LogInit: Going up to parent DeviceProfile []
[2019.09.10-23.19.42:189][  0]LogInit: Computer: SYD-B7C667
[2019.09.10-23.19.42:189][  0]LogInit: User: s181813
[2019.09.10-23.19.42:189][  0]LogInit: CPU Page size=4096, Cores=4
[2019.09.10-23.19.42:189][  0]LogInit: High frequency timer resolution =3.515619 MHz
[2019.09.10-23.19.42:189][  0]LogMemory: Memory total: Physical=15.8GB (16GB approx)
[2019.09.10-23.19.42:190][  0]LogMemory: Platform Memory Stats for Windows
[2019.09.10-23.19.42:190][  0]LogMemory: Process Physical Memory: 99.95 MB used, 99.95 MB peak
[2019.09.10-23.19.42:190][  0]LogMemory: Process Virtual Memory: 82.96 MB used, 82.96 MB peak
[2019.09.10-23.19.42:190][  0]LogMemory: Physical Memory: 7513.09 MB used,  8707.91 MB free, 16221.00 MB total
[2019.09.10-23.19.42:190][  0]LogMemory: Virtual Memory: 4633.04 MB used,  8707.91 MB free, 134217728.00 MB total
[2019.09.10-23.19.42:376][  0]LogInit: Using OS detected language (en-US).
[2019.09.10-23.19.42:376][  0]LogInit: Using OS detected locale (en-US).
[2019.09.10-23.19.42:377][  0]LogTextLocalizationManager: No specific localization for 'en-US' exists, so the 'en' localization will be used.
[2019.09.10-23.19.42:766][  0]LogStreaming: Display: Took  0.390s to InitEngineTextLocalization.
[2019.09.10-23.19.42:766][  0]LogInit: Setting process to per monitor DPI aware
[2019.09.10-23.19.42:807][  0]LogSlate: New Slate User Created.  User Index 0, Is Virtual User: 0
[2019.09.10-23.19.42:808][  0]LogSlate: Slate User Registered.  User Index 0, Is Virtual User: 0
[2019.09.10-23.19.42:997][  0]LogHMD: Failed to initialize OpenVR with code 110
[2019.09.10-23.19.42:997][  0]LogD3D11RHI: D3D11 adapters:
[2019.09.10-23.19.43:074][  0]LogD3D11RHI:    0. 'NVIDIA GeForce GTX 770' (Feature Level 11_0)
[2019.09.10-23.19.43:075][  0]LogD3D11RHI:       2007/0/8110 MB DedicatedVideo/DedicatedSystem/SharedSystem, Outputs:2, VendorId:0x10de
[2019.09.10-23.19.43:096][  0]LogD3D11RHI:    1. 'Intel(R) HD Graphics 4600' (Feature Level 11_0)
[2019.09.10-23.19.43:096][  0]LogD3D11RHI:       112/0/2048 MB DedicatedVideo/DedicatedSystem/SharedSystem, Outputs:0, VendorId:0x8086
[2019.09.10-23.19.43:100][  0]LogD3D11RHI:    2. 'Microsoft Basic Render Driver' (Feature Level 11_0)
[2019.09.10-23.19.43:100][  0]LogD3D11RHI:       0/0/8110 MB DedicatedVideo/DedicatedSystem/SharedSystem, Outputs:0, VendorId:0x1414
[2019.09.10-23.19.43:100][  0]LogD3D11RHI: Chosen D3D11 Adapter: 0
[2019.09.10-23.19.43:107][  0]LogD3D11RHI: Creating new Direct3DDevice
[2019.09.10-23.19.43:107][  0]LogD3D11RHI:     GPU DeviceId: 0x1184 (for the marketing name, search the web for "GPU Device Id")
[2019.09.10-23.19.43:107][  0]LogWindows: EnumDisplayDevices:
[2019.09.10-23.19.43:107][  0]LogWindows:    0. 'NVIDIA GeForce GTX 770' (P:1 D:1)
[2019.09.10-23.19.43:108][  0]LogWindows:    1. 'NVIDIA GeForce GTX 770' (P:0 D:1)
[2019.09.10-23.19.43:108][  0]LogWindows:    2. 'NVIDIA GeForce GTX 770' (P:0 D:0)
[2019.09.10-23.19.43:108][  0]LogWindows:    3. 'NVIDIA GeForce GTX 770' (P:0 D:0)
[2019.09.10-23.19.43:108][  0]LogWindows:    4. 'Intel(R) HD Graphics 4600' (P:0 D:0)
[2019.09.10-23.19.43:109][  0]LogWindows:    5. 'Intel(R) HD Graphics 4600' (P:0 D:0)
[2019.09.10-23.19.43:109][  0]LogWindows:    6. 'Intel(R) HD Graphics 4600' (P:0 D:0)
[2019.09.10-23.19.43:109][  0]LogWindows: DebugString: PrimaryIsNotTheChoosenAdapter PrimaryIsNotTheChoosenAdapter PrimaryIsNotTheChoosenAdapter FoundDriverCount:4 
[2019.09.10-23.19.43:109][  0]LogD3D11RHI:     Adapter Name: NVIDIA GeForce GTX 770
[2019.09.10-23.19.43:109][  0]LogD3D11RHI:   Driver Version: 417.35 (internal:25.21.14.1735, unified:417.35)
[2019.09.10-23.19.43:109][  0]LogD3D11RHI:      Driver Date: 12-11-2018
[2019.09.10-23.19.43:109][  0]LogRHI: Texture pool is 1404 MB (70% of 2007 MB)
[2019.09.10-23.19.43:151][  0]LogD3D11RHI: Async texture creation enabled
[2019.09.10-23.19.43:168][  0]LogD3D11RHI: GPU Timing Frequency: 1000.000000 (Debug: 2 2)
[2019.09.10-23.19.43:210][  0]LogShaderCompilers: Guid format shader working directory is -29 characters bigger than the processId version (../../../../../../Users/s181813/Documents/GitHub/DuckHuntUnreal/DuckHunt 4.20/Intermediate/Shaders/WorkingDirectory/8908/).
[2019.09.10-23.19.43:210][  0]LogShaderCompilers: Cleaned the shader compiler working directory 'C:/Users/s181813/AppData/Local/Temp/UnrealShaderWorkingDir/B5ADDD76458DF51ADDB67181115190CA/'.
[2019.09.10-23.19.43:470][  0]LogTemp: Display: Loaded TP AllDesktopTargetPlatform
[2019.09.10-23.19.43:487][  0]LogTemp: Display: Loaded TP MacClientTargetPlatform
[2019.09.10-23.19.43:503][  0]LogTemp: Display: Loaded TP MacNoEditorTargetPlatform
[2019.09.10-23.19.43:517][  0]LogTemp: Display: Loaded TP MacServerTargetPlatform
[2019.09.10-23.19.43:532][  0]LogTemp: Display: Loaded TP MacTargetPlatform
[2019.09.10-23.19.43:549][  0]LogTemp: Display: Loaded TP WindowsClientTargetPlatform
[2019.09.10-23.19.43:567][  0]LogTemp: Display: Loaded TP WindowsNoEditorTargetPlatform
[2019.09.10-23.19.43:583][  0]LogTemp: Display: Loaded TP WindowsServerTargetPlatform
[2019.09.10-23.19.43:592][  0]LogTemp: Display: Loaded TP WindowsTargetPlatform
[2019.09.10-23.19.43:684][  0]LogTemp: Display: Loaded TP AndroidTargetPlatform
[2019.09.10-23.19.43:684][  0]LogTemp: Display: Loaded TP AndroidTargetPlatform
[2019.09.10-23.19.43:684][  0]LogTemp: Display: Loaded TP AndroidTargetPlatform
[2019.09.10-23.19.43:684][  0]LogTemp: Display: Loaded TP AndroidTargetPlatform
[2019.09.10-23.19.43:684][  0]LogTemp: Display: Loaded TP AndroidTargetPlatform
[2019.09.10-23.19.43:684][  0]LogTemp: Display: Loaded TP AndroidTargetPlatform
[2019.09.10-23.19.43:684][  0]LogTemp: Display: Loaded TP AndroidTargetPlatform
[2019.09.10-23.19.43:684][  0]LogTemp: Display: Loaded TP AndroidTargetPlatform
[2019.09.10-23.19.43:684][  0]LogTemp: Display: Loaded TP AndroidTargetPlatform
[2019.09.10-23.19.43:684][  0]LogTemp: Display: Loaded TP AndroidTargetPlatform
[2019.09.10-23.19.43:684][  0]LogTemp: Display: Loaded TP AndroidTargetPlatform
[2019.09.10-23.19.43:685][  0]LogTemp: Display: Loaded TP AndroidTargetPlatform
[2019.09.10-23.19.43:685][  0]LogTemp: Display: Loaded TP AndroidTargetPlatform
[2019.09.10-23.19.43:685][  0]LogTemp: Display: Loaded TP AndroidTargetPlatform
[2019.09.10-23.19.43:685][  0]LogTemp: Display: Loaded TP AndroidTargetPlatform
[2019.09.10-23.19.43:685][  0]LogTemp: Display: Loaded TP AndroidTargetPlatform
[2019.09.10-23.19.43:685][  0]LogTemp: Display: Loaded TP AndroidTargetPlatform
[2019.09.10-23.19.43:685][  0]LogTemp: Display: Loaded TP AndroidTargetPlatform
[2019.09.10-23.19.43:688][  0]LogTemp: Display: Loaded TP HTML5TargetPlatform
[2019.09.10-23.19.43:759][  0]LogTemp: Display: Loaded TP IOSTargetPlatform
[2019.09.10-23.19.43:759][  0]LogTemp: Display: Loaded TP IOSTargetPlatform
[2019.09.10-23.19.43:789][  0]LogTemp: Display: Loaded TP TVOSTargetPlatform
[2019.09.10-23.19.43:789][  0]LogTemp: Display: Loaded TP TVOSTargetPlatform
[2019.09.10-23.19.43:805][  0]LogTemp: Display: Loaded TP LinuxClientTargetPlatform
[2019.09.10-23.19.43:821][  0]LogTemp: Display: Loaded TP LinuxNoEditorTargetPlatform
[2019.09.10-23.19.43:837][  0]LogTemp: Display: Loaded TP LinuxServerTargetPlatform
[2019.09.10-23.19.43:852][  0]LogTemp: Display: Loaded TP LinuxTargetPlatform
[2019.09.10-23.19.43:865][  0]LogTemp: Display: Loaded TP LuminTargetPlatform
[2019.09.10-23.19.43:865][  0]LogTargetPlatformManager: Display: Building Assets For Windows
[2019.09.10-23.19.43:976][  0]LogXGEController: Cannot use XGE Controller as Incredibuild is not installed on this machine.
[2019.09.10-23.19.43:976][  0]LogShaderCompilers: Cannot use XGE Shader Compiler as Incredibuild is not installed on this machine.
[2019.09.10-23.19.43:976][  0]LogShaderCompilers: Display: Using Local Shader Compiler.
[2019.09.10-23.19.44:698][  0]LogDerivedDataCache: Display: Max Cache Size: 512 MB
[2019.09.10-23.19.44:764][  0]LogDerivedDataCache: Loaded boot cache 0.07s 87MB C:/Users/s181813/AppData/Local/UnrealEngine/4.20/DerivedDataCache/Boot.ddc.
[2019.09.10-23.19.44:764][  0]LogDerivedDataCache: Display: Loaded Boot cache: C:/Users/s181813/AppData/Local/UnrealEngine/4.20/DerivedDataCache/Boot.ddc
[2019.09.10-23.19.44:765][  0]LogDerivedDataCache: FDerivedDataBackendGraph:  Pak pak cache file ../../../../../../Users/s181813/Documents/GitHub/DuckHuntUnreal/DuckHunt 4.20/DerivedDataCache/DDC.ddp not found, will not use a pak cache.
[2019.09.10-23.19.44:765][  0]LogDerivedDataCache: Unable to find inner node Pak for hierarchical cache Hierarchy.
[2019.09.10-23.19.44:765][  0]LogDerivedDataCache: FDerivedDataBackendGraph:  CompressedPak pak cache file ../../../../../../Users/s181813/Documents/GitHub/DuckHuntUnreal/DuckHunt 4.20/DerivedDataCache/Compressed.ddp not found, will not use a pak cache.
[2019.09.10-23.19.44:765][  0]LogDerivedDataCache: Unable to find inner node CompressedPak for hierarchical cache Hierarchy.
[2019.09.10-23.19.44:777][  0]LogDerivedDataCache: Display: Pak cache opened for reading ../../../Engine/DerivedDataCache/Compressed.ddp.
[2019.09.10-23.19.44:790][  0]LogDerivedDataCache: Using Local data cache path C:/Users/s181813/AppData/Local/UnrealEngine/Common/DerivedDataCache: Writable
[2019.09.10-23.19.44:790][  0]LogDerivedDataCache: Shared data cache path not found in *engine.ini, will not use an Shared cache.
[2019.09.10-23.19.44:790][  0]LogDerivedDataCache: Unable to find inner node Shared for hierarchical cache Hierarchy.
[2019.09.10-23.19.44:813][  0]LogMaterial: Verifying Global Shaders for PCD3D_SM5
[2019.09.10-23.19.44:814][  0]LogSlate: Using FreeType 2.6.0
[2019.09.10-23.19.44:815][  0]LogSlate: SlateFontServices - WITH_FREETYPE: 1, WITH_HARFBUZZ: 1
[2019.09.10-23.19.44:892][  0]LogAssetRegistry: FAssetRegistry took 0.0288 seconds to start up
[2019.09.10-23.19.45:217][  0]LogInit: Selected Device Profile: [Windows]
[2019.09.10-23.19.45:374][  0]LogSimplygon: Simplygon DLL not present - disabling.
[2019.09.10-23.19.45:382][  0]LogMeshReduction: Using SimplygonSwarm for distributed automatic mesh merging
[2019.09.10-23.19.45:382][  0]LogMeshReduction: Using ProxyLODMeshReduction for automatic mesh merging
[2019.09.10-23.19.45:382][  0]LogMeshReduction: Using QuadricMeshReduction for automatic static mesh reduction
[2019.09.10-23.19.45:382][  0]LogMeshReduction: No automatic skeletal mesh reduction module available
[2019.09.10-23.19.45:397][  0]LogNetVersion: DuckHunt 1.0.0, NetCL: 4212847, EngineNetVer: 5, GameNetVer: 0 (Checksum: 1679371872)
[2019.09.10-23.19.45:884][  0]LogPackageLocalizationCache: Processed 11 localized package path(s) for 2 prioritized culture(s) in 0.120166 seconds
[2019.09.10-23.19.45:895][  0]LogUObjectArray: 38425 objects as part of root set at end of initial load.
[2019.09.10-23.19.45:895][  0]LogUObjectAllocator: 6690864 out of 0 bytes used by permanent object pool.
[2019.09.10-23.19.45:895][  0]LogUObjectArray: CloseDisregardForGC: 0/0 objects in disregard for GC pool
[2019.09.10-23.19.46:826][  0]LogTcpMessaging: Initializing TcpMessaging bridge
[2019.09.10-23.19.46:842][  0]LogUdpMessaging: Initializing bridge on interface 0.0.0.0:0 to multicast group 230.0.0.1:6666.
[2019.09.10-23.19.47:030][  0]SourceControl: Source control is disabled
[2019.09.10-23.19.47:030][  0]SourceControl: Source control is disabled
[2019.09.10-23.19.47:033][  0]SourceControl: Source control is disabled
[2019.09.10-23.19.47:035][  0]SourceControl: Source control is disabled
[2019.09.10-23.19.47:282][  0]LogAndroidPermission: UAndroidPermissionCallbackProxy::GetInstance
[2019.09.10-23.19.47:369][  0]LogOcInput: OculusInput pre-init called
[2019.09.10-23.19.47:440][  0]LogEngine: Initializing Engine...
[2019.09.10-23.19.47:440][  0]LogHMD: Failed to initialize OpenVR with code 110
[2019.09.10-23.19.47:443][  0]LogStats: UGameplayTagsManager::ConstructGameplayTagTree: ImportINI prefixes -  0.000 s
[2019.09.10-23.19.47:443][  0]LogStats: UGameplayTagsManager::ConstructGameplayTagTree: Construct from data asset -  0.000 s
[2019.09.10-23.19.47:443][  0]LogStats: UGameplayTagsManager::ConstructGameplayTagTree: ImportINI -  0.000 s
[2019.09.10-23.19.47:443][  0]LogStats: UGameplayTagsManager::ConstructGameplayTagTree: GameplayTagTreeChangedEvent.Broadcast -  0.000 s
[2019.09.10-23.19.47:654][  0]LogInit: Initializing FReadOnlyCVARCache
[2019.09.10-23.19.47:671][  0]LogAIModule: Creating AISystem for world Untitled
[2019.09.10-23.19.47:686][  0]LogInit: XAudio2 using 'Realtek Digital Output (Realtek High Definition Audio)' : 2 channels at 48 kHz using 16 bits per sample (channel mask 0x3)
[2019.09.10-23.19.47:706][  0]LogInit: FAudioDevice initialized.
[2019.09.10-23.19.47:706][  0]LogNetVersion: Set ProjectVersion to 1.0.0.0. Version Checksum will be recalculated on next use.
[2019.09.10-23.19.47:780][  0]LogDerivedDataCache: Saved boot cache 0.07s 71MB C:/Users/s181813/AppData/Local/UnrealEngine/4.20/DerivedDataCache/Boot.ddc.
[2019.09.10-23.19.47:791][  0]LogInit: Texture streaming: Enabled
[2019.09.10-23.19.47:816][  0]LogEngineSessionManager: EngineSessionManager initialized
[2019.09.10-23.19.47:829][  0]LogInit: Transaction tracking system initialized
[2019.09.10-23.19.47:859][  0]BlueprintLog: New page: Editor Load
[2019.09.10-23.19.47:974][  0]LocalizationService: Localization service is disabled
[2019.09.10-23.19.48:247][  0]LogCook: Display: Max memory allowance for cook 16384mb min free memory 0mb
[2019.09.10-23.19.48:248][  0]LogFileCache: Scanning file cache for directory 'C:/Users/s181813/Documents/GitHub/DuckHuntUnreal/DuckHunt 4.20/Content/' took 0.01s
[2019.09.10-23.19.48:248][  0]LogCook: Display: Mobile HDR setting 0
[2019.09.10-23.19.48:248][  0]LogGameplayTags: Display: UGameplayTagsManager::DoneAddingNativeTags. DelegateIsBound: 0
[2019.09.10-23.19.48:248][  0]LogStats: UGameplayTagsManager::ConstructGameplayTagTree: ImportINI prefixes -  0.000 s
[2019.09.10-23.19.48:248][  0]LogStats: UGameplayTagsManager::ConstructGameplayTagTree: Construct from data asset -  0.000 s
[2019.09.10-23.19.48:248][  0]LogStats: UGameplayTagsManager::ConstructGameplayTagTree: ImportINI -  0.000 s
[2019.09.10-23.19.48:248][  0]LogStats: UGameplayTagsManager::ConstructGameplayTagTree: GameplayTagTreeChangedEvent.Broadcast -  0.000 s
[2019.09.10-23.19.48:434][  0]SourceControl: Source control is disabled
[2019.09.10-23.19.48:435][  0]Cmd: MAP LOAD FILE="../../../../../../Users/s181813/Documents/GitHub/DuckHuntUnreal/DuckHunt 4.20/Content/Untitled.umap" TEMPLATE=0 SHOWPROGRESS=1 FEATURELEVEL=3
[2019.09.10-23.19.48:435][  0]LightingResults: New page: Lighting Build
[2019.09.10-23.19.48:438][  0]MapCheck: New page: Map Check
[2019.09.10-23.19.48:438][  0]LightingResults: New page: Lighting Build
[2019.09.10-23.19.48:543][  0]LogLinker: Warning: Can't find file '/Game/Untitled_BuiltData'
[2019.09.10-23.19.48:544][  0]LogLinker: Warning: Can't find file for asset '/Game/Untitled_BuiltData' while loading ../../../../../../Users/s181813/Documents/GitHub/DuckHuntUnreal/DuckHunt 4.20/Content/Untitled.umap.
[2019.09.10-23.19.48:544][  0]LoadErrors: Error: /Game/Untitled : Can't find file for asset. /Game/Untitled_BuiltData
[2019.09.10-23.19.48:547][  0]LogLinker: Warning: Can't find file '/Game/Untitled_BuiltData'
[2019.09.10-23.19.48:547][  0]LogLinker: Warning: Can't find file for asset '/Game/Untitled_BuiltData' while loading ../../../../../../Users/s181813/Documents/GitHub/DuckHuntUnreal/DuckHunt 4.20/Content/Untitled.umap.
[2019.09.10-23.19.48:548][  0]LoadErrors: Error: /Game/Untitled : Can't find file for asset. /Game/Untitled_BuiltData
[2019.09.10-23.19.48:573][  0]LogLinker: Warning: Can't find file '/Game/Untitled_BuiltData'
[2019.09.10-23.19.48:573][  0]LoadErrors: Failed to load /Game/Untitled_BuiltData.Untitled_BuiltData Referenced by PersistentLevel
[2019.09.10-23.19.48:574][  0]LogLinker: Warning: Can't find file for asset '/Game/Untitled_BuiltData' while loading NULL.
[2019.09.10-23.19.48:574][  0]LoadErrors: Failed to load /Game/Untitled_BuiltData.Untitled_BuiltData Referenced by PersistentLevel
[2019.09.10-23.19.48:671][  0]LogAIModule: Creating AISystem for world Untitled
[2019.09.10-23.19.48:702][  0]LogEditorServer: Finished looking for orphan Actors (0.000 secs)
[2019.09.10-23.19.48:724][  0]Cmd: MAP CHECKDEP NOCLEARLOG
[2019.09.10-23.19.48:784][  0]MapCheck: Map check complete: 0 Error(s), 0 Warning(s), took 59.367ms to complete.
[2019.09.10-23.19.48:784][  0]LogFileHelpers: Loading map 'Untitled' took 0.349
[2019.09.10-23.19.48:898][  0]LogSlate: Updating window title bar state: overlay mode, drag disabled, window buttons hidden, title bar hidden
[2019.09.10-23.19.48:904][  0]LogSlate: Updating window title bar state: overlay mode, drag disabled, window buttons hidden, title bar hidden
[2019.09.10-23.19.48:912][  0]LogSlate: Updating window title bar state: overlay mode, drag disabled, window buttons hidden, title bar hidden
[2019.09.10-23.19.48:919][  0]LogSlate: Updating window title bar state: overlay mode, drag disabled, window buttons hidden, title bar hidden
[2019.09.10-23.19.48:926][  0]LogCollectionManager: Loaded 0 collections in 0.001725 seconds
[2019.09.10-23.19.48:974][  0]LogFileCache: Scanning file cache for directory 'C:/Users/s181813/Documents/GitHub/DuckHuntUnreal/DuckHunt 4.20/Saved/Collections/' took 0.01s
[2019.09.10-23.19.48:974][  0]LogFileCache: Scanning file cache for directory 'C:/Users/s181813/Documents/GitHub/DuckHuntUnreal/DuckHunt 4.20/Content/Developers/s181813/Collections/' took 0.01s
[2019.09.10-23.19.48:975][  0]LogFileCache: Scanning file cache for directory 'C:/Users/s181813/Documents/GitHub/DuckHuntUnreal/DuckHunt 4.20/Content/Collections/' took 0.01s
[2019.09.10-23.19.48:975][  0]LogCollectionManager: Rebuilt the GUID cache for 0 collections in 0.000000 seconds
[2019.09.10-23.19.48:987][  0]LogContentBrowser: Native class hierarchy populated in 0.0119 seconds. Added 2576 classes and 605 folders.
[2019.09.10-23.19.48:994][  0]LogContentBrowser: Native class hierarchy updated for 'WidgetCarousel' in 0.0004 seconds. Added 0 classes and 0 folders.
[2019.09.10-23.19.49:032][  0]LogContentBrowser: Native class hierarchy updated for 'AddContentDialog' in 0.0003 seconds. Added 0 classes and 0 folders.
[2019.09.10-23.19.49:039][  0]LogContentBrowser: Native class hierarchy updated for 'SceneOutliner' in 0.0003 seconds. Added 1 classes and 2 folders.
[2019.09.10-23.19.49:053][  0]LogSlate: Took 0.000204 seconds to synchronously load lazily loaded font '../../../Engine/Content/Slate/Fonts/Roboto-Regular.ttf' (155K)
[2019.09.10-23.19.49:056][  0]LogSlate: Took 0.000330 seconds to synchronously load lazily loaded font '../../../Engine/Content/Slate/Fonts/Roboto-Bold.ttf' (160K)
[2019.09.10-23.19.49:063][  0]LogSlate: Took 0.000228 seconds to synchronously load lazily loaded font '../../../Engine/Content/Editor/Slate/Fonts/FontAwesome.ttf' (139K)
[2019.09.10-23.19.49:142][  0]LogRenderer: Reallocating scene render targets to support 1208x576 Format 10 NumSamples 1 (Frame:1).
[2019.09.10-23.19.49:192][  0]LogSlate: Took 0.000236 seconds to synchronously load lazily loaded font '../../../Engine/Content/Slate/Fonts/Roboto-Light.ttf' (167K)
[2019.09.10-23.19.49:282][  0]LogSlate: FSceneViewport::OnFocusLost() reason 2
[2019.09.10-23.19.49:296][  0]LogSlate: Window 'Tutorials' being destroyed
[2019.09.10-23.19.49:331][  0]LogContentBrowser: Native class hierarchy updated for 'HierarchicalLODOutliner' in 0.0004 seconds. Added 0 classes and 0 folders.
[2019.09.10-23.19.49:331][  0]LogLoad: (Engine Initialization) Total time: 9.24 seconds
[2019.09.10-23.19.49:331][  0]LogLoad: (Engine Initialization) Total Blueprint compile time: 0.00 seconds
[2019.09.10-23.19.49:342][  0]LogWindowsTextInputMethodSystem: Display: IME system now deactivated.
[2019.09.10-23.19.49:363][  0]LogContentStreaming: Texture pool size now 1000 MB
[2019.09.10-23.19.49:370][  0]LogSlate: FSceneViewport::OnFocusLost() reason 2
[2019.09.10-23.19.49:422][  1]LogAssetRegistry: Asset discovery search completed in 4.5545 seconds
[2019.09.10-23.19.49:424][  1]LogCollectionManager: Rebuilt the object cache for 0 collections in 0.000001 seconds (found 0 objects)
[2019.09.10-23.19.49:424][  1]LogCollectionManager: Fixed up redirectors for 0 collections in 0.000183 seconds (updated 0 objects)
[2019.09.10-23.19.54:665][613]LogSlate: Window 'Message Log' being destroyed
[2019.09.10-23.19.57:087][901]LogSlate: FSceneViewport::OnFocusLost() reason 2
[2019.09.10-23.19.58:242][ 38]MapCheck: New page: Map Check
[2019.09.10-23.19.58:254][ 38]LogSlate: FSceneViewport::OnFocusLost() reason 2
[2019.09.10-23.19.58:259][ 38]LightingResults: New page: Lighting Build - Sep 11, 2019, 7:19:58 PM
[2019.09.10-23.19.58:345][ 38]LogSwarmInterface: [OpenConnection] Registering TCP channel ...
[2019.09.10-23.19.58:350][ 38]LogSwarmInterface: [OpenConnection] Connecting to agent ...
[2019.09.10-23.19.58:364][ 38]LogSwarmInterface: [TryOpenConnection] Testing the Agent
[2019.09.10-23.19.58:369][ 38]LogSwarmInterface: [TryOpenConnection] Opening Connection to Agent
[2019.09.10-23.19.58:369][ 38]LogSwarmInterface: [TryOpenConnection] Local Process ID is 8908
[2019.09.10-23.20.02:909][ 38]LightingResults: Warning: No importance volume found and the scene is so large that the automatically synthesized volume will not yield good results.  Please add a tightly bounding lightmass importance volume to optimize your scene's quality and lighting build times.
[2019.09.10-23.20.02:909][ 38]LogStaticLightingSystem: Running Lightmass w/ ImmediateImport mode ENABLED
[2019.09.10-23.20.02:909][ 38]LogStaticLightingSystem: Running Lightmass w/ ImmediateProcess mode ENABLED
[2019.09.10-23.20.02:909][ 38]LogStaticLightingSystem: Running Lightmass w/ Sorting mode ENABLED
[2019.09.10-23.20.02:909][ 38]LogStaticLightingSystem: Running Lightmass w/ Mapping paddings ENABLED
[2019.09.10-23.20.02:909][ 38]LogStaticLightingSystem: Running Lightmass w/ Mapping debug paddings DISABLED
[2019.09.10-23.20.03:045][ 38]LogEditorBuildUtils: Build time 0:04
[2019.09.10-23.20.19:710][510]Job is a success!
[2019.09.10-23.20.19:733][512]LogSlate: Took 0.000189 seconds to synchronously load lazily loaded font '../../../Engine/Content/Slate/Fonts/Roboto-Light.ttf' (167K)
[2019.09.10-23.20.19:743][512]LogSlate: FSceneViewport::OnFocusLost() reason 2
[2019.09.10-23.20.19:933][512]LogVolumetricLightmapImport: Imported Volumetric Lightmap in 0.176s
[2019.09.10-23.20.19:933][512]LogVolumetricLightmapImport:      Indirection Texture 32x32x32 = 0.1Mb
[2019.09.10-23.20.19:933][512]LogVolumetricLightmapImport:      BrickData 1280x15x5 = 3.4Mb
[2019.09.10-23.20.19:933][512]LogVolumetricLightmapImport:      Bricks at Level
[2019.09.10-23.20.19:934][512]LogVolumetricLightmapImport:          0: 1.1% covering 100.0% of volume
[2019.09.10-23.20.19:934][512]LogVolumetricLightmapImport:          1: 6.7% covering 9.6% of volume
[2019.09.10-23.20.19:934][512]LogVolumetricLightmapImport:          2: 92.2% covering 2.1% of volume
[2019.09.10-23.20.20:484][512]LogTexture: Display: Building textures: HQ_Lightmap0_1 (AutoDXT, 256X256)
[2019.09.10-23.20.20:484][512]LogTexture: Display: Building textures: LQ_Lightmap_0_1 (DXT1, 256X256)
[2019.09.10-23.20.20:484][512]LogTexture: Display: Building textures: HQ_Lightmap0_2 (AutoDXT, 256X256)
[2019.09.10-23.20.20:485][512]LogTexture: Display: Building textures: LQ_Lightmap_0_2 (DXT1, 256X256)
[2019.09.10-23.20.20:485][512]LogTexture: Display: Building textures: HQ_Lightmap0_3 (AutoDXT, 256X256)
[2019.09.10-23.20.20:485][512]LogTexture: Display: Building textures: LQ_Lightmap_0_3 (DXT1, 256X256)
[2019.09.10-23.20.20:485][512]LogTexture: Display: Building textures: HQ_Lightmap0_4 (AutoDXT, 256X256)
[2019.09.10-23.20.20:485][512]LogTexture: Display: Building textures: LQ_Lightmap_0_4 (DXT1, 256X256)
[2019.09.10-23.20.20:485][512]LogTexture: Display: Building textures: HQ_Lightmap0_5 (AutoDXT, 256X256)
[2019.09.10-23.20.20:485][512]LogTexture: Display: Building textures: LQ_Lightmap_0_5 (DXT1, 256X256)
[2019.09.10-23.20.20:485][512]LogTexture: Display: Building textures: HQ_Lightmap0_6 (AutoDXT, 256X256)
[2019.09.10-23.20.20:485][512]LogTexture: Display: Building textures: LQ_Lightmap_0_6 (DXT1, 256X256)
[2019.09.10-23.20.20:486][512]LogTexture: Display: Building textures: HQ_Lightmap0_7 (AutoDXT, 256X256)
[2019.09.10-23.20.20:486][512]LogTexture: Display: Building textures: LQ_Lightmap_0_7 (DXT1, 256X256)
[2019.09.10-23.20.20:486][512]LogTexture: Display: Building textures: HQ_Lightmap0_8 (AutoDXT, 256X256)
[2019.09.10-23.20.20:486][512]LogTexture: Display: Building textures: LQ_Lightmap_0_8 (DXT1, 256X256)
[2019.09.10-23.20.20:486][512]LogTexture: Display: Building textures: HQ_Lightmap0_9 (AutoDXT, 256X256)
[2019.09.10-23.20.20:486][512]LogTexture: Display: Building textures: LQ_Lightmap_0_9 (DXT1, 256X256)
[2019.09.10-23.20.20:486][512]LogTexture: Display: Building textures: HQ_Lightmap0_10 (AutoDXT, 256X256)
[2019.09.10-23.20.20:486][512]LogTexture: Display: Building textures: LQ_Lightmap_0_10 (DXT1, 256X256)
[2019.09.10-23.20.20:486][512]LogTexture: Display: Building textures: HQ_Lightmap0_11 (AutoDXT, 256X256)
[2019.09.10-23.20.20:486][512]LogTexture: Display: Building textures: LQ_Lightmap_0_11 (DXT1, 256X256)
[2019.09.10-23.20.20:486][512]LogTexture: Display: Building textures: HQ_Lightmap0_12 (AutoDXT, 256X256)
[2019.09.10-23.20.20:486][512]LogTexture: Display: Building textures: LQ_Lightmap_0_12 (DXT1, 256X256)
[2019.09.10-23.20.20:487][512]LogTexture: Display: Building textures: HQ_Lightmap0_13 (AutoDXT, 256X256)
[2019.09.10-23.20.20:487][512]LogTexture: Display: Building textures: LQ_Lightmap_0_13 (DXT1, 256X256)
[2019.09.10-23.20.20:487][512]LogTexture: Display: Building textures: HQ_Lightmap0_14 (AutoDXT, 256X256)
[2019.09.10-23.20.20:487][512]LogTexture: Display: Building textures: LQ_Lightmap_0_14 (DXT1, 256X256)
[2019.09.10-23.20.20:487][512]LogTexture: Display: Building textures: HQ_Lightmap0_15 (AutoDXT, 256X256)
[2019.09.10-23.20.20:487][512]LogTexture: Display: Building textures: LQ_Lightmap_0_15 (DXT1, 256X256)
[2019.09.10-23.20.20:487][512]LogTexture: Display: Building textures: HQ_Lightmap0_16 (AutoDXT, 256X256)
[2019.09.10-23.20.20:487][512]LogTexture: Display: Building textures: LQ_Lightmap_0_16 (DXT1, 256X256)
[2019.09.10-23.20.20:487][512]LogTexture: Display: Building textures: HQ_Lightmap0_17 (AutoDXT, 256X256)
[2019.09.10-23.20.20:488][512]LogTexture: Display: Building textures: LQ_Lightmap_0_17 (DXT1, 256X256)
[2019.09.10-23.20.20:488][512]LogTexture: Display: Building textures: HQ_Lightmap0_18 (AutoDXT, 256X256)
[2019.09.10-23.20.20:488][512]LogTexture: Display: Building textures: LQ_Lightmap_0_18 (DXT1, 256X256)
[2019.09.10-23.20.20:488][512]LogTexture: Display: Building textures: HQ_Lightmap0_19 (AutoDXT, 128X128)
[2019.09.10-23.20.20:488][512]LogTexture: Display: Building textures: LQ_Lightmap_0_19 (DXT1, 128X128)
[2019.09.10-23.20.20:488][512]LogTexture: Display: Building textures: HQ_Lightmap0_20 (AutoDXT, 128X128)
[2019.09.10-23.20.20:488][512]LogTexture: Display: Building textures: LQ_Lightmap_0_20 (DXT1, 128X128)
[2019.09.10-23.20.20:488][512]LogTexture: Display: Building textures: HQ_Lightmap0_21 (AutoDXT, 128X128)
[2019.09.10-23.20.20:489][512]LogTexture: Display: Building textures: LQ_Lightmap_0_21 (DXT1, 128X128)
[2019.09.10-23.20.20:489][512]LogTexture: Display: Building textures: HQ_Lightmap0_22 (AutoDXT, 128X128)
[2019.09.10-23.20.20:491][512]LogTexture: Display: Building textures: LQ_Lightmap_0_22 (DXT1, 128X128)
[2019.09.10-23.20.20:492][512]LogTexture: Display: Building textures: HQ_Lightmap0_23 (AutoDXT, 64X64)
[2019.09.10-23.20.20:493][512]LogTexture: Display: Building textures: LQ_Lightmap_0_23 (DXT1, 64X64)
[2019.09.10-23.20.20:677][512]LogTexture: Display: Building textures: ShadowMapTexture2D_0 (G8, 256X64)
[2019.09.10-23.20.20:682][512]LogTexture: Display: Building textures: ShadowMapTexture2D_1 (G8, 256X64)
[2019.09.10-23.20.20:682][512]LogTexture: Display: Building textures: ShadowMapTexture2D_2 (G8, 256X64)
[2019.09.10-23.20.20:683][512]LogTexture: Display: Building textures: ShadowMapTexture2D_3 (G8, 256X64)
[2019.09.10-23.20.20:683][512]LogTexture: Display: Building textures: ShadowMapTexture2D_4 (G8, 256X64)
[2019.09.10-23.20.20:684][512]LogTexture: Display: Building textures: ShadowMapTexture2D_6 (G8, 256X64)
[2019.09.10-23.20.20:684][512]LogTexture: Display: Building textures: ShadowMapTexture2D_5 (G8, 256X64)
[2019.09.10-23.20.20:684][512]LogTexture: Display: Building textures: ShadowMapTexture2D_7 (G8, 256X64)
[2019.09.10-23.20.20:684][512]LogTexture: Display: Building textures: ShadowMapTexture2D_8 (G8, 256X64)
[2019.09.10-23.20.20:684][512]LogTexture: Display: Building textures: ShadowMapTexture2D_9 (G8, 256X64)
[2019.09.10-23.20.20:684][512]LogTexture: Display: Building textures: ShadowMapTexture2D_11 (G8, 256X64)
[2019.09.10-23.20.20:684][512]LogTexture: Display: Building textures: ShadowMapTexture2D_12 (G8, 256X64)
[2019.09.10-23.20.20:684][512]LogTexture: Display: Building textures: ShadowMapTexture2D_10 (G8, 256X64)
[2019.09.10-23.20.20:684][512]LogTexture: Display: Building textures: ShadowMapTexture2D_13 (G8, 256X64)
[2019.09.10-23.20.20:684][512]LogTexture: Display: Building textures: ShadowMapTexture2D_18 (G8, 64X64)
[2019.09.10-23.20.20:684][512]LogTexture: Display: Building textures: ShadowMapTexture2D_14 (G8, 256X64)
[2019.09.10-23.20.20:685][512]LogTexture: Display: Building textures: ShadowMapTexture2D_15 (G8, 256X64)
[2019.09.10-23.20.20:685][512]LogTexture: Display: Building textures: ShadowMapTexture2D_16 (G8, 256X64)
[2019.09.10-23.20.20:685][512]LogTexture: Display: Building textures: ShadowMapTexture2D_19 (G8, 128X64)
[2019.09.10-23.20.20:685][512]LogTexture: Display: Building textures: ShadowMapTexture2D_22 (G8, 32X32)
[2019.09.10-23.20.20:685][512]LogTexture: Display: Building textures: ShadowMapTexture2D_17 (G8, 256X64)
[2019.09.10-23.20.20:685][512]LogTexture: Display: Building textures: ShadowMapTexture2D_20 (G8, 128X64)
[2019.09.10-23.20.20:685][512]LogTexture: Display: Building textures: ShadowMapTexture2D_21 (G8, 128X64)
[2019.09.10-23.20.20:751][512]LogStaticLightingSystem: Illumination: 22.4 sec (506 ms encoding lightmaps, 178 ms encoding shadowmaps)
[2019.09.10-23.20.20:754][512]LogStaticLightingSystem: Lightmap texture memory:  2.4 MB (2.4 MB streaming, 0.0 MB non-streaming), 46 textures
[2019.09.10-23.20.20:754][512]LogStaticLightingSystem: Shadowmap texture memory: 0.4 MB (0.4 MB streaming, 0.0 MB non-streaming), 23 textures
[2019.09.10-23.20.20:948][512]DumpUnbuiltLightIteractions
[2019.09.10-23.20.20:948][512]Lights with unbuilt interactions: 0
[2019.09.10-23.20.20:948][512]
[2019.09.10-23.20.20:948][512]Primitives with unbuilt interactions: 0
[2019.09.10-23.20.21:005][513]Cmd: MAP CHECK NOTIFYRESULTS
[2019.09.10-23.20.21:006][513]MapCheck: New page: Untitled - Sep 11, 2019, 7:20:21 PM
[2019.09.10-23.20.21:070][513]MapCheck: Map check complete: 0 Error(s), 0 Warning(s), took 64.433ms to complete.
[2019.09.10-23.20.23:083][753]LogSlate: FSceneViewport::OnFocusLost() reason 0
[2019.09.10-23.20.23:156][762]LogSlate: Window 'Message Log' being destroyed
[2019.09.10-23.20.23:159][762]LogSlate: Window 'Message Log' being destroyed
[2019.09.10-23.20.28:867][437]LogEditorViewport: Clicking on Actor (LMB): PlayerPawn (PlayerPawn1)
[2019.09.10-23.20.45:171][331]Cmd: SELECT NONE
[2019.09.10-23.20.46:908][534]LogSlate: FSceneViewport::OnFocusLost() reason 0
[2019.09.10-23.20.47:021][545]Cmd: OBJ SAVEPACKAGE PACKAGE="/Game/Untitled" FILE="../../../../../../Users/s181813/Documents/GitHub/DuckHuntUnreal/DuckHunt 4.20/Content/Untitled.umap" SILENT=true AUTOSAVING=false KEEPDIRTY=false
[2019.09.10-23.20.47:214][545]LogSavePackage: Moving '../../../../../../Users/s181813/Documents/GitHub/DuckHuntUnreal/DuckHunt 4.20/Saved/UntitledD3279275476B13B1A9E8EF969CE8726F.tmp' to '../../../../../../Users/s181813/Documents/GitHub/DuckHuntUnreal/DuckHunt 4.20/Content/Untitled.umap'
[2019.09.10-23.20.47:214][545]LogFileManager: Warning: DeleteFile was unable to delete '../../../../../../Users/s181813/Documents/GitHub/DuckHuntUnreal/DuckHunt 4.20/Content/Untitled.umap', retrying in .5s...
[2019.09.10-23.20.47:716][545]LogFileManager: Error: Error deleting file '../../../../../../Users/s181813/Documents/GitHub/DuckHuntUnreal/DuckHunt 4.20/Content/Untitled.umap'.
[2019.09.10-23.20.47:716][545]LogSavePackage: Error: Error saving '../../../../../../Users/s181813/Documents/GitHub/DuckHuntUnreal/DuckHunt 4.20/Content/Untitled.umap'
[2019.09.10-23.20.47:727][545]EditorErrors: New page: Save Output
[2019.09.10-23.20.47:727][545]EditorErrors: Warning: Error saving '../../../../../../Users/s181813/Documents/GitHub/DuckHuntUnreal/DuckHunt 4.20/Content/Untitled.umap'
[2019.09.10-23.20.52:549][121]LogSlate: Window 'Message Log' being destroyed
[2019.09.10-23.20.52:552][121]LogSlate: Window 'Message Log' being destroyed
[2019.09.10-23.20.57:039][658]LogSlate: FSceneViewport::OnFocusLost() reason 2
[2019.09.10-23.20.57:043][658]Cmd: OBJ SAVEPACKAGE PACKAGE="/Game/Untitled" FILE="../../../../../../Users/s181813/Documents/GitHub/DuckHuntUnreal/DuckHunt 4.20/Content/Untitled.umap" SILENT=true AUTOSAVING=false KEEPDIRTY=false
[2019.09.10-23.20.57:214][658]LogSavePackage: Moving '../../../../../../Users/s181813/Documents/GitHub/DuckHuntUnreal/DuckHunt 4.20/Saved/UntitledCAD4324549BA6E9D2F8E5B9EBB1AEA0A.tmp' to '../../../../../../Users/s181813/Documents/GitHub/DuckHuntUnreal/DuckHunt 4.20/Content/Untitled.umap'
[2019.09.10-23.20.57:215][658]LogFileManager: Warning: DeleteFile was unable to delete '../../../../../../Users/s181813/Documents/GitHub/DuckHuntUnreal/DuckHunt 4.20/Content/Untitled.umap', retrying in .5s...
[2019.09.10-23.20.57:716][658]LogFileManager: Error: Error deleting file '../../../../../../Users/s181813/Documents/GitHub/DuckHuntUnreal/DuckHunt 4.20/Content/Untitled.umap'.
[2019.09.10-23.20.57:716][658]LogSavePackage: Error: Error saving '../../../../../../Users/s181813/Documents/GitHub/DuckHuntUnreal/DuckHunt 4.20/Content/Untitled.umap'
[2019.09.10-23.20.57:721][658]EditorErrors: New page: Save Output
[2019.09.10-23.20.57:721][658]EditorErrors: Warning: Error saving '../../../../../../Users/s181813/Documents/GitHub/DuckHuntUnreal/DuckHunt 4.20/Content/Untitled.umap'
[2019.09.10-23.21.42:271][  1]LogSlate: Window 'Message Log' being destroyed
[2019.09.10-23.21.42:273][  1]LogSlate: Window 'Message Log' being destroyed
[2019.09.10-23.21.45:130][343]LogSlate: FSceneViewport::OnFocusLost() reason 0
[2019.09.10-23.21.45:333][366]LogAssetEditorManager: Opening Asset editor for World /Game/Untitled.Untitled
[2019.09.10-23.21.48:863][366]LogSlate: Window 'Save Content' being destroyed
[2019.09.10-23.21.48:869][366]Cmd: OBJ SAVEPACKAGE PACKAGE="/Game/Untitled_BuiltData" FILE="../../../../../../Users/s181813/Documents/GitHub/DuckHuntUnreal/DuckHunt 4.20/Content/Untitled_BuiltData.uasset" SILENT=true
[2019.09.10-23.21.48:998][366]LogSavePackage: Moving '../../../../../../Users/s181813/Documents/GitHub/DuckHuntUnreal/DuckHunt 4.20/Saved/Untitled_BuiltData717AED704BD4CC3ECB41C3896557D910.tmp' to '../../../../../../Users/s181813/Documents/GitHub/DuckHuntUnreal/DuckHunt 4.20/Content/Untitled_BuiltData.uasset'
[2019.09.10-23.21.49:004][366]Cmd: MAP LOAD FILE="../../../../../../Users/s181813/Documents/GitHub/DuckHuntUnreal/DuckHunt 4.20/Content/Untitled.umap" TEMPLATE=0 SHOWPROGRESS=1 FEATURELEVEL=3
[2019.09.10-23.21.49:004][366]LightingResults: New page: Lighting Build
[2019.09.10-23.21.49:005][366]LoadErrors: New page: Loading map: Untitled.umap
[2019.09.10-23.21.49:006][366]MapCheck: New page: Map Check
[2019.09.10-23.21.49:007][366]LightingResults: New page: Lighting Build
[2019.09.10-23.21.49:084][366]LogAIModule: Creating AISystem for world Untitled
[2019.09.10-23.21.49:108][366]LogEditorServer: Finished looking for orphan Actors (0.000 secs)
[2019.09.10-23.21.49:145][366]Cmd: MAP CHECKDEP NOCLEARLOG
[2019.09.10-23.21.49:201][366]MapCheck: Map check complete: 0 Error(s), 0 Warning(s), took 55.956ms to complete.
[2019.09.10-23.21.49:203][366]LogFileHelpers: Loading map 'Untitled' took 0.201
[2019.09.10-23.21.58:378][462]LogSlate: FSceneViewport::OnFocusLost() reason 0
[2019.09.10-23.21.58:498][475]Cmd: OBJ SAVEPACKAGE PACKAGE="/Game/Untitled" FILE="../../../../../../Users/s181813/Documents/GitHub/DuckHuntUnreal/DuckHunt 4.20/Content/Untitled.umap" SILENT=true AUTOSAVING=false KEEPDIRTY=false
[2019.09.10-23.21.58:683][475]LogSavePackage: Moving '../../../../../../Users/s181813/Documents/GitHub/DuckHuntUnreal/DuckHunt 4.20/Saved/UntitledE7F270634DEAD1ED4791E8890297FEA8.tmp' to '../../../../../../Users/s181813/Documents/GitHub/DuckHuntUnreal/DuckHunt 4.20/Content/Untitled.umap'
[2019.09.10-23.21.58:683][475]LogFileManager: Warning: DeleteFile was unable to delete '../../../../../../Users/s181813/Documents/GitHub/DuckHuntUnreal/DuckHunt 4.20/Content/Untitled.umap', retrying in .5s...
[2019.09.10-23.21.59:185][475]LogFileManager: Error: Error deleting file '../../../../../../Users/s181813/Documents/GitHub/DuckHuntUnreal/DuckHunt 4.20/Content/Untitled.umap'.
[2019.09.10-23.21.59:185][475]LogSavePackage: Error: Error saving '../../../../../../Users/s181813/Documents/GitHub/DuckHuntUnreal/DuckHunt 4.20/Content/Untitled.umap'
[2019.09.10-23.21.59:190][475]EditorErrors: New page: Save Output
[2019.09.10-23.21.59:191][475]EditorErrors: Warning: Error saving '../../../../../../Users/s181813/Documents/GitHub/DuckHuntUnreal/DuckHunt 4.20/Content/Untitled.umap'
[2019.09.10-23.22.02:805][906]LogSlate: Window 'Message Log' being destroyed
[2019.09.10-23.22.02:808][906]LogSlate: Window 'Message Log' being destroyed
[2019.09.10-23.22.09:025][650]LogSlate: FSceneViewport::OnFocusLost() reason 2
[2019.09.10-23.22.15:662][444]LogSlate: FSceneViewport::OnFocusLost() reason 2
[2019.09.10-23.22.32:308][444]LogSlate: Window 'Save Level As' being destroyed
[2019.09.10-23.22.32:385][444]LogSlate: FSceneViewport::OnFocusLost() reason 2
[2019.09.10-23.22.33:361][444]LogAIModule: Creating AISystem for world DuckHunt
[2019.09.10-23.22.33:381][444]Cmd: OBJ SAVEPACKAGE PACKAGE="/Game/DuckHunt" FILE="../../../../../../Users/s181813/Documents/GitHub/DuckHuntUnreal/DuckHunt 4.20/Content/DuckHunt.umap" SILENT=true AUTOSAVING=false KEEPDIRTY=false
[2019.09.10-23.22.33:565][444]LogSavePackage: Moving '../../../../../../Users/s181813/Documents/GitHub/DuckHuntUnreal/DuckHunt 4.20/Saved/DuckHunt7333B1264A8D22FFB0146189B72D44E2.tmp' to '../../../../../../Users/s181813/Documents/GitHub/DuckHuntUnreal/DuckHunt 4.20/Content/DuckHunt.umap'
[2019.09.10-23.22.33:576][444]Cmd: OBJ SAVEPACKAGE PACKAGE="/Game/DuckHunt_BuiltData" FILE="../../../../../../Users/s181813/Documents/GitHub/DuckHuntUnreal/DuckHunt 4.20/Content/DuckHunt_BuiltData.uasset" SILENT=true
[2019.09.10-23.22.33:700][444]LogSavePackage: Moving '../../../../../../Users/s181813/Documents/GitHub/DuckHuntUnreal/DuckHunt 4.20/Saved/DuckHunt_BuiltData0072EF0F4CA0A097FADC9E918F67BD8A.tmp' to '../../../../../../Users/s181813/Documents/GitHub/DuckHuntUnreal/DuckHunt 4.20/Content/DuckHunt_BuiltData.uasset'
[2019.09.10-23.22.33:708][444]LogFileHelpers: Saving map 'DuckHunt' took 1.389
[2019.09.10-23.22.33:709][444]Cmd: MAP LOAD FILE="../../../../../../Users/s181813/Documents/GitHub/DuckHuntUnreal/DuckHunt 4.20/Content/DuckHunt.umap" TEMPLATE=0 SHOWPROGRESS=1 FEATURELEVEL=3
[2019.09.10-23.22.33:716][444]LogSlate: FSceneViewport::OnFocusLost() reason 2
[2019.09.10-23.22.33:719][444]LightingResults: New page: Lighting Build
[2019.09.10-23.22.33:721][444]LoadErrors: New page: Loading map: DuckHunt.umap
[2019.09.10-23.22.33:725][444]MapCheck: New page: Map Check
[2019.09.10-23.22.33:725][444]LightingResults: New page: Lighting Build
[2019.09.10-23.22.33:753][444]LogEditorServer: Finished looking for orphan Actors (0.000 secs)
[2019.09.10-23.22.33:789][444]Cmd: MAP CHECKDEP NOCLEARLOG
[2019.09.10-23.22.33:850][444]MapCheck: Map check complete: 0 Error(s), 0 Warning(s), took 61.3ms to complete.
[2019.09.10-23.22.33:851][444]LogFileHelpers: Loading map 'DuckHunt' took 0.142
[2019.09.10-23.22.36:140][703]LogSlate: FSceneViewport::OnFocusLost() reason 0
[2019.09.10-23.22.36:497][745]LogAssetEditorManager: Opening Asset editor for World /Game/DuckHunt.DuckHunt
[2019.09.10-23.22.36:517][745]Cmd: MAP LOAD FILE="../../../../../../Users/s181813/Documents/GitHub/DuckHuntUnreal/DuckHunt 4.20/Content/DuckHunt.umap" TEMPLATE=0 SHOWPROGRESS=1 FEATURELEVEL=3
[2019.09.10-23.22.36:517][745]LightingResults: New page: Lighting Build
[2019.09.10-23.22.36:518][745]LoadErrors: New page: Loading map: DuckHunt.umap
[2019.09.10-23.22.36:519][745]MapCheck: New page: Map Check
[2019.09.10-23.22.36:519][745]LightingResults: New page: Lighting Build
[2019.09.10-23.22.36:594][745]LogAIModule: Creating AISystem for world DuckHunt
[2019.09.10-23.22.36:620][745]LogEditorServer: Finished looking for orphan Actors (0.000 secs)
[2019.09.10-23.22.36:651][745]Cmd: MAP CHECKDEP NOCLEARLOG
[2019.09.10-23.22.36:710][745]MapCheck: Map check complete: 0 Error(s), 0 Warning(s), took 59.142ms to complete.
[2019.09.10-23.22.36:711][745]LogFileHelpers: Loading map 'DuckHunt' took 0.196
[2019.09.10-23.22.39:991][134]LogSlate: FSceneViewport::OnFocusLost() reason 0
[2019.09.10-23.22.40:146][151]Cmd: OBJ SAVEPACKAGE PACKAGE="/Game/DuckHunt" FILE="../../../../../../Users/s181813/Documents/GitHub/DuckHuntUnreal/DuckHunt 4.20/Content/DuckHunt.umap" SILENT=true AUTOSAVING=false KEEPDIRTY=false
[2019.09.10-23.22.40:326][151]LogSavePackage: Moving '../../../../../../Users/s181813/Documents/GitHub/DuckHuntUnreal/DuckHunt 4.20/Saved/DuckHuntA176797A4A80B588B2C027A36CD329C6.tmp' to '../../../../../../Users/s181813/Documents/GitHub/DuckHuntUnreal/DuckHunt 4.20/Content/DuckHunt.umap'
[2019.09.10-23.22.40:343][151]Cmd: OBJ SAVEPACKAGE PACKAGE="/Game/DuckHunt_BuiltData" FILE="../../../../../../Users/s181813/Documents/GitHub/DuckHuntUnreal/DuckHunt 4.20/Content/DuckHunt_BuiltData.uasset" SILENT=true
[2019.09.10-23.22.40:518][151]LogSavePackage: Moving '../../../../../../Users/s181813/Documents/GitHub/DuckHuntUnreal/DuckHunt 4.20/Saved/DuckHunt_BuiltData122D24164DAC29F47A2238AD2E478B79.tmp' to '../../../../../../Users/s181813/Documents/GitHub/DuckHuntUnreal/DuckHunt 4.20/Content/DuckHunt_BuiltData.uasset'
[2019.09.10-23.22.44:396][615]LogSlate: FSceneViewport::OnFocusLost() reason 0
[2019.09.10-23.22.44:496][627]LogTemp: Repeating last play command: Selected Viewport
[2019.09.10-23.22.44:504][627]LogPlayLevel: PlayLevel: No blueprints needed recompiling
[2019.09.10-23.22.44:517][627]PIE: New page: PIE session: DuckHunt (Sep 11, 2019, 7:22:44 PM)
[2019.09.10-23.22.44:517][627]LogPlayLevel: Creating play world package: /Game/UEDPIE_0_DuckHunt
[2019.09.10-23.22.44:531][627]LogPlayLevel: PIE: StaticDuplicateObject took: (0.014082s)
[2019.09.10-23.22.44:532][627]LogAIModule: Creating AISystem for world DuckHunt
[2019.09.10-23.22.44:532][627]LogPlayLevel: PIE: World Init took: (0.000804s)
[2019.09.10-23.22.44:532][627]LogPlayLevel: PIE: Created PIE world by copying editor world from /Game/DuckHunt.DuckHunt to /Game/UEDPIE_0_DuckHunt.DuckHunt (0.015288s)
[2019.09.10-23.22.44:554][627]LogInit: XAudio2 using 'Realtek Digital Output (Realtek High Definition Audio)' : 2 channels at 48 kHz using 16 bits per sample (channel mask 0x3)
[2019.09.10-23.22.44:567][627]LogInit: FAudioDevice initialized.
[2019.09.10-23.22.44:617][627]LogLoad: Game class is 'DuckHuntGameModeBase'
[2019.09.10-23.22.44:621][627]LogWorld: Bringing World /Game/UEDPIE_0_DuckHunt.DuckHunt up for play (max tick rate 0) at 2019.09.11-09.22.44
[2019.09.10-23.22.44:621][627]LogWorld: Bringing up level for play took: 0.002716
[2019.09.10-23.22.44:638][627]LogContentBrowser: Native class hierarchy updated for 'MovieSceneCapture' in 0.0003 seconds. Added 10 classes and 0 folders.
[2019.09.10-23.22.44:639][627]PIE: Play in editor start time for /Game/UEDPIE_0_DuckHunt -0.324
[2019.09.10-23.23.33:177][447]LogSlate: Updating window title bar state: overlay mode, drag disabled, window buttons hidden, title bar hidden
[2019.09.10-23.23.33:212][447]LogPlayLevel: Display: Shutting down PIE online subsystems
[2019.09.10-23.23.33:234][447]LogSlate: Updating window title bar state: overlay mode, drag disabled, window buttons hidden, title bar hidden
[2019.09.10-23.23.33:279][451]LogPlayLevel: Display: Destroying online subsystem :Context_1
[2019.09.10-23.23.35:959][772]LogSlate: FSceneViewport::OnFocusLost() reason 0
