Log file open, 09/11/19 09:46:00
LogWindows: Failed to load 'aqProf.dll' (GetLastError=126)
LogWindows: File 'aqProf.dll' does not exist
LogWindows: Failed to load 'VSPerf140.dll' (GetLastError=126)
LogWindows: File 'VSPerf140.dll' does not exist
LogWindows: Failed to load 'VtuneApi.dll' (GetLastError=126)
LogWindows: File 'VtuneApi.dll' does not exist
LogWindows: Failed to load 'VtuneApi32e.dll' (GetLastError=126)
LogWindows: File 'VtuneApi32e.dll' does not exist
LogInit: Display: Running engine for game: DuckHunt
LogPlatformFile: Not using cached read wrapper
LogTaskGraph: Started task graph with 5 named threads and 23 total threads with 3 sets of task threads.
LogStats: Stats thread started at 0.356234
LogD3D11RHI: Loaded GFSDK_Aftermath_Lib.x64.dll
LogICUInternationalization: Display: ICU TimeZone Detection - Raw Offset: +10:00, Platform Override: ''
LogPluginManager: Mounting plugin Paper2D
LogPluginManager: Mounting plugin AISupport
LogPluginManager: Mounting plugin LightPropagationVolume
LogPluginManager: Mounting plugin CLionSourceCodeAccess
LogPluginManager: Mounting plugin CodeLiteSourceCodeAccess
LogPluginManager: Mounting plugin GitSourceControl
LogPluginManager: Mounting plugin KDevelopSourceCodeAccess
LogPluginManager: Mounting plugin NullSourceCodeAccess
LogPluginManager: Mounting plugin PerforceSourceControl
LogPluginManager: Mounting plugin SubversionSourceControl
LogPluginManager: Mounting plugin UObjectPlugin
LogPluginManager: Mounting plugin VisualStudioCodeSourceCodeAccess
LogPluginManager: Mounting plugin VisualStudioSourceCodeAccess
LogPluginManager: Mounting plugin XCodeSourceCodeAccess
LogPluginManager: Mounting plugin AssetManagerEditor
LogPluginManager: Mounting plugin CryptoKeys
LogPluginManager: Mounting plugin DataValidation
LogPluginManager: Mounting plugin FacialAnimation
LogPluginManager: Mounting plugin GameplayTagsEditor
LogPluginManager: Mounting plugin MacGraphicsSwitching
LogPluginManager: Mounting plugin MeshEditor
LogPluginManager: Mounting plugin MobileLauncherProfileWizard
LogPluginManager: Mounting plugin PluginBrowser
LogPluginManager: Mounting plugin SpeedTreeImporter
LogPluginManager: Mounting plugin DatasmithContent
LogPluginManager: Mounting plugin AlembicImporter
LogPluginManager: Mounting plugin AppleImageUtils
LogPluginManager: Mounting plugin AppleVision
LogPluginManager: Mounting plugin BackChannel
LogPluginManager: Mounting plugin CharacterAI
LogPluginManager: Mounting plugin GeometryCache
LogPluginManager: Mounting plugin HTML5Networking
LogPluginManager: Mounting plugin ProxyLODPlugin
LogPluginManager: Mounting plugin MagicLeap
LogPluginManager: Mounting plugin MagicLeapEmulator
LogPluginManager: Mounting plugin MagicLeapMedia
LogPluginManager: Mounting plugin AndroidMedia
LogPluginManager: Mounting plugin AvfMedia
LogPluginManager: Mounting plugin ImgMedia
LogPluginManager: Mounting plugin LinearTimecode
LogPluginManager: Mounting plugin MediaCompositing
LogPluginManager: Mounting plugin MediaPlayerEditor
LogPluginManager: Mounting plugin WmfMedia
LogPluginManager: Mounting plugin TcpMessaging
LogPluginManager: Mounting plugin UdpMessaging
LogPluginManager: Mounting plugin ActorSequence
LogPluginManager: Mounting plugin LevelSequenceEditor
LogPluginManager: Mounting plugin MatineeToLevelSequence
LogPluginManager: Mounting plugin NetcodeUnitTest
LogPluginManager: Mounting plugin NUTUnrealEngine4
LogPluginManager: Mounting plugin OnlineSubsystemGooglePlay
LogPluginManager: Mounting plugin OnlineSubsystemIOS
LogPluginManager: Mounting plugin OnlineSubsystem
LogPluginManager: Mounting plugin OnlineSubsystemNull
LogPluginManager: Mounting plugin OnlineSubsystemUtils
LogPluginManager: Mounting plugin LauncherChunkInstaller
LogPluginManager: Mounting plugin AndroidDeviceProfileSelector
LogPluginManager: Mounting plugin AndroidMoviePlayer
LogPluginManager: Mounting plugin AndroidPermission
LogPluginManager: Mounting plugin AppleMoviePlayer
LogPluginManager: Mounting plugin ArchVisCharacter
LogPluginManager: Mounting plugin AudioCapture
LogPluginManager: Mounting plugin CableComponent
LogPluginManager: Mounting plugin CustomMeshComponent
LogPluginManager: Mounting plugin EditableMesh
LogPluginManager: Mounting plugin ExampleDeviceProfileSelector
LogPluginManager: Mounting plugin GoogleCloudMessaging
LogPluginManager: Mounting plugin ImmediatePhysics
LogPluginManager: Mounting plugin IOSDeviceProfileSelector
LogPluginManager: Mounting plugin LinuxDeviceProfileSelector
LogPluginManager: Mounting plugin LocationServicesBPLibrary
LogPluginManager: Mounting plugin MobilePatchingUtils
LogPluginManager: Mounting plugin OculusVR
LogPluginManager: Plugin shader directory ../../../Engine/Plugins/Runtime/Oculus/OculusVR/Shaders found
LogPluginManager: Mapping shader source directory ../../../Engine/Plugins/Runtime/Oculus/OculusVR/Shaders to virtual directory /Plugin/OculusVR
LogPluginManager: Mounting plugin PhysXVehicles
LogPluginManager: Mounting plugin ProceduralMeshComponent
LogPluginManager: Mounting plugin RuntimePhysXCooking
LogPluginManager: Mounting plugin SteamVR
LogPluginManager: Mounting plugin WindowsMoviePlayer
LogStreaming: Display: Took  0.122s to configure plugins.
LogInit: Using libcurl 7.55.1-DEV
LogInit:  - built for x86_64-pc-win32
LogInit:  - supports SSL with OpenSSL/1.0.2h
LogInit:  - supports HTTP deflate (compression) using libz 1.2.8
LogInit:  - other features:
LogInit:      CURL_VERSION_SSL
LogInit:      CURL_VERSION_LIBZ
LogInit:      CURL_VERSION_IPV6
LogInit:      CURL_VERSION_ASYNCHDNS
LogInit:      CURL_VERSION_LARGEFILE
LogInit:      CURL_VERSION_IDN
LogInit:  CurlRequestOptions (configurable via config and command line):
LogInit:  - bVerifyPeer = false  - Libcurl will NOT verify peer certificate
LogInit:  - bUseHttpProxy = false  - Libcurl will NOT use HTTP proxy
LogInit:  - bDontReuseConnections = false  - Libcurl will reuse connections
LogInit:  - CertBundlePath = nullptr  - Libcurl will use whatever was configured at build time.
LogInit:  - MaxHostConnections = 16  - Libcurl will limit the number of connections to a host
LogInit:  - LocalHostAddr = Default
LogInit:  - BufferSize = 65536
LogInit: WinSock: version 1.1 (2.2), MaxSocks=32767, MaxUdp=65467
LogInit: Build: ++UE4+Release-4.20-CL-4369336
LogInit: Engine Version: 4.20.3-4369336+++UE4+Release-4.20
LogInit: Compatible Engine Version: 4.20.0-4212847+++UE4+Release-4.20
LogInit: Net CL: 4212847
LogInit: OS: Windows 10 (), CPU: Intel(R) Core(TM) i7-4790 CPU @ 3.60GHz, GPU: NVIDIA GeForce GTX 770
LogInit: Compiled (64-bit): Sep 17 2018 12:26:19
LogInit: Compiled with Visual C++: 19.13.26129.00
LogInit: Build Configuration: Development
LogInit: Branch Name: ++UE4+Release-4.20
LogInit: Command Line:  -skipcompile
LogInit: Base Directory: C:/Program Files/Epic Games/UE_4.20/Engine/Binaries/Win64/
LogInit: Installed Engine Build: 1
LogDevObjectVersion: Number of dev versions registered: 20
LogDevObjectVersion:   Dev-Blueprints (B0D832E4-1F89-4F0D-ACCF-7EB736FD4AA2): 10
LogDevObjectVersion:   Dev-Build (E1C64328-A22C-4D53-A36C-8E866417BD8C): 0
LogDevObjectVersion:   Dev-Core (375EC13C-06E4-48FB-B500-84F0262A717E): 2
LogDevObjectVersion:   Dev-Editor (E4B068ED-F494-42E9-A231-DA0B2E46BB41): 24
LogDevObjectVersion:   Dev-Framework (CFFC743F-43B0-4480-9391-14DF171D2073): 34
LogDevObjectVersion:   Dev-Mobile (B02B49B5-BB20-44E9-A304-32B752E40360): 2
LogDevObjectVersion:   Dev-Networking (A4E4105C-59A1-49B5-A7C5-40C4547EDFEE): 0
LogDevObjectVersion:   Dev-Online (39C831C9-5AE6-47DC-9A44-9C173E1C8E7C): 0
LogDevObjectVersion:   Dev-Physics (78F01B33-EBEA-4F98-B9B4-84EACCB95AA2): 0
LogDevObjectVersion:   Dev-Platform (6631380F-2D4D-43E0-8009-CF276956A95A): 0
LogDevObjectVersion:   Dev-Rendering (12F88B9F-8875-4AFC-A67C-D90C383ABD29): 26
LogDevObjectVersion:   Dev-Sequencer (7B5AE74C-D270-4C10-A958-57980B212A5A): 9
LogDevObjectVersion:   Dev-VR (D7296918-1DD6-4BDD-9DE2-64A83CC13884): 2
LogDevObjectVersion:   Dev-LoadTimes (C2A15278-BFE7-4AFE-6C17-90FF531DF755): 1
LogDevObjectVersion:   Private-Geometry (6EACA3D4-40EC-4CC1-B786-8BED09428FC5): 3
LogDevObjectVersion:   Dev-AnimPhys (29E575DD-E0A3-4627-9D10-D276232CDCEA): 17
LogDevObjectVersion:   Dev-ReflectionCapture (6B266CEC-1EC7-4B8F-A30B-E4D90942FC07): 1
LogDevObjectVersion:   Dev-Automation (0DF73D61-A23F-47EA-B727-89E90C41499A): 1
LogDevObjectVersion:   FortniteMain (601D1886-AC64-4F84-AA16-D3DE0DEAC7D6): 12
LogDevObjectVersion:   Dev-Enterprise (9DFFBCD6-494F-0158-E221-12823C92A888): 1
LogStreaming: Display: Took  0.001s to delete old logs.
LogInit: Presizing for max 8388607 objects, including 0 objects not considered by GC, pre-allocating 0 bytes for permanent pool.
LogInit: Object subsystem initialized
[2019.09.10-23.46.00:720][  0]LogInit: Selected Device Profile: [Windows]
[2019.09.10-23.46.00:720][  0]LogInit: Applying CVar settings loaded from the selected device profile: [Windows]
[2019.09.10-23.46.00:733][  0]LogHAL: Display: Platform has ~ 16 GB [17008955392 / 17179869184 / 16], which maps to Larger [LargestMinGB=32, LargerMinGB=12, DefaultMinGB=8, SmallerMinGB=6, SmallestMinGB=0)
[2019.09.10-23.46.00:733][  0]LogInit: Setting Device Profile CVar: [[r.Vulkan.UseRealUBs:1]]
[2019.09.10-23.46.00:733][  0]LogInit: Going up to parent DeviceProfile []
[2019.09.10-23.46.00:733][  0]LogInit: Computer: SYD-B7C667
[2019.09.10-23.46.00:733][  0]LogInit: User: s181813
[2019.09.10-23.46.00:733][  0]LogInit: CPU Page size=4096, Cores=4
[2019.09.10-23.46.00:733][  0]LogInit: High frequency timer resolution =3.515619 MHz
[2019.09.10-23.46.00:734][  0]LogMemory: Memory total: Physical=15.8GB (16GB approx)
[2019.09.10-23.46.00:734][  0]LogMemory: Platform Memory Stats for Windows
[2019.09.10-23.46.00:734][  0]LogMemory: Process Physical Memory: 100.14 MB used, 100.14 MB peak
[2019.09.10-23.46.00:734][  0]LogMemory: Process Virtual Memory: 91.01 MB used, 91.01 MB peak
[2019.09.10-23.46.00:734][  0]LogMemory: Physical Memory: 5733.20 MB used,  10487.80 MB free, 16221.00 MB total
[2019.09.10-23.46.00:734][  0]LogMemory: Virtual Memory: 4640.04 MB used,  10487.80 MB free, 134217728.00 MB total
[2019.09.10-23.46.00:822][  0]LogInit: Using OS detected language (en-US).
[2019.09.10-23.46.00:822][  0]LogInit: Using OS detected locale (en-US).
[2019.09.10-23.46.00:823][  0]LogTextLocalizationManager: No specific localization for 'en-US' exists, so the 'en' localization will be used.
[2019.09.10-23.46.01:163][  0]LogStreaming: Display: Took  0.341s to InitEngineTextLocalization.
[2019.09.10-23.46.01:164][  0]LogInit: Setting process to per monitor DPI aware
[2019.09.10-23.46.01:208][  0]LogSlate: New Slate User Created.  User Index 0, Is Virtual User: 0
[2019.09.10-23.46.01:208][  0]LogSlate: Slate User Registered.  User Index 0, Is Virtual User: 0
[2019.09.10-23.46.01:370][  0]LogHMD: Failed to initialize OpenVR with code 110
[2019.09.10-23.46.01:370][  0]LogD3D11RHI: D3D11 adapters:
[2019.09.10-23.46.01:450][  0]LogD3D11RHI:    0. 'NVIDIA GeForce GTX 770' (Feature Level 11_0)
[2019.09.10-23.46.01:450][  0]LogD3D11RHI:       2007/0/8110 MB DedicatedVideo/DedicatedSystem/SharedSystem, Outputs:2, VendorId:0x10de
[2019.09.10-23.46.01:471][  0]LogD3D11RHI:    1. 'Intel(R) HD Graphics 4600' (Feature Level 11_0)
[2019.09.10-23.46.01:471][  0]LogD3D11RHI:       112/0/2048 MB DedicatedVideo/DedicatedSystem/SharedSystem, Outputs:0, VendorId:0x8086
[2019.09.10-23.46.01:475][  0]LogD3D11RHI:    2. 'Microsoft Basic Render Driver' (Feature Level 11_0)
[2019.09.10-23.46.01:475][  0]LogD3D11RHI:       0/0/8110 MB DedicatedVideo/DedicatedSystem/SharedSystem, Outputs:0, VendorId:0x1414
[2019.09.10-23.46.01:475][  0]LogD3D11RHI: Chosen D3D11 Adapter: 0
[2019.09.10-23.46.01:483][  0]LogD3D11RHI: Creating new Direct3DDevice
[2019.09.10-23.46.01:483][  0]LogD3D11RHI:     GPU DeviceId: 0x1184 (for the marketing name, search the web for "GPU Device Id")
[2019.09.10-23.46.01:483][  0]LogWindows: EnumDisplayDevices:
[2019.09.10-23.46.01:483][  0]LogWindows:    0. 'NVIDIA GeForce GTX 770' (P:1 D:1)
[2019.09.10-23.46.01:483][  0]LogWindows:    1. 'NVIDIA GeForce GTX 770' (P:0 D:1)
[2019.09.10-23.46.01:483][  0]LogWindows:    2. 'NVIDIA GeForce GTX 770' (P:0 D:0)
[2019.09.10-23.46.01:484][  0]LogWindows:    3. 'NVIDIA GeForce GTX 770' (P:0 D:0)
[2019.09.10-23.46.01:484][  0]LogWindows:    4. 'Intel(R) HD Graphics 4600' (P:0 D:0)
[2019.09.10-23.46.01:484][  0]LogWindows:    5. 'Intel(R) HD Graphics 4600' (P:0 D:0)
[2019.09.10-23.46.01:484][  0]LogWindows:    6. 'Intel(R) HD Graphics 4600' (P:0 D:0)
[2019.09.10-23.46.01:485][  0]LogWindows: DebugString: PrimaryIsNotTheChoosenAdapter PrimaryIsNotTheChoosenAdapter PrimaryIsNotTheChoosenAdapter FoundDriverCount:4 
[2019.09.10-23.46.01:485][  0]LogD3D11RHI:     Adapter Name: NVIDIA GeForce GTX 770
[2019.09.10-23.46.01:485][  0]LogD3D11RHI:   Driver Version: 417.35 (internal:25.21.14.1735, unified:417.35)
[2019.09.10-23.46.01:485][  0]LogD3D11RHI:      Driver Date: 12-11-2018
[2019.09.10-23.46.01:485][  0]LogRHI: Texture pool is 1404 MB (70% of 2007 MB)
[2019.09.10-23.46.01:524][  0]LogD3D11RHI: Async texture creation enabled
[2019.09.10-23.46.01:541][  0]LogD3D11RHI: GPU Timing Frequency: 1000.000000 (Debug: 2 2)
[2019.09.10-23.46.01:584][  0]LogShaderCompilers: Guid format shader working directory is -29 characters bigger than the processId version (../../../../../../Users/s181813/Documents/GitHub/DuckHuntUnreal/DuckHunt 4.20/Intermediate/Shaders/WorkingDirectory/1992/).
[2019.09.10-23.46.01:584][  0]LogShaderCompilers: Cleaned the shader compiler working directory 'C:/Users/s181813/AppData/Local/Temp/UnrealShaderWorkingDir/9D0EE93D4376D82BB6B27A9AEE6F68DF/'.
[2019.09.10-23.46.01:818][  0]LogTemp: Display: Loaded TP AllDesktopTargetPlatform
[2019.09.10-23.46.01:832][  0]LogTemp: Display: Loaded TP MacClientTargetPlatform
[2019.09.10-23.46.01:847][  0]LogTemp: Display: Loaded TP MacNoEditorTargetPlatform
[2019.09.10-23.46.01:862][  0]LogTemp: Display: Loaded TP MacServerTargetPlatform
[2019.09.10-23.46.01:878][  0]LogTemp: Display: Loaded TP MacTargetPlatform
[2019.09.10-23.46.01:893][  0]LogTemp: Display: Loaded TP WindowsClientTargetPlatform
[2019.09.10-23.46.01:907][  0]LogTemp: Display: Loaded TP WindowsNoEditorTargetPlatform
[2019.09.10-23.46.01:920][  0]LogTemp: Display: Loaded TP WindowsServerTargetPlatform
[2019.09.10-23.46.01:928][  0]LogTemp: Display: Loaded TP WindowsTargetPlatform
[2019.09.10-23.46.02:002][  0]LogTemp: Display: Loaded TP AndroidTargetPlatform
[2019.09.10-23.46.02:002][  0]LogTemp: Display: Loaded TP AndroidTargetPlatform
[2019.09.10-23.46.02:002][  0]LogTemp: Display: Loaded TP AndroidTargetPlatform
[2019.09.10-23.46.02:002][  0]LogTemp: Display: Loaded TP AndroidTargetPlatform
[2019.09.10-23.46.02:002][  0]LogTemp: Display: Loaded TP AndroidTargetPlatform
[2019.09.10-23.46.02:002][  0]LogTemp: Display: Loaded TP AndroidTargetPlatform
[2019.09.10-23.46.02:002][  0]LogTemp: Display: Loaded TP AndroidTargetPlatform
[2019.09.10-23.46.02:002][  0]LogTemp: Display: Loaded TP AndroidTargetPlatform
[2019.09.10-23.46.02:002][  0]LogTemp: Display: Loaded TP AndroidTargetPlatform
[2019.09.10-23.46.02:002][  0]LogTemp: Display: Loaded TP AndroidTargetPlatform
[2019.09.10-23.46.02:003][  0]LogTemp: Display: Loaded TP AndroidTargetPlatform
[2019.09.10-23.46.02:003][  0]LogTemp: Display: Loaded TP AndroidTargetPlatform
[2019.09.10-23.46.02:003][  0]LogTemp: Display: Loaded TP AndroidTargetPlatform
[2019.09.10-23.46.02:003][  0]LogTemp: Display: Loaded TP AndroidTargetPlatform
[2019.09.10-23.46.02:003][  0]LogTemp: Display: Loaded TP AndroidTargetPlatform
[2019.09.10-23.46.02:003][  0]LogTemp: Display: Loaded TP AndroidTargetPlatform
[2019.09.10-23.46.02:003][  0]LogTemp: Display: Loaded TP AndroidTargetPlatform
[2019.09.10-23.46.02:003][  0]LogTemp: Display: Loaded TP AndroidTargetPlatform
[2019.09.10-23.46.02:006][  0]LogTemp: Display: Loaded TP HTML5TargetPlatform
[2019.09.10-23.46.02:071][  0]LogTemp: Display: Loaded TP IOSTargetPlatform
[2019.09.10-23.46.02:071][  0]LogTemp: Display: Loaded TP IOSTargetPlatform
[2019.09.10-23.46.02:097][  0]LogTemp: Display: Loaded TP TVOSTargetPlatform
[2019.09.10-23.46.02:097][  0]LogTemp: Display: Loaded TP TVOSTargetPlatform
[2019.09.10-23.46.02:111][  0]LogTemp: Display: Loaded TP LinuxClientTargetPlatform
[2019.09.10-23.46.02:124][  0]LogTemp: Display: Loaded TP LinuxNoEditorTargetPlatform
[2019.09.10-23.46.02:138][  0]LogTemp: Display: Loaded TP LinuxServerTargetPlatform
[2019.09.10-23.46.02:152][  0]LogTemp: Display: Loaded TP LinuxTargetPlatform
[2019.09.10-23.46.02:162][  0]LogTemp: Display: Loaded TP LuminTargetPlatform
[2019.09.10-23.46.02:162][  0]LogTargetPlatformManager: Display: Building Assets For Windows
[2019.09.10-23.46.02:259][  0]LogXGEController: Cleaning working directory: C:/Users/s181813/AppData/Local/Temp/UnrealXGEWorkingDir/
[2019.09.10-23.46.02:260][  0]LogXGEController: Cannot use XGE Controller as Incredibuild is not installed on this machine.
[2019.09.10-23.46.02:260][  0]LogShaderCompilers: Cannot use XGE Shader Compiler as Incredibuild is not installed on this machine.
[2019.09.10-23.46.02:260][  0]LogShaderCompilers: Display: Using Local Shader Compiler.
[2019.09.10-23.46.02:901][  0]LogDerivedDataCache: Display: Max Cache Size: 512 MB
[2019.09.10-23.46.02:947][  0]LogDerivedDataCache: Loaded boot cache 0.05s 71MB C:/Users/s181813/AppData/Local/UnrealEngine/4.20/DerivedDataCache/Boot.ddc.
[2019.09.10-23.46.02:947][  0]LogDerivedDataCache: Display: Loaded Boot cache: C:/Users/s181813/AppData/Local/UnrealEngine/4.20/DerivedDataCache/Boot.ddc
[2019.09.10-23.46.02:947][  0]LogDerivedDataCache: FDerivedDataBackendGraph:  Pak pak cache file ../../../../../../Users/s181813/Documents/GitHub/DuckHuntUnreal/DuckHunt 4.20/DerivedDataCache/DDC.ddp not found, will not use a pak cache.
[2019.09.10-23.46.02:948][  0]LogDerivedDataCache: Unable to find inner node Pak for hierarchical cache Hierarchy.
[2019.09.10-23.46.02:948][  0]LogDerivedDataCache: FDerivedDataBackendGraph:  CompressedPak pak cache file ../../../../../../Users/s181813/Documents/GitHub/DuckHuntUnreal/DuckHunt 4.20/DerivedDataCache/Compressed.ddp not found, will not use a pak cache.
[2019.09.10-23.46.02:948][  0]LogDerivedDataCache: Unable to find inner node CompressedPak for hierarchical cache Hierarchy.
[2019.09.10-23.46.02:960][  0]LogDerivedDataCache: Display: Pak cache opened for reading ../../../Engine/DerivedDataCache/Compressed.ddp.
[2019.09.10-23.46.02:973][  0]LogDerivedDataCache: Using Local data cache path C:/Users/s181813/AppData/Local/UnrealEngine/Common/DerivedDataCache: Writable
[2019.09.10-23.46.02:973][  0]LogDerivedDataCache: Shared data cache path not found in *engine.ini, will not use an Shared cache.
[2019.09.10-23.46.02:974][  0]LogDerivedDataCache: Unable to find inner node Shared for hierarchical cache Hierarchy.
[2019.09.10-23.46.02:990][  0]LogMaterial: Verifying Global Shaders for PCD3D_SM5
[2019.09.10-23.46.02:992][  0]LogSlate: Using FreeType 2.6.0
[2019.09.10-23.46.02:993][  0]LogSlate: SlateFontServices - WITH_FREETYPE: 1, WITH_HARFBUZZ: 1
[2019.09.10-23.46.03:060][  0]LogAssetRegistry: FAssetRegistry took 0.0279 seconds to start up
[2019.09.10-23.46.03:348][  0]LogInit: Selected Device Profile: [Windows]
[2019.09.10-23.46.03:483][  0]LogSimplygon: Simplygon DLL not present - disabling.
[2019.09.10-23.46.03:490][  0]LogMeshReduction: Using SimplygonSwarm for distributed automatic mesh merging
[2019.09.10-23.46.03:490][  0]LogMeshReduction: Using ProxyLODMeshReduction for automatic mesh merging
[2019.09.10-23.46.03:490][  0]LogMeshReduction: Using QuadricMeshReduction for automatic static mesh reduction
[2019.09.10-23.46.03:490][  0]LogMeshReduction: No automatic skeletal mesh reduction module available
[2019.09.10-23.46.03:508][  0]LogNetVersion: DuckHunt 1.0.0, NetCL: 4212847, EngineNetVer: 5, GameNetVer: 0 (Checksum: 1679371872)
[2019.09.10-23.46.03:964][  0]LogPackageLocalizationCache: Processed 11 localized package path(s) for 2 prioritized culture(s) in 0.107382 seconds
[2019.09.10-23.46.03:971][  0]LogUObjectArray: 38425 objects as part of root set at end of initial load.
[2019.09.10-23.46.03:971][  0]LogUObjectAllocator: 6690864 out of 0 bytes used by permanent object pool.
[2019.09.10-23.46.03:971][  0]LogUObjectArray: CloseDisregardForGC: 0/0 objects in disregard for GC pool
[2019.09.10-23.46.04:788][  0]LogTcpMessaging: Initializing TcpMessaging bridge
[2019.09.10-23.46.04:803][  0]LogUdpMessaging: Initializing bridge on interface 0.0.0.0:0 to multicast group 230.0.0.1:6666.
[2019.09.10-23.46.05:002][  0]SourceControl: Source control is disabled
[2019.09.10-23.46.05:002][  0]SourceControl: Source control is disabled
[2019.09.10-23.46.05:005][  0]SourceControl: Source control is disabled
[2019.09.10-23.46.05:007][  0]SourceControl: Source control is disabled
[2019.09.10-23.46.05:235][  0]LogAndroidPermission: UAndroidPermissionCallbackProxy::GetInstance
[2019.09.10-23.46.05:313][  0]LogOcInput: OculusInput pre-init called
[2019.09.10-23.46.05:375][  0]LogEngine: Initializing Engine...
[2019.09.10-23.46.05:376][  0]LogHMD: Failed to initialize OpenVR with code 110
[2019.09.10-23.46.05:377][  0]LogStats: UGameplayTagsManager::ConstructGameplayTagTree: ImportINI prefixes -  0.000 s
[2019.09.10-23.46.05:378][  0]LogStats: UGameplayTagsManager::ConstructGameplayTagTree: Construct from data asset -  0.000 s
[2019.09.10-23.46.05:378][  0]LogStats: UGameplayTagsManager::ConstructGameplayTagTree: ImportINI -  0.000 s
[2019.09.10-23.46.05:378][  0]LogStats: UGameplayTagsManager::ConstructGameplayTagTree: GameplayTagTreeChangedEvent.Broadcast -  0.000 s
[2019.09.10-23.46.05:572][  0]LogInit: Initializing FReadOnlyCVARCache
[2019.09.10-23.46.05:585][  0]LogAIModule: Creating AISystem for world Untitled
[2019.09.10-23.46.05:600][  0]LogInit: XAudio2 using 'Realtek Digital Output (Realtek High Definition Audio)' : 2 channels at 48 kHz using 16 bits per sample (channel mask 0x3)
[2019.09.10-23.46.05:665][  0]LogInit: FAudioDevice initialized.
[2019.09.10-23.46.05:665][  0]LogNetVersion: Set ProjectVersion to 1.0.0.0. Version Checksum will be recalculated on next use.
[2019.09.10-23.46.05:743][  0]LogDerivedDataCache: Saved boot cache 0.08s 71MB C:/Users/s181813/AppData/Local/UnrealEngine/4.20/DerivedDataCache/Boot.ddc.
[2019.09.10-23.46.05:755][  0]LogInit: Texture streaming: Enabled
[2019.09.10-23.46.05:776][  0]LogEngineSessionManager: EngineSessionManager initialized
[2019.09.10-23.46.05:787][  0]LogInit: Transaction tracking system initialized
[2019.09.10-23.46.05:818][  0]BlueprintLog: New page: Editor Load
[2019.09.10-23.46.05:933][  0]LocalizationService: Localization service is disabled
[2019.09.10-23.46.06:181][  0]LogCook: Display: Max memory allowance for cook 16384mb min free memory 0mb
[2019.09.10-23.46.06:181][  0]LogCook: Display: Mobile HDR setting 0
[2019.09.10-23.46.06:182][  0]LogGameplayTags: Display: UGameplayTagsManager::DoneAddingNativeTags. DelegateIsBound: 0
[2019.09.10-23.46.06:182][  0]LogStats: UGameplayTagsManager::ConstructGameplayTagTree: ImportINI prefixes -  0.000 s
[2019.09.10-23.46.06:182][  0]LogStats: UGameplayTagsManager::ConstructGameplayTagTree: Construct from data asset -  0.000 s
[2019.09.10-23.46.06:182][  0]LogFileCache: Scanning file cache for directory 'C:/Users/s181813/Documents/GitHub/DuckHuntUnreal/DuckHunt 4.20/Content/' took 0.01s
[2019.09.10-23.46.06:182][  0]LogStats: UGameplayTagsManager::ConstructGameplayTagTree: ImportINI -  0.000 s
[2019.09.10-23.46.06:182][  0]LogStats: UGameplayTagsManager::ConstructGameplayTagTree: GameplayTagTreeChangedEvent.Broadcast -  0.000 s
[2019.09.10-23.46.06:328][  0]SourceControl: Source control is disabled
[2019.09.10-23.46.06:328][  0]Cmd: MAP LOAD FILE="../../../../../../Users/s181813/Documents/GitHub/DuckHuntUnreal/DuckHunt 4.20/Content/Untitled.umap" TEMPLATE=0 SHOWPROGRESS=1 FEATURELEVEL=3
[2019.09.10-23.46.06:329][  0]LightingResults: New page: Lighting Build
[2019.09.10-23.46.06:331][  0]MapCheck: New page: Map Check
[2019.09.10-23.46.06:332][  0]LightingResults: New page: Lighting Build
[2019.09.10-23.46.06:551][  0]LogAIModule: Creating AISystem for world Untitled
[2019.09.10-23.46.06:589][  0]LogEditorServer: Finished looking for orphan Actors (0.000 secs)
[2019.09.10-23.46.06:609][  0]Cmd: MAP CHECKDEP NOCLEARLOG
[2019.09.10-23.46.06:661][  0]MapCheck: Map check complete: 0 Error(s), 0 Warning(s), took 52.084ms to complete.
[2019.09.10-23.46.06:661][  0]LogFileHelpers: Loading map 'Untitled' took 0.334
[2019.09.10-23.46.06:761][  0]LogSlate: Updating window title bar state: overlay mode, drag disabled, window buttons hidden, title bar hidden
[2019.09.10-23.46.06:768][  0]LogSlate: Updating window title bar state: overlay mode, drag disabled, window buttons hidden, title bar hidden
[2019.09.10-23.46.06:776][  0]LogSlate: Updating window title bar state: overlay mode, drag disabled, window buttons hidden, title bar hidden
[2019.09.10-23.46.06:783][  0]LogSlate: Updating window title bar state: overlay mode, drag disabled, window buttons hidden, title bar hidden
[2019.09.10-23.46.06:790][  0]LogCollectionManager: Loaded 0 collections in 0.001234 seconds
[2019.09.10-23.46.06:837][  0]LogFileCache: Scanning file cache for directory 'C:/Users/s181813/Documents/GitHub/DuckHuntUnreal/DuckHunt 4.20/Saved/Collections/' took 0.01s
[2019.09.10-23.46.06:837][  0]LogFileCache: Scanning file cache for directory 'C:/Users/s181813/Documents/GitHub/DuckHuntUnreal/DuckHunt 4.20/Content/Developers/s181813/Collections/' took 0.01s
[2019.09.10-23.46.06:837][  0]LogFileCache: Scanning file cache for directory 'C:/Users/s181813/Documents/GitHub/DuckHuntUnreal/DuckHunt 4.20/Content/Collections/' took 0.01s
[2019.09.10-23.46.06:837][  0]LogCollectionManager: Rebuilt the GUID cache for 0 collections in 0.000000 seconds
[2019.09.10-23.46.06:846][  0]LogContentBrowser: Native class hierarchy populated in 0.0088 seconds. Added 2576 classes and 605 folders.
[2019.09.10-23.46.06:851][  0]LogContentBrowser: Native class hierarchy updated for 'WidgetCarousel' in 0.0003 seconds. Added 0 classes and 0 folders.
[2019.09.10-23.46.06:884][  0]LogContentBrowser: Native class hierarchy updated for 'AddContentDialog' in 0.0005 seconds. Added 0 classes and 0 folders.
[2019.09.10-23.46.06:890][  0]LogContentBrowser: Native class hierarchy updated for 'SceneOutliner' in 0.0004 seconds. Added 1 classes and 2 folders.
[2019.09.10-23.46.06:905][  0]LogSlate: Took 0.000201 seconds to synchronously load lazily loaded font '../../../Engine/Content/Slate/Fonts/Roboto-Regular.ttf' (155K)
[2019.09.10-23.46.06:907][  0]LogSlate: Took 0.000179 seconds to synchronously load lazily loaded font '../../../Engine/Content/Slate/Fonts/Roboto-Bold.ttf' (160K)
[2019.09.10-23.46.06:912][  0]LogSlate: Took 0.000226 seconds to synchronously load lazily loaded font '../../../Engine/Content/Editor/Slate/Fonts/FontAwesome.ttf' (139K)
[2019.09.10-23.46.06:985][  0]LogRenderer: Reallocating scene render targets to support 1208x576 Format 10 NumSamples 1 (Frame:1).
[2019.09.10-23.46.07:019][  0]LogSlate: Took 0.000167 seconds to synchronously load lazily loaded font '../../../Engine/Content/Slate/Fonts/Roboto-Light.ttf' (167K)
[2019.09.10-23.46.07:072][  0]LogSlate: FSceneViewport::OnFocusLost() reason 2
[2019.09.10-23.46.07:083][  0]LogSlate: Window 'Tutorials' being destroyed
[2019.09.10-23.46.07:116][  0]LogContentBrowser: Native class hierarchy updated for 'HierarchicalLODOutliner' in 0.0004 seconds. Added 0 classes and 0 folders.
[2019.09.10-23.46.07:117][  0]LogLoad: (Engine Initialization) Total time: 7.99 seconds
[2019.09.10-23.46.07:117][  0]LogLoad: (Engine Initialization) Total Blueprint compile time: 0.00 seconds
[2019.09.10-23.46.07:127][  0]LogWindowsTextInputMethodSystem: Display: IME system now deactivated.
[2019.09.10-23.46.07:150][  0]LogContentStreaming: Texture pool size now 1000 MB
[2019.09.10-23.46.07:254][  1]LogAssetRegistry: Asset discovery search completed in 4.2178 seconds
[2019.09.10-23.46.07:256][  1]LogCollectionManager: Rebuilt the object cache for 0 collections in 0.000000 seconds (found 0 objects)
[2019.09.10-23.46.07:256][  1]LogCollectionManager: Fixed up redirectors for 0 collections in 0.000157 seconds (updated 0 objects)
[2019.09.10-23.46.10:689][409]LogSlate: FSceneViewport::OnFocusLost() reason 0
[2019.09.10-23.46.17:191][183]LogSlate: Took 0.000213 seconds to synchronously load lazily loaded font '../../../Engine/Content/Slate/Fonts/Roboto-Light.ttf' (167K)
[2019.09.10-23.46.17:240][183]LogSlate: Took 0.007048 seconds to synchronously load lazily loaded font '../../../Engine/Content/Slate/Fonts/Roboto-BoldCondensed.ttf' (158K)
[2019.09.10-23.46.26:180][255]LogSlate: Window 'Add Blueprint Class' being destroyed
[2019.09.10-23.47.02:621][620]LogAssetEditorManager: Opening Asset editor for Blueprint /Game/PlayerPawnBP.PlayerPawnBP
[2019.09.10-23.47.03:059][620]LogContentBrowser: Native class hierarchy updated for 'BlueprintGraph' in 0.0006 seconds. Added 116 classes and 0 folders.
[2019.09.10-23.47.03:796][620]LogSlate: Window 'Add Blueprint Class' being destroyed
[2019.09.10-23.51.00:584][441]LogSlate: FSceneViewport::OnFocusLost() reason 0
[2019.09.10-23.51.55:061][805]LogSlate: Window 'PlayerPawnBP*' being destroyed
[2019.09.10-23.52.54:232][885]LogSlate: Took 0.004170 seconds to synchronously load lazily loaded font '../../../Engine/Content/Slate/Fonts/Roboto-BoldCondensedItalic.ttf' (160K)
[2019.09.10-23.54.13:840][397]LogSlate: Took 0.004112 seconds to synchronously load lazily loaded font '../../../Engine/Content/Slate/Fonts/Roboto-Italic.ttf' (157K)
[2019.09.10-23.56.47:009][667]LogFileHelpers: Editor autosave (incl. sublevels) for '/Game/Untitled' took 0.030
[2019.09.10-23.56.47:012][667]OBJ SavePackage: Generating thumbnails for [0] asset(s) in package [/Game/PlayerPawnBP] ([1] browsable assets)...
[2019.09.10-23.56.47:012][667]OBJ SavePackage: Finished generating thumbnails for package [/Game/PlayerPawnBP]
[2019.09.10-23.56.47:029][667]LogSavePackage: Moving '../../../../../../Users/s181813/Documents/GitHub/DuckHuntUnreal/DuckHunt 4.20/Saved/PlayerPawnBP_Auto1884C2068410D97EE80F8AEA66DF0A4CE.tmp' to '../../../../../../Users/s181813/Documents/GitHub/DuckHuntUnreal/DuckHunt 4.20/Saved/Autosaves/Game/PlayerPawnBP_Auto1.uasset'
[2019.09.10-23.56.47:031][667]LogFileHelpers: Auto-saving content packages took 0.019
[2019.09.11-00.00.02:163][ 15]Cmd: OBJ SAVEPACKAGE PACKAGE="/Game/PlayerPawnBP" FILE="../../../../../../Users/s181813/Documents/GitHub/DuckHuntUnreal/DuckHunt 4.20/Content/PlayerPawnBP.uasset" SILENT=true
[2019.09.11-00.00.02:180][ 15]LogSavePackage: Moving '../../../../../../Users/s181813/Documents/GitHub/DuckHuntUnreal/DuckHunt 4.20/Saved/PlayerPawnBP8F286602491D0E7D26697886C83787B0.tmp' to '../../../../../../Users/s181813/Documents/GitHub/DuckHuntUnreal/DuckHunt 4.20/Content/PlayerPawnBP.uasset'
[2019.09.11-00.00.03:059][120]BlueprintLog: New page: Compile PlayerPawnBP
[2019.09.11-00.01.38:343][628]LogRenderer: Reallocating scene render targets to support 1208x900 Format 10 NumSamples 1 (Frame:27868).
[2019.09.11-00.02.08:064][192]LogSlate: FSceneViewport::OnFocusLost() reason 0
[2019.09.11-00.03.01:313][917]LogSlate: Window 'Save Asset As' being destroyed
[2019.09.11-00.03.08:204][917]LogSlate: Window 'Message' being destroyed
[2019.09.11-00.03.35:841][226]LogSlate: FSceneViewport::OnFocusLost() reason 0
[2019.09.11-00.08.29:154][276]Cmd: OBJ SAVEPACKAGE PACKAGE="/Game/PlayerPawnBP" FILE="../../../../../../Users/s181813/Documents/GitHub/DuckHuntUnreal/DuckHunt 4.20/Content/PlayerPawnBP.uasset" SILENT=true
[2019.09.11-00.08.29:198][276]LogSavePackage: Moving '../../../../../../Users/s181813/Documents/GitHub/DuckHuntUnreal/DuckHunt 4.20/Saved/PlayerPawnBPC8AF8D6549E882C9DF361AA0A32B3CC5.tmp' to '../../../../../../Users/s181813/Documents/GitHub/DuckHuntUnreal/DuckHunt 4.20/Content/PlayerPawnBP.uasset'
[2019.09.11-00.08.30:320][409]BlueprintLog: New page: Compile PlayerPawnBP
[2019.09.11-00.08.30:331][409]LogBlueprint: Warning: [Compiler PlayerPawnBP] PlayerPawn.Camera is not blueprint visible (BlueprintReadOnly or BlueprintReadWrite). Please fix mark up or cease accessing as this will be made an error in a future release.  Get Camera
[2019.09.11-00.08.30:467][409]LogBlueprint: Warning: [Compiler PlayerPawnBP] [1351.37] Compile of PlayerPawnBP successful, but with 1 Warning(s) [in 146 ms] (/Game/PlayerPawnBP.PlayerPawnBP)
[2019.09.11-00.08.49:067][639]LogTemp: Repeating last play command: Selected Viewport
[2019.09.11-00.08.49:082][639]LogPlayLevel: PlayLevel: No blueprints needed recompiling
[2019.09.11-00.08.49:098][639]PIE: New page: PIE session: Untitled (Sep 11, 2019, 8:08:49 PM)
[2019.09.11-00.08.49:098][639]LogPlayLevel: Creating play world package: /Game/UEDPIE_0_Untitled
[2019.09.11-00.08.49:118][639]LogPlayLevel: PIE: StaticDuplicateObject took: (0.019628s)
[2019.09.11-00.08.49:119][639]LogAIModule: Creating AISystem for world Untitled
[2019.09.11-00.08.49:119][639]LogPlayLevel: PIE: World Init took: (0.001137s)
[2019.09.11-00.08.49:119][639]LogPlayLevel: PIE: Created PIE world by copying editor world from /Game/Untitled.Untitled to /Game/UEDPIE_0_Untitled.Untitled (0.021191s)
[2019.09.11-00.08.49:145][639]LogInit: XAudio2 using 'Realtek Digital Output (Realtek High Definition Audio)' : 2 channels at 48 kHz using 16 bits per sample (channel mask 0x3)
[2019.09.11-00.08.49:159][639]LogInit: FAudioDevice initialized.
[2019.09.11-00.08.49:168][639]LogSlate: Updating window title bar state: overlay mode, drag disabled, window buttons hidden, title bar hidden
[2019.09.11-00.08.49:226][639]LogLoad: Game class is 'DuckHuntGameModeBase'
[2019.09.11-00.08.49:229][639]LogWorld: Bringing World /Game/UEDPIE_0_Untitled.Untitled up for play (max tick rate 0) at 2019.09.11-10.08.49
[2019.09.11-00.08.49:230][639]LogWorld: Bringing up level for play took: 0.002601
[2019.09.11-00.08.49:251][639]LogContentBrowser: Native class hierarchy updated for 'MovieSceneCapture' in 0.0004 seconds. Added 10 classes and 0 folders.
[2019.09.11-00.08.49:253][639]PIE: Play in editor start time for /Game/UEDPIE_0_Untitled 0.34
[2019.09.11-00.08.49:286][639]LogRenderer: Reallocating scene render targets to support 1292x900 Format 10 NumSamples 1 (Frame:1).
[2019.09.11-00.08.55:524][370]LogSlate: Updating window title bar state: overlay mode, drag disabled, window buttons hidden, title bar hidden
[2019.09.11-00.08.55:538][370]LogSlate: Window 'DuckHunt Game Preview Standalone (64-bit/PCD3D_SM5)' being destroyed
[2019.09.11-00.08.55:574][370]LogPlayLevel: Display: Shutting down PIE online subsystems
[2019.09.11-00.08.55:626][372]LogPlayLevel: Display: Destroying online subsystem :Context_6
[2019.09.11-00.08.57:875][638]Cmd: OBJ SAVEPACKAGE PACKAGE="/Game/PlayerPawnBP" FILE="../../../../../../Users/s181813/Documents/GitHub/DuckHuntUnreal/DuckHunt 4.20/Content/PlayerPawnBP.uasset" SILENT=true
[2019.09.11-00.08.57:907][638]LogSavePackage: Moving '../../../../../../Users/s181813/Documents/GitHub/DuckHuntUnreal/DuckHunt 4.20/Saved/PlayerPawnBPF46CBD2649BCD8FA79DA84B8531CE7EE.tmp' to '../../../../../../Users/s181813/Documents/GitHub/DuckHuntUnreal/DuckHunt 4.20/Content/PlayerPawnBP.uasset'
[2019.09.11-00.08.58:792][743]BlueprintLog: New page: Compile PlayerPawnBP
[2019.09.11-00.08.58:801][743]LogBlueprint: Warning: [Compiler PlayerPawnBP] PlayerPawn.Camera is not blueprint visible (BlueprintReadOnly or BlueprintReadWrite). Please fix mark up or cease accessing as this will be made an error in a future release.  Get Camera
[2019.09.11-00.08.58:919][743]LogBlueprint: Warning: [Compiler PlayerPawnBP] [1379.82] Compile of PlayerPawnBP successful, but with 1 Warning(s) [in 126 ms] (/Game/PlayerPawnBP.PlayerPawnBP)
[2019.09.11-00.09.00:423][922]BlueprintLog: New page: Compile PlayerPawnBP
[2019.09.11-00.09.00:434][922]LogBlueprint: Warning: [Compiler PlayerPawnBP] PlayerPawn.Camera is not blueprint visible (BlueprintReadOnly or BlueprintReadWrite). Please fix mark up or cease accessing as this will be made an error in a future release.  Get Camera
[2019.09.11-00.09.00:552][922]LogBlueprint: Warning: [Compiler PlayerPawnBP] [1381.45] Compile of PlayerPawnBP successful, but with 1 Warning(s) [in 128 ms] (/Game/PlayerPawnBP.PlayerPawnBP)
[2019.09.11-00.09.18:657][ 89]LogSlate: FSceneViewport::OnFocusLost() reason 0
[2019.09.11-00.09.24:679][794]LogEditorViewport: Clicking on Actor (LMB): PlayerPawn (PlayerPawn1)
[2019.09.11-00.09.25:844][915]LogEditorViewport: Clicking on Actor (context menu): PlayerPawn (PlayerPawn1)
[2019.09.11-00.09.25:877][915]LogSlate: FSceneViewport::OnFocusLost() reason 2
[2019.09.11-00.09.30:767][473]LogEditorViewport: Clicking on Actor (LMB): PlayerPawn (PlayerPawn1)
[2019.09.11-00.09.32:482][675]Cmd: DELETE
[2019.09.11-00.09.32:482][675]Cmd: ACTOR DELETE
[2019.09.11-00.09.32:491][675]LogEditorActor: Deleted Actor: PlayerPawn
[2019.09.11-00.09.32:546][675]LogEditorActor: Deleted 1 Actors (0.061 secs)
[2019.09.11-00.09.33:683][811]LogEditorViewport: Clicking on Actor (LMB): PlayerPawnBP_C (PlayerPawnBP)
[2019.09.11-00.09.39:479][487]LogSlate: FSceneViewport::OnFocusLost() reason 0
[2019.09.11-00.09.39:587][500]LogTemp: Repeating last play command: Selected Viewport
[2019.09.11-00.09.39:614][500]LogPlayLevel: PlayLevel: No blueprints needed recompiling
[2019.09.11-00.09.39:614][500]PIE: New page: PIE session: Untitled (Sep 11, 2019, 8:09:39 PM)
[2019.09.11-00.09.39:614][500]LogPlayLevel: Creating play world package: /Game/UEDPIE_0_Untitled
[2019.09.11-00.09.39:630][500]LogPlayLevel: PIE: StaticDuplicateObject took: (0.015089s)
[2019.09.11-00.09.39:631][500]LogAIModule: Creating AISystem for world Untitled
[2019.09.11-00.09.39:631][500]LogPlayLevel: PIE: World Init took: (0.001044s)
[2019.09.11-00.09.39:631][500]LogPlayLevel: PIE: Created PIE world by copying editor world from /Game/Untitled.Untitled to /Game/UEDPIE_0_Untitled.Untitled (0.016542s)
[2019.09.11-00.09.39:687][500]LogInit: XAudio2 using 'Realtek Digital Output (Realtek High Definition Audio)' : 2 channels at 48 kHz using 16 bits per sample (channel mask 0x3)
[2019.09.11-00.09.39:700][500]LogInit: FAudioDevice initialized.
[2019.09.11-00.09.39:733][500]LogLoad: Game class is 'DuckHuntGameModeBase'
[2019.09.11-00.09.39:736][500]LogWorld: Bringing World /Game/UEDPIE_0_Untitled.Untitled up for play (max tick rate 0) at 2019.09.11-10.09.39
[2019.09.11-00.09.39:740][500]LogWorld: Bringing up level for play took: 0.006508
[2019.09.11-00.09.39:755][500]PIE: Play in editor start time for /Game/UEDPIE_0_Untitled 0.844
[2019.09.11-00.09.48:336][527]LogSlate: Updating window title bar state: overlay mode, drag disabled, window buttons hidden, title bar hidden
[2019.09.11-00.09.48:375][527]LogPlayLevel: Display: Shutting down PIE online subsystems
[2019.09.11-00.09.48:402][527]LogSlate: Updating window title bar state: overlay mode, drag disabled, window buttons hidden, title bar hidden
[2019.09.11-00.09.48:437][530]LogPlayLevel: Display: Destroying online subsystem :Context_7
[2019.09.11-00.09.50:631][793]LogSlate: FSceneViewport::OnFocusLost() reason 0
[2019.09.11-00.09.50:698][801]LogTemp: Repeating last play command: Selected Viewport
[2019.09.11-00.09.50:713][801]LogPlayLevel: PlayLevel: No blueprints needed recompiling
[2019.09.11-00.09.50:713][801]PIE: New page: PIE session: Untitled (Sep 11, 2019, 8:09:50 PM)
[2019.09.11-00.09.50:713][801]LogPlayLevel: Creating play world package: /Game/UEDPIE_0_Untitled
[2019.09.11-00.09.50:726][801]LogPlayLevel: PIE: StaticDuplicateObject took: (0.013142s)
[2019.09.11-00.09.50:727][801]LogAIModule: Creating AISystem for world Untitled
[2019.09.11-00.09.50:727][801]LogPlayLevel: PIE: World Init took: (0.000904s)
[2019.09.11-00.09.50:727][801]LogPlayLevel: PIE: Created PIE world by copying editor world from /Game/Untitled.Untitled to /Game/UEDPIE_0_Untitled.Untitled (0.014385s)
[2019.09.11-00.09.50:752][801]LogInit: XAudio2 using 'Realtek Digital Output (Realtek High Definition Audio)' : 2 channels at 48 kHz using 16 bits per sample (channel mask 0x3)
[2019.09.11-00.09.50:764][801]LogInit: FAudioDevice initialized.
[2019.09.11-00.09.50:798][801]LogLoad: Game class is 'DuckHuntGameModeBase'
[2019.09.11-00.09.50:802][801]LogWorld: Bringing World /Game/UEDPIE_0_Untitled.Untitled up for play (max tick rate 0) at 2019.09.11-10.09.50
[2019.09.11-00.09.50:802][801]LogWorld: Bringing up level for play took: 0.002652
[2019.09.11-00.09.50:816][801]PIE: Play in editor start time for /Game/UEDPIE_0_Untitled -0.095
[2019.09.11-00.09.58:431][712]LogSlate: Updating window title bar state: overlay mode, drag disabled, window buttons hidden, title bar hidden
[2019.09.11-00.09.58:473][712]LogPlayLevel: Display: Shutting down PIE online subsystems
[2019.09.11-00.09.58:500][712]LogSlate: Updating window title bar state: overlay mode, drag disabled, window buttons hidden, title bar hidden
[2019.09.11-00.09.58:535][715]LogPlayLevel: Display: Destroying online subsystem :Context_8
[2019.09.11-00.10.01:271][ 43]LogEditorViewport: Clicking on Actor (LMB): PlayerPawnBP_C (PlayerPawnBP)
[2019.09.11-00.11.03:458][407]LogSlate: FSceneViewport::OnFocusLost() reason 2
[2019.09.11-00.11.03:661][407]LogSavePackage: Moving '../../../../../../Users/s181813/Documents/GitHub/DuckHuntUnreal/DuckHunt 4.20/Saved/Untitled_Auto210398EB8409A54D402495FAF6734C971.tmp' to '../../../../../../Users/s181813/Documents/GitHub/DuckHuntUnreal/DuckHunt 4.20/Saved/Autosaves/Game/Untitled_Auto2.umap'
[2019.09.11-00.11.03:665][407]LogFileHelpers: Editor autosave (incl. sublevels) for '/Game/Untitled' took 0.197
[2019.09.11-00.11.03:666][407]LogFileHelpers: Editor autosave (incl. sublevels) for all levels took 0.197
[2019.09.11-00.11.09:844][138]LogSlate: FSceneViewport::OnFocusLost() reason 0
[2019.09.11-00.12.29:102][628]Cmd: OBJ SAVEPACKAGE PACKAGE="/Game/PlayerPawnBP" FILE="../../../../../../Users/s181813/Documents/GitHub/DuckHuntUnreal/DuckHunt 4.20/Content/PlayerPawnBP.uasset" SILENT=true
[2019.09.11-00.12.29:139][628]LogSavePackage: Moving '../../../../../../Users/s181813/Documents/GitHub/DuckHuntUnreal/DuckHunt 4.20/Saved/PlayerPawnBP13EE33B445E9E50936C31FBC32E8D187.tmp' to '../../../../../../Users/s181813/Documents/GitHub/DuckHuntUnreal/DuckHunt 4.20/Content/PlayerPawnBP.uasset'
[2019.09.11-00.12.29:771][703]BlueprintLog: New page: Compile PlayerPawnBP
[2019.09.11-00.12.29:781][703]LogBlueprint: Warning: [Compiler PlayerPawnBP] PlayerPawn.Camera is not blueprint visible (BlueprintReadOnly or BlueprintReadWrite). Please fix mark up or cease accessing as this will be made an error in a future release.  Get Camera
[2019.09.11-00.12.30:033][703]LogBlueprint: Warning: [Compiler PlayerPawnBP] [1590.94] Compile of PlayerPawnBP successful, but with 1 Warning(s) [in 260 ms] (/Game/PlayerPawnBP.PlayerPawnBP)
[2019.09.11-00.12.33:574][106]LogTemp: Repeating last play command: Selected Viewport
[2019.09.11-00.12.33:591][106]LogPlayLevel: PlayLevel: No blueprints needed recompiling
[2019.09.11-00.12.33:591][106]PIE: New page: PIE session: Untitled (Sep 11, 2019, 8:12:33 PM)
[2019.09.11-00.12.33:591][106]LogPlayLevel: Creating play world package: /Game/UEDPIE_0_Untitled
[2019.09.11-00.12.33:603][106]LogPlayLevel: PIE: StaticDuplicateObject took: (0.012066s)
[2019.09.11-00.12.33:604][106]LogAIModule: Creating AISystem for world Untitled
[2019.09.11-00.12.33:604][106]LogPlayLevel: PIE: World Init took: (0.000906s)
[2019.09.11-00.12.33:604][106]LogPlayLevel: PIE: Created PIE world by copying editor world from /Game/Untitled.Untitled to /Game/UEDPIE_0_Untitled.Untitled (0.013352s)
[2019.09.11-00.12.33:666][106]LogInit: XAudio2 using 'Realtek Digital Output (Realtek High Definition Audio)' : 2 channels at 48 kHz using 16 bits per sample (channel mask 0x3)
[2019.09.11-00.12.33:678][106]LogInit: FAudioDevice initialized.
[2019.09.11-00.12.33:711][106]LogLoad: Game class is 'DuckHuntGameModeBase'
[2019.09.11-00.12.33:715][106]LogWorld: Bringing World /Game/UEDPIE_0_Untitled.Untitled up for play (max tick rate 0) at 2019.09.11-10.12.33
[2019.09.11-00.12.33:715][106]LogWorld: Bringing up level for play took: 0.002731
[2019.09.11-00.12.33:729][106]PIE: Play in editor start time for /Game/UEDPIE_0_Untitled 0.82
[2019.09.11-00.12.39:899][844]LogSlate: Updating window title bar state: overlay mode, drag disabled, window buttons hidden, title bar hidden
[2019.09.11-00.12.39:939][844]LogPlayLevel: Display: Shutting down PIE online subsystems
[2019.09.11-00.12.39:964][844]LogSlate: Updating window title bar state: overlay mode, drag disabled, window buttons hidden, title bar hidden
[2019.09.11-00.12.40:002][847]LogPlayLevel: Display: Destroying online subsystem :Context_9
[2019.09.11-00.12.40:904][955]LogEditorViewport: Clicking on Actor (LMB): PlayerPawnBP_C (PlayerPawnBP)
[2019.09.11-00.12.42:814][169]LogSlate: FSceneViewport::OnFocusLost() reason 0
[2019.09.11-00.12.51:234][169]LogTemp: Repeating last play command: Selected Viewport
[2019.09.11-00.12.51:248][169]LogPlayLevel: PlayLevel: No blueprints needed recompiling
[2019.09.11-00.12.51:249][169]PIE: New page: PIE session: Untitled (Sep 11, 2019, 8:12:51 PM)
[2019.09.11-00.12.51:249][169]LogPlayLevel: Creating play world package: /Game/UEDPIE_0_Untitled
[2019.09.11-00.12.51:260][169]LogPlayLevel: PIE: StaticDuplicateObject took: (0.011194s)
[2019.09.11-00.12.51:261][169]LogAIModule: Creating AISystem for world Untitled
[2019.09.11-00.12.51:262][169]LogPlayLevel: PIE: World Init took: (0.001108s)
[2019.09.11-00.12.51:262][169]LogPlayLevel: PIE: Created PIE world by copying editor world from /Game/Untitled.Untitled to /Game/UEDPIE_0_Untitled.Untitled (0.012731s)
[2019.09.11-00.12.51:324][169]LogInit: XAudio2 using 'Realtek Digital Output (Realtek High Definition Audio)' : 2 channels at 48 kHz using 16 bits per sample (channel mask 0x3)
[2019.09.11-00.12.51:336][169]LogInit: FAudioDevice initialized.
[2019.09.11-00.12.51:373][169]LogLoad: Game class is 'DuckHuntGameModeBase'
[2019.09.11-00.12.51:376][169]LogWorld: Bringing World /Game/UEDPIE_0_Untitled.Untitled up for play (max tick rate 0) at 2019.09.11-10.12.51
[2019.09.11-00.12.51:377][169]LogWorld: Bringing up level for play took: 0.002792
[2019.09.11-00.12.51:390][169]PIE: Play in editor start time for /Game/UEDPIE_0_Untitled 0.482
[2019.09.11-00.13.24:051][ 83]LogSlate: Updating window title bar state: overlay mode, drag disabled, window buttons hidden, title bar hidden
[2019.09.11-00.13.24:090][ 83]LogPlayLevel: Display: Shutting down PIE online subsystems
[2019.09.11-00.13.24:119][ 83]LogSlate: Updating window title bar state: overlay mode, drag disabled, window buttons hidden, title bar hidden
[2019.09.11-00.13.24:155][ 86]LogPlayLevel: Display: Destroying online subsystem :Context_10
[2019.09.11-00.13.25:435][239]LogSlate: FSceneViewport::OnFocusLost() reason 0
[2019.09.11-00.13.25:535][251]LogTemp: Repeating last play command: Selected Viewport
[2019.09.11-00.13.25:550][251]LogPlayLevel: PlayLevel: No blueprints needed recompiling
[2019.09.11-00.13.25:550][251]PIE: New page: PIE session: Untitled (Sep 11, 2019, 8:13:25 PM)
[2019.09.11-00.13.25:550][251]LogPlayLevel: Creating play world package: /Game/UEDPIE_0_Untitled
[2019.09.11-00.13.25:562][251]LogPlayLevel: PIE: StaticDuplicateObject took: (0.011401s)
[2019.09.11-00.13.25:563][251]LogAIModule: Creating AISystem for world Untitled
[2019.09.11-00.13.25:563][251]LogPlayLevel: PIE: World Init took: (0.001080s)
[2019.09.11-00.13.25:563][251]LogPlayLevel: PIE: Created PIE world by copying editor world from /Game/Untitled.Untitled to /Game/UEDPIE_0_Untitled.Untitled (0.012871s)
[2019.09.11-00.13.25:593][251]LogInit: XAudio2 using 'Realtek Digital Output (Realtek High Definition Audio)' : 2 channels at 48 kHz using 16 bits per sample (channel mask 0x3)
[2019.09.11-00.13.25:604][251]LogInit: FAudioDevice initialized.
[2019.09.11-00.13.25:639][251]LogLoad: Game class is 'DuckHuntGameModeBase'
[2019.09.11-00.13.25:643][251]LogWorld: Bringing World /Game/UEDPIE_0_Untitled.Untitled up for play (max tick rate 0) at 2019.09.11-10.13.25
[2019.09.11-00.13.25:643][251]LogWorld: Bringing up level for play took: 0.002732
[2019.09.11-00.13.25:657][251]PIE: Play in editor start time for /Game/UEDPIE_0_Untitled 0.749
[2019.09.11-00.13.30:833][869]LogSlate: Updating window title bar state: overlay mode, drag disabled, window buttons hidden, title bar hidden
[2019.09.11-00.13.30:876][869]LogPlayLevel: Display: Shutting down PIE online subsystems
[2019.09.11-00.13.30:901][869]LogSlate: Updating window title bar state: overlay mode, drag disabled, window buttons hidden, title bar hidden
[2019.09.11-00.13.30:937][872]LogPlayLevel: Display: Destroying online subsystem :Context_11
[2019.09.11-00.13.32:273][ 32]LogSlate: FSceneViewport::OnFocusLost() reason 0
[2019.09.11-00.13.32:397][ 47]LogTemp: Repeating last play command: Selected Viewport
[2019.09.11-00.13.32:411][ 47]LogPlayLevel: PlayLevel: No blueprints needed recompiling
[2019.09.11-00.13.32:411][ 47]PIE: New page: PIE session: Untitled (Sep 11, 2019, 8:13:32 PM)
[2019.09.11-00.13.32:411][ 47]LogPlayLevel: Creating play world package: /Game/UEDPIE_0_Untitled
[2019.09.11-00.13.32:422][ 47]LogPlayLevel: PIE: StaticDuplicateObject took: (0.010707s)
[2019.09.11-00.13.32:423][ 47]LogAIModule: Creating AISystem for world Untitled
[2019.09.11-00.13.32:423][ 47]LogPlayLevel: PIE: World Init took: (0.000937s)
[2019.09.11-00.13.32:423][ 47]LogPlayLevel: PIE: Created PIE world by copying editor world from /Game/Untitled.Untitled to /Game/UEDPIE_0_Untitled.Untitled (0.012003s)
[2019.09.11-00.13.32:450][ 47]LogInit: XAudio2 using 'Realtek Digital Output (Realtek High Definition Audio)' : 2 channels at 48 kHz using 16 bits per sample (channel mask 0x3)
[2019.09.11-00.13.32:462][ 47]LogInit: FAudioDevice initialized.
[2019.09.11-00.13.32:498][ 47]LogLoad: Game class is 'DuckHuntGameModeBase'
[2019.09.11-00.13.32:501][ 47]LogWorld: Bringing World /Game/UEDPIE_0_Untitled.Untitled up for play (max tick rate 0) at 2019.09.11-10.13.32
[2019.09.11-00.13.32:502][ 47]LogWorld: Bringing up level for play took: 0.002668
[2019.09.11-00.13.32:515][ 47]PIE: Play in editor start time for /Game/UEDPIE_0_Untitled -0.392
[2019.09.11-00.13.41:328][102]LogSlate: Updating window title bar state: overlay mode, drag disabled, window buttons hidden, title bar hidden
[2019.09.11-00.13.41:368][102]LogPlayLevel: Display: Shutting down PIE online subsystems
[2019.09.11-00.13.41:395][102]LogSlate: Updating window title bar state: overlay mode, drag disabled, window buttons hidden, title bar hidden
[2019.09.11-00.13.41:432][105]LogPlayLevel: Display: Destroying online subsystem :Context_12
[2019.09.11-00.13.44:419][463]LogSlate: FSceneViewport::OnFocusLost() reason 0
[2019.09.11-00.14.39:546][ 39]LogEditorTransaction: Undo Modify Component(s)
[2019.09.11-00.14.42:982][445]LogSlate: FSceneViewport::OnFocusLost() reason 0
[2019.09.11-00.14.49:211][180]LogEditorTransaction: Undo Modify Component(s)
[2019.09.11-00.15.49:946][464]LogSlate: FSceneViewport::OnFocusLost() reason 0
[2019.09.11-00.17.58:813][844]Cmd: OBJ SAVEPACKAGE PACKAGE="/Game/PlayerPawnBP" FILE="../../../../../../Users/s181813/Documents/GitHub/DuckHuntUnreal/DuckHunt 4.20/Content/PlayerPawnBP.uasset" SILENT=true
[2019.09.11-00.17.58:852][844]LogSavePackage: Moving '../../../../../../Users/s181813/Documents/GitHub/DuckHuntUnreal/DuckHunt 4.20/Saved/PlayerPawnBP15569EA94EB680866D20A6A2031AA77C.tmp' to '../../../../../../Users/s181813/Documents/GitHub/DuckHuntUnreal/DuckHunt 4.20/Content/PlayerPawnBP.uasset'
[2019.09.11-00.17.59:346][902]BlueprintLog: New page: Compile PlayerPawnBP
[2019.09.11-00.18.00:360][  5]LogTemp: Repeating last play command: Selected Viewport
[2019.09.11-00.18.00:377][  5]LogPlayLevel: PlayLevel: No blueprints needed recompiling
[2019.09.11-00.18.00:378][  5]PIE: New page: PIE session: Untitled (Sep 11, 2019, 8:18:00 PM)
[2019.09.11-00.18.00:378][  5]LogPlayLevel: Creating play world package: /Game/UEDPIE_0_Untitled
[2019.09.11-00.18.00:389][  5]LogPlayLevel: PIE: StaticDuplicateObject took: (0.010934s)
[2019.09.11-00.18.00:390][  5]LogAIModule: Creating AISystem for world Untitled
[2019.09.11-00.18.00:390][  5]LogPlayLevel: PIE: World Init took: (0.000891s)
[2019.09.11-00.18.00:390][  5]LogPlayLevel: PIE: Created PIE world by copying editor world from /Game/Untitled.Untitled to /Game/UEDPIE_0_Untitled.Untitled (0.012278s)
[2019.09.11-00.18.00:415][  5]LogInit: XAudio2 using 'Realtek Digital Output (Realtek High Definition Audio)' : 2 channels at 48 kHz using 16 bits per sample (channel mask 0x3)
[2019.09.11-00.18.00:427][  5]LogInit: FAudioDevice initialized.
[2019.09.11-00.18.00:435][  5]LogSlate: Updating window title bar state: overlay mode, drag disabled, window buttons hidden, title bar hidden
[2019.09.11-00.18.00:472][  5]LogLoad: Game class is 'DuckHuntGameModeBase'
[2019.09.11-00.18.00:475][  5]LogWorld: Bringing World /Game/UEDPIE_0_Untitled.Untitled up for play (max tick rate 0) at 2019.09.11-10.18.00
[2019.09.11-00.18.00:476][  5]LogWorld: Bringing up level for play took: 0.002641
[2019.09.11-00.18.00:488][  5]PIE: Play in editor start time for /Game/UEDPIE_0_Untitled -0.414
[2019.09.11-00.18.33:036][904]LogSlate: Updating window title bar state: overlay mode, drag disabled, window buttons hidden, title bar hidden
[2019.09.11-00.18.33:051][904]LogSlate: Window 'DuckHunt Game Preview Standalone (64-bit/PCD3D_SM5)' being destroyed
[2019.09.11-00.18.33:093][904]LogPlayLevel: Display: Shutting down PIE online subsystems
[2019.09.11-00.18.33:151][905]LogPlayLevel: Display: Destroying online subsystem :Context_13
[2019.09.11-00.19.48:588][894]LogEditorTransaction: Undo Move Node
[2019.09.11-00.19.49:325][976]LogEditorTransaction: Undo Create Pin Link
[2019.09.11-00.19.51:318][215]LogEditorTransaction: Undo Add Component Nodes
[2019.09.11-00.19.51:921][284]LogEditorTransaction: Undo Remove Components
[2019.09.11-00.19.52:371][331]LogEditorTransaction: Undo Delete current selection
[2019.09.11-00.19.52:784][376]LogEditorTransaction: Undo Add Node
[2019.09.11-00.19.53:203][423]LogEditorTransaction: Undo Change Number Pin Value
[2019.09.11-00.19.53:652][474]LogEditorTransaction: Undo Delete current selection
[2019.09.11-00.19.54:064][521]LogEditorTransaction: Undo Move Node
[2019.09.11-00.19.59:643][188]LogEditorTransaction: Undo Create Pin Link
[2019.09.11-00.20.00:829][327]LogEditorTransaction: Undo Add Node
[2019.09.11-00.20.02:541][530]LogEditorTransaction: Undo Add Component
[2019.09.11-00.20.04:260][733]LogEditorTransaction: Undo Edit Auto Possess Player
[2019.09.11-00.20.04:263][733]LogActorComponent: ~FComponentReregisterContext: (/Game/Untitled.Untitled:PersistentLevel.PlayerPawnBP_2.BoxCollision) Component already registered.
[2019.09.11-00.20.05:023][824]LogEditorTransaction: Undo Clicking on Actors
[2019.09.11-00.20.05:739][910]LogEditorTransaction: Undo Edit Use Pawn Control Rotation
[2019.09.11-00.20.05:745][910]LogActorComponent: ~FComponentReregisterContext: (/Engine/Transient.World_2:PersistentLevel.PlayerPawnBP_C_0.BoxCollision) Component already registered.
[2019.09.11-00.20.05:745][910]LogActorComponent: ~FComponentReregisterContext: (/Game/Untitled.Untitled:PersistentLevel.PlayerPawnBP_2.BoxCollision) Component already registered.
[2019.09.11-00.20.05:746][910]LogActorComponent: ~FComponentReregisterContext: (/Engine/Transient.World_2:PersistentLevel.PlayerPawnBP_C_0.PawnMovement) Component already registered.
[2019.09.11-00.20.07:081][ 68]LogEditorTransaction: Undo Clicking on Actors
[2019.09.11-00.20.07:839][159]LogEditorTransaction: Undo Move Actors
[2019.09.11-00.20.08:531][242]LogEditorTransaction: Undo Clicking on Actors
[2019.09.11-00.20.09:039][303]LogEditorTransaction: Undo Delete Actors
[2019.09.11-00.20.10:889][519]LogEditorTransaction: Undo Clicking on Actors
[2019.09.11-00.20.34:212][309]LogTemp: Repeating last play command: Selected Viewport
[2019.09.11-00.20.34:228][309]BlueprintLog: New page: Pre-Play auto-recompile
[2019.09.11-00.20.34:233][309]LogPlayLevel: [PlayLevel] Compiling PlayerPawnBP before play...
[2019.09.11-00.20.34:238][309]LogBlueprint: Warning: [Compiler PlayerPawnBP] PlayerPawn.Camera is not blueprint visible (BlueprintReadOnly or BlueprintReadWrite). Please fix mark up or cease accessing as this will be made an error in a future release.  Get Camera
[2019.09.11-00.20.34:242][309]LogBlueprint: Warning: [Compiler PlayerPawnBP] [2075.15] Compile of PlayerPawnBP successful, but with 1 Warning(s) [in 9 ms] (/Game/PlayerPawnBP.PlayerPawnBP)
[2019.09.11-00.20.34:390][309]LogPlayLevel: PlayLevel: Blueprint regeneration took 162 ms (1 blueprints)
[2019.09.11-00.20.34:390][309]PIE: New page: PIE session: Untitled (Sep 11, 2019, 8:20:34 PM)
[2019.09.11-00.20.34:390][309]LogPlayLevel: Creating play world package: /Game/UEDPIE_0_Untitled
[2019.09.11-00.20.34:401][309]LogPlayLevel: PIE: StaticDuplicateObject took: (0.010974s)
[2019.09.11-00.20.34:402][309]LogAIModule: Creating AISystem for world Untitled
[2019.09.11-00.20.34:403][309]LogPlayLevel: PIE: World Init took: (0.001101s)
[2019.09.11-00.20.34:403][309]LogPlayLevel: PIE: Created PIE world by copying editor world from /Game/Untitled.Untitled to /Game/UEDPIE_0_Untitled.Untitled (0.012430s)
[2019.09.11-00.20.34:470][309]LogInit: XAudio2 using 'Realtek Digital Output (Realtek High Definition Audio)' : 2 channels at 48 kHz using 16 bits per sample (channel mask 0x3)
[2019.09.11-00.20.34:482][309]LogInit: FAudioDevice initialized.
[2019.09.11-00.20.34:490][309]LogSlate: Updating window title bar state: overlay mode, drag disabled, window buttons hidden, title bar hidden
[2019.09.11-00.20.34:528][309]LogLoad: Game class is 'DuckHuntGameModeBase'
[2019.09.11-00.20.34:532][309]LogWorld: Bringing World /Game/UEDPIE_0_Untitled.Untitled up for play (max tick rate 0) at 2019.09.11-10.20.34
[2019.09.11-00.20.34:534][309]LogWorld: Bringing up level for play took: 0.004120
[2019.09.11-00.20.34:548][309]PIE: Play in editor start time for /Game/UEDPIE_0_Untitled -0.353
[2019.09.11-00.20.40:097][968]LogSlate: Updating window title bar state: overlay mode, drag disabled, window buttons hidden, title bar hidden
[2019.09.11-00.20.40:112][968]LogSlate: Window 'DuckHunt Game Preview Standalone (64-bit/PCD3D_SM5)' being destroyed
[2019.09.11-00.20.40:147][968]LogPlayLevel: Display: Shutting down PIE online subsystems
[2019.09.11-00.20.40:201][971]LogPlayLevel: Display: Destroying online subsystem :Context_14
[2019.09.11-00.25.36:171][370]LogSlate: FSceneViewport::OnFocusLost() reason 0
[2019.09.11-00.25.45:565][494]Cmd: OBJ SAVEPACKAGE PACKAGE="/Game/PlayerPawnBP" FILE="../../../../../../Users/s181813/Documents/GitHub/DuckHuntUnreal/DuckHunt 4.20/Content/PlayerPawnBP.uasset" SILENT=true
[2019.09.11-00.25.45:607][494]LogSavePackage: Moving '../../../../../../Users/s181813/Documents/GitHub/DuckHuntUnreal/DuckHunt 4.20/Saved/PlayerPawnBPAC8C0E624400C10810D02FA74C266F3A.tmp' to '../../../../../../Users/s181813/Documents/GitHub/DuckHuntUnreal/DuckHunt 4.20/Content/PlayerPawnBP.uasset'
[2019.09.11-00.25.46:279][574]BlueprintLog: New page: Compile PlayerPawnBP
[2019.09.11-00.25.46:291][574]LogBlueprint: Warning: [Compiler PlayerPawnBP] PlayerPawn.Camera is not blueprint visible (BlueprintReadOnly or BlueprintReadWrite). Please fix mark up or cease accessing as this will be made an error in a future release.  Get Camera
[2019.09.11-00.25.46:417][574]LogBlueprint: Warning: [Compiler PlayerPawnBP] [2387.34] Compile of PlayerPawnBP successful, but with 1 Warning(s) [in 137 ms] (/Game/PlayerPawnBP.PlayerPawnBP)
[2019.09.11-00.25.51:397][169]LogTemp: Repeating last play command: Selected Viewport
[2019.09.11-00.25.51:424][169]LogPlayLevel: PlayLevel: No blueprints needed recompiling
[2019.09.11-00.25.51:425][169]PIE: New page: PIE session: Untitled (Sep 11, 2019, 8:25:51 PM)
[2019.09.11-00.25.51:425][169]LogPlayLevel: Creating play world package: /Game/UEDPIE_0_Untitled
[2019.09.11-00.25.51:438][169]LogPlayLevel: PIE: StaticDuplicateObject took: (0.013402s)
[2019.09.11-00.25.51:439][169]LogAIModule: Creating AISystem for world Untitled
[2019.09.11-00.25.51:440][169]LogPlayLevel: PIE: World Init took: (0.001108s)
[2019.09.11-00.25.51:440][169]LogPlayLevel: PIE: Created PIE world by copying editor world from /Game/Untitled.Untitled to /Game/UEDPIE_0_Untitled.Untitled (0.014886s)
[2019.09.11-00.25.51:471][169]LogInit: XAudio2 using 'Realtek Digital Output (Realtek High Definition Audio)' : 2 channels at 48 kHz using 16 bits per sample (channel mask 0x3)
[2019.09.11-00.25.51:483][169]LogInit: FAudioDevice initialized.
[2019.09.11-00.25.51:519][169]LogLoad: Game class is 'DuckHuntGameModeBase'
[2019.09.11-00.25.51:523][169]LogWorld: Bringing World /Game/UEDPIE_0_Untitled.Untitled up for play (max tick rate 0) at 2019.09.11-10.25.51
[2019.09.11-00.25.51:523][169]LogWorld: Bringing up level for play took: 0.002765
[2019.09.11-00.25.51:537][169]PIE: Play in editor start time for /Game/UEDPIE_0_Untitled 0.642
[2019.09.11-00.25.57:424][873]LogSlate: Updating window title bar state: overlay mode, drag disabled, window buttons hidden, title bar hidden
[2019.09.11-00.25.57:465][873]LogPlayLevel: Display: Shutting down PIE online subsystems
[2019.09.11-00.25.57:488][873]LogSlate: Updating window title bar state: overlay mode, drag disabled, window buttons hidden, title bar hidden
[2019.09.11-00.25.57:526][876]LogPlayLevel: Display: Destroying online subsystem :Context_15
[2019.09.11-00.25.59:170][ 73]LogSlate: FSceneViewport::OnFocusLost() reason 0
[2019.09.11-00.27.03:506][788]LogTemp: Repeating last play command: Selected Viewport
[2019.09.11-00.27.03:521][788]LogPlayLevel: PlayLevel: No blueprints needed recompiling
[2019.09.11-00.27.03:522][788]PIE: New page: PIE session: Untitled (Sep 11, 2019, 8:27:03 PM)
[2019.09.11-00.27.03:522][788]LogPlayLevel: Creating play world package: /Game/UEDPIE_0_Untitled
[2019.09.11-00.27.03:534][788]LogPlayLevel: PIE: StaticDuplicateObject took: (0.011512s)
[2019.09.11-00.27.03:534][788]LogAIModule: Creating AISystem for world Untitled
[2019.09.11-00.27.03:535][788]LogPlayLevel: PIE: World Init took: (0.000978s)
[2019.09.11-00.27.03:535][788]LogPlayLevel: PIE: Created PIE world by copying editor world from /Game/Untitled.Untitled to /Game/UEDPIE_0_Untitled.Untitled (0.012862s)
[2019.09.11-00.27.03:560][788]LogInit: XAudio2 using 'Realtek Digital Output (Realtek High Definition Audio)' : 2 channels at 48 kHz using 16 bits per sample (channel mask 0x3)
[2019.09.11-00.27.03:572][788]LogInit: FAudioDevice initialized.
[2019.09.11-00.27.03:581][788]LogSlate: Updating window title bar state: overlay mode, drag disabled, window buttons hidden, title bar hidden
[2019.09.11-00.27.03:620][788]LogLoad: Game class is 'DuckHuntGameModeBase'
[2019.09.11-00.27.03:623][788]LogWorld: Bringing World /Game/UEDPIE_0_Untitled.Untitled up for play (max tick rate 0) at 2019.09.11-10.27.03
[2019.09.11-00.27.03:624][788]LogWorld: Bringing up level for play took: 0.002735
[2019.09.11-00.27.03:640][788]PIE: Play in editor start time for /Game/UEDPIE_0_Untitled 0.745
[2019.09.11-00.27.10:181][550]LogSlate: Updating window title bar state: overlay mode, drag disabled, window buttons hidden, title bar hidden
[2019.09.11-00.27.10:196][550]LogSlate: Window 'DuckHunt Game Preview Standalone (64-bit/PCD3D_SM5)' being destroyed
[2019.09.11-00.27.10:240][550]LogPlayLevel: Display: Shutting down PIE online subsystems
[2019.09.11-00.27.10:295][551]LogPlayLevel: Display: Destroying online subsystem :Context_16
[2019.09.11-00.27.13:230][902]LogTemp: Repeating last play command: Selected Viewport
[2019.09.11-00.27.13:240][902]LogPlayLevel: PlayLevel: No blueprints needed recompiling
[2019.09.11-00.27.13:240][902]PIE: New page: PIE session: Untitled (Sep 11, 2019, 8:27:13 PM)
[2019.09.11-00.27.13:240][902]LogPlayLevel: Creating play world package: /Game/UEDPIE_0_Untitled
[2019.09.11-00.27.13:252][902]LogPlayLevel: PIE: StaticDuplicateObject took: (0.011263s)
[2019.09.11-00.27.13:252][902]LogAIModule: Creating AISystem for world Untitled
[2019.09.11-00.27.13:253][902]LogPlayLevel: PIE: World Init took: (0.000785s)
[2019.09.11-00.27.13:253][902]LogPlayLevel: PIE: Created PIE world by copying editor world from /Game/Untitled.Untitled to /Game/UEDPIE_0_Untitled.Untitled (0.012481s)
[2019.09.11-00.27.13:277][902]LogInit: XAudio2 using 'Realtek Digital Output (Realtek High Definition Audio)' : 2 channels at 48 kHz using 16 bits per sample (channel mask 0x3)
[2019.09.11-00.27.13:289][902]LogInit: FAudioDevice initialized.
[2019.09.11-00.27.13:322][902]LogLoad: Game class is 'DuckHuntGameModeBase'
[2019.09.11-00.27.13:325][902]LogWorld: Bringing World /Game/UEDPIE_0_Untitled.Untitled up for play (max tick rate 0) at 2019.09.11-10.27.13
[2019.09.11-00.27.13:326][902]LogWorld: Bringing up level for play took: 0.002613
[2019.09.11-00.27.13:339][902]PIE: Play in editor start time for /Game/UEDPIE_0_Untitled 0.444
[2019.09.11-00.27.17:421][389]LogSlate: Updating window title bar state: overlay mode, drag disabled, window buttons hidden, title bar hidden
[2019.09.11-00.27.17:464][389]LogPlayLevel: Display: Shutting down PIE online subsystems
[2019.09.11-00.27.17:488][389]LogSlate: Updating window title bar state: overlay mode, drag disabled, window buttons hidden, title bar hidden
[2019.09.11-00.27.17:528][392]LogPlayLevel: Display: Destroying online subsystem :Context_17
[2019.09.11-00.27.25:726][364]LogEditorViewport: Clicking on Actor (LMB): PlayerPawn (PlayerPawn1)
[2019.09.11-00.27.26:981][500]LogEditorViewport: Clicking on Actor (context menu): PlayerPawn (PlayerPawn1)
[2019.09.11-00.27.27:003][500]LogSlate: FSceneViewport::OnFocusLost() reason 2
[2019.09.11-00.27.35:607][482]LogEditorViewport: Clicking on Actor (LMB): PlayerPawn (PlayerPawn1)
[2019.09.11-00.27.41:383][173]Cmd: DELETE
[2019.09.11-00.27.41:383][173]Cmd: ACTOR DELETE
[2019.09.11-00.27.41:387][173]LogEditorActor: Deleted Actor: PlayerPawn
[2019.09.11-00.27.41:457][173]LogEditorActor: Deleted 1 Actors (0.073 secs)
[2019.09.11-00.27.42:759][329]LogEditorViewport: Clicking on Actor (LMB): PlayerPawnBP_C (PlayerPawnBP)
[2019.09.11-00.27.44:787][558]LogSlate: FSceneViewport::OnFocusLost() reason 2
[2019.09.11-00.27.47:419][872]LogSlate: FSceneViewport::OnFocusLost() reason 0
[2019.09.11-00.27.47:477][879]LogTemp: Repeating last play command: Selected Viewport
[2019.09.11-00.27.47:492][879]LogPlayLevel: PlayLevel: No blueprints needed recompiling
[2019.09.11-00.27.47:492][879]PIE: New page: PIE session: Untitled (Sep 11, 2019, 8:27:47 PM)
[2019.09.11-00.27.47:492][879]LogPlayLevel: Creating play world package: /Game/UEDPIE_0_Untitled
[2019.09.11-00.27.47:505][879]LogPlayLevel: PIE: StaticDuplicateObject took: (0.012229s)
[2019.09.11-00.27.47:505][879]LogAIModule: Creating AISystem for world Untitled
[2019.09.11-00.27.47:506][879]LogPlayLevel: PIE: World Init took: (0.000908s)
[2019.09.11-00.27.47:506][879]LogPlayLevel: PIE: Created PIE world by copying editor world from /Game/Untitled.Untitled to /Game/UEDPIE_0_Untitled.Untitled (0.013521s)
[2019.09.11-00.27.47:582][879]LogInit: XAudio2 using 'Realtek Digital Output (Realtek High Definition Audio)' : 2 channels at 48 kHz using 16 bits per sample (channel mask 0x3)
[2019.09.11-00.27.47:594][879]LogInit: FAudioDevice initialized.
[2019.09.11-00.27.47:629][879]LogLoad: Game class is 'DuckHuntGameModeBase'
[2019.09.11-00.27.47:632][879]LogWorld: Bringing World /Game/UEDPIE_0_Untitled.Untitled up for play (max tick rate 0) at 2019.09.11-10.27.47
[2019.09.11-00.27.47:633][879]LogWorld: Bringing up level for play took: 0.002562
[2019.09.11-00.27.47:647][879]PIE: Play in editor start time for /Game/UEDPIE_0_Untitled 0.753
[2019.09.11-00.27.54:875][744]LogSlate: Updating window title bar state: overlay mode, drag disabled, window buttons hidden, title bar hidden
[2019.09.11-00.27.54:914][744]LogPlayLevel: Display: Shutting down PIE online subsystems
[2019.09.11-00.27.54:938][744]LogSlate: Updating window title bar state: overlay mode, drag disabled, window buttons hidden, title bar hidden
[2019.09.11-00.27.54:982][748]LogPlayLevel: Display: Destroying online subsystem :Context_18
[2019.09.11-00.27.56:850][972]LogSlate: FSceneViewport::OnFocusLost() reason 0
[2019.09.11-00.28.25:063][328]LogSavePackage: Moving '../../../../../../Users/s181813/Documents/GitHub/DuckHuntUnreal/DuckHunt 4.20/Saved/Untitled_Auto3502C5A03408446B9B37DEE91870B0F9D.tmp' to '../../../../../../Users/s181813/Documents/GitHub/DuckHuntUnreal/DuckHunt 4.20/Saved/Autosaves/Game/Untitled_Auto3.umap'
[2019.09.11-00.28.25:066][328]LogFileHelpers: Editor autosave (incl. sublevels) for '/Game/Untitled' took 0.190
[2019.09.11-00.28.25:066][328]LogFileHelpers: Editor autosave (incl. sublevels) for all levels took 0.190
[2019.09.11-00.31.22:788][501]LogTemp: Repeating last play command: Selected Viewport
[2019.09.11-00.31.22:803][501]BlueprintLog: New page: Pre-Play auto-recompile
[2019.09.11-00.31.22:809][501]LogPlayLevel: [PlayLevel] Compiling PlayerPawnBP before play...
[2019.09.11-00.31.22:817][501]LogBlueprint: Warning: [Compiler PlayerPawnBP] PlayerPawn.Camera is not blueprint visible (BlueprintReadOnly or BlueprintReadWrite). Please fix mark up or cease accessing as this will be made an error in a future release.  Get Camera
[2019.09.11-00.31.22:820][501]LogBlueprint: Warning: [Compiler PlayerPawnBP] [2723.74] Compile of PlayerPawnBP successful, but with 1 Warning(s) [in 11 ms] (/Game/PlayerPawnBP.PlayerPawnBP)
[2019.09.11-00.31.22:957][501]LogPlayLevel: PlayLevel: Blueprint regeneration took 153 ms (1 blueprints)
[2019.09.11-00.31.22:957][501]PIE: New page: PIE session: Untitled (Sep 11, 2019, 8:31:22 PM)
[2019.09.11-00.31.22:957][501]LogPlayLevel: Creating play world package: /Game/UEDPIE_0_Untitled
[2019.09.11-00.31.22:968][501]LogPlayLevel: PIE: StaticDuplicateObject took: (0.010920s)
[2019.09.11-00.31.22:969][501]LogAIModule: Creating AISystem for world Untitled
[2019.09.11-00.31.22:969][501]LogPlayLevel: PIE: World Init took: (0.000983s)
[2019.09.11-00.31.22:970][501]LogPlayLevel: PIE: Created PIE world by copying editor world from /Game/Untitled.Untitled to /Game/UEDPIE_0_Untitled.Untitled (0.012253s)
[2019.09.11-00.31.22:994][501]LogInit: XAudio2 using 'Realtek Digital Output (Realtek High Definition Audio)' : 2 channels at 48 kHz using 16 bits per sample (channel mask 0x3)
[2019.09.11-00.31.23:006][501]LogInit: FAudioDevice initialized.
[2019.09.11-00.31.23:013][501]LogSlate: Updating window title bar state: overlay mode, drag disabled, window buttons hidden, title bar hidden
[2019.09.11-00.31.23:055][501]LogLoad: Game class is 'DuckHuntGameModeBase'
[2019.09.11-00.31.23:058][501]LogWorld: Bringing World /Game/UEDPIE_0_Untitled.Untitled up for play (max tick rate 0) at 2019.09.11-10.31.23
[2019.09.11-00.31.23:058][501]LogWorld: Bringing up level for play took: 0.002717
[2019.09.11-00.31.23:074][501]PIE: Play in editor start time for /Game/UEDPIE_0_Untitled 0.183
[2019.09.11-00.31.29:176][225]LogSlate: Updating window title bar state: overlay mode, drag disabled, window buttons hidden, title bar hidden
[2019.09.11-00.31.29:190][225]LogSlate: Window 'DuckHunt Game Preview Standalone (64-bit/PCD3D_SM5)' being destroyed
[2019.09.11-00.31.29:225][225]LogPlayLevel: Display: Shutting down PIE online subsystems
[2019.09.11-00.31.29:282][227]LogPlayLevel: Display: Destroying online subsystem :Context_19
[2019.09.11-00.33.04:866][646]LogTemp: Repeating last play command: Selected Viewport
[2019.09.11-00.33.04:889][646]BlueprintLog: New page: Pre-Play auto-recompile
[2019.09.11-00.33.04:896][646]LogPlayLevel: [PlayLevel] Compiling PlayerPawnBP before play...
[2019.09.11-00.33.04:904][646]LogBlueprint: Warning: [Compiler PlayerPawnBP] PlayerPawn.Camera is not blueprint visible (BlueprintReadOnly or BlueprintReadWrite). Please fix mark up or cease accessing as this will be made an error in a future release.  Get Camera
[2019.09.11-00.33.04:907][646]LogBlueprint: Warning: [Compiler PlayerPawnBP] [2825.83] Compile of PlayerPawnBP successful, but with 1 Warning(s) [in 12 ms] (/Game/PlayerPawnBP.PlayerPawnBP)
[2019.09.11-00.33.05:045][646]LogPlayLevel: PlayLevel: Blueprint regeneration took 156 ms (1 blueprints)
[2019.09.11-00.33.05:046][646]PIE: New page: PIE session: Untitled (Sep 11, 2019, 8:33:05 PM)
[2019.09.11-00.33.05:046][646]LogPlayLevel: Creating play world package: /Game/UEDPIE_0_Untitled
[2019.09.11-00.33.05:057][646]LogPlayLevel: PIE: StaticDuplicateObject took: (0.010632s)
[2019.09.11-00.33.05:058][646]LogAIModule: Creating AISystem for world Untitled
[2019.09.11-00.33.05:058][646]LogPlayLevel: PIE: World Init took: (0.000881s)
[2019.09.11-00.33.05:058][646]LogPlayLevel: PIE: Created PIE world by copying editor world from /Game/Untitled.Untitled to /Game/UEDPIE_0_Untitled.Untitled (0.011945s)
[2019.09.11-00.33.05:085][646]LogInit: XAudio2 using 'Realtek Digital Output (Realtek High Definition Audio)' : 2 channels at 48 kHz using 16 bits per sample (channel mask 0x3)
[2019.09.11-00.33.05:096][646]LogInit: FAudioDevice initialized.
[2019.09.11-00.33.05:105][646]LogSlate: Updating window title bar state: overlay mode, drag disabled, window buttons hidden, title bar hidden
[2019.09.11-00.33.05:146][646]LogLoad: Game class is 'DuckHuntGameModeBase'
[2019.09.11-00.33.05:148][646]LogWorld: Bringing World /Game/UEDPIE_0_Untitled.Untitled up for play (max tick rate 0) at 2019.09.11-10.33.05
[2019.09.11-00.33.05:149][646]LogWorld: Bringing up level for play took: 0.002486
[2019.09.11-00.33.05:164][646]PIE: Play in editor start time for /Game/UEDPIE_0_Untitled 0.275
[2019.09.11-00.33.11:000][339]LogSlate: Updating window title bar state: overlay mode, drag disabled, window buttons hidden, title bar hidden
[2019.09.11-00.33.11:014][339]LogSlate: Window 'DuckHunt Game Preview Standalone (64-bit/PCD3D_SM5)' being destroyed
[2019.09.11-00.33.11:054][339]LogPlayLevel: Display: Shutting down PIE online subsystems
[2019.09.11-00.33.11:107][341]LogPlayLevel: Display: Destroying online subsystem :Context_20
[2019.09.11-00.36.19:386][864]Cmd: OBJ SAVEPACKAGE PACKAGE="/Game/PlayerPawnBP" FILE="../../../../../../Users/s181813/Documents/GitHub/DuckHuntUnreal/DuckHunt 4.20/Content/PlayerPawnBP.uasset" SILENT=true
[2019.09.11-00.36.19:436][864]LogSavePackage: Moving '../../../../../../Users/s181813/Documents/GitHub/DuckHuntUnreal/DuckHunt 4.20/Saved/PlayerPawnBP70BC9F1947DB62C5B1F7C990F49EF9F0.tmp' to '../../../../../../Users/s181813/Documents/GitHub/DuckHuntUnreal/DuckHunt 4.20/Content/PlayerPawnBP.uasset'
[2019.09.11-00.36.20:159][949]BlueprintLog: New page: Compile PlayerPawnBP
[2019.09.11-00.36.20:174][949]LogBlueprint: Warning: [Compiler PlayerPawnBP] PlayerPawn.Camera is not blueprint visible (BlueprintReadOnly or BlueprintReadWrite). Please fix mark up or cease accessing as this will be made an error in a future release.  Get Camera
[2019.09.11-00.36.20:306][949]LogBlueprint: Warning: [Compiler PlayerPawnBP] [3021.23] Compile of PlayerPawnBP successful, but with 1 Warning(s) [in 146 ms] (/Game/PlayerPawnBP.PlayerPawnBP)
[2019.09.11-00.36.21:919][127]Cmd: OBJ SAVEPACKAGE PACKAGE="/Game/Untitled" FILE="../../../../../../Users/s181813/Documents/GitHub/DuckHuntUnreal/DuckHunt 4.20/Content/Untitled.umap" SILENT=true AUTOSAVING=false KEEPDIRTY=false
[2019.09.11-00.36.22:104][127]LogSavePackage: Moving '../../../../../../Users/s181813/Documents/GitHub/DuckHuntUnreal/DuckHunt 4.20/Saved/UntitledADAA46744AED00137DB2A0BDD47F298F.tmp' to '../../../../../../Users/s181813/Documents/GitHub/DuckHuntUnreal/DuckHunt 4.20/Content/Untitled.umap'
[2019.09.11-00.36.22:133][127]Cmd: OBJ SAVEPACKAGE PACKAGE="/Game/Untitled_BuiltData" FILE="../../../../../../Users/s181813/Documents/GitHub/DuckHuntUnreal/DuckHunt 4.20/Content/Untitled_BuiltData.uasset" SILENT=true
[2019.09.11-00.36.22:315][127]LogSavePackage: Moving '../../../../../../Users/s181813/Documents/GitHub/DuckHuntUnreal/DuckHunt 4.20/Saved/Untitled_BuiltData24012EF346C86485592AC1AF0530C015.tmp' to '../../../../../../Users/s181813/Documents/GitHub/DuckHuntUnreal/DuckHunt 4.20/Content/Untitled_BuiltData.uasset'
